12:39:03.%f  === FL-Blockchain Performance Log ===
12:39:03.%f  Mode     : BASELINE
12:39:03.%f  Started  : 2026-06-26T12:39:03.371498
12:39:03.%f  File     : outputs_ucihar/baseline_20260626_123903/perf_baseline_20260626_123903.log
12:39:03.%f  ==================================================
12:39:03.%f  BLOCKCHAIN_OPTIMIZED = False
12:39:12.%f    ipfs_global model_cid=QmehLJeSXeRoSBKN...  upload_ms=6639 [blocking]
12:39:13.%f    gas_limit  type=GLOBAL estimated=226273  estimate_ms=415.9
12:39:13.%f    gas_price  fetched=6000000  fetch_ms=200.6
12:39:14.%f    tx_sent    type=GLOBAL  hash=85524020059e...  send_ms=302.4
12:39:14.%f    global_tx_fired  ms=1357.8
12:39:14.%f    confirmed  idx=0  block=47835104  submit_to_confirm_ms=205
12:39:14.%f    wait_for_pending  n=1  total_wait_ms=205
12:39:14.%f    round_confirmation_total_ms=205
12:39:14.%f    verify_chain  valid=True  ms=423 [per-round]
12:39:14.%f  --- ROUND 0 end  total_overhead_ms=1563
12:42:59.%f  --- ROUND 1 start  mode=BASE
12:43:02.%f    ipfs_local  cid=QmVaJnLdPeQncfjK...  upload_ms=3336 [blocking]
12:43:03.%f    gas_limit  type=LOCAL  estimated=276186  estimate_ms=513.1
12:43:03.%f    gas_price  fetched=6000000  fetch_ms=203.5
12:43:03.%f    tx_sent    type=LOCAL   hash=3f724385542b...  send_ms=287.9
12:43:03.%f    local_tx_fired  ms=1126.8
12:43:05.%f    ipfs_vote   cid=QmTsyhR1S6vBfXQd...  upload_ms=2001 [blocking]
12:43:06.%f    gas_limit  type=VOTE   estimated=269838  estimate_ms=477.6
12:43:06.%f    gas_price  fetched=6000000  fetch_ms=182.4
12:43:07.%f    tx_sent    type=VOTE    hash=de2cd95e07e0...  send_ms=301.9
12:43:07.%f    vote_tx_fired  ms=1172.6
12:44:09.%f    ipfs_global model_cid=QmYcAJUJpR6XzEZN...  upload_ms=8568 [blocking]
12:44:10.%f    gas_limit  type=GLOBAL estimated=251361  estimate_ms=410.3
12:44:10.%f    gas_price  fetched=6000000  fetch_ms=202.1
12:44:10.%f    tx_sent    type=GLOBAL  hash=356c13986c7d...  send_ms=287.2
12:44:10.%f    global_tx_fired  ms=1025.1
12:44:11.%f    confirmed  idx=0  block=47835219  submit_to_confirm_ms=67173
12:44:11.%f    confirmed  idx=1  block=47835221  submit_to_confirm_ms=64118
12:44:11.%f    confirmed  idx=2  block=47835253  submit_to_confirm_ms=515
12:44:11.%f    wait_for_pending  n=3  total_wait_ms=515
12:44:11.%f    round_confirmation_total_ms=515
12:44:11.%f    verify_chain  valid=True  ms=523 [per-round]
12:44:11.%f  --- ROUND 1 end  total_overhead_ms=1540
12:47:58.%f  --- ROUND 2 start  mode=BASE
12:48:01.%f    ipfs_local  cid=QmaVCZnNTT1ocFc3...  upload_ms=3387 [blocking]
12:48:02.%f    gas_limit  type=LOCAL  estimated=276201  estimate_ms=611.1
12:48:02.%f    gas_price  fetched=6000000  fetch_ms=204.4
12:48:02.%f    tx_sent    type=LOCAL   hash=62dcf96ffa39...  send_ms=223.4
12:48:02.%f    local_tx_fired  ms=1235.2
12:48:03.%f    ipfs_vote   cid=QmZSZuQzWZPm1fzc...  upload_ms=811 [blocking]
12:48:04.%f    gas_limit  type=VOTE   estimated=269853  estimate_ms=510.2
12:48:04.%f    gas_price  fetched=6000000  fetch_ms=107.0
12:48:04.%f    tx_sent    type=VOTE    hash=764aab170ba9...  send_ms=304.0
12:48:04.%f    vote_tx_fired  ms=1125.5
12:49:09.%f    ipfs_global model_cid=QmbMEVMnB6jyt6fQ...  upload_ms=4998 [blocking]
12:49:09.%f    gas_limit  type=GLOBAL estimated=251392  estimate_ms=512.9
12:49:10.%f    gas_price  fetched=6000000  fetch_ms=188.5
12:49:10.%f    tx_sent    type=GLOBAL  hash=d7cdced3ec76...  send_ms=303.4
12:49:10.%f    global_tx_fired  ms=1214.8
12:49:10.%f    confirmed  idx=0  block=47835369  submit_to_confirm_ms=67795
12:49:10.%f    confirmed  idx=1  block=47835370  submit_to_confirm_ms=65978
12:49:11.%f    confirmed  idx=2  block=47835402  submit_to_confirm_ms=410
12:49:11.%f    wait_for_pending  n=3  total_wait_ms=410
12:49:11.%f    round_confirmation_total_ms=410
12:49:11.%f    verify_chain  valid=True  ms=409 [per-round]
12:49:11.%f  --- ROUND 2 end  total_overhead_ms=1624
12:52:53.%f  --- ROUND 3 start  mode=BASE
12:52:55.%f    ipfs_local  cid=QmWADEeyDiewwMAn...  upload_ms=1703 [blocking]
12:52:55.%f    gas_limit  type=LOCAL  estimated=276231  estimate_ms=446.0
12:52:55.%f    gas_price  fetched=6000000  fetch_ms=169.4
12:52:56.%f    tx_sent    type=LOCAL   hash=c345abd9d4f9...  send_ms=286.7
12:52:56.%f    local_tx_fired  ms=1022.7
12:52:56.%f    ipfs_vote   cid=QmaypKNudW6DfZ5d...  upload_ms=650 [blocking]
12:52:57.%f    gas_limit  type=VOTE   estimated=270226  estimate_ms=491.3
12:52:57.%f    gas_price  fetched=6000000  fetch_ms=189.1
12:52:57.%f    tx_sent    type=VOTE    hash=0871096a1744...  send_ms=290.8
12:52:57.%f    vote_tx_fired  ms=1091.8
12:53:59.%f    ipfs_global model_cid=QmdfA43woGouM2ST...  upload_ms=8553 [blocking]
12:54:00.%f    gas_limit  type=GLOBAL estimated=251377  estimate_ms=488.4
12:54:00.%f    gas_price  fetched=6000000  fetch_ms=118.5
12:54:01.%f    tx_sent    type=GLOBAL  hash=50dbb3142c63...  send_ms=254.8
12:54:01.%f    global_tx_fired  ms=1077.4
12:54:01.%f    confirmed  idx=0  block=47835515  submit_to_confirm_ms=65025
12:54:01.%f    confirmed  idx=1  block=47835516  submit_to_confirm_ms=63401
12:54:01.%f    confirmed  idx=2  block=47835548  submit_to_confirm_ms=460
12:54:01.%f    wait_for_pending  n=3  total_wait_ms=460
12:54:01.%f    round_confirmation_total_ms=460
12:54:02.%f    verify_chain  valid=True  ms=613 [per-round]
12:54:02.%f  --- ROUND 3 end  total_overhead_ms=1538
12:57:48.%f  --- ROUND 4 start  mode=BASE
12:57:52.%f    ipfs_local  cid=QmWBDPtfF7MrHUGX...  upload_ms=3805 [blocking]
12:57:52.%f    gas_limit  type=LOCAL  estimated=276261  estimate_ms=614.9
12:57:52.%f    gas_price  fetched=6000000  fetch_ms=204.7
12:57:53.%f    tx_sent    type=LOCAL   hash=66052fc6551b...  send_ms=260.1
12:57:53.%f    local_tx_fired  ms=1206.5
12:57:55.%f    ipfs_vote   cid=QmT2vYr51k9qtRe7...  upload_ms=2278 [blocking]
12:57:56.%f    gas_limit  type=VOTE   estimated=270211  estimate_ms=523.0
12:57:56.%f    gas_price  fetched=6000000  fetch_ms=189.7
12:57:56.%f    tx_sent    type=VOTE    hash=735e925156e6...  send_ms=287.6
12:57:56.%f    vote_tx_fired  ms=1122.4
12:58:53.%f    ipfs_global model_cid=QmQsPN9d1BhbYECe...  upload_ms=5593 [blocking]
12:58:54.%f    gas_limit  type=GLOBAL estimated=251392  estimate_ms=512.4
12:58:54.%f    gas_price  fetched=6000000  fetch_ms=117.4
12:58:54.%f    tx_sent    type=GLOBAL  hash=f0f9ed4442d7...  send_ms=307.1
12:58:54.%f    global_tx_fired  ms=1128.2
12:58:55.%f    confirmed  idx=0  block=47835664  submit_to_confirm_ms=61724
12:58:55.%f    confirmed  idx=1  block=47835666  submit_to_confirm_ms=58475
12:58:55.%f    confirmed  idx=2  block=47835695  submit_to_confirm_ms=616
12:58:55.%f    wait_for_pending  n=3  total_wait_ms=616
12:58:55.%f    round_confirmation_total_ms=616
12:58:55.%f    verify_chain  valid=True  ms=511 [per-round]
12:58:55.%f  --- ROUND 4 end  total_overhead_ms=1744
13:02:40.%f  --- ROUND 5 start  mode=BASE
13:02:42.%f    ipfs_local  cid=QmXxQvS3QddMm6MM...  upload_ms=2069 [blocking]
13:02:43.%f    gas_limit  type=LOCAL  estimated=276291  estimate_ms=518.9
13:02:43.%f    gas_price  fetched=6000000  fetch_ms=197.3
13:02:44.%f    tx_sent    type=LOCAL   hash=607612f32736...  send_ms=300.6
13:02:44.%f    local_tx_fired  ms=1228.5
13:02:46.%f    ipfs_vote   cid=QmdoQhz5j73NqnEK...  upload_ms=2150 [blocking]
13:02:46.%f    gas_limit  type=VOTE   estimated=270377  estimate_ms=512.7
13:02:46.%f    gas_price  fetched=6000000  fetch_ms=204.1
13:02:47.%f    tx_sent    type=VOTE    hash=aeec71eb892c...  send_ms=289.9
13:02:47.%f    vote_tx_fired  ms=1128.0
13:03:54.%f    ipfs_global model_cid=QmbuLxrTXTPuUGY6...  upload_ms=7810 [blocking]
13:03:54.%f    gas_limit  type=GLOBAL estimated=251377  estimate_ms=355.4
13:03:54.%f    gas_price  fetched=6000000  fetch_ms=115.3
13:03:55.%f    tx_sent    type=GLOBAL  hash=9c58fdff8ef4...  send_ms=214.3
13:03:55.%f    global_tx_fired  ms=857.3
13:03:55.%f    confirmed  idx=0  block=47835809  submit_to_confirm_ms=71375
13:03:55.%f    confirmed  idx=1  block=47835811  submit_to_confirm_ms=68300
13:03:55.%f    confirmed  idx=2  block=47835845  submit_to_confirm_ms=601
13:03:55.%f    wait_for_pending  n=3  total_wait_ms=601
13:03:55.%f    round_confirmation_total_ms=601
13:03:56.%f    verify_chain  valid=True  ms=511 [per-round]
13:03:56.%f  --- ROUND 5 end  total_overhead_ms=1459
13:07:53.%f  --- ROUND 6 start  mode=BASE
13:07:58.%f    ipfs_local  cid=QmajtGNGYnrhett8...  upload_ms=4356 [blocking]
13:07:58.%f    gas_limit  type=LOCAL  estimated=276216  estimate_ms=511.9
13:07:58.%f    gas_price  fetched=6000000  fetch_ms=118.2
13:07:59.%f    tx_sent    type=LOCAL   hash=91a40335c0be...  send_ms=273.4
13:07:59.%f    local_tx_fired  ms=1024.1
13:07:59.%f    ipfs_vote   cid=QmZcF8jsyj7Uwwyf...  upload_ms=717 [blocking]
13:08:00.%f    gas_limit  type=VOTE   estimated=269868  estimate_ms=582.4
13:08:00.%f    gas_price  fetched=6000000  fetch_ms=133.7
13:08:00.%f    tx_sent    type=VOTE    hash=e0e947a44cc0...  send_ms=230.0
13:08:00.%f    vote_tx_fired  ms=1067.4
13:09:17.%f    ipfs_global model_cid=QmcMeEF2AAQge8gt...  upload_ms=16072 [blocking]
13:09:17.%f    gas_limit  type=GLOBAL estimated=251392  estimate_ms=608.4
13:09:18.%f    gas_price  fetched=6000000  fetch_ms=205.6
13:09:18.%f    tx_sent    type=GLOBAL  hash=ebaac56f26a2...  send_ms=252.2
13:09:18.%f    global_tx_fired  ms=1275.4
13:09:18.%f    confirmed  idx=0  block=47835967  submit_to_confirm_ms=79474
13:09:18.%f    confirmed  idx=1  block=47835968  submit_to_confirm_ms=77889
13:09:18.%f    confirmed  idx=2  block=47836006  submit_to_confirm_ms=478
13:09:18.%f    wait_for_pending  n=3  total_wait_ms=478
13:09:18.%f    round_confirmation_total_ms=478
13:09:19.%f    verify_chain  valid=True  ms=597 [per-round]
13:09:19.%f  --- ROUND 6 end  total_overhead_ms=1753
13:13:03.%f  --- ROUND 7 start  mode=BASE
13:13:07.%f    ipfs_local  cid=QmRxpKyPoyQFt6yo...  upload_ms=3245 [blocking]
13:13:07.%f    gas_limit  type=LOCAL  estimated=276276  estimate_ms=511.1
13:13:07.%f    gas_price  fetched=6000000  fetch_ms=204.5
13:13:08.%f    tx_sent    type=LOCAL   hash=0a6d8fba3dcc...  send_ms=302.5
13:13:08.%f    local_tx_fired  ms=1227.9
13:13:19.%f    ipfs_vote   cid=QmPZbXAow3S5QBzA...  upload_ms=10957 [blocking]
13:13:19.%f    gas_limit  type=VOTE   estimated=269913  estimate_ms=512.9
13:13:19.%f    gas_price  fetched=6000000  fetch_ms=203.3
13:13:20.%f    tx_sent    type=VOTE    hash=a23f4535b47e...  send_ms=283.3
13:13:20.%f    vote_tx_fired  ms=1210.4
13:14:49.%f    ipfs_global model_cid=QmWfMv9nmLiGbHFD...  upload_ms=35676 [blocking]
13:14:50.%f    gas_limit  type=GLOBAL estimated=251377  estimate_ms=614.4
13:14:50.%f    gas_price  fetched=6000000  fetch_ms=204.3
13:14:51.%f    tx_sent    type=GLOBAL  hash=105227ac2dc4...  send_ms=212.3
13:14:51.%f    global_tx_fired  ms=1240.2
13:14:51.%f    confirmed  idx=0  block=47836121  submit_to_confirm_ms=103029
13:14:51.%f    confirmed  idx=1  block=47836127  submit_to_confirm_ms=90989
13:14:51.%f    confirmed  idx=2  block=47836173  submit_to_confirm_ms=501
13:14:51.%f    wait_for_pending  n=3  total_wait_ms=501
13:14:51.%f    round_confirmation_total_ms=501
13:14:52.%f    verify_chain  valid=True  ms=442 [per-round]
13:14:52.%f  --- ROUND 7 end  total_overhead_ms=1741
13:18:31.%f  --- ROUND 8 start  mode=BASE
13:18:35.%f    ipfs_local  cid=QmaTzkWX9joNamQb...  upload_ms=3325 [blocking]
13:18:35.%f    gas_limit  type=LOCAL  estimated=276276  estimate_ms=602.0
13:18:36.%f    gas_price  fetched=6000000  fetch_ms=204.8
13:18:36.%f    tx_sent    type=LOCAL   hash=cc6e46cddfe9...  send_ms=405.5
13:18:36.%f    local_tx_fired  ms=1421.7
13:18:38.%f    ipfs_vote   cid=Qme3ZnrmPJCQmQtM...  upload_ms=2041 [blocking]
13:18:39.%f    gas_limit  type=VOTE   estimated=270226  estimate_ms=431.5
13:18:39.%f    gas_price  fetched=6000000  fetch_ms=170.1
13:18:39.%f    tx_sent    type=VOTE    hash=977637823506...  send_ms=304.7
13:18:39.%f    vote_tx_fired  ms=1031.9
13:19:48.%f    ipfs_global model_cid=QmYN8domxLuXHeR1...  upload_ms=9464 [blocking]
13:19:48.%f    gas_limit  type=GLOBAL estimated=251377  estimate_ms=511.8
13:19:49.%f    gas_price  fetched=6000000  fetch_ms=220.7
13:19:49.%f    tx_sent    type=GLOBAL  hash=466c2aed55e6...  send_ms=214.0
13:19:49.%f    global_tx_fired  ms=1138.9
13:19:49.%f    confirmed  idx=0  block=47836285  submit_to_confirm_ms=73015
13:19:49.%f    confirmed  idx=1  block=47836287  submit_to_confirm_ms=70049
13:19:49.%f    confirmed  idx=2  block=47836322  submit_to_confirm_ms=498
13:19:49.%f    wait_for_pending  n=3  total_wait_ms=498
13:19:49.%f    round_confirmation_total_ms=498
13:19:50.%f    verify_chain  valid=True  ms=412 [per-round]
13:19:50.%f  --- ROUND 8 end  total_overhead_ms=1637
13:23:35.%f  --- ROUND 9 start  mode=BASE
13:23:38.%f    ipfs_local  cid=QmNQNArgh6XGVnDA...  upload_ms=2185 [blocking]
13:23:38.%f    gas_limit  type=LOCAL  estimated=276246  estimate_ms=535.6
13:23:38.%f    gas_price  fetched=6000000  fetch_ms=181.9
13:23:39.%f    tx_sent    type=LOCAL   hash=52f7670c0634...  send_ms=304.2
13:23:39.%f    local_tx_fired  ms=1230.0
13:23:41.%f    ipfs_vote   cid=Qmda6iNpxNpJmYgc...  upload_ms=2458 [blocking]
13:23:42.%f    gas_limit  type=VOTE   estimated=270211  estimate_ms=625.9
13:23:42.%f    gas_price  fetched=6000000  fetch_ms=193.0
13:23:42.%f    tx_sent    type=VOTE    hash=f4d07a2163ec...  send_ms=236.8
13:23:42.%f    vote_tx_fired  ms=1181.2
13:24:48.%f    ipfs_global model_cid=QmeeUqR9wbUhPPbx...  upload_ms=6079 [blocking]
13:24:49.%f    gas_limit  type=GLOBAL estimated=251331  estimate_ms=613.6
13:24:49.%f    gas_price  fetched=6000000  fetch_ms=206.3
13:24:49.%f    tx_sent    type=GLOBAL  hash=a0b194437b90...  send_ms=222.5
13:24:49.%f    global_tx_fired  ms=1250.5
13:24:50.%f    confirmed  idx=0  block=47836437  submit_to_confirm_ms=70762
13:24:50.%f    confirmed  idx=1  block=47836439  submit_to_confirm_ms=67243
13:24:50.%f    confirmed  idx=2  block=47836472  submit_to_confirm_ms=455
13:24:50.%f    wait_for_pending  n=3  total_wait_ms=455
13:24:50.%f    round_confirmation_total_ms=455
13:24:50.%f    verify_chain  valid=True  ms=446 [per-round]
13:24:50.%f  --- ROUND 9 end  total_overhead_ms=1706
13:28:40.%f  --- ROUND 10 start  mode=BASE
13:28:43.%f    ipfs_local  cid=Qmap4Z7i3aEJW3CQ...  upload_ms=3639 [blocking]
13:28:44.%f    gas_limit  type=LOCAL  estimated=276307  estimate_ms=532.1
13:28:44.%f    gas_price  fetched=6000000  fetch_ms=179.7
13:28:44.%f    tx_sent    type=LOCAL   hash=c5729dd631ee...  send_ms=248.9
13:28:44.%f    local_tx_fired  ms=1124.2
13:28:45.%f    ipfs_vote   cid=QmQK8Zmm6EoHpuxX...  upload_ms=716 [blocking]
13:28:46.%f    gas_limit  type=VOTE   estimated=269928  estimate_ms=512.1
13:28:46.%f    gas_price  fetched=6000000  fetch_ms=204.8
13:28:46.%f    tx_sent    type=VOTE    hash=4721e42e9a36...  send_ms=396.0
13:28:46.%f    vote_tx_fired  ms=1243.9
13:29:53.%f    ipfs_global model_cid=QmcSDHffpanR7rZE...  upload_ms=12793 [blocking]
13:29:54.%f    gas_limit  type=GLOBAL estimated=251392  estimate_ms=528.0
13:29:54.%f    gas_price  fetched=6000000  fetch_ms=188.6
13:29:54.%f    tx_sent    type=GLOBAL  hash=77949574b889...  send_ms=269.3
13:29:54.%f    global_tx_fired  ms=1126.7
13:29:54.%f    confirmed  idx=0  block=47836590  submit_to_confirm_ms=69942
13:29:54.%f    confirmed  idx=1  block=47836591  submit_to_confirm_ms=68105
13:29:55.%f    confirmed  idx=2  block=47836624  submit_to_confirm_ms=502
13:29:55.%f    wait_for_pending  n=3  total_wait_ms=502
13:29:55.%f    round_confirmation_total_ms=502
13:29:55.%f    verify_chain  valid=True  ms=420 [per-round]
13:29:55.%f  --- ROUND 10 end  total_overhead_ms=1629
13:29:56.%f    verify_chain  valid=True  ms=509  [per-round-final]
