11:56:23.%f  === FL-Blockchain Performance Log ===
11:56:23.%f  Mode     : BASELINE
11:56:23.%f  Started  : 2026-06-27T11:56:23.156076
11:56:23.%f  File     : outputs_ucihar/baseline_20260627_115623/perf_baseline_20260627_115623.log
11:56:23.%f  ==================================================
11:56:23.%f  BLOCKCHAIN_OPTIMIZED = False
11:56:33.%f    ipfs_global model_cid=QmcnoWNwLUTFgx5B...  upload_ms=8054 [blocking]
11:56:34.%f    gas_limit  type=GLOBAL estimated=226273  estimate_ms=494.7
11:56:34.%f    gas_price  fetched=6000000  fetch_ms=204.7
11:56:35.%f    tx_sent    type=GLOBAL  hash=8f30f354fc62...  send_ms=302.9
11:56:35.%f    global_tx_fired  ms=1433.0
11:56:35.%f    confirmed  idx=0  block=47877025  submit_to_confirm_ms=121
11:56:35.%f    wait_for_pending  n=1  total_wait_ms=121
11:56:35.%f    round_confirmation_total_ms=121
11:56:35.%f    verify_chain  valid=True  ms=511 [per-round]
11:56:35.%f  --- ROUND 0 end  total_overhead_ms=1554
12:00:18.%f  --- ROUND 1 start  mode=BASE
12:00:20.%f    ipfs_local  cid=QmR2j1s3xacuABHn...  upload_ms=1886 [blocking]
12:00:20.%f    gas_limit  type=LOCAL  estimated=276171  estimate_ms=501.0
12:00:20.%f    gas_price  fetched=6000000  fetch_ms=161.5
12:00:21.%f    tx_sent    type=LOCAL   hash=de021832196a...  send_ms=344.8
12:00:21.%f    local_tx_fired  ms=1116.4
12:00:21.%f    ipfs_vote   cid=QmbsnpeKDaq6nvCz...  upload_ms=614 [blocking]
12:00:22.%f    gas_limit  type=VOTE   estimated=270302  estimate_ms=409.3
12:00:22.%f    gas_price  fetched=6000000  fetch_ms=157.9
12:00:22.%f    tx_sent    type=VOTE    hash=0605802105ea...  send_ms=303.5
12:00:22.%f    vote_tx_fired  ms=1024.5
12:01:29.%f    ipfs_global model_cid=QmS4Nr34pMChk8HP...  upload_ms=14747 [blocking]
12:01:30.%f    gas_limit  type=GLOBAL estimated=251361  estimate_ms=613.1
12:01:30.%f    gas_price  fetched=6000000  fetch_ms=118.8
12:01:31.%f    tx_sent    type=GLOBAL  hash=1f5712dff407...  send_ms=301.2
12:01:31.%f    global_tx_fired  ms=1225.8
12:01:31.%f    confirmed  idx=0  block=47877138  submit_to_confirm_ms=70043
12:01:31.%f    confirmed  idx=1  block=47877139  submit_to_confirm_ms=68547
12:01:31.%f    confirmed  idx=2  block=47877173  submit_to_confirm_ms=514
12:01:31.%f    wait_for_pending  n=3  total_wait_ms=514
12:01:31.%f    round_confirmation_total_ms=514
12:01:32.%f    verify_chain  valid=True  ms=374 [per-round]
12:01:32.%f  --- ROUND 1 end  total_overhead_ms=1740
12:05:16.%f  --- ROUND 2 start  mode=BASE
12:05:18.%f    ipfs_local  cid=QmXDyMq89emNAeGB...  upload_ms=1850 [blocking]
12:05:18.%f    gas_limit  type=LOCAL  estimated=276231  estimate_ms=432.4
12:05:19.%f    gas_price  fetched=6000000  fetch_ms=116.0
12:05:19.%f    tx_sent    type=LOCAL   hash=dc52da85698f...  send_ms=234.2
12:05:19.%f    local_tx_fired  ms=905.8
12:05:20.%f    ipfs_vote   cid=QmeGeRJBbCkVChRx...  upload_ms=763 [blocking]
12:05:20.%f    gas_limit  type=VOTE   estimated=269898  estimate_ms=525.9
12:05:20.%f    gas_price  fetched=6000000  fetch_ms=190.6
12:05:21.%f    tx_sent    type=VOTE    hash=2044e77e85d9...  send_ms=277.3
12:05:21.%f    vote_tx_fired  ms=1201.3
12:06:19.%f    ipfs_global model_cid=QmQ9Z9LWRidyV5Sc...  upload_ms=5644 [blocking]
12:06:19.%f    gas_limit  type=GLOBAL estimated=251361  estimate_ms=389.8
12:06:19.%f    gas_price  fetched=6000000  fetch_ms=185.8
12:06:20.%f    tx_sent    type=GLOBAL  hash=7f43a3471cdb...  send_ms=273.4
12:06:20.%f    global_tx_fired  ms=972.5
12:06:20.%f    confirmed  idx=0  block=47877287  submit_to_confirm_ms=60977
12:06:20.%f    confirmed  idx=1  block=47877288  submit_to_confirm_ms=59219
12:06:20.%f    confirmed  idx=2  block=47877317  submit_to_confirm_ms=448
12:06:20.%f    wait_for_pending  n=3  total_wait_ms=448
12:06:20.%f    round_confirmation_total_ms=448
12:06:21.%f    verify_chain  valid=True  ms=504 [per-round]
12:06:21.%f  --- ROUND 2 end  total_overhead_ms=1421
12:10:02.%f  --- ROUND 3 start  mode=BASE
12:10:04.%f    ipfs_local  cid=QmectaMdjXDmvUWe...  upload_ms=1952 [blocking]
12:10:04.%f    gas_limit  type=LOCAL  estimated=276231  estimate_ms=491.0
12:10:04.%f    gas_price  fetched=6000000  fetch_ms=123.1
12:10:05.%f    tx_sent    type=LOCAL   hash=07a0b3467e06...  send_ms=301.3
12:10:05.%f    local_tx_fired  ms=1127.4
12:10:06.%f    ipfs_vote   cid=QmTZjiysHYUvB4Cd...  upload_ms=924 [blocking]
12:10:06.%f    gas_limit  type=VOTE   estimated=269868  estimate_ms=612.2
12:10:06.%f    gas_price  fetched=6000000  fetch_ms=203.8
12:10:07.%f    tx_sent    type=VOTE    hash=7fcaa50c1be9...  send_ms=287.3
12:10:07.%f    vote_tx_fired  ms=1226.1
12:11:09.%f    ipfs_global model_cid=QmdhTf3UV8C6c9Pj...  upload_ms=5131 [blocking]
12:11:10.%f    gas_limit  type=GLOBAL estimated=251377  estimate_ms=511.6
12:11:10.%f    gas_price  fetched=6000000  fetch_ms=190.9
12:11:10.%f    tx_sent    type=GLOBAL  hash=02c4fe3985e9...  send_ms=302.5
12:11:10.%f    global_tx_fired  ms=1126.2
12:11:10.%f    confirmed  idx=0  block=47877430  submit_to_confirm_ms=65691
12:11:10.%f    confirmed  idx=1  block=47877431  submit_to_confirm_ms=63695
12:11:11.%f    confirmed  idx=2  block=47877462  submit_to_confirm_ms=428
12:11:11.%f    wait_for_pending  n=3  total_wait_ms=428
12:11:11.%f    round_confirmation_total_ms=428
12:11:11.%f    verify_chain  valid=True  ms=510 [per-round]
12:11:11.%f  --- ROUND 3 end  total_overhead_ms=1555
12:14:55.%f  --- ROUND 4 start  mode=BASE
12:14:56.%f    ipfs_local  cid=QmW4MQxhnBkyZRbS...  upload_ms=1553 [blocking]
12:14:57.%f    gas_limit  type=LOCAL  estimated=276231  estimate_ms=588.4
12:14:57.%f    gas_price  fetched=6000000  fetch_ms=204.5
12:14:58.%f    tx_sent    type=LOCAL   hash=e906daff9fc1...  send_ms=260.2
12:14:58.%f    local_tx_fired  ms=1263.4
12:14:58.%f    ipfs_vote   cid=QmbCekYfv2M7ka2S...  upload_ms=656 [blocking]
12:14:59.%f    gas_limit  type=VOTE   estimated=270196  estimate_ms=512.5
12:14:59.%f    gas_price  fetched=6000000  fetch_ms=204.7
12:14:59.%f    tx_sent    type=VOTE    hash=55e39f7ceaee...  send_ms=304.0
12:14:59.%f    vote_tx_fired  ms=1229.7
12:15:55.%f    ipfs_global model_cid=QmVw8A4rHknHdwk5...  upload_ms=3742 [blocking]
12:15:56.%f    gas_limit  type=GLOBAL estimated=251392  estimate_ms=614.6
12:15:56.%f    gas_price  fetched=6000000  fetch_ms=205.2
12:15:57.%f    tx_sent    type=GLOBAL  hash=adf9591385bc...  send_ms=217.3
12:15:57.%f    global_tx_fired  ms=1246.7
12:15:57.%f    confirmed  idx=0  block=47877576  submit_to_confirm_ms=59333
12:15:57.%f    confirmed  idx=1  block=47877577  submit_to_confirm_ms=57568
12:15:57.%f    confirmed  idx=2  block=47877606  submit_to_confirm_ms=475
12:15:57.%f    wait_for_pending  n=3  total_wait_ms=475
12:15:57.%f    round_confirmation_total_ms=475
12:15:58.%f    verify_chain  valid=True  ms=429 [per-round]
12:15:58.%f  --- ROUND 4 end  total_overhead_ms=1722
12:19:41.%f  --- ROUND 5 start  mode=BASE
12:19:43.%f    ipfs_local  cid=QmcDWn4Pdfq8EgMv...  upload_ms=2165 [blocking]
12:19:44.%f    gas_limit  type=LOCAL  estimated=276171  estimate_ms=512.4
12:19:44.%f    gas_price  fetched=6000000  fetch_ms=204.0
12:19:45.%f    tx_sent    type=LOCAL   hash=9f2d036c355a...  send_ms=303.6
12:19:45.%f    local_tx_fired  ms=1229.6
12:19:45.%f    ipfs_vote   cid=Qmd1uuy3usNiMBZN...  upload_ms=715 [blocking]
12:19:46.%f    gas_limit  type=VOTE   estimated=269838  estimate_ms=513.0
12:19:46.%f    gas_price  fetched=6000000  fetch_ms=109.0
12:19:46.%f    tx_sent    type=VOTE    hash=2ae719827f1b...  send_ms=279.7
12:19:46.%f    vote_tx_fired  ms=1024.7
12:20:41.%f    ipfs_global model_cid=QmbCvXiarzXDdrYA...  upload_ms=3902 [blocking]
12:20:42.%f    gas_limit  type=GLOBAL estimated=251377  estimate_ms=599.1
12:20:42.%f    gas_price  fetched=6000000  fetch_ms=189.8
12:20:43.%f    tx_sent    type=GLOBAL  hash=2f221d8dd478...  send_ms=302.6
12:20:43.%f    global_tx_fired  ms=1214.6
12:20:43.%f    confirmed  idx=0  block=47877720  submit_to_confirm_ms=58267
12:20:43.%f    confirmed  idx=1  block=47877721  submit_to_confirm_ms=56731
12:20:43.%f    confirmed  idx=2  block=47877749  submit_to_confirm_ms=614
12:20:43.%f    wait_for_pending  n=3  total_wait_ms=614
12:20:43.%f    round_confirmation_total_ms=614
12:20:44.%f    verify_chain  valid=True  ms=437 [per-round]
12:20:44.%f  --- ROUND 5 end  total_overhead_ms=1828
12:24:28.%f  --- ROUND 6 start  mode=BASE
12:24:30.%f    ipfs_local  cid=QmfLvZSUbHH5Q1xL...  upload_ms=2028 [blocking]
12:24:31.%f    gas_limit  type=LOCAL  estimated=276291  estimate_ms=511.0
12:24:31.%f    gas_price  fetched=6000000  fetch_ms=205.3
12:24:32.%f    tx_sent    type=LOCAL   hash=f72a7a505228...  send_ms=285.9
12:24:32.%f    local_tx_fired  ms=1126.1
12:24:32.%f    ipfs_vote   cid=QmUzKmtaViw7Xw55...  upload_ms=548 [blocking]
12:24:33.%f    gas_limit  type=VOTE   estimated=270226  estimate_ms=463.5
12:24:33.%f    gas_price  fetched=6000000  fetch_ms=217.0
12:24:33.%f    tx_sent    type=VOTE    hash=799bc510d398...  send_ms=302.9
12:24:33.%f    vote_tx_fired  ms=1192.7
12:25:38.%f    ipfs_global model_cid=QmdjjKfKzxXVQRKF...  upload_ms=10804 [blocking]
12:25:38.%f    gas_limit  type=GLOBAL estimated=251392  estimate_ms=511.2
12:25:38.%f    gas_price  fetched=6000000  fetch_ms=202.8
12:25:39.%f    tx_sent    type=GLOBAL  hash=3710f2b06d8f...  send_ms=286.4
12:25:39.%f    global_tx_fired  ms=1123.9
12:25:39.%f    confirmed  idx=0  block=47877863  submit_to_confirm_ms=67194
12:25:39.%f    confirmed  idx=1  block=47877864  submit_to_confirm_ms=65640
12:25:39.%f    confirmed  idx=2  block=47877897  submit_to_confirm_ms=511
12:25:39.%f    wait_for_pending  n=3  total_wait_ms=510
12:25:39.%f    round_confirmation_total_ms=510
12:25:40.%f    verify_chain  valid=True  ms=535 [per-round]
12:25:40.%f  --- ROUND 6 end  total_overhead_ms=1634
12:29:21.%f  --- ROUND 7 start  mode=BASE
12:29:23.%f    ipfs_local  cid=QmZy2p6kdmADM7HP...  upload_ms=1970 [blocking]
12:29:24.%f    gas_limit  type=LOCAL  estimated=276246  estimate_ms=513.2
12:29:24.%f    gas_price  fetched=6000000  fetch_ms=189.2
12:29:24.%f    tx_sent    type=LOCAL   hash=f7c5e0ab84d1...  send_ms=304.6
12:29:24.%f    local_tx_fired  ms=1127.9
12:29:25.%f    ipfs_vote   cid=QmePMNgEgGf1CPuR...  upload_ms=715 [blocking]
12:29:25.%f    gas_limit  type=VOTE   estimated=269883  estimate_ms=428.2
12:29:26.%f    gas_price  fetched=6000000  fetch_ms=187.6
12:29:26.%f    tx_sent    type=VOTE    hash=0e8953563000...  send_ms=241.4
12:29:26.%f    vote_tx_fired  ms=1033.7
12:30:24.%f    ipfs_global model_cid=QmPP7AvErB68K4aL...  upload_ms=5896 [blocking]
12:30:25.%f    gas_limit  type=GLOBAL estimated=251377  estimate_ms=512.5
12:30:25.%f    gas_price  fetched=6000000  fetch_ms=192.2
12:30:26.%f    tx_sent    type=GLOBAL  hash=bfedef7c76f4...  send_ms=301.7
12:30:26.%f    global_tx_fired  ms=1125.1
12:30:26.%f    confirmed  idx=0  block=47878010  submit_to_confirm_ms=61455
12:30:26.%f    confirmed  idx=1  block=47878010  submit_to_confirm_ms=59896
12:30:26.%f    confirmed  idx=2  block=47878040  submit_to_confirm_ms=513
12:30:26.%f    wait_for_pending  n=3  total_wait_ms=513
12:30:26.%f    round_confirmation_total_ms=513
12:30:27.%f    verify_chain  valid=True  ms=513 [per-round]
12:30:27.%f  --- ROUND 7 end  total_overhead_ms=1638
12:34:08.%f  --- ROUND 8 start  mode=BASE
12:34:10.%f    ipfs_local  cid=QmdRtYxSiMuVF5is...  upload_ms=2001 [blocking]
12:34:11.%f    gas_limit  type=LOCAL  estimated=276246  estimate_ms=528.4
12:34:11.%f    gas_price  fetched=6000000  fetch_ms=204.2
12:34:11.%f    tx_sent    type=LOCAL   hash=a62dff69c391...  send_ms=288.9
12:34:11.%f    local_tx_fired  ms=1143.4
12:34:12.%f    ipfs_vote   cid=QmenvgRL7L6jtnXz...  upload_ms=818 [blocking]
12:34:13.%f    gas_limit  type=VOTE   estimated=270332  estimate_ms=527.7
12:34:13.%f    gas_price  fetched=6000000  fetch_ms=118.4
12:34:13.%f    tx_sent    type=VOTE    hash=8f0321aa0998...  send_ms=254.2
12:34:13.%f    vote_tx_fired  ms=1024.8
12:35:36.%f    ipfs_global model_cid=QmbpmYvy89ufYmQR...  upload_ms=30999 [blocking]
12:35:37.%f    gas_limit  type=GLOBAL estimated=251377  estimate_ms=510.2
12:35:37.%f    gas_price  fetched=6000000  fetch_ms=122.1
12:35:37.%f    tx_sent    type=GLOBAL  hash=f4167e62e866...  send_ms=265.6
12:35:37.%f    global_tx_fired  ms=1022.1
12:35:37.%f    confirmed  idx=0  block=47878153  submit_to_confirm_ms=86035
12:35:37.%f    confirmed  idx=1  block=47878154  submit_to_confirm_ms=84317
12:35:38.%f    confirmed  idx=2  block=47878196  submit_to_confirm_ms=412
12:35:38.%f    wait_for_pending  n=3  total_wait_ms=412
12:35:38.%f    round_confirmation_total_ms=412
12:35:38.%f    verify_chain  valid=True  ms=528 [per-round]
12:35:38.%f  --- ROUND 8 end  total_overhead_ms=1434
12:39:25.%f  --- ROUND 9 start  mode=BASE
12:39:27.%f    ipfs_local  cid=QmfDckKtFAkUvNXH...  upload_ms=2094 [blocking]
12:39:28.%f    gas_limit  type=LOCAL  estimated=276231  estimate_ms=512.4
12:39:28.%f    gas_price  fetched=6000000  fetch_ms=203.5
12:39:28.%f    tx_sent    type=LOCAL   hash=32aed1dba3c4...  send_ms=230.6
12:39:28.%f    local_tx_fired  ms=1154.3
12:39:29.%f    ipfs_vote   cid=Qmap71EBNESoSCo5...  upload_ms=795 [blocking]
12:39:30.%f    gas_limit  type=VOTE   estimated=269898  estimate_ms=609.0
12:39:30.%f    gas_price  fetched=6000000  fetch_ms=122.5
12:39:30.%f    tx_sent    type=VOTE    hash=321add455885...  send_ms=294.6
12:39:30.%f    vote_tx_fired  ms=1213.7
12:40:44.%f    ipfs_global model_cid=QmcfQZAPraBxyvGk...  upload_ms=5025 [blocking]
12:40:44.%f    gas_limit  type=GLOBAL estimated=251377  estimate_ms=511.1
12:40:44.%f    gas_price  fetched=6000000  fetch_ms=127.7
12:40:45.%f    tx_sent    type=GLOBAL  hash=f05ab68b80d0...  send_ms=300.8
12:40:45.%f    global_tx_fired  ms=1124.7
12:40:45.%f    confirmed  idx=0  block=47878312  submit_to_confirm_ms=76670
12:40:45.%f    confirmed  idx=1  block=47878313  submit_to_confirm_ms=74866
12:40:45.%f    confirmed  idx=2  block=47878350  submit_to_confirm_ms=615
12:40:45.%f    wait_for_pending  n=3  total_wait_ms=615
12:40:45.%f    round_confirmation_total_ms=615
12:40:46.%f    verify_chain  valid=True  ms=613 [per-round]
12:40:46.%f  --- ROUND 9 end  total_overhead_ms=1740
12:44:31.%f  --- ROUND 10 start  mode=BASE
12:44:33.%f    ipfs_local  cid=QmTy4emJDsvfLXxP...  upload_ms=1974 [blocking]
12:44:33.%f    gas_limit  type=LOCAL  estimated=276141  estimate_ms=512.5
12:44:33.%f    gas_price  fetched=6000000  fetch_ms=119.1
12:44:34.%f    tx_sent    type=LOCAL   hash=6395bcd7eb91...  send_ms=304.9
12:44:34.%f    local_tx_fired  ms=1127.4
12:44:34.%f    ipfs_vote   cid=QmXimPjaLbMaKsAe...  upload_ms=716 [blocking]
12:44:35.%f    gas_limit  type=VOTE   estimated=270136  estimate_ms=426.8
12:44:35.%f    gas_price  fetched=6000000  fetch_ms=186.1
12:44:35.%f    tx_sent    type=VOTE    hash=3b3738e46a56...  send_ms=287.0
12:44:35.%f    vote_tx_fired  ms=1024.1
12:45:32.%f    ipfs_global model_cid=QmP99AJEshREBwhb...  upload_ms=4855 [blocking]
12:45:33.%f    gas_limit  type=GLOBAL estimated=251392  estimate_ms=598.9
12:45:33.%f    gas_price  fetched=6000000  fetch_ms=117.7
12:45:33.%f    tx_sent    type=GLOBAL  hash=e61ea6712c4c...  send_ms=303.0
12:45:33.%f    global_tx_fired  ms=1229.3
12:45:34.%f    confirmed  idx=0  block=47878464  submit_to_confirm_ms=60007
12:45:34.%f    confirmed  idx=1  block=47878465  submit_to_confirm_ms=58471
12:45:34.%f    confirmed  idx=2  block=47878494  submit_to_confirm_ms=543
12:45:34.%f    wait_for_pending  n=3  total_wait_ms=547
12:45:34.%f    round_confirmation_total_ms=547
12:45:35.%f    verify_chain  valid=True  ms=579 [per-round]
12:45:35.%f  --- ROUND 10 end  total_overhead_ms=1776
12:45:35.%f    verify_chain  valid=True  ms=397  [per-round-final]
