21:38:11.%f  === FL-Blockchain Performance Log ===
21:38:11.%f  Mode     : BASELINE
21:38:11.%f  Started  : 2026-06-26T21:38:11.512977
21:38:11.%f  File     : outputs_ucihar/baseline_20260626_213811/perf_baseline_20260626_213811.log
21:38:11.%f  ==================================================
21:38:11.%f  BLOCKCHAIN_OPTIMIZED = False
21:38:21.%f    ipfs_global model_cid=QmbtEuEc2s7rh5yk...  upload_ms=7112 [blocking]
21:38:22.%f    gas_limit  type=GLOBAL estimated=226273  estimate_ms=512.6
21:38:22.%f    gas_price  fetched=6000000  fetch_ms=204.4
21:38:22.%f    tx_sent    type=GLOBAL  hash=8e84479a6834...  send_ms=405.2
21:38:22.%f    global_tx_fired  ms=1638.2
21:38:24.%f    confirmed  idx=0  block=47851279  submit_to_confirm_ms=1233
21:38:24.%f    wait_for_pending  n=1  total_wait_ms=1233
21:38:24.%f    round_confirmation_total_ms=1233
21:38:24.%f    verify_chain  valid=True  ms=614 [per-round]
21:38:24.%f  --- ROUND 0 end  total_overhead_ms=2871
21:42:09.%f  --- ROUND 1 start  mode=BASE
21:42:11.%f    ipfs_local  cid=QmdRfJDJFegGRsxG...  upload_ms=2072 [blocking]
21:42:12.%f    gas_limit  type=LOCAL  estimated=276261  estimate_ms=415.3
21:42:12.%f    gas_price  fetched=6000000  fetch_ms=198.6
21:42:12.%f    tx_sent    type=LOCAL   hash=9614ad3f8339...  send_ms=405.8
21:42:12.%f    local_tx_fired  ms=1229.1
21:42:13.%f    ipfs_vote   cid=QmUj8bP8Ffvufcfz...  upload_ms=717 [blocking]
21:42:14.%f    gas_limit  type=VOTE   estimated=270226  estimate_ms=409.9
21:42:14.%f    gas_price  fetched=6000000  fetch_ms=101.4
21:42:14.%f    tx_sent    type=VOTE    hash=2af24d755175...  send_ms=406.3
21:42:14.%f    vote_tx_fired  ms=1126.9
21:43:35.%f    ipfs_global model_cid=Qmepkjcg2sPjxzSM...  upload_ms=28925 [blocking]
21:43:36.%f    gas_limit  type=GLOBAL estimated=251361  estimate_ms=512.1
21:43:36.%f    gas_price  fetched=6000000  fetch_ms=204.3
21:43:37.%f    tx_sent    type=GLOBAL  hash=a3d032216ec2...  send_ms=405.9
21:43:37.%f    global_tx_fired  ms=1331.3
21:43:37.%f    confirmed  idx=0  block=47851394  submit_to_confirm_ms=84282
21:43:37.%f    confirmed  idx=1  block=47851395  submit_to_confirm_ms=82611
21:43:37.%f    confirmed  idx=2  block=47851436  submit_to_confirm_ms=512
21:43:37.%f    wait_for_pending  n=3  total_wait_ms=512
21:43:37.%f    round_confirmation_total_ms=512
21:43:38.%f    verify_chain  valid=True  ms=512 [per-round]
21:43:38.%f  --- ROUND 1 end  total_overhead_ms=1844
21:47:19.%f  --- ROUND 2 start  mode=BASE
21:47:21.%f    ipfs_local  cid=QmVMosx5DjGe4i38...  upload_ms=1930 [blocking]
21:47:21.%f    gas_limit  type=LOCAL  estimated=276231  estimate_ms=509.3
21:47:22.%f    gas_price  fetched=6000000  fetch_ms=101.3
21:47:22.%f    tx_sent    type=LOCAL   hash=6c3cad4d8abe...  send_ms=392.6
21:47:22.%f    local_tx_fired  ms=1121.6
21:47:23.%f    ipfs_vote   cid=QmZb5oJq8P5YwyJa...  upload_ms=716 [blocking]
21:47:23.%f    gas_limit  type=VOTE   estimated=269762  estimate_ms=309.7
21:47:23.%f    gas_price  fetched=6000000  fetch_ms=202.9
21:47:24.%f    tx_sent    type=VOTE    hash=ae4481931b04...  send_ms=403.9
21:47:24.%f    vote_tx_fired  ms=1023.9
21:48:38.%f    ipfs_global model_cid=QmdZZTUuKzRhCL3v...  upload_ms=21882 [blocking]
21:48:39.%f    gas_limit  type=GLOBAL estimated=251377  estimate_ms=407.8
21:48:39.%f    gas_price  fetched=6000000  fetch_ms=102.1
21:48:39.%f    tx_sent    type=GLOBAL  hash=fc1dd91f8603...  send_ms=406.4
21:48:39.%f    global_tx_fired  ms=1022.2
21:48:40.%f    confirmed  idx=0  block=47851548  submit_to_confirm_ms=77622
21:48:40.%f    confirmed  idx=1  block=47851549  submit_to_confirm_ms=76086
21:48:40.%f    confirmed  idx=2  block=47851587  submit_to_confirm_ms=616
21:48:40.%f    wait_for_pending  n=3  total_wait_ms=615
21:48:40.%f    round_confirmation_total_ms=615
21:48:41.%f    verify_chain  valid=True  ms=511 [per-round]
21:48:41.%f  --- ROUND 2 end  total_overhead_ms=1638
21:52:25.%f  --- ROUND 3 start  mode=BASE
21:52:27.%f    ipfs_local  cid=QmRs7xYn3bQqShLk...  upload_ms=1975 [blocking]
21:52:28.%f    gas_limit  type=LOCAL  estimated=276231  estimate_ms=408.8
21:52:28.%f    gas_price  fetched=6000000  fetch_ms=102.8
21:52:28.%f    tx_sent    type=LOCAL   hash=e8a1a775fd2b...  send_ms=406.2
21:52:28.%f    local_tx_fired  ms=1030.3
21:52:29.%f    ipfs_vote   cid=QmczdrVuqypfHHbJ...  upload_ms=812 [blocking]
21:52:30.%f    gas_limit  type=VOTE   estimated=270196  estimate_ms=409.7
21:52:30.%f    gas_price  fetched=6000000  fetch_ms=102.3
21:52:30.%f    tx_sent    type=VOTE    hash=aa8de6b10860...  send_ms=405.6
21:52:30.%f    vote_tx_fired  ms=1126.4
21:53:28.%f    ipfs_global model_cid=QmXNBmoH3XdCitzV...  upload_ms=4557 [blocking]
21:53:28.%f    gas_limit  type=GLOBAL estimated=251361  estimate_ms=414.7
21:53:29.%f    gas_price  fetched=6000000  fetch_ms=198.4
21:53:29.%f    tx_sent    type=GLOBAL  hash=0ff5641816fe...  send_ms=390.7
21:53:29.%f    global_tx_fired  ms=1125.8
21:53:29.%f    confirmed  idx=0  block=47851702  submit_to_confirm_ms=60930
21:53:29.%f    confirmed  idx=1  block=47851703  submit_to_confirm_ms=59088
21:53:29.%f    confirmed  idx=2  block=47851732  submit_to_confirm_ms=422
21:53:29.%f    wait_for_pending  n=3  total_wait_ms=422
21:53:29.%f    round_confirmation_total_ms=422
21:53:30.%f    verify_chain  valid=True  ms=502 [per-round]
21:53:30.%f  --- ROUND 3 end  total_overhead_ms=1548
21:57:15.%f  --- ROUND 4 start  mode=BASE
21:57:17.%f    ipfs_local  cid=QmNxUe1jZAfojSHa...  upload_ms=1643 [blocking]
21:57:18.%f    gas_limit  type=LOCAL  estimated=276216  estimate_ms=511.9
21:57:18.%f    gas_price  fetched=6000000  fetch_ms=102.2
21:57:18.%f    tx_sent    type=LOCAL   hash=130e52947054...  send_ms=404.8
21:57:18.%f    local_tx_fired  ms=1228.6
21:57:19.%f    ipfs_vote   cid=QmccNSCui2X9mBwG...  upload_ms=724 [blocking]
21:57:19.%f    gas_limit  type=VOTE   estimated=270166  estimate_ms=401.9
21:57:20.%f    gas_price  fetched=6000000  fetch_ms=205.1
21:57:20.%f    tx_sent    type=VOTE    hash=ed8dacaaf3b4...  send_ms=367.3
21:57:20.%f    vote_tx_fired  ms=1184.4
21:58:21.%f    ipfs_global model_cid=QmWY8QEXWTw563Wn...  upload_ms=5135 [blocking]
21:58:21.%f    gas_limit  type=GLOBAL estimated=251377  estimate_ms=378.4
21:58:21.%f    gas_price  fetched=6000000  fetch_ms=97.8
21:58:22.%f    tx_sent    type=GLOBAL  hash=3ab1ea137861...  send_ms=406.0
21:58:22.%f    global_tx_fired  ms=1036.0
21:58:22.%f    confirmed  idx=0  block=47851847  submit_to_confirm_ms=63485
21:58:22.%f    confirmed  idx=1  block=47851848  submit_to_confirm_ms=61679
21:58:22.%f    confirmed  idx=2  block=47851878  submit_to_confirm_ms=513
21:58:22.%f    wait_for_pending  n=3  total_wait_ms=513
21:58:22.%f    round_confirmation_total_ms=513
21:58:22.%f    verify_chain  valid=True  ms=322 [per-round]
21:58:22.%f  --- ROUND 4 end  total_overhead_ms=1549
22:02:05.%f  --- ROUND 5 start  mode=BASE
22:02:07.%f    ipfs_local  cid=QmUtKgLJBacmGXsU...  upload_ms=2034 [blocking]
22:02:07.%f    gas_limit  type=LOCAL  estimated=276231  estimate_ms=460.2
22:02:08.%f    gas_price  fetched=6000000  fetch_ms=101.7
22:02:08.%f    tx_sent    type=LOCAL   hash=6a96155b147b...  send_ms=403.2
22:02:08.%f    local_tx_fired  ms=1176.0
22:02:09.%f    ipfs_vote   cid=QmZLM6r9QY9LrTcV...  upload_ms=1024 [blocking]
22:02:10.%f    gas_limit  type=VOTE   estimated=270196  estimate_ms=511.9
22:02:10.%f    gas_price  fetched=6000000  fetch_ms=204.5
22:02:10.%f    tx_sent    type=VOTE    hash=4ea29df60c1e...  send_ms=402.7
22:02:10.%f    vote_tx_fired  ms=1228.7
22:03:17.%f    ipfs_global model_cid=QmbRCvLwVMsBxfTo...  upload_ms=10745 [blocking]
22:03:17.%f    gas_limit  type=GLOBAL estimated=251392  estimate_ms=409.8
22:03:18.%f    gas_price  fetched=6000000  fetch_ms=103.4
22:03:18.%f    tx_sent    type=GLOBAL  hash=8c07937f47d6...  send_ms=406.2
22:03:18.%f    global_tx_fired  ms=1126.4
22:03:18.%f    confirmed  idx=0  block=47851991  submit_to_confirm_ms=70145
22:03:18.%f    confirmed  idx=1  block=47851993  submit_to_confirm_ms=68043
22:03:19.%f    confirmed  idx=2  block=47852026  submit_to_confirm_ms=543
22:03:19.%f    wait_for_pending  n=3  total_wait_ms=549
22:03:19.%f    round_confirmation_total_ms=549
22:03:19.%f    verify_chain  valid=True  ms=505 [per-round]
22:03:19.%f  --- ROUND 5 end  total_overhead_ms=1676
22:07:02.%f  --- ROUND 6 start  mode=BASE
22:07:04.%f    ipfs_local  cid=QmeLcBQK6N6fHt3i...  upload_ms=1854 [blocking]
22:07:05.%f    gas_limit  type=LOCAL  estimated=276186  estimate_ms=511.0
22:07:05.%f    gas_price  fetched=6000000  fetch_ms=203.8
22:07:05.%f    tx_sent    type=LOCAL   hash=2fb3c775a1b4...  send_ms=506.2
22:07:05.%f    local_tx_fired  ms=1432.0
22:07:06.%f    ipfs_vote   cid=QmWcrWLU6Up3K3DM...  upload_ms=820 [blocking]
22:07:07.%f    gas_limit  type=VOTE   estimated=270181  estimate_ms=316.1
22:07:07.%f    gas_price  fetched=6000000  fetch_ms=195.6
22:07:07.%f    tx_sent    type=VOTE    hash=66fc4eabc1f6...  send_ms=454.9
22:07:07.%f    vote_tx_fired  ms=1132.0
22:08:12.%f    ipfs_global model_cid=QmT4eHr8bepVR7q4...  upload_ms=11940 [blocking]
22:08:12.%f    gas_limit  type=GLOBAL estimated=251361  estimate_ms=410.7
22:08:12.%f    gas_price  fetched=6000000  fetch_ms=107.7
22:08:13.%f    tx_sent    type=GLOBAL  hash=bed922283ac5...  send_ms=393.3
22:08:13.%f    global_tx_fired  ms=1121.4
22:08:13.%f    confirmed  idx=0  block=47852140  submit_to_confirm_ms=67585
22:08:13.%f    confirmed  idx=1  block=47852141  submit_to_confirm_ms=65843
22:08:13.%f    confirmed  idx=2  block=47852174  submit_to_confirm_ms=523
22:08:13.%f    wait_for_pending  n=3  total_wait_ms=518
22:08:13.%f    round_confirmation_total_ms=518
22:08:14.%f    verify_chain  valid=True  ms=421 [per-round]
22:08:14.%f  --- ROUND 6 end  total_overhead_ms=1639
22:11:58.%f  --- ROUND 7 start  mode=BASE
22:12:00.%f    ipfs_local  cid=QmT7y2UyyeyfxZ7a...  upload_ms=2201 [blocking]
22:12:00.%f    gas_limit  type=LOCAL  estimated=276231  estimate_ms=511.6
22:12:01.%f    gas_price  fetched=6000000  fetch_ms=203.0
22:12:01.%f    tx_sent    type=LOCAL   hash=947c1aa3eade...  send_ms=400.9
22:12:01.%f    local_tx_fired  ms=1228.8
22:12:02.%f    ipfs_vote   cid=QmRHk91Bks3PJdq9...  upload_ms=818 [blocking]
22:12:02.%f    gas_limit  type=VOTE   estimated=270196  estimate_ms=410.7
22:12:03.%f    gas_price  fetched=6000000  fetch_ms=299.8
22:12:03.%f    tx_sent    type=VOTE    hash=df90cfae0853...  send_ms=403.8
22:12:03.%f    vote_tx_fired  ms=1325.8
22:13:08.%f    ipfs_global model_cid=QmZMNAjEM6fCUsxA...  upload_ms=10644 [blocking]
22:13:09.%f    gas_limit  type=GLOBAL estimated=251377  estimate_ms=505.8
22:13:09.%f    gas_price  fetched=6000000  fetch_ms=204.5
22:13:09.%f    tx_sent    type=GLOBAL  hash=d2b450dc9cb8...  send_ms=457.0
22:13:09.%f    global_tx_fired  ms=1325.1
22:13:10.%f    confirmed  idx=0  block=47852288  submit_to_confirm_ms=68501
22:13:10.%f    confirmed  idx=1  block=47852289  submit_to_confirm_ms=66458
22:13:10.%f    confirmed  idx=2  block=47852322  submit_to_confirm_ms=414
22:13:10.%f    wait_for_pending  n=3  total_wait_ms=413
22:13:10.%f    round_confirmation_total_ms=414
22:13:10.%f    verify_chain  valid=True  ms=509 [per-round]
22:13:10.%f  --- ROUND 7 end  total_overhead_ms=1739
22:16:52.%f  --- ROUND 8 start  mode=BASE
22:16:54.%f    ipfs_local  cid=QmVoT5Ew66LjmmoR...  upload_ms=1807 [blocking]
22:16:55.%f    gas_limit  type=LOCAL  estimated=276291  estimate_ms=512.6
22:16:55.%f    gas_price  fetched=6000000  fetch_ms=205.8
22:16:55.%f    tx_sent    type=LOCAL   hash=b3e99cb626a7...  send_ms=507.7
22:16:55.%f    local_tx_fired  ms=1434.9
22:16:56.%f    ipfs_vote   cid=QmaRjVdGCuomSeMu...  upload_ms=618 [blocking]
22:16:56.%f    gas_limit  type=VOTE   estimated=270241  estimate_ms=451.6
22:16:57.%f    gas_price  fetched=6000000  fetch_ms=159.4
22:16:57.%f    tx_sent    type=VOTE    hash=55c9d1f0299e...  send_ms=403.6
22:16:57.%f    vote_tx_fired  ms=1224.5
22:18:02.%f    ipfs_global model_cid=QmXreDGXtkPdoGeS...  upload_ms=9988 [blocking]
22:18:03.%f    gas_limit  type=GLOBAL estimated=251377  estimate_ms=511.9
22:18:03.%f    gas_price  fetched=6000000  fetch_ms=174.0
22:18:04.%f    tx_sent    type=GLOBAL  hash=f979903c98d4...  send_ms=402.5
22:18:04.%f    global_tx_fired  ms=1225.7
22:18:04.%f    confirmed  idx=0  block=47852435  submit_to_confirm_ms=68305
22:18:04.%f    confirmed  idx=1  block=47852436  submit_to_confirm_ms=66666
22:18:04.%f    confirmed  idx=2  block=47852469  submit_to_confirm_ms=619
22:18:04.%f    wait_for_pending  n=3  total_wait_ms=619
22:18:04.%f    round_confirmation_total_ms=619
22:18:05.%f    verify_chain  valid=True  ms=410 [per-round]
22:18:05.%f  --- ROUND 8 end  total_overhead_ms=1844
22:21:48.%f  --- ROUND 9 start  mode=BASE
22:21:51.%f    ipfs_local  cid=QmVjUscXHXEzC8M3...  upload_ms=2535 [blocking]
22:21:51.%f    gas_limit  type=LOCAL  estimated=276246  estimate_ms=420.7
22:21:51.%f    gas_price  fetched=6000000  fetch_ms=205.4
22:21:52.%f    tx_sent    type=LOCAL   hash=4d9c382bc0b9...  send_ms=481.5
22:21:52.%f    local_tx_fired  ms=1240.4
22:21:53.%f    ipfs_vote   cid=QmQLmdLvLnk5527D...  upload_ms=716 [blocking]
22:21:53.%f    gas_limit  type=VOTE   estimated=270211  estimate_ms=335.7
22:21:53.%f    gas_price  fetched=6000000  fetch_ms=175.9
22:21:54.%f    tx_sent    type=VOTE    hash=6ff48c049824...  send_ms=400.1
22:21:54.%f    vote_tx_fired  ms=1025.5
22:22:49.%f    ipfs_global model_cid=QmegdG1SRfvKu9Vf...  upload_ms=4228 [blocking]
22:22:49.%f    gas_limit  type=GLOBAL estimated=251392  estimate_ms=412.5
22:22:50.%f    gas_price  fetched=6000000  fetch_ms=201.5
22:22:50.%f    tx_sent    type=GLOBAL  hash=2b5fbf7f420a...  send_ms=403.1
22:22:50.%f    global_tx_fired  ms=1126.7
22:22:50.%f    confirmed  idx=0  block=47852583  submit_to_confirm_ms=58473
22:22:50.%f    confirmed  idx=1  block=47852584  submit_to_confirm_ms=56836
22:22:51.%f    confirmed  idx=2  block=47852612  submit_to_confirm_ms=436
22:22:51.%f    wait_for_pending  n=3  total_wait_ms=436
22:22:51.%f    round_confirmation_total_ms=436
22:22:51.%f    verify_chain  valid=True  ms=488 [per-round]
22:22:51.%f  --- ROUND 9 end  total_overhead_ms=1562
22:26:36.%f  --- ROUND 10 start  mode=BASE
22:26:46.%f    ipfs_local  cid=Qmc86dT9LoxhfjiD...  upload_ms=10356 [blocking]
22:26:46.%f    gas_limit  type=LOCAL  estimated=276231  estimate_ms=413.3
22:26:47.%f    gas_price  fetched=6000000  fetch_ms=199.9
22:26:47.%f    tx_sent    type=LOCAL   hash=628608a38124...  send_ms=389.5
22:26:47.%f    local_tx_fired  ms=1212.1
22:26:48.%f    ipfs_vote   cid=QmRVFHmTnkJu2obL...  upload_ms=734 [blocking]
22:26:49.%f    gas_limit  type=VOTE   estimated=270166  estimate_ms=511.0
22:26:49.%f    gas_price  fetched=6000000  fetch_ms=204.5
22:26:49.%f    tx_sent    type=VOTE    hash=ce70062e3618...  send_ms=404.0
22:26:49.%f    vote_tx_fired  ms=1227.8
22:27:55.%f    ipfs_global model_cid=QmbmKUB6bUKJYvVH...  upload_ms=13017 [blocking]
22:27:56.%f    gas_limit  type=GLOBAL estimated=251392  estimate_ms=510.3
22:27:56.%f    gas_price  fetched=6000000  fetch_ms=203.2
22:27:56.%f    tx_sent    type=GLOBAL  hash=5224801da525...  send_ms=405.4
22:27:56.%f    global_tx_fired  ms=1224.3
22:27:57.%f    confirmed  idx=0  block=47852731  submit_to_confirm_ms=69241
22:27:57.%f    confirmed  idx=1  block=47852732  submit_to_confirm_ms=67388
22:27:57.%f    confirmed  idx=2  block=47852766  submit_to_confirm_ms=511
22:27:57.%f    wait_for_pending  n=3  total_wait_ms=511
22:27:57.%f    round_confirmation_total_ms=511
22:27:57.%f    verify_chain  valid=True  ms=512 [per-round]
22:27:57.%f  --- ROUND 10 end  total_overhead_ms=1735
22:27:58.%f    verify_chain  valid=True  ms=460  [per-round-final]
