23:16:16.%f  === FL-Blockchain Performance Log ===
23:16:16.%f  Mode     : BASELINE
23:16:16.%f  Started  : 2026-06-26T23:16:16.651002
23:16:16.%f  File     : outputs_ucihar/baseline_20260626_231616/perf_baseline_20260626_231616.log
23:16:16.%f  ==================================================
23:16:16.%f  BLOCKCHAIN_OPTIMIZED = False
23:16:40.%f    ipfs_global model_cid=QmUQkkSw8ssG6VxJ...  upload_ms=16244 [blocking]
23:16:41.%f    gas_limit  type=GLOBAL estimated=226305  estimate_ms=513.2
23:16:41.%f    gas_price  fetched=6000000  fetch_ms=165.9
23:16:41.%f    tx_sent    type=GLOBAL  hash=06dc228f86f7...  send_ms=406.2
23:16:41.%f    global_tx_fired  ms=1534.9
23:16:42.%f    confirmed  idx=0  block=47854228  submit_to_confirm_ms=105
23:16:42.%f    wait_for_pending  n=1  total_wait_ms=105
23:16:42.%f    round_confirmation_total_ms=105
23:16:42.%f    verify_chain  valid=True  ms=409 [per-round]
23:16:42.%f  --- ROUND 0 end  total_overhead_ms=1640
23:20:26.%f  --- ROUND 1 start  mode=BASE
23:20:28.%f    ipfs_local  cid=QmRViKU1uH8nSwQ8...  upload_ms=2082 [blocking]
23:20:29.%f    gas_limit  type=LOCAL  estimated=276231  estimate_ms=512.8
23:20:29.%f    gas_price  fetched=6000000  fetch_ms=101.6
23:20:29.%f    tx_sent    type=LOCAL   hash=4879f7684654...  send_ms=365.7
23:20:29.%f    local_tx_fired  ms=1189.4
23:20:30.%f    ipfs_vote   cid=QmPuSW7ugw8tF4AM...  upload_ms=758 [blocking]
23:20:31.%f    gas_limit  type=VOTE   estimated=270181  estimate_ms=511.7
23:20:31.%f    gas_price  fetched=6000000  fetch_ms=203.6
23:20:31.%f    tx_sent    type=VOTE    hash=4c1096563bf2...  send_ms=405.1
23:20:31.%f    vote_tx_fired  ms=1227.1
23:21:27.%f    ipfs_global model_cid=QmWViofVZtWUvczH...  upload_ms=4089 [blocking]
23:21:27.%f    gas_limit  type=GLOBAL estimated=251377  estimate_ms=409.2
23:21:28.%f    gas_price  fetched=6000000  fetch_ms=205.0
23:21:28.%f    tx_sent    type=GLOBAL  hash=d077ca8b8461...  send_ms=404.4
23:21:28.%f    global_tx_fired  ms=1228.4
23:21:28.%f    confirmed  idx=0  block=47854342  submit_to_confirm_ms=59129
23:21:29.%f    confirmed  idx=1  block=47854343  submit_to_confirm_ms=57248
23:21:30.%f    confirmed  idx=2  block=47854372  submit_to_confirm_ms=1434
23:21:30.%f    wait_for_pending  n=3  total_wait_ms=1434
23:21:30.%f    round_confirmation_total_ms=1434
23:21:30.%f    verify_chain  valid=True  ms=311 [per-round]
23:21:30.%f  --- ROUND 1 end  total_overhead_ms=2662
23:25:13.%f  --- ROUND 2 start  mode=BASE
23:25:15.%f    ipfs_local  cid=QmdjhP8yRYKinekG...  upload_ms=2319 [blocking]
23:25:15.%f    gas_limit  type=LOCAL  estimated=276231  estimate_ms=409.1
23:25:15.%f    gas_price  fetched=6000000  fetch_ms=204.1
23:25:16.%f    tx_sent    type=LOCAL   hash=10c20786018e...  send_ms=405.2
23:25:16.%f    local_tx_fired  ms=1126.1
23:25:17.%f    ipfs_vote   cid=QmWrb1eHSmMpYCbo...  upload_ms=819 [blocking]
23:25:17.%f    gas_limit  type=VOTE   estimated=269883  estimate_ms=514.7
23:25:18.%f    gas_price  fetched=6000000  fetch_ms=202.5
23:25:18.%f    tx_sent    type=VOTE    hash=1a582dbf425d...  send_ms=405.3
23:25:18.%f    vote_tx_fired  ms=1332.0
23:26:31.%f    ipfs_global model_cid=QmXAg1XigbmrHMEJ...  upload_ms=17574 [blocking]
23:26:31.%f    gas_limit  type=GLOBAL estimated=251392  estimate_ms=341.4
23:26:32.%f    gas_price  fetched=6000000  fetch_ms=201.9
23:26:32.%f    tx_sent    type=GLOBAL  hash=316bab61c955...  send_ms=407.0
23:26:32.%f    global_tx_fired  ms=1056.3
23:26:32.%f    confirmed  idx=0  block=47854485  submit_to_confirm_ms=76292
23:26:32.%f    confirmed  idx=1  block=47854486  submit_to_confirm_ms=74244
23:26:32.%f    confirmed  idx=2  block=47854523  submit_to_confirm_ms=409
23:26:32.%f    wait_for_pending  n=3  total_wait_ms=409
23:26:32.%f    round_confirmation_total_ms=409
23:26:33.%f    verify_chain  valid=True  ms=409 [per-round]
23:26:33.%f  --- ROUND 2 end  total_overhead_ms=1466
23:30:15.%f  --- ROUND 3 start  mode=BASE
23:30:17.%f    ipfs_local  cid=QmdJuFAqfKje6a7v...  upload_ms=1975 [blocking]
23:30:18.%f    gas_limit  type=LOCAL  estimated=276261  estimate_ms=409.0
23:30:18.%f    gas_price  fetched=6000000  fetch_ms=101.8
23:30:18.%f    tx_sent    type=LOCAL   hash=86e9e379b468...  send_ms=356.7
23:30:18.%f    local_tx_fired  ms=1076.3
23:30:19.%f    ipfs_vote   cid=QmTYxkrLFyYshyue...  upload_ms=870 [blocking]
23:30:20.%f    gas_limit  type=VOTE   estimated=270226  estimate_ms=307.2
23:30:20.%f    gas_price  fetched=6000000  fetch_ms=106.0
23:30:20.%f    tx_sent    type=VOTE    hash=f98e9905e7a8...  send_ms=407.1
23:30:20.%f    vote_tx_fired  ms=1024.4
23:31:20.%f    ipfs_global model_cid=QmcDbb15CefPXXdA...  upload_ms=7525 [blocking]
23:31:21.%f    gas_limit  type=GLOBAL estimated=251377  estimate_ms=410.4
23:31:21.%f    gas_price  fetched=6000000  fetch_ms=102.0
23:31:21.%f    tx_sent    type=GLOBAL  hash=ac9e02182f77...  send_ms=404.6
23:31:21.%f    global_tx_fired  ms=1023.9
23:31:21.%f    confirmed  idx=0  block=47854637  submit_to_confirm_ms=62927
23:31:22.%f    confirmed  idx=1  block=47854638  submit_to_confirm_ms=61237
23:31:22.%f    confirmed  idx=2  block=47854668  submit_to_confirm_ms=514
23:31:22.%f    wait_for_pending  n=3  total_wait_ms=514
23:31:22.%f    round_confirmation_total_ms=514
23:31:22.%f    verify_chain  valid=True  ms=510 [per-round]
23:31:22.%f  --- ROUND 3 end  total_overhead_ms=1538
23:35:06.%f  --- ROUND 4 start  mode=BASE
23:35:08.%f    ipfs_local  cid=QmfGbi2fB1vwHkkj...  upload_ms=2009 [blocking]
23:35:08.%f    gas_limit  type=LOCAL  estimated=276156  estimate_ms=412.5
23:35:08.%f    gas_price  fetched=6000000  fetch_ms=100.0
23:35:09.%f    tx_sent    type=LOCAL   hash=81df73b22fdf...  send_ms=406.6
23:35:09.%f    local_tx_fired  ms=1126.4
23:35:09.%f    ipfs_vote   cid=QmR7yqHo9k4MXxzr...  upload_ms=717 [blocking]
23:35:10.%f    gas_limit  type=VOTE   estimated=270136  estimate_ms=306.6
23:35:10.%f    gas_price  fetched=6000000  fetch_ms=204.3
23:35:11.%f    tx_sent    type=VOTE    hash=8b2e96be78a7...  send_ms=405.1
23:35:11.%f    vote_tx_fired  ms=1125.9
23:36:14.%f    ipfs_global model_cid=QmeTB6G81PzAUNcp...  upload_ms=10970 [blocking]
23:36:15.%f    gas_limit  type=GLOBAL estimated=251361  estimate_ms=352.4
23:36:15.%f    gas_price  fetched=6000000  fetch_ms=138.3
23:36:15.%f    tx_sent    type=GLOBAL  hash=8fae10351f4c...  send_ms=407.7
23:36:15.%f    global_tx_fired  ms=1069.9
23:36:15.%f    confirmed  idx=0  block=47854782  submit_to_confirm_ms=66667
23:36:16.%f    confirmed  idx=1  block=47854783  submit_to_confirm_ms=65027
23:36:16.%f    confirmed  idx=2  block=47854815  submit_to_confirm_ms=510
23:36:16.%f    wait_for_pending  n=3  total_wait_ms=510
23:36:16.%f    round_confirmation_total_ms=510
23:36:16.%f    verify_chain  valid=True  ms=510 [per-round]
23:36:16.%f  --- ROUND 4 end  total_overhead_ms=1580
23:39:58.%f  --- ROUND 5 start  mode=BASE
23:40:00.%f    ipfs_local  cid=QmTdpZaUxBtd43nq...  upload_ms=1994 [blocking]
23:40:01.%f    gas_limit  type=LOCAL  estimated=276216  estimate_ms=511.5
23:40:01.%f    gas_price  fetched=6000000  fetch_ms=204.8
23:40:02.%f    tx_sent    type=LOCAL   hash=1e033a01d21e...  send_ms=404.2
23:40:02.%f    local_tx_fired  ms=1330.2
23:40:02.%f    ipfs_vote   cid=QmZBA1Lrw8VSWKJ6...  upload_ms=718 [blocking]
23:40:03.%f    gas_limit  type=VOTE   estimated=269868  estimate_ms=439.1
23:40:03.%f    gas_price  fetched=6000000  fetch_ms=174.2
23:40:04.%f    tx_sent    type=VOTE    hash=ed365adfa713...  send_ms=432.8
23:40:04.%f    vote_tx_fired  ms=1227.9
23:41:08.%f    ipfs_global model_cid=Qma1m2eiHk5swenR...  upload_ms=9321 [blocking]
23:41:09.%f    gas_limit  type=GLOBAL estimated=251361  estimate_ms=446.8
23:41:09.%f    gas_price  fetched=6000000  fetch_ms=205.3
23:41:09.%f    tx_sent    type=GLOBAL  hash=b72f47afcbd0...  send_ms=407.7
23:41:09.%f    global_tx_fired  ms=1164.8
23:41:10.%f    confirmed  idx=0  block=47854928  submit_to_confirm_ms=67769
23:41:10.%f    confirmed  idx=1  block=47854929  submit_to_confirm_ms=65947
23:41:10.%f    confirmed  idx=2  block=47854962  submit_to_confirm_ms=410
23:41:10.%f    wait_for_pending  n=3  total_wait_ms=410
23:41:10.%f    round_confirmation_total_ms=410
23:41:10.%f    verify_chain  valid=True  ms=408 [per-round]
23:41:10.%f  --- ROUND 5 end  total_overhead_ms=1575
23:44:54.%f  --- ROUND 6 start  mode=BASE
23:44:56.%f    ipfs_local  cid=QmeSmypTaMxT6aEW...  upload_ms=1928 [blocking]
23:44:56.%f    gas_limit  type=LOCAL  estimated=276261  estimate_ms=307.0
23:44:56.%f    gas_price  fetched=6000000  fetch_ms=204.6
23:44:57.%f    tx_sent    type=LOCAL   hash=2ebf6d1256ba...  send_ms=406.6
23:44:57.%f    local_tx_fired  ms=1126.5
23:44:57.%f    ipfs_vote   cid=QmSKy1mgz5goQC8B...  upload_ms=716 [blocking]
23:44:58.%f    gas_limit  type=VOTE   estimated=269913  estimate_ms=408.6
23:44:58.%f    gas_price  fetched=6000000  fetch_ms=205.2
23:44:59.%f    tx_sent    type=VOTE    hash=5662208f7c93...  send_ms=366.1
23:44:59.%f    vote_tx_fired  ms=1130.5
23:45:54.%f    ipfs_global model_cid=QmcQKDnS2gPg2nzG...  upload_ms=4598 [blocking]
23:45:55.%f    gas_limit  type=GLOBAL estimated=251377  estimate_ms=411.0
23:45:55.%f    gas_price  fetched=6000000  fetch_ms=202.9
23:45:55.%f    tx_sent    type=GLOBAL  hash=84e032dac8ed...  send_ms=334.2
23:45:55.%f    global_tx_fired  ms=1059.9
23:45:56.%f    confirmed  idx=0  block=47855076  submit_to_confirm_ms=58882
23:45:56.%f    confirmed  idx=1  block=47855077  submit_to_confirm_ms=57240
23:45:56.%f    confirmed  idx=2  block=47855105  submit_to_confirm_ms=477
23:45:56.%f    wait_for_pending  n=3  total_wait_ms=477
23:45:56.%f    round_confirmation_total_ms=477
23:45:56.%f    verify_chain  valid=True  ms=409 [per-round]
23:45:56.%f  --- ROUND 6 end  total_overhead_ms=1537
23:49:39.%f  --- ROUND 7 start  mode=BASE
23:49:41.%f    ipfs_local  cid=QmNTPCoCcuqAYtud...  upload_ms=2061 [blocking]
23:49:42.%f    gas_limit  type=LOCAL  estimated=276261  estimate_ms=404.5
23:49:42.%f    gas_price  fetched=6000000  fetch_ms=203.6
23:49:43.%f    tx_sent    type=LOCAL   hash=c5081457ba38...  send_ms=404.5
23:49:43.%f    local_tx_fired  ms=1223.1
23:49:43.%f    ipfs_vote   cid=QmXpZ7YiuuXNsbXE...  upload_ms=717 [blocking]
23:49:44.%f    gas_limit  type=VOTE   estimated=269898  estimate_ms=307.3
23:49:44.%f    gas_price  fetched=6000000  fetch_ms=101.8
23:49:44.%f    tx_sent    type=VOTE    hash=f906fc7cbfba...  send_ms=404.2
23:49:44.%f    vote_tx_fired  ms=920.5
23:50:54.%f    ipfs_global model_cid=QmbeJRqatpD49CnS...  upload_ms=17200 [blocking]
23:50:55.%f    gas_limit  type=GLOBAL estimated=251392  estimate_ms=409.1
23:50:55.%f    gas_price  fetched=6000000  fetch_ms=102.3
23:50:55.%f    tx_sent    type=GLOBAL  hash=1d4589057c0c...  send_ms=407.7
23:50:55.%f    global_tx_fired  ms=1023.6
23:50:56.%f    confirmed  idx=0  block=47855219  submit_to_confirm_ms=72911
23:50:56.%f    confirmed  idx=1  block=47855220  submit_to_confirm_ms=71377
23:50:56.%f    confirmed  idx=2  block=47855255  submit_to_confirm_ms=512
23:50:56.%f    wait_for_pending  n=3  total_wait_ms=512
23:50:56.%f    round_confirmation_total_ms=512
23:50:56.%f    verify_chain  valid=True  ms=512 [per-round]
23:50:56.%f  --- ROUND 7 end  total_overhead_ms=1535
23:54:43.%f  --- ROUND 8 start  mode=BASE
23:54:45.%f    ipfs_local  cid=Qmf8Gjaz5S6dtRPP...  upload_ms=2338 [blocking]
23:54:45.%f    gas_limit  type=LOCAL  estimated=276276  estimate_ms=424.6
23:54:46.%f    gas_price  fetched=6000000  fetch_ms=116.8
23:54:46.%f    tx_sent    type=LOCAL   hash=ac95d529b334...  send_ms=406.1
23:54:46.%f    local_tx_fired  ms=1141.9
23:54:47.%f    ipfs_vote   cid=QmXKhpeySyZaexkh...  upload_ms=783 [blocking]
23:54:47.%f    gas_limit  type=VOTE   estimated=269913  estimate_ms=342.2
23:54:47.%f    gas_price  fetched=6000000  fetch_ms=205.1
23:54:48.%f    tx_sent    type=VOTE    hash=b3f36bf757b0...  send_ms=410.1
23:54:48.%f    vote_tx_fired  ms=1161.4
23:55:47.%f    ipfs_global model_cid=QmbM1qVHiru59s2f...  upload_ms=7416 [blocking]
23:55:48.%f    gas_limit  type=GLOBAL estimated=251361  estimate_ms=307.0
23:55:48.%f    gas_price  fetched=6000000  fetch_ms=99.5
23:55:48.%f    tx_sent    type=GLOBAL  hash=7a37055b4d4a...  send_ms=405.5
23:55:48.%f    global_tx_fired  ms=921.2
23:55:48.%f    confirmed  idx=0  block=47855370  submit_to_confirm_ms=62364
23:55:49.%f    confirmed  idx=1  block=47855371  submit_to_confirm_ms=60522
23:55:50.%f    confirmed  idx=2  block=47855402  submit_to_confirm_ms=1537
23:55:50.%f    wait_for_pending  n=3  total_wait_ms=1537
23:55:50.%f    round_confirmation_total_ms=1537
23:55:50.%f    verify_chain  valid=True  ms=512 [per-round]
23:55:50.%f  --- ROUND 8 end  total_overhead_ms=2458
23:59:32.%f  --- ROUND 9 start  mode=BASE
23:59:34.%f    ipfs_local  cid=QmZ3V2A1A7raSFif...  upload_ms=1911 [blocking]
23:59:34.%f    gas_limit  type=LOCAL  estimated=276291  estimate_ms=307.4
23:59:34.%f    gas_price  fetched=6000000  fetch_ms=102.5
23:59:35.%f    tx_sent    type=LOCAL   hash=ff2f65742680...  send_ms=405.1
23:59:35.%f    local_tx_fired  ms=1023.3
23:59:35.%f    ipfs_vote   cid=QmX4Mj8LSnyCicCM...  upload_ms=717 [blocking]
23:59:36.%f    gas_limit  type=VOTE   estimated=270241  estimate_ms=410.1
23:59:36.%f    gas_price  fetched=6000000  fetch_ms=205.2
23:59:37.%f    tx_sent    type=VOTE    hash=a9b17c56ad9a...  send_ms=403.6
23:59:37.%f    vote_tx_fired  ms=1128.0
00:00:34.%f    ipfs_global model_cid=QmcjwwyBeD6vk8uv...  upload_ms=4047 [blocking]
00:00:34.%f    gas_limit  type=GLOBAL estimated=251377  estimate_ms=442.9
00:00:34.%f    gas_price  fetched=6000000  fetch_ms=204.5
00:00:35.%f    tx_sent    type=GLOBAL  hash=2faf5201b558...  send_ms=404.7
00:00:35.%f    global_tx_fired  ms=1160.0
00:00:35.%f    confirmed  idx=0  block=47855515  submit_to_confirm_ms=60134
00:00:35.%f    confirmed  idx=1  block=47855516  submit_to_confirm_ms=58472
00:00:35.%f    confirmed  idx=2  block=47855545  submit_to_confirm_ms=513
00:00:35.%f    wait_for_pending  n=3  total_wait_ms=513
00:00:35.%f    round_confirmation_total_ms=513
00:00:36.%f    verify_chain  valid=True  ms=418 [per-round]
00:00:36.%f  --- ROUND 9 end  total_overhead_ms=1673
00:04:20.%f  --- ROUND 10 start  mode=BASE
00:04:22.%f    ipfs_local  cid=QmZTYxDU3tskpW8A...  upload_ms=2429 [blocking]
00:04:23.%f    gas_limit  type=LOCAL  estimated=276246  estimate_ms=510.3
00:04:23.%f    gas_price  fetched=6000000  fetch_ms=104.3
00:04:23.%f    tx_sent    type=LOCAL   hash=af49a3ea7550...  send_ms=405.1
00:04:23.%f    local_tx_fired  ms=1126.0
00:04:24.%f    ipfs_vote   cid=QmQKMLGF2NnGq9FH...  upload_ms=716 [blocking]
00:04:24.%f    gas_limit  type=VOTE   estimated=270196  estimate_ms=409.3
00:04:24.%f    gas_price  fetched=6000000  fetch_ms=102.5
00:04:25.%f    tx_sent    type=VOTE    hash=fc3867a8a8bb...  send_ms=404.9
00:04:25.%f    vote_tx_fired  ms=1126.4
00:05:24.%f    ipfs_global model_cid=QmdMi1C2KhWeqwgx...  upload_ms=5224 [blocking]
00:05:25.%f    gas_limit  type=GLOBAL estimated=251392  estimate_ms=325.9
00:05:25.%f    gas_price  fetched=6000000  fetch_ms=102.2
00:05:25.%f    tx_sent    type=GLOBAL  hash=fb3ebd61861e...  send_ms=406.5
00:05:25.%f    global_tx_fired  ms=940.9
00:05:26.%f    confirmed  idx=0  block=47855659  submit_to_confirm_ms=62364
00:05:26.%f    confirmed  idx=1  block=47855660  submit_to_confirm_ms=60633
00:05:26.%f    confirmed  idx=2  block=47855690  submit_to_confirm_ms=513
00:05:26.%f    wait_for_pending  n=3  total_wait_ms=513
00:05:26.%f    round_confirmation_total_ms=513
00:05:26.%f    verify_chain  valid=True  ms=511 [per-round]
00:05:26.%f  --- ROUND 10 end  total_overhead_ms=1454
00:05:27.%f    verify_chain  valid=True  ms=506  [per-round-final]
