18:11:08.%f  === FL-Blockchain Performance Log ===
18:11:08.%f  Mode     : BASELINE
18:11:08.%f  Started  : 2026-06-26T18:11:08.700743
18:11:08.%f  File     : outputs_ucihar/baseline_20260626_181108/perf_baseline_20260626_181108.log
18:11:08.%f  ==================================================
18:11:08.%f  BLOCKCHAIN_OPTIMIZED = False
18:11:48.%f    ipfs_global model_cid=QmaicndB75tm814S...  upload_ms=36931 [blocking]
18:11:48.%f    gas_limit  type=GLOBAL estimated=226320  estimate_ms=507.6
18:11:49.%f    gas_price  fetched=10514975  fetch_ms=203.9
18:11:49.%f    tx_sent    type=GLOBAL  hash=573d515267f9...  send_ms=303.4
18:11:49.%f    global_tx_fired  ms=1424.6
18:11:49.%f    confirmed  idx=0  block=47845082  submit_to_confirm_ms=205
18:11:49.%f    wait_for_pending  n=1  total_wait_ms=205
18:11:49.%f    round_confirmation_total_ms=205
18:11:50.%f    verify_chain  valid=True  ms=512 [per-round]
18:11:50.%f  --- ROUND 0 end  total_overhead_ms=1630
18:16:06.%f  --- ROUND 1 start  mode=BASE
18:16:07.%f    ipfs_local  cid=QmUzzbJm9n7TCdrF...  upload_ms=1424 [blocking]
18:16:07.%f    gas_limit  type=LOCAL  estimated=276261  estimate_ms=407.7
18:16:08.%f    gas_price  fetched=56708720  fetch_ms=104.5
18:16:08.%f    tx_sent    type=LOCAL   hash=382c2b059ecd...  send_ms=223.0
18:16:08.%f    local_tx_fired  ms=943.0
18:16:09.%f    ipfs_vote   cid=QmPCHpPAupqatBQh...  upload_ms=592 [blocking]
18:16:09.%f    gas_limit  type=VOTE   estimated=270196  estimate_ms=299.6
18:16:09.%f    gas_price  fetched=57189789  fetch_ms=105.8
18:16:09.%f    tx_sent    type=VOTE    hash=0d4ab59efcc5...  send_ms=301.3
18:16:09.%f    vote_tx_fired  ms=813.2
18:17:43.%f    ipfs_global model_cid=QmdWgNj8u7Xxat4A...  upload_ms=25840 [blocking]
18:17:44.%f    gas_limit  type=GLOBAL estimated=251377  estimate_ms=449.5
18:17:44.%f    gas_price  fetched=90374179  fetch_ms=103.7
18:17:44.%f    tx_sent    type=GLOBAL  hash=cc813a68f1e1...  send_ms=300.3
18:17:44.%f    global_tx_fired  ms=963.8
18:17:44.%f    confirmed  idx=0  block=47845211  submit_to_confirm_ms=96436
18:17:44.%f    confirmed  idx=1  block=47845212  submit_to_confirm_ms=95130
18:17:45.%f    confirmed  idx=2  block=47845259  submit_to_confirm_ms=514
18:17:45.%f    wait_for_pending  n=3  total_wait_ms=514
18:17:45.%f    round_confirmation_total_ms=514
18:17:45.%f    verify_chain  valid=True  ms=614 [per-round]
18:17:45.%f  --- ROUND 1 end  total_overhead_ms=1477
18:21:52.%f  --- ROUND 2 start  mode=BASE
18:21:54.%f    ipfs_local  cid=QmTExUtE2CDQepUb...  upload_ms=1883 [blocking]
18:21:54.%f    gas_limit  type=LOCAL  estimated=276171  estimate_ms=510.9
18:21:55.%f    gas_price  fetched=83641591  fetch_ms=103.0
18:21:55.%f    tx_sent    type=LOCAL   hash=9679031cbb15...  send_ms=227.0
18:21:55.%f    local_tx_fired  ms=1048.8
18:21:56.%f    ipfs_vote   cid=Qmeytzrpc8qM1PuN...  upload_ms=793 [blocking]
18:21:56.%f    gas_limit  type=VOTE   estimated=269838  estimate_ms=412.3
18:21:56.%f    gas_price  fetched=83756398  fetch_ms=101.2
18:21:57.%f    tx_sent    type=VOTE    hash=b20af5990be3...  send_ms=303.4
18:21:57.%f    vote_tx_fired  ms=1025.3
18:23:47.%f    ipfs_global model_cid=QmNqbwv7CWi2Vxee...  upload_ms=42134 [blocking]
18:23:48.%f    gas_limit  type=GLOBAL estimated=251377  estimate_ms=703.5
18:23:48.%f    gas_price  fetched=84232802  fetch_ms=208.2
18:23:49.%f    tx_sent    type=GLOBAL  hash=0dcfb3e6a2c6...  send_ms=717.5
18:23:49.%f    global_tx_fired  ms=1936.8
18:23:49.%f    confirmed  idx=0  block=47845385  submit_to_confirm_ms=114299
18:23:49.%f    confirmed  idx=1  block=47845386  submit_to_confirm_ms=112621
18:23:50.%f    confirmed  idx=2  block=47845442  submit_to_confirm_ms=407
18:23:50.%f    wait_for_pending  n=3  total_wait_ms=407
18:23:50.%f    round_confirmation_total_ms=407
18:23:50.%f    verify_chain  valid=True  ms=616 [per-round]
18:23:50.%f  --- ROUND 2 end  total_overhead_ms=2344
18:28:06.%f  --- ROUND 3 start  mode=BASE
18:28:08.%f    ipfs_local  cid=QmeLguTL3hfrxRTT...  upload_ms=2082 [blocking]
18:28:08.%f    gas_limit  type=LOCAL  estimated=276261  estimate_ms=310.8
18:28:08.%f    gas_price  fetched=51395591  fetch_ms=97.5
18:28:08.%f    tx_sent    type=LOCAL   hash=7599962279d3...  send_ms=205.1
18:28:08.%f    local_tx_fired  ms=720.5
18:28:09.%f    ipfs_vote   cid=QmewBGW2DMR95Cfe...  upload_ms=917 [blocking]
18:28:10.%f    gas_limit  type=VOTE   estimated=269913  estimate_ms=410.4
18:28:10.%f    gas_price  fetched=51189849  fetch_ms=182.7
18:28:10.%f    tx_sent    type=VOTE    hash=ec8b7f86b679...  send_ms=304.1
18:28:10.%f    vote_tx_fired  ms=1024.6
18:29:30.%f    ipfs_global model_cid=QmQ1us9RKT1GBtus...  upload_ms=24096 [blocking]
18:29:30.%f    gas_limit  type=GLOBAL estimated=251377  estimate_ms=511.3
18:29:30.%f    gas_price  fetched=45090070  fetch_ms=103.0
18:29:31.%f    tx_sent    type=GLOBAL  hash=1c6f7cc3818d...  send_ms=204.7
18:29:31.%f    global_tx_fired  ms=1028.1
18:29:31.%f    confirmed  idx=0  block=47845572  submit_to_confirm_ms=82430
18:29:31.%f    confirmed  idx=1  block=47845573  submit_to_confirm_ms=80591
18:29:31.%f    confirmed  idx=2  block=47845613  submit_to_confirm_ms=405
18:29:31.%f    wait_for_pending  n=3  total_wait_ms=405
18:29:31.%f    round_confirmation_total_ms=405
18:29:32.%f    verify_chain  valid=True  ms=409 [per-round]
18:29:32.%f  --- ROUND 3 end  total_overhead_ms=1433
18:33:29.%f  --- ROUND 4 start  mode=BASE
18:33:32.%f    ipfs_local  cid=QmNNtRF1jZJZEgTn...  upload_ms=2233 [blocking]
18:33:32.%f    gas_limit  type=LOCAL  estimated=276322  estimate_ms=512.0
18:33:32.%f    gas_price  fetched=45621224  fetch_ms=204.1
18:33:33.%f    tx_sent    type=LOCAL   hash=7bc64927e991...  send_ms=266.4
18:33:33.%f    local_tx_fired  ms=1126.1
18:33:34.%f    ipfs_vote   cid=QmciGuBS2qyWYvqx...  upload_ms=819 [blocking]
18:33:34.%f    gas_limit  type=VOTE   estimated=270256  estimate_ms=409.2
18:33:34.%f    gas_price  fetched=45597573  fetch_ms=103.6
18:33:35.%f    tx_sent    type=VOTE    hash=32212c69313d...  send_ms=200.4
18:33:35.%f    vote_tx_fired  ms=921.8
18:34:37.%f    ipfs_global model_cid=QmQWdXG4SUcxkLBq...  upload_ms=4606 [blocking]
18:34:38.%f    gas_limit  type=GLOBAL estimated=251377  estimate_ms=409.7
18:34:38.%f    gas_price  fetched=45848830  fetch_ms=101.4
18:34:38.%f    tx_sent    type=GLOBAL  hash=2776cd8f9111...  send_ms=304.3
18:34:38.%f    global_tx_fired  ms=1024.5
18:34:39.%f    confirmed  idx=0  block=47845734  submit_to_confirm_ms=65742
18:34:39.%f    confirmed  idx=1  block=47845735  submit_to_confirm_ms=64206
18:34:39.%f    confirmed  idx=2  block=47845767  submit_to_confirm_ms=516
18:34:39.%f    wait_for_pending  n=3  total_wait_ms=516
18:34:39.%f    round_confirmation_total_ms=516
18:34:39.%f    verify_chain  valid=True  ms=520 [per-round]
18:34:39.%f  --- ROUND 4 end  total_overhead_ms=1540
18:38:36.%f  --- ROUND 5 start  mode=BASE
18:38:38.%f    ipfs_local  cid=QmV1hF7wbjwHyjud...  upload_ms=2347 [blocking]
18:38:38.%f    gas_limit  type=LOCAL  estimated=276307  estimate_ms=410.4
18:38:39.%f    gas_price  fetched=51788739  fetch_ms=105.6
18:38:39.%f    tx_sent    type=LOCAL   hash=5a1e3612da76...  send_ms=219.3
18:38:39.%f    local_tx_fired  ms=838.9
18:38:40.%f    ipfs_vote   cid=QmZYFw3R3q7qcu3Z...  upload_ms=901 [blocking]
18:38:40.%f    gas_limit  type=VOTE   estimated=270392  estimate_ms=308.2
18:38:40.%f    gas_price  fetched=53358243  fetch_ms=205.1
18:38:41.%f    tx_sent    type=VOTE    hash=7201958ebddd...  send_ms=302.9
18:38:41.%f    vote_tx_fired  ms=1024.5
18:40:06.%f    ipfs_global model_cid=QmTcs1v1s8NBQEw5...  upload_ms=28132 [blocking]
18:40:06.%f    gas_limit  type=GLOBAL estimated=251377  estimate_ms=506.6
18:40:07.%f    gas_price  fetched=50116082  fetch_ms=204.2
18:40:07.%f    tx_sent    type=GLOBAL  hash=e4ab885349b6...  send_ms=303.3
18:40:07.%f    global_tx_fired  ms=1222.9
18:40:07.%f    confirmed  idx=0  block=47845909  submit_to_confirm_ms=88353
18:40:07.%f    confirmed  idx=1  block=47845909  submit_to_confirm_ms=86632
18:40:08.%f    confirmed  idx=2  block=47845931  submit_to_confirm_ms=516
18:40:08.%f    wait_for_pending  n=3  total_wait_ms=516
18:40:08.%f    round_confirmation_total_ms=516
18:40:08.%f    verify_chain  valid=True  ms=508 [per-round]
18:40:08.%f  --- ROUND 5 end  total_overhead_ms=1739
18:44:13.%f  --- ROUND 6 start  mode=BASE
18:44:15.%f    ipfs_local  cid=QmdFAhHBRuKgBmjY...  upload_ms=2075 [blocking]
18:44:15.%f    gas_limit  type=LOCAL  estimated=276231  estimate_ms=411.1
18:44:15.%f    gas_price  fetched=43266063  fetch_ms=104.5
18:44:16.%f    tx_sent    type=LOCAL   hash=3967ad51438a...  send_ms=302.0
18:44:16.%f    local_tx_fired  ms=1023.9
18:44:17.%f    ipfs_vote   cid=QmUT7t6cxfvydn77...  upload_ms=910 [blocking]
18:44:17.%f    gas_limit  type=VOTE   estimated=270211  estimate_ms=318.2
18:44:17.%f    gas_price  fetched=43158485  fetch_ms=205.9
18:44:18.%f    tx_sent    type=VOTE    hash=801d23426495...  send_ms=303.3
18:44:18.%f    vote_tx_fired  ms=933.6
18:45:19.%f    ipfs_global model_cid=QmTiZmyxGxZCCVEV...  upload_ms=8544 [blocking]
18:45:20.%f    gas_limit  type=GLOBAL estimated=251392  estimate_ms=513.2
18:45:20.%f    gas_price  fetched=41509834  fetch_ms=203.0
18:45:20.%f    tx_sent    type=GLOBAL  hash=c9d88a423c4f...  send_ms=304.1
18:45:20.%f    global_tx_fired  ms=1128.1
18:45:21.%f    confirmed  idx=0  block=47846055  submit_to_confirm_ms=64821
18:45:21.%f    confirmed  idx=1  block=47846056  submit_to_confirm_ms=63182
18:45:21.%f    confirmed  idx=2  block=47846088  submit_to_confirm_ms=612
18:45:21.%f    wait_for_pending  n=3  total_wait_ms=612
18:45:21.%f    round_confirmation_total_ms=612
18:45:21.%f    verify_chain  valid=True  ms=413 [per-round]
18:45:21.%f  --- ROUND 6 end  total_overhead_ms=1740
18:49:22.%f  --- ROUND 7 start  mode=BASE
18:49:25.%f    ipfs_local  cid=QmXBkFgyjQBUajYm...  upload_ms=2068 [blocking]
18:49:25.%f    gas_limit  type=LOCAL  estimated=276246  estimate_ms=511.4
18:49:25.%f    gas_price  fetched=31105665  fetch_ms=203.7
18:49:26.%f    tx_sent    type=LOCAL   hash=554958493c4c...  send_ms=232.8
18:49:26.%f    local_tx_fired  ms=1056.2
18:49:26.%f    ipfs_vote   cid=QmfWx1n9Y8tDJtzv...  upload_ms=888 [blocking]
18:49:27.%f    gas_limit  type=VOTE   estimated=269913  estimate_ms=409.3
18:49:27.%f    gas_price  fetched=30974173  fetch_ms=100.0
18:49:27.%f    tx_sent    type=VOTE    hash=aca0a9f2293e...  send_ms=224.2
18:49:27.%f    vote_tx_fired  ms=945.5
18:50:31.%f    ipfs_global model_cid=QmQZaRw8KWTykfmJ...  upload_ms=10257 [blocking]
18:50:31.%f    gas_limit  type=GLOBAL estimated=251392  estimate_ms=505.3
18:50:31.%f    gas_price  fetched=27859194  fetch_ms=204.3
18:50:32.%f    tx_sent    type=GLOBAL  hash=7bbe7854b09c...  send_ms=200.1
18:50:32.%f    global_tx_fired  ms=1017.5
18:50:32.%f    confirmed  idx=0  block=47846210  submit_to_confirm_ms=66220
18:50:32.%f    confirmed  idx=1  block=47846211  submit_to_confirm_ms=64488
18:50:32.%f    confirmed  idx=2  block=47846243  submit_to_confirm_ms=410
18:50:32.%f    wait_for_pending  n=3  total_wait_ms=410
18:50:32.%f    round_confirmation_total_ms=410
18:50:32.%f    verify_chain  valid=True  ms=512 [per-round]
18:50:32.%f  --- ROUND 7 end  total_overhead_ms=1428
18:54:21.%f  --- ROUND 8 start  mode=BASE
18:54:23.%f    ipfs_local  cid=QmTtfCW8uLATje5o...  upload_ms=2169 [blocking]
18:54:24.%f    gas_limit  type=LOCAL  estimated=276216  estimate_ms=620.5
18:54:24.%f    gas_price  fetched=22451722  fetch_ms=107.1
18:54:25.%f    tx_sent    type=LOCAL   hash=1f343b16e060...  send_ms=405.9
18:54:25.%f    local_tx_fired  ms=1327.9
18:54:25.%f    ipfs_vote   cid=QmaJSHahDrbfjoPC...  upload_ms=723 [blocking]
18:54:26.%f    gas_limit  type=VOTE   estimated=270181  estimate_ms=413.0
18:54:26.%f    gas_price  fetched=22375782  fetch_ms=198.0
18:54:26.%f    tx_sent    type=VOTE    hash=cdace4b1305c...  send_ms=336.5
18:54:26.%f    vote_tx_fired  ms=1120.5
18:56:45.%f    ipfs_global model_cid=QmeJzyKkPx2B4D95...  upload_ms=76183 [blocking]
18:56:46.%f    gas_limit  type=GLOBAL estimated=251392  estimate_ms=410.9
18:56:46.%f    gas_price  fetched=33200433  fetch_ms=101.0
18:56:46.%f    tx_sent    type=GLOBAL  hash=ac3ed4f3ef71...  send_ms=305.3
18:56:46.%f    global_tx_fired  ms=921.1
18:56:46.%f    confirmed  idx=0  block=47846360  submit_to_confirm_ms=141723
18:56:46.%f    confirmed  idx=1  block=47846361  submit_to_confirm_ms=140084
18:56:47.%f    confirmed  idx=2  block=47846430  submit_to_confirm_ms=616
18:56:47.%f    wait_for_pending  n=3  total_wait_ms=616
18:56:47.%f    round_confirmation_total_ms=616
18:56:47.%f    verify_chain  valid=True  ms=510 [per-round]
18:56:47.%f  --- ROUND 8 end  total_overhead_ms=1537
19:00:36.%f  --- ROUND 9 start  mode=BASE
19:00:37.%f    ipfs_local  cid=QmdVBsTfEdhsP92z...  upload_ms=1752 [blocking]
19:00:38.%f    gas_limit  type=LOCAL  estimated=276216  estimate_ms=613.7
19:00:38.%f    gas_price  fetched=26643732  fetch_ms=204.3
19:00:39.%f    tx_sent    type=LOCAL   hash=aa2495c481f8...  send_ms=301.6
19:00:39.%f    local_tx_fired  ms=1228.2
19:00:40.%f    ipfs_vote   cid=QmZQ91pvSYKqUEB6...  upload_ms=922 [blocking]
19:00:40.%f    gas_limit  type=VOTE   estimated=269868  estimate_ms=408.2
19:00:40.%f    gas_price  fetched=26593932  fetch_ms=102.2
19:00:41.%f    tx_sent    type=VOTE    hash=f79097273c32...  send_ms=302.4
19:00:41.%f    vote_tx_fired  ms=1023.8
19:01:48.%f    ipfs_global model_cid=QmTppyVT5QR6mcTW...  upload_ms=15826 [blocking]
19:01:49.%f    gas_limit  type=GLOBAL estimated=251377  estimate_ms=392.3
19:01:49.%f    gas_price  fetched=25042448  fetch_ms=119.6
19:01:49.%f    tx_sent    type=GLOBAL  hash=b2d7bc1eae0e...  send_ms=321.0
19:01:49.%f    global_tx_fired  ms=1041.8
19:01:50.%f    confirmed  idx=0  block=47846547  submit_to_confirm_ms=70980
19:01:50.%f    confirmed  idx=1  block=47846548  submit_to_confirm_ms=69224
19:01:50.%f    confirmed  idx=2  block=47846582  submit_to_confirm_ms=396
19:01:50.%f    wait_for_pending  n=3  total_wait_ms=396
19:01:50.%f    round_confirmation_total_ms=396
19:01:50.%f    verify_chain  valid=True  ms=508 [per-round]
19:01:50.%f  --- ROUND 9 end  total_overhead_ms=1437
19:05:36.%f  --- ROUND 10 start  mode=BASE
19:05:38.%f    ipfs_local  cid=QmXYZRo1v56nPiYW...  upload_ms=2098 [blocking]
19:05:38.%f    gas_limit  type=LOCAL  estimated=276186  estimate_ms=411.9
19:05:38.%f    gas_price  fetched=17925368  fetch_ms=203.9
19:05:39.%f    tx_sent    type=LOCAL   hash=b1b19803aeb7...  send_ms=224.4
19:05:39.%f    local_tx_fired  ms=1048.8
19:05:39.%f    ipfs_vote   cid=QmReScToUXryXkem...  upload_ms=658 [blocking]
19:05:40.%f    gas_limit  type=VOTE   estimated=270181  estimate_ms=341.2
19:05:40.%f    gas_price  fetched=17837676  fetch_ms=103.0
19:05:40.%f    tx_sent    type=VOTE    hash=3aacee31dbca...  send_ms=305.4
19:05:40.%f    vote_tx_fired  ms=956.9
19:06:45.%f    ipfs_global model_cid=QmaTNk3YvJgfRiEt...  upload_ms=11589 [blocking]
19:06:45.%f    gas_limit  type=GLOBAL estimated=251377  estimate_ms=335.5
19:06:45.%f    gas_price  fetched=16180939  fetch_ms=101.9
19:06:46.%f    tx_sent    type=GLOBAL  hash=69e440540051...  send_ms=303.6
19:06:46.%f    global_tx_fired  ms=848.2
19:06:46.%f    confirmed  idx=0  block=47846697  submit_to_confirm_ms=67356
19:06:46.%f    confirmed  idx=1  block=47846698  submit_to_confirm_ms=65843
19:06:46.%f    confirmed  idx=2  block=47846730  submit_to_confirm_ms=409
19:06:46.%f    wait_for_pending  n=3  total_wait_ms=409
19:06:46.%f    round_confirmation_total_ms=409
19:06:47.%f    verify_chain  valid=True  ms=410 [per-round]
19:06:47.%f  --- ROUND 10 end  total_overhead_ms=1258
19:06:48.%f    verify_chain  valid=True  ms=507  [per-round-final]
