[SETUP] Run output dir : outputs_ucihar/experiment_20260627_005420
[SETUP] Variant        : experiment
[SETUP] Pinata account : 1
  [PERF] Logging to outputs_ucihar/baseline_20260627_005420/perf_baseline_20260627_005420.log
  [EVM] Connected to network (Chain ID: 8453)
  [EVM] Using account: 0x1c7433A4A78e1C5748d01D9429F7b39e9eaDBdd4
  [EVM] Balance: 0.0012 ETH
  [EVM] Contract loaded: 0xBE3FeAC76293711C5D32426860303AfE24cdf527
  [EVM] Current chain length: 4801 blocks
  [IPFS] Pinata primary: account_1 | accounts configured: 2 (+ 1 fallback)
  [IPFS] Backend: pinata | Compress: True
  [EVM] IPFS storage enabled (pinata backend)

[96m════════════════════════════════════════════════════════════
  6 Activities (UCI HAR): WALKING, WALKING_UPSTAIRS, WALKING_DOWNSTAIRS, SITTING, STANDING, LAYING
/home/bibarys/Documents/FL-Blockchain-EVM/venv/lib/python3.12/site-packages/torch/cuda/__init__.py:174: UserWarning: CUDA initialization: Unexpected error from cudaGetDeviceCount(). Did you run some cuda functions before calling NumCudaDevices() that might have already set an error? Error 804: forward compatibility was attempted on non supported HW (Triggered internally at /pytorch/c10/cuda/CUDAFunctions.cpp:109.)
  return torch._C._cuda_getDeviceCount() > 0
Using CPU
  Rounds: 10 | LR: 0.001 | Device: cpu
  Eval partitioning: 10 partitions
  Blockchain: 3 tx per round (LOCAL + VOTE + GLOBAL)
  IPFS:       enabled
  Dashboard:  open dashboard.html in your browser
════════════════════════════════════════════════════════════[0m

  [UCI-HAR] Loading train split from /home/bibarys/Documents/FL-Blockchain-EVM/data/UCI_HAR/UCI_HAR_Dataset ...
  [UCI-HAR] train: 7352 windows  |  subjects: [1, 3, 5, 6, 7, 8, 11, 14, 15, 16, 17, 19, 21, 22, 23, 25, 26, 27, 28, 29, 30]
  [UCI-HAR] Loading test split from /home/bibarys/Documents/FL-Blockchain-EVM/data/UCI_HAR/UCI_HAR_Dataset ...
  [UCI-HAR] test: 2947 windows  |  subjects: [2, 4, 9, 10, 12, 13, 18, 20, 24]
  [UCI-HAR] Normalization: global (pre-saved stats)
  [UCI-HAR] Partition 0: subjects=[1, 3, 5], windows=990

[93m════════════════════════════════════════════════════════════[0m
[93m  [ROUND 0] GLOBAL — 6 Activities (UCI HAR)[0m
[93m════════════════════════════════════════════════════════════[0m
   loss                : 1.7962
   accuracy            : 0.1598
   f1_macro            : 0.0459
   f1_weighted         : 0.0440
   precision_macro     : 0.0266
   recall_macro        : 0.1667
   specificity_macro   : 0.8333
   auc_macro           : 0.4176
   ── Per-Activity ──  
     WALKING  P=0.000  R=0.000  F1=0.000  AUC=0.255  (n=496)
     WALKING_UPSTAIRS  P=0.160  R=1.000  F1=0.276  AUC=0.759  (n=471)
     WALKING_DOWNSTAIRS  P=0.000  R=0.000  F1=0.000  AUC=0.123  (n=420)
     SITTING  P=0.000  R=0.000  F1=0.000  AUC=0.909  (n=491)
     STANDING  P=0.000  R=0.000  F1=0.000  AUC=0.087  (n=532)
     LAYING  P=0.000  R=0.000  F1=0.000  AUC=0.372  (n=537)
  [IPFS] Pinata account_1 exhausted (HTTP 403) → switching to account_2/2
[IPFS] Pinata account_1 exhausted (HTTP 403) → switching to account_2/2
  [IPFS] ✓ round_0_global_model.gz → QmURrmomsbe3NfehQDFp… (3,476,897 → 3,151,879 bytes) [account_2/2]
  [IPFS] ✓ round_0_global_metrics.gz → Qmc7vxYFLeubtHwjaWFE… (202 → 187 bytes) [account_2/2]

  [EVM] Firing GLOBAL block (Round 0)...
  [EVM] Transaction sent: 2434e69cbb5dad70894e45df32cfbcef0d4d44f0ccf0fdf55dbefd080e0148a3
  [EVM] Waiting for all Round 0 transactions to confirm...
  [EVM] Waiting for 1 pending transaction(s)...
  [EVM] ✓ Confirmed in block 47857163

[96m  [BLOCKCHAIN] Round 0 complete — 3 blocks written (LOCAL + VOTE + GLOBAL) | Chain length: 4802[0m
  [TIMING] Round wall time: 12.0s | Model payload: 3340 KB
  [FedAvg] Round 1: lr=0.001000  (base=0.001000, decay=0.8)

[96m  ROUND 1 TRAINING: 10 devices[0m
+--------+--------+---------+---------+-----+
| Device |  Loss  | Samples | Time(s) | Cls |
+--------+--------+---------+---------+-----+
|   0    | 0.0462 |   1254  |  176.6  |  6  |
|   1    | 0.0558 |   684   |   35.5  |  6  |
|   2    | 0.0420 |   666   |   35.4  |  6  |
|   3    | 0.0324 |   738   |   40.4  |  6  |
|   4    | 0.0407 |   936   |   50.2  |  6  |
|   5    | 0.0394 |   1038  |   58.9  |  6  |
|   6    | 0.0309 |   864   |   47.9  |  6  |
|   7    | 0.0362 |   894   |   47.6  |  6  |
|   8    | 0.0474 |   954   |   51.4  |  6  |
|   9    | 0.0337 |   834   |   45.9  |  6  |
+--------+--------+---------+---------+-----+
  Loss  mean=0.0405  std=0.0073  threshold=0.0478

[96m  [BLOCKCHAIN] Firing LOCAL + VOTE blocks for Round 1 (async)...[0m
  [IPFS] ✓ round_1_local.gz → QmZCP3jG2jfQLT2WWkt8… (1,311 → 392 bytes) [account_2/2]

  [EVM] Firing LOCAL block (Round 1, 10 clients)...
  [EVM] Transaction sent: f59277887289e43edac87af15c284f5d7855701218d27bb4639c107e4823fb91
  [IPFS] ✓ round_1_votes.gz → QmVuJoMgp3UBYqvQYgLK… (1,030 → 312 bytes) [account_2/2]
  [EVM] Firing VOTE block (Round 1: 9 accepted / 1 rejected)...
  [EVM] Transaction sent: d1680bd1914b4a7ba07f6cd03ee45f64d9c333a3c992af3dcf7cd9731adce9b1
+--------+--------+----------+
| Device |  Loss  | Verdict  |
+--------+--------+----------+
|   0    | 0.0462 | ACCEPTED |
|   1    | 0.0558 | REJECTED |
|   2    | 0.0420 | ACCEPTED |
|   3    | 0.0324 | ACCEPTED |
|   4    | 0.0407 | ACCEPTED |
|   5    | 0.0394 | ACCEPTED |
|   6    | 0.0309 | ACCEPTED |
|   7    | 0.0362 | ACCEPTED |
|   8    | 0.0474 | ACCEPTED |
|   9    | 0.0337 | ACCEPTED |
+--------+--------+----------+

[92m  ROUND 1 EVALUATION: 10 devices[0m
+--------+--------+--------+--------+--------+------+
| Device |  Loss  |  Acc   |   F1   |  AUC   |  N   |
+--------+--------+--------+--------+--------+------+
|   0    | 0.9228 | 0.7275 | 0.7126 | 0.9696 | 2947 |
|   1    | 0.9228 | 0.7275 | 0.7126 | 0.9696 | 2947 |
|   2    | 0.9228 | 0.7275 | 0.7126 | 0.9696 | 2947 |
|   3    | 0.9228 | 0.7275 | 0.7126 | 0.9696 | 2947 |
|   4    | 0.9228 | 0.7275 | 0.7126 | 0.9696 | 2947 |
|   5    | 0.9228 | 0.7275 | 0.7126 | 0.9696 | 2947 |
|   6    | 0.9228 | 0.7275 | 0.7126 | 0.9696 | 2947 |
|   7    | 0.9228 | 0.7275 | 0.7126 | 0.9696 | 2947 |
|   8    | 0.9228 | 0.7275 | 0.7126 | 0.9696 | 2947 |
|   9    | 0.9228 | 0.7275 | 0.7126 | 0.9696 | 2947 |
+--------+--------+--------+--------+--------+------+

[93m════════════════════════════════════════════════════════════[0m
[93m  [ROUND 1] GLOBAL — 6 Activities (UCI HAR)[0m
[93m════════════════════════════════════════════════════════════[0m
   loss                : 0.9228
   accuracy            : 0.7275
   f1_macro            : 0.7126
   f1_weighted         : 0.7169
   precision_macro     : 0.7844
   recall_macro        : 0.7151
   specificity_macro   : 0.9451
   auc_macro           : 0.9696
   ── Per-Activity ──  
     WALKING  P=0.938  R=0.458  F1=0.615  AUC=0.957  (n=496)
     WALKING_UPSTAIRS  P=0.828  R=0.777  F1=0.802  AUC=0.982  (n=471)
     WALKING_DOWNSTAIRS  P=0.985  R=0.462  F1=0.629  AUC=0.982  (n=420)
     SITTING  P=0.532  R=0.686  F1=0.599  AUC=0.927  (n=491)
     STANDING  P=0.682  R=0.908  F1=0.779  AUC=0.969  (n=532)
     LAYING  P=0.742  R=1.000  F1=0.852  AUC=1.000  (n=537)
  [IPFS] ✓ round_1_global_model.gz → Qme5dAapnFEjNjhdo4Qc… (3,476,897 → 3,185,468 bytes) [account_2/2]
  [IPFS] ✓ round_1_global_metrics.gz → QmbQZMz1UGDhBPuGYext… (199 → 180 bytes) [account_2/2]

  [EVM] Firing GLOBAL block (Round 1)...
  [EVM] Transaction sent: 0602f84ae96eaaca26abf2d79c6b611788b2175c4881ddf3b85a923e791cf493
  [EVM] Waiting for all Round 1 transactions to confirm...
  [EVM] Waiting for 3 pending transaction(s)...
  [EVM] ✓ Confirmed in block 47857279
  [EVM] ✓ Confirmed in block 47857280
  [EVM] ✓ Confirmed in block 47857309

[96m  [BLOCKCHAIN] Round 1 complete — 3 blocks written (LOCAL + VOTE + GLOBAL) | Chain length: 4805[0m
  [TIMING] Round wall time: 63.4s | Model payload: 3340 KB
  [FedAvg] Round 2: lr=0.000800  (base=0.001000, decay=0.8)

[96m  ROUND 2 TRAINING: 10 devices[0m
+--------+--------+---------+---------+-----+
| Device |  Loss  | Samples | Time(s) | Cls |
+--------+--------+---------+---------+-----+
|   0    | 0.0449 |   1254  |  175.4  |  6  |
|   1    | 0.0452 |   684   |   35.5  |  6  |
|   2    | 0.0372 |   666   |   35.5  |  6  |
|   3    | 0.0470 |   738   |   40.3  |  6  |
|   4    | 0.0449 |   936   |   49.6  |  6  |
|   5    | 0.0442 |   1038  |   59.0  |  6  |
|   6    | 0.0295 |   864   |   47.9  |  6  |
|   7    | 0.0385 |   894   |   47.7  |  6  |
|   8    | 0.0461 |   954   |   51.4  |  6  |
|   9    | 0.0409 |   834   |   45.8  |  6  |
+--------+--------+---------+---------+-----+
  Loss  mean=0.0418  std=0.0052  threshold=0.0470

[96m  [BLOCKCHAIN] Firing LOCAL + VOTE blocks for Round 2 (async)...[0m
  [IPFS] ✓ round_2_local.gz → QmVFMmxiK82khkApoJUS… (1,309 → 384 bytes) [account_2/2]

  [EVM] Firing LOCAL block (Round 2, 10 clients)...
  [EVM] Transaction sent: 30896f7b80de560f60d729e515c4f1e2a6f86a7317b56dcfa1a0b9e553cebb5e
  [IPFS] ✓ round_2_votes.gz → QmYs8gT6NNQQCTc5QNKR… (1,021 → 283 bytes) [account_2/2]
  [EVM] Firing VOTE block (Round 2: 10 accepted / 0 rejected)...
  [EVM] Transaction sent: 5dad3d95c2f8a2c1dc452b1b29dd9e9b5d119beeec1520319fe9909d48583fce
+--------+--------+----------+
| Device |  Loss  | Verdict  |
+--------+--------+----------+
|   0    | 0.0449 | ACCEPTED |
|   1    | 0.0452 | ACCEPTED |
|   2    | 0.0372 | ACCEPTED |
|   3    | 0.0470 | ACCEPTED |
|   4    | 0.0449 | ACCEPTED |
|   5    | 0.0442 | ACCEPTED |
|   6    | 0.0295 | ACCEPTED |
|   7    | 0.0385 | ACCEPTED |
|   8    | 0.0461 | ACCEPTED |
|   9    | 0.0409 | ACCEPTED |
+--------+--------+----------+

[92m  ROUND 2 EVALUATION: 10 devices[0m
+--------+--------+--------+--------+--------+------+
| Device |  Loss  |  Acc   |   F1   |  AUC   |  N   |
+--------+--------+--------+--------+--------+------+
|   0    | 0.3563 | 0.9138 | 0.9142 | 0.9894 | 2947 |
|   1    | 0.3563 | 0.9138 | 0.9142 | 0.9894 | 2947 |
|   2    | 0.3563 | 0.9138 | 0.9142 | 0.9894 | 2947 |
|   3    | 0.3563 | 0.9138 | 0.9142 | 0.9894 | 2947 |
|   4    | 0.3563 | 0.9138 | 0.9142 | 0.9894 | 2947 |
|   5    | 0.3563 | 0.9138 | 0.9142 | 0.9894 | 2947 |
|   6    | 0.3563 | 0.9138 | 0.9142 | 0.9894 | 2947 |
|   7    | 0.3563 | 0.9138 | 0.9142 | 0.9894 | 2947 |
|   8    | 0.3563 | 0.9138 | 0.9142 | 0.9894 | 2947 |
|   9    | 0.3563 | 0.9138 | 0.9142 | 0.9894 | 2947 |
+--------+--------+--------+--------+--------+------+

[93m════════════════════════════════════════════════════════════[0m
[93m  [ROUND 2] GLOBAL — 6 Activities (UCI HAR)[0m
[93m════════════════════════════════════════════════════════════[0m
   loss                : 0.3563
   accuracy            : 0.9138
   f1_macro            : 0.9142
   f1_weighted         : 0.9137
   precision_macro     : 0.9158
   recall_macro        : 0.9151
   specificity_macro   : 0.9827
   auc_macro           : 0.9894
   ── Per-Activity ──  
     WALKING  P=0.991  R=0.893  F1=0.940  AUC=0.998  (n=496)
     WALKING_UPSTAIRS  P=0.989  R=0.975  F1=0.982  AUC=1.000  (n=471)
     WALKING_DOWNSTAIRS  P=0.880  R=0.979  F1=0.927  AUC=0.998  (n=420)
     SITTING  P=0.832  R=0.774  F1=0.802  AUC=0.968  (n=491)
     STANDING  P=0.814  R=0.870  F1=0.841  AUC=0.972  (n=532)
     LAYING  P=0.989  R=1.000  F1=0.994  AUC=1.000  (n=537)
  [IPFS] ✓ round_2_global_model.gz → QmcBpMNqX7TM8ZFpCXcR… (3,476,897 → 3,185,754 bytes) [account_2/2]
  [IPFS] ✓ round_2_global_metrics.gz → QmeJ6TnaBkG2A1FdB4yc… (202 → 187 bytes) [account_2/2]

  [EVM] Firing GLOBAL block (Round 2)...
  [EVM] Transaction sent: f2de9e1accaca846013276119498dcd3aae19f98683d18ca79e782f4058ecc49
  [EVM] Waiting for all Round 2 transactions to confirm...
  [EVM] Waiting for 3 pending transaction(s)...
  [EVM] ✓ Confirmed in block 47857424
  [EVM] ✓ Confirmed in block 47857425
  [EVM] ✓ Confirmed in block 47857456

[96m  [BLOCKCHAIN] Round 2 complete — 3 blocks written (LOCAL + VOTE + GLOBAL) | Chain length: 4808[0m
  [TIMING] Round wall time: 68.5s | Model payload: 3340 KB
  [FedAvg] Round 3: lr=0.000640  (base=0.001000, decay=0.8)

[96m  ROUND 3 TRAINING: 10 devices[0m
+--------+--------+---------+---------+-----+
| Device |  Loss  | Samples | Time(s) | Cls |
+--------+--------+---------+---------+-----+
|   0    | 0.0313 |   1254  |  175.2  |  6  |
|   1    | 0.0314 |   684   |   35.4  |  6  |
|   2    | 0.0245 |   666   |   35.3  |  6  |
|   3    | 0.0409 |   738   |   40.5  |  6  |
|   4    | 0.0383 |   936   |   50.4  |  6  |
|   5    | 0.0377 |   1038  |   58.8  |  6  |
|   6    | 0.0330 |   864   |   47.6  |  6  |
|   7    | 0.0250 |   894   |   47.7  |  6  |
|   8    | 0.0347 |   954   |   51.8  |  6  |
|   9    | 0.0359 |   834   |   46.3  |  6  |
+--------+--------+---------+---------+-----+
  Loss  mean=0.0333  std=0.0051  threshold=0.0384

[96m  [BLOCKCHAIN] Firing LOCAL + VOTE blocks for Round 3 (async)...[0m
  [IPFS] ✓ round_3_local.gz → QmYvddh5LwjD4U7PpkZ1… (1,312 → 391 bytes) [account_2/2]

  [EVM] Firing LOCAL block (Round 3, 10 clients)...
  [EVM] Transaction sent: 3c1592ea28cfe6ded2916669172c55242bb30a7b285767a8e82d237b37a5fa36
  [IPFS] ✓ round_3_votes.gz → QmQMSbyFtn8sudQAk9TZ… (1,032 → 313 bytes) [account_2/2]
  [EVM] Firing VOTE block (Round 3: 9 accepted / 1 rejected)...
  [EVM] Transaction sent: b108c5fec855f6c5724c3b12d21462be5b7df6de91bd1260e93664f5a24ebaf8
+--------+--------+----------+
| Device |  Loss  | Verdict  |
+--------+--------+----------+
|   0    | 0.0313 | ACCEPTED |
|   1    | 0.0314 | ACCEPTED |
|   2    | 0.0245 | ACCEPTED |
|   3    | 0.0409 | REJECTED |
|   4    | 0.0383 | ACCEPTED |
|   5    | 0.0377 | ACCEPTED |
|   6    | 0.0330 | ACCEPTED |
|   7    | 0.0250 | ACCEPTED |
|   8    | 0.0347 | ACCEPTED |
|   9    | 0.0359 | ACCEPTED |
+--------+--------+----------+

[92m  ROUND 3 EVALUATION: 10 devices[0m
+--------+--------+--------+--------+--------+------+
| Device |  Loss  |  Acc   |   F1   |  AUC   |  N   |
+--------+--------+--------+--------+--------+------+
|   0    | 0.3088 | 0.9128 | 0.9143 | 0.9912 | 2947 |
|   1    | 0.3088 | 0.9128 | 0.9143 | 0.9912 | 2947 |
|   2    | 0.3088 | 0.9128 | 0.9143 | 0.9912 | 2947 |
|   3    | 0.3088 | 0.9128 | 0.9143 | 0.9912 | 2947 |
|   4    | 0.3088 | 0.9128 | 0.9143 | 0.9912 | 2947 |
|   5    | 0.3088 | 0.9128 | 0.9143 | 0.9912 | 2947 |
|   6    | 0.3088 | 0.9128 | 0.9143 | 0.9912 | 2947 |
|   7    | 0.3088 | 0.9128 | 0.9143 | 0.9912 | 2947 |
|   8    | 0.3088 | 0.9128 | 0.9143 | 0.9912 | 2947 |
|   9    | 0.3088 | 0.9128 | 0.9143 | 0.9912 | 2947 |
+--------+--------+--------+--------+--------+------+

[93m════════════════════════════════════════════════════════════[0m
[93m  [ROUND 3] GLOBAL — 6 Activities (UCI HAR)[0m
[93m════════════════════════════════════════════════════════════[0m
   loss                : 0.3088
   accuracy            : 0.9128
   f1_macro            : 0.9143
   f1_weighted         : 0.9128
   precision_macro     : 0.9142
   recall_macro        : 0.9146
   specificity_macro   : 0.9825
   auc_macro           : 0.9912
   ── Per-Activity ──  
     WALKING  P=0.975  R=0.944  F1=0.959  AUC=0.999  (n=496)
     WALKING_UPSTAIRS  P=0.998  R=0.977  F1=0.987  AUC=1.000  (n=471)
     WALKING_DOWNSTAIRS  P=0.929  R=0.971  F1=0.950  AUC=0.999  (n=420)
     SITTING  P=0.783  R=0.784  F1=0.783  AUC=0.969  (n=491)
     STANDING  P=0.814  R=0.812  F1=0.813  AUC=0.980  (n=532)
     LAYING  P=0.987  R=1.000  F1=0.994  AUC=1.000  (n=537)
  [IPFS] ✓ round_3_global_model.gz → QmVSt3muikNJi5kkiXfk… (3,476,897 → 3,186,360 bytes) [account_2/2]
  [IPFS] ✓ round_3_global_metrics.gz → QmNyKcMsMAMeWmvCyp1q… (201 → 183 bytes) [account_2/2]

  [EVM] Firing GLOBAL block (Round 3)...
  [EVM] Transaction sent: c9280ebe73ccc507ce82839f6e3b8b16eb4e839989b7dac538b57415c95b2d45
  [EVM] Waiting for all Round 3 transactions to confirm...
  [EVM] Waiting for 3 pending transaction(s)...
  [EVM] ✓ Confirmed in block 47857570
  [EVM] ✓ Confirmed in block 47857571
  [EVM] ✓ Confirmed in block 47857601

[96m  [BLOCKCHAIN] Round 3 complete — 3 blocks written (LOCAL + VOTE + GLOBAL) | Chain length: 4811[0m
  [TIMING] Round wall time: 67.4s | Model payload: 3340 KB
  [FedAvg] Round 4: lr=0.000512  (base=0.001000, decay=0.8)

[96m  ROUND 4 TRAINING: 10 devices[0m
+--------+--------+---------+---------+-----+
| Device |  Loss  | Samples | Time(s) | Cls |
+--------+--------+---------+---------+-----+
|   0    | 0.0502 |   1254  |  175.2  |  6  |
|   1    | 0.0446 |   684   |   35.5  |  6  |
|   2    | 0.0357 |   666   |   35.4  |  6  |
|   3    | 0.0313 |   738   |   40.6  |  6  |
|   4    | 0.0452 |   936   |   49.8  |  6  |
|   5    | 0.0373 |   1038  |   59.1  |  6  |
|   6    | 0.0379 |   864   |   47.6  |  6  |
|   7    | 0.0412 |   894   |   47.8  |  6  |
|   8    | 0.0491 |   954   |   51.5  |  6  |
|   9    | 0.0402 |   834   |   46.1  |  6  |
+--------+--------+---------+---------+-----+
  Loss  mean=0.0413  std=0.0057  threshold=0.0470

[96m  [BLOCKCHAIN] Firing LOCAL + VOTE blocks for Round 4 (async)...[0m
  [IPFS] ✓ round_4_local.gz → QmeCDoZDWiGozcpkmy1q… (1,311 → 393 bytes) [account_2/2]

  [EVM] Firing LOCAL block (Round 4, 10 clients)...
  [EVM] Transaction sent: 5183ed046e7a05d93e507e9283d2673ea97ff26220852c43aa6fad83f9a718fb
  [IPFS] ✓ round_4_votes.gz → QmUzmttmLJi1brHKewfM… (1,041 → 318 bytes) [account_2/2]
  [EVM] Firing VOTE block (Round 4: 8 accepted / 2 rejected)...
  [EVM] Transaction sent: 7008d8aa16d389f4b6c6d7371ab364051a2c3fdf894bf66f54d24b0517bdbf05
+--------+--------+----------+
| Device |  Loss  | Verdict  |
+--------+--------+----------+
|   0    | 0.0502 | REJECTED |
|   1    | 0.0446 | ACCEPTED |
|   2    | 0.0357 | ACCEPTED |
|   3    | 0.0313 | ACCEPTED |
|   4    | 0.0452 | ACCEPTED |
|   5    | 0.0373 | ACCEPTED |
|   6    | 0.0379 | ACCEPTED |
|   7    | 0.0412 | ACCEPTED |
|   8    | 0.0491 | REJECTED |
|   9    | 0.0402 | ACCEPTED |
+--------+--------+----------+

[92m  ROUND 4 EVALUATION: 10 devices[0m
+--------+--------+--------+--------+--------+------+
| Device |  Loss  |  Acc   |   F1   |  AUC   |  N   |
+--------+--------+--------+--------+--------+------+
|   0    | 0.2783 | 0.9179 | 0.9193 | 0.9903 | 2947 |
|   1    | 0.2783 | 0.9179 | 0.9193 | 0.9903 | 2947 |
|   2    | 0.2783 | 0.9179 | 0.9193 | 0.9903 | 2947 |
|   3    | 0.2783 | 0.9179 | 0.9193 | 0.9903 | 2947 |
|   4    | 0.2783 | 0.9179 | 0.9193 | 0.9903 | 2947 |
|   5    | 0.2783 | 0.9179 | 0.9193 | 0.9903 | 2947 |
|   6    | 0.2783 | 0.9179 | 0.9193 | 0.9903 | 2947 |
|   7    | 0.2783 | 0.9179 | 0.9193 | 0.9903 | 2947 |
|   8    | 0.2783 | 0.9179 | 0.9193 | 0.9903 | 2947 |
|   9    | 0.2783 | 0.9179 | 0.9193 | 0.9903 | 2947 |
+--------+--------+--------+--------+--------+------+

[93m════════════════════════════════════════════════════════════[0m
[93m  [ROUND 4] GLOBAL — 6 Activities (UCI HAR)[0m
[93m════════════════════════════════════════════════════════════[0m
   loss                : 0.2783
   accuracy            : 0.9179
   f1_macro            : 0.9193
   f1_weighted         : 0.9179
   precision_macro     : 0.9192
   recall_macro        : 0.9197
   specificity_macro   : 0.9835
   auc_macro           : 0.9903
   ── Per-Activity ──  
     WALKING  P=0.983  R=0.952  F1=0.967  AUC=1.000  (n=496)
     WALKING_UPSTAIRS  P=0.998  R=0.977  F1=0.987  AUC=1.000  (n=471)
     WALKING_DOWNSTAIRS  P=0.932  R=0.979  F1=0.955  AUC=0.999  (n=420)
     SITTING  P=0.793  R=0.790  F1=0.792  AUC=0.971  (n=491)
     STANDING  P=0.820  R=0.821  F1=0.821  AUC=0.972  (n=532)
     LAYING  P=0.989  R=1.000  F1=0.994  AUC=1.000  (n=537)
  [IPFS] ✓ round_4_global_model.gz → QmcC2vXzHqoPGcbEYwtE… (3,476,897 → 3,186,822 bytes) [account_2/2]
  [IPFS] ✓ round_4_global_metrics.gz → QmQ74aQCMmnW1G6KBeej… (202 → 185 bytes) [account_2/2]

  [EVM] Firing GLOBAL block (Round 4)...
  [EVM] Transaction sent: f2159e886cfb8a9f908d4c2f110bc3e95fa52192aa4727eaa881e3d192f0b337
  [EVM] Waiting for all Round 4 transactions to confirm...
  [EVM] Waiting for 3 pending transaction(s)...
  [EVM] ✓ Confirmed in block 47857714
  [EVM] ✓ Confirmed in block 47857715
  [EVM] ✓ Confirmed in block 47857743

[96m  [BLOCKCHAIN] Round 4 complete — 3 blocks written (LOCAL + VOTE + GLOBAL) | Chain length: 4814[0m
  [TIMING] Round wall time: 63.8s | Model payload: 3340 KB
  [FedAvg] Round 5: lr=0.000410  (base=0.001000, decay=0.8)

[96m  ROUND 5 TRAINING: 10 devices[0m
+--------+--------+---------+---------+-----+
| Device |  Loss  | Samples | Time(s) | Cls |
+--------+--------+---------+---------+-----+
|   0    | 0.0435 |   1254  |  175.4  |  6  |
|   1    | 0.0341 |   684   |   35.6  |  6  |
|   2    | 0.0255 |   666   |   35.5  |  6  |
|   3    | 0.0385 |   738   |   40.3  |  6  |
|   4    | 0.0396 |   936   |   49.6  |  6  |
|   5    | 0.0407 |   1038  |   59.5  |  6  |
|   6    | 0.0255 |   864   |   47.7  |  6  |
|   7    | 0.0411 |   894   |   47.6  |  6  |
|   8    | 0.0412 |   954   |   51.6  |  6  |
|   9    | 0.0330 |   834   |   46.2  |  6  |
+--------+--------+---------+---------+-----+
  Loss  mean=0.0363  std=0.0062  threshold=0.0425

[96m  [BLOCKCHAIN] Firing LOCAL + VOTE blocks for Round 5 (async)...[0m
  [IPFS] ✓ round_5_local.gz → QmejfKRLNEKpzZCTxD3n… (1,310 → 390 bytes) [account_2/2]

  [EVM] Firing LOCAL block (Round 5, 10 clients)...
  [EVM] Transaction sent: 3cfe494277791a9f373ced10fe57f6a54f0567b860667cc2bfc8ce72a965946c
  [IPFS] ✓ round_5_votes.gz → QmYXSQCFc7e44ssydXFg… (1,031 → 314 bytes) [account_2/2]
  [EVM] Firing VOTE block (Round 5: 9 accepted / 1 rejected)...
  [EVM] Transaction sent: 0e8157e96fc7838cea8b04fd5788eea6df5d7dc3f45cf12188829378e42bab62
+--------+--------+----------+
| Device |  Loss  | Verdict  |
+--------+--------+----------+
|   0    | 0.0435 | REJECTED |
|   1    | 0.0341 | ACCEPTED |
|   2    | 0.0255 | ACCEPTED |
|   3    | 0.0385 | ACCEPTED |
|   4    | 0.0396 | ACCEPTED |
|   5    | 0.0407 | ACCEPTED |
|   6    | 0.0255 | ACCEPTED |
|   7    | 0.0411 | ACCEPTED |
|   8    | 0.0412 | ACCEPTED |
|   9    | 0.0330 | ACCEPTED |
+--------+--------+----------+

[92m  ROUND 5 EVALUATION: 10 devices[0m
+--------+--------+--------+--------+--------+------+
| Device |  Loss  |  Acc   |   F1   |  AUC   |  N   |
+--------+--------+--------+--------+--------+------+
|   0    | 0.2558 | 0.9158 | 0.9171 | 0.9921 | 2947 |
|   1    | 0.2558 | 0.9158 | 0.9171 | 0.9921 | 2947 |
|   2    | 0.2558 | 0.9158 | 0.9171 | 0.9921 | 2947 |
|   3    | 0.2558 | 0.9158 | 0.9171 | 0.9921 | 2947 |
|   4    | 0.2558 | 0.9158 | 0.9171 | 0.9921 | 2947 |
|   5    | 0.2558 | 0.9158 | 0.9171 | 0.9921 | 2947 |
|   6    | 0.2558 | 0.9158 | 0.9171 | 0.9921 | 2947 |
|   7    | 0.2558 | 0.9158 | 0.9171 | 0.9921 | 2947 |
|   8    | 0.2558 | 0.9158 | 0.9171 | 0.9921 | 2947 |
|   9    | 0.2558 | 0.9158 | 0.9171 | 0.9921 | 2947 |
+--------+--------+--------+--------+--------+------+

[93m════════════════════════════════════════════════════════════[0m
[93m  [ROUND 5] GLOBAL — 6 Activities (UCI HAR)[0m
[93m════════════════════════════════════════════════════════════[0m
   loss                : 0.2558
   accuracy            : 0.9158
   f1_macro            : 0.9171
   f1_weighted         : 0.9157
   precision_macro     : 0.9169
   recall_macro        : 0.9180
   specificity_macro   : 0.9831
   auc_macro           : 0.9921
   ── Per-Activity ──  
     WALKING  P=0.977  R=0.940  F1=0.958  AUC=0.999  (n=496)
     WALKING_UPSTAIRS  P=0.998  R=0.968  F1=0.983  AUC=1.000  (n=471)
     WALKING_DOWNSTAIRS  P=0.918  R=0.990  F1=0.953  AUC=0.999  (n=420)
     SITTING  P=0.801  R=0.788  F1=0.795  AUC=0.973  (n=491)
     STANDING  P=0.818  R=0.821  F1=0.820  AUC=0.981  (n=532)
     LAYING  P=0.989  R=1.000  F1=0.994  AUC=1.000  (n=537)
  [IPFS] ✓ round_5_global_model.gz → QmVcP5wcpjfHTDHBdqmz… (3,476,897 → 3,187,021 bytes) [account_2/2]
  [IPFS] ✓ round_5_global_metrics.gz → QmdVf4akPtWnztCjN1BV… (201 → 188 bytes) [account_2/2]

  [EVM] Firing GLOBAL block (Round 5)...
  [EVM] Transaction sent: 0b1b569cc9cfd8caacd1038a464972683f858e857168e78d83e90ed2adc447a7
  [EVM] Waiting for all Round 5 transactions to confirm...
  [EVM] Waiting for 3 pending transaction(s)...
  [EVM] ✓ Confirmed in block 47857857
  [EVM] ✓ Confirmed in block 47857858
  [EVM] ✓ Confirmed in block 47857887

[96m  [BLOCKCHAIN] Round 5 complete — 3 blocks written (LOCAL + VOTE + GLOBAL) | Chain length: 4817[0m
  [TIMING] Round wall time: 64.8s | Model payload: 3340 KB
  [FedAvg] Round 6: lr=0.000328  (base=0.001000, decay=0.8)

[96m  ROUND 6 TRAINING: 10 devices[0m
+--------+--------+---------+---------+-----+
| Device |  Loss  | Samples | Time(s) | Cls |
+--------+--------+---------+---------+-----+
|   0    | 0.0403 |   1254  |  176.9  |  6  |
|   1    | 0.0275 |   684   |   35.6  |  6  |
|   2    | 0.0358 |   666   |   35.4  |  6  |
|   3    | 0.0199 |   738   |   40.4  |  6  |
|   4    | 0.0348 |   936   |   49.7  |  6  |
|   5    | 0.0433 |   1038  |   58.9  |  6  |
|   6    | 0.0279 |   864   |   47.9  |  6  |
|   7    | 0.0398 |   894   |   48.0  |  6  |
|   8    | 0.0382 |   954   |   51.3  |  6  |
|   9    | 0.0247 |   834   |   46.1  |  6  |
+--------+--------+---------+---------+-----+
  Loss  mean=0.0332  std=0.0074  threshold=0.0406

[96m  [BLOCKCHAIN] Firing LOCAL + VOTE blocks for Round 6 (async)...[0m
  [IPFS] ✓ round_6_local.gz → QmXSKVq3aUaRbkVKfCT1… (1,313 → 394 bytes) [account_2/2]

  [EVM] Firing LOCAL block (Round 6, 10 clients)...
  [EVM] Transaction sent: bae1d58d555181dffed370d2c751eafe304f43e1f6375e678a6b5de25279b078
  [IPFS] ✓ round_6_votes.gz → QmUfRooR4wSSJx1Y237U… (1,032 → 313 bytes) [account_2/2]
  [EVM] Firing VOTE block (Round 6: 9 accepted / 1 rejected)...
  [EVM] Transaction sent: b96e4f0604b6034057389a194468b7438ad29ed03067d7b454e2411ed8af3b2d
+--------+--------+----------+
| Device |  Loss  | Verdict  |
+--------+--------+----------+
|   0    | 0.0403 | ACCEPTED |
|   1    | 0.0275 | ACCEPTED |
|   2    | 0.0358 | ACCEPTED |
|   3    | 0.0199 | ACCEPTED |
|   4    | 0.0348 | ACCEPTED |
|   5    | 0.0433 | REJECTED |
|   6    | 0.0279 | ACCEPTED |
|   7    | 0.0398 | ACCEPTED |
|   8    | 0.0382 | ACCEPTED |
|   9    | 0.0247 | ACCEPTED |
+--------+--------+----------+

[92m  ROUND 6 EVALUATION: 10 devices[0m
+--------+--------+--------+--------+--------+------+
| Device |  Loss  |  Acc   |   F1   |  AUC   |  N   |
+--------+--------+--------+--------+--------+------+
|   0    | 0.2532 | 0.9206 | 0.9218 | 0.9915 | 2947 |
|   1    | 0.2532 | 0.9206 | 0.9218 | 0.9915 | 2947 |
|   2    | 0.2532 | 0.9206 | 0.9218 | 0.9915 | 2947 |
|   3    | 0.2532 | 0.9206 | 0.9218 | 0.9915 | 2947 |
|   4    | 0.2532 | 0.9206 | 0.9218 | 0.9915 | 2947 |
|   5    | 0.2532 | 0.9206 | 0.9218 | 0.9915 | 2947 |
|   6    | 0.2532 | 0.9206 | 0.9218 | 0.9915 | 2947 |
|   7    | 0.2532 | 0.9206 | 0.9218 | 0.9915 | 2947 |
|   8    | 0.2532 | 0.9206 | 0.9218 | 0.9915 | 2947 |
|   9    | 0.2532 | 0.9206 | 0.9218 | 0.9915 | 2947 |
+--------+--------+--------+--------+--------+------+

[93m════════════════════════════════════════════════════════════[0m
[93m  [ROUND 6] GLOBAL — 6 Activities (UCI HAR)[0m
[93m════════════════════════════════════════════════════════════[0m
   loss                : 0.2532
   accuracy            : 0.9206
   f1_macro            : 0.9218
   f1_weighted         : 0.9204
   precision_macro     : 0.9219
   recall_macro        : 0.9224
   specificity_macro   : 0.9840
   auc_macro           : 0.9915
   ── Per-Activity ──  
     WALKING  P=0.979  R=0.954  F1=0.966  AUC=1.000  (n=496)
     WALKING_UPSTAIRS  P=0.998  R=0.975  F1=0.986  AUC=1.000  (n=471)
     WALKING_DOWNSTAIRS  P=0.935  R=0.988  F1=0.961  AUC=1.000  (n=420)
     SITTING  P=0.816  R=0.778  F1=0.797  AUC=0.969  (n=491)
     STANDING  P=0.814  R=0.840  F1=0.827  AUC=0.981  (n=532)
     LAYING  P=0.989  R=1.000  F1=0.994  AUC=1.000  (n=537)
  [IPFS] ✓ round_6_global_model.gz → QmXdnShQA5QFavgi1SPs… (3,476,897 → 3,187,159 bytes) [account_2/2]
  [IPFS] ✓ round_6_global_metrics.gz → QmYgzbmkVJLXRgoAcsh9… (201 → 183 bytes) [account_2/2]

  [EVM] Firing GLOBAL block (Round 6)...
  [EVM] Transaction sent: e769fe7afe3e621ad752ef1b6c8c577e08fada21f32617cc061f1716020c5ced
  [EVM] Waiting for all Round 6 transactions to confirm...
  [EVM] Waiting for 3 pending transaction(s)...
  [EVM] ✓ Confirmed in block 47858001
  [EVM] ✓ Confirmed in block 47858002
  [EVM] ✓ Confirmed in block 47858031

[96m  [BLOCKCHAIN] Round 6 complete — 3 blocks written (LOCAL + VOTE + GLOBAL) | Chain length: 4820[0m
  [TIMING] Round wall time: 65.6s | Model payload: 3340 KB
  [FedAvg] Round 7: lr=0.000262  (base=0.001000, decay=0.8)

[96m  ROUND 7 TRAINING: 10 devices[0m
+--------+--------+---------+---------+-----+
| Device |  Loss  | Samples | Time(s) | Cls |
+--------+--------+---------+---------+-----+
|   0    | 0.0356 |   1254  |  175.7  |  6  |
|   1    | 0.0331 |   684   |   35.5  |  6  |
|   2    | 0.0349 |   666   |   35.5  |  6  |
|   3    | 0.0441 |   738   |   40.2  |  6  |
|   4    | 0.0453 |   936   |   49.8  |  6  |
|   5    | 0.0313 |   1038  |   58.1  |  6  |
|   6    | 0.0172 |   864   |   47.7  |  6  |
|   7    | 0.0248 |   894   |   48.0  |  6  |
|   8    | 0.0437 |   954   |   51.6  |  6  |
|   9    | 0.0394 |   834   |   46.3  |  6  |
+--------+--------+---------+---------+-----+
  Loss  mean=0.0349  std=0.0085  threshold=0.0434

[96m  [BLOCKCHAIN] Firing LOCAL + VOTE blocks for Round 7 (async)...[0m
  [IPFS] ✓ round_7_local.gz → QmbEabWBjdQ2KKLn6JAJ… (1,310 → 390 bytes) [account_2/2]

  [EVM] Firing LOCAL block (Round 7, 10 clients)...
  [EVM] Transaction sent: 2352bf487a360395075a753a053871e458cc33deb69454914d28095ca48cfa46
  [IPFS] ✓ round_7_votes.gz → QmcJhqxyQoXszCrgF7CY… (1,051 → 323 bytes) [account_2/2]
  [EVM] Firing VOTE block (Round 7: 7 accepted / 3 rejected)...
  [EVM] Transaction sent: e29f5b42876daf8b98bf6649019818ec8e99df99472ead71bb6b1ac7b02c3720
+--------+--------+----------+
| Device |  Loss  | Verdict  |
+--------+--------+----------+
|   0    | 0.0356 | ACCEPTED |
|   1    | 0.0331 | ACCEPTED |
|   2    | 0.0349 | ACCEPTED |
|   3    | 0.0441 | REJECTED |
|   4    | 0.0453 | REJECTED |
|   5    | 0.0313 | ACCEPTED |
|   6    | 0.0172 | ACCEPTED |
|   7    | 0.0248 | ACCEPTED |
|   8    | 0.0437 | REJECTED |
|   9    | 0.0394 | ACCEPTED |
+--------+--------+----------+

[92m  ROUND 7 EVALUATION: 10 devices[0m
+--------+--------+--------+--------+--------+------+
| Device |  Loss  |  Acc   |   F1   |  AUC   |  N   |
+--------+--------+--------+--------+--------+------+
|   0    | 0.2501 | 0.9179 | 0.9194 | 0.9915 | 2947 |
|   1    | 0.2501 | 0.9179 | 0.9194 | 0.9915 | 2947 |
|   2    | 0.2501 | 0.9179 | 0.9194 | 0.9915 | 2947 |
|   3    | 0.2501 | 0.9179 | 0.9194 | 0.9915 | 2947 |
|   4    | 0.2501 | 0.9179 | 0.9194 | 0.9915 | 2947 |
|   5    | 0.2501 | 0.9179 | 0.9194 | 0.9915 | 2947 |
|   6    | 0.2501 | 0.9179 | 0.9194 | 0.9915 | 2947 |
|   7    | 0.2501 | 0.9179 | 0.9194 | 0.9915 | 2947 |
|   8    | 0.2501 | 0.9179 | 0.9194 | 0.9915 | 2947 |
|   9    | 0.2501 | 0.9179 | 0.9194 | 0.9915 | 2947 |
+--------+--------+--------+--------+--------+------+

[93m════════════════════════════════════════════════════════════[0m
[93m  [ROUND 7] GLOBAL — 6 Activities (UCI HAR)[0m
[93m════════════════════════════════════════════════════════════[0m
   loss                : 0.2501
   accuracy            : 0.9179
   f1_macro            : 0.9194
   f1_weighted         : 0.9178
   precision_macro     : 0.9191
   recall_macro        : 0.9202
   specificity_macro   : 0.9835
   auc_macro           : 0.9915
   ── Per-Activity ──  
     WALKING  P=0.985  R=0.952  F1=0.968  AUC=1.000  (n=496)
     WALKING_UPSTAIRS  P=0.998  R=0.975  F1=0.986  AUC=1.000  (n=471)
     WALKING_DOWNSTAIRS  P=0.931  R=0.993  F1=0.961  AUC=1.000  (n=420)
     SITTING  P=0.795  R=0.788  F1=0.791  AUC=0.970  (n=491)
     STANDING  P=0.817  R=0.814  F1=0.815  AUC=0.980  (n=532)
     LAYING  P=0.989  R=1.000  F1=0.994  AUC=1.000  (n=537)
  [IPFS] ✓ round_7_global_model.gz → QmTs1jfGmSZSjZ7tRbUn… (3,476,897 → 3,187,443 bytes) [account_2/2]
  [IPFS] ✓ round_7_global_metrics.gz → QmTs23iLE64VFYds6Kjf… (201 → 186 bytes) [account_2/2]

  [EVM] Firing GLOBAL block (Round 7)...
  [EVM] Transaction sent: bddcdf321ef3cf4029f0bc8f6100ffcebeba8e4809b5e80f3c38ddb58e569db1
  [EVM] Waiting for all Round 7 transactions to confirm...
  [EVM] Waiting for 3 pending transaction(s)...
  [EVM] ✓ Confirmed in block 47858144
  [EVM] ✓ Confirmed in block 47858145
  [EVM] ✓ Confirmed in block 47858175

[96m  [BLOCKCHAIN] Round 7 complete — 3 blocks written (LOCAL + VOTE + GLOBAL) | Chain length: 4823[0m
  [TIMING] Round wall time: 67.2s | Model payload: 3340 KB
  [FedAvg] Round 8: lr=0.000210  (base=0.001000, decay=0.8)

[96m  ROUND 8 TRAINING: 10 devices[0m
+--------+--------+---------+---------+-----+
| Device |  Loss  | Samples | Time(s) | Cls |
+--------+--------+---------+---------+-----+
|   0    | 0.0367 |   1254  |  174.9  |  6  |
|   1    | 0.0412 |   684   |   35.4  |  6  |
|   2    | 0.0307 |   666   |   35.6  |  6  |
|   3    | 0.0379 |   738   |   40.2  |  6  |
|   4    | 0.0421 |   936   |   49.7  |  6  |
|   5    | 0.0413 |   1038  |   59.1  |  6  |
|   6    | 0.0306 |   864   |   48.1  |  6  |
|   7    | 0.0245 |   894   |   48.0  |  6  |
|   8    | 0.0369 |   954   |   51.4  |  6  |
|   9    | 0.0277 |   834   |   46.0  |  6  |
+--------+--------+---------+---------+-----+
  Loss  mean=0.0350  std=0.0059  threshold=0.0408

[96m  [BLOCKCHAIN] Firing LOCAL + VOTE blocks for Round 8 (async)...[0m
  [IPFS] ✓ round_8_local.gz → QmeLZntquG1Ks4L8FE91… (1,308 → 388 bytes) [account_2/2]

  [EVM] Firing LOCAL block (Round 8, 10 clients)...
  [EVM] Transaction sent: dc0b28b6d5f1dbc1393e6672d32229e093c18977a5fc95e78e43ea3101da21a8
  [IPFS] ✓ round_8_votes.gz → QmdCxDXCboN9u48d6Ttf… (1,047 → 322 bytes) [account_2/2]
  [EVM] Firing VOTE block (Round 8: 7 accepted / 3 rejected)...
  [EVM] Transaction sent: fa68073701f063b4a1e5e843793219059ee6dce05bda0e2fb9e20e9d7a7a3cee
+--------+--------+----------+
| Device |  Loss  | Verdict  |
+--------+--------+----------+
|   0    | 0.0367 | ACCEPTED |
|   1    | 0.0412 | REJECTED |
|   2    | 0.0307 | ACCEPTED |
|   3    | 0.0379 | ACCEPTED |
|   4    | 0.0421 | REJECTED |
|   5    | 0.0413 | REJECTED |
|   6    | 0.0306 | ACCEPTED |
|   7    | 0.0245 | ACCEPTED |
|   8    | 0.0369 | ACCEPTED |
|   9    | 0.0277 | ACCEPTED |
+--------+--------+----------+

[92m  ROUND 8 EVALUATION: 10 devices[0m
+--------+--------+--------+--------+--------+------+
| Device |  Loss  |  Acc   |   F1   |  AUC   |  N   |
+--------+--------+--------+--------+--------+------+
|   0    | 0.2571 | 0.9162 | 0.9172 | 0.9899 | 2947 |
|   1    | 0.2571 | 0.9162 | 0.9172 | 0.9899 | 2947 |
|   2    | 0.2571 | 0.9162 | 0.9172 | 0.9899 | 2947 |
|   3    | 0.2571 | 0.9162 | 0.9172 | 0.9899 | 2947 |
|   4    | 0.2571 | 0.9162 | 0.9172 | 0.9899 | 2947 |
|   5    | 0.2571 | 0.9162 | 0.9172 | 0.9899 | 2947 |
|   6    | 0.2571 | 0.9162 | 0.9172 | 0.9899 | 2947 |
|   7    | 0.2571 | 0.9162 | 0.9172 | 0.9899 | 2947 |
|   8    | 0.2571 | 0.9162 | 0.9172 | 0.9899 | 2947 |
|   9    | 0.2571 | 0.9162 | 0.9172 | 0.9899 | 2947 |
+--------+--------+--------+--------+--------+------+

[93m════════════════════════════════════════════════════════════[0m
[93m  [ROUND 8] GLOBAL — 6 Activities (UCI HAR)[0m
[93m════════════════════════════════════════════════════════════[0m
   loss                : 0.2571
   accuracy            : 0.9162
   f1_macro            : 0.9172
   f1_weighted         : 0.9160
   precision_macro     : 0.9176
   recall_macro        : 0.9182
   specificity_macro   : 0.9832
   auc_macro           : 0.9899
   ── Per-Activity ──  
     WALKING  P=0.989  R=0.927  F1=0.957  AUC=1.000  (n=496)
     WALKING_UPSTAIRS  P=0.998  R=0.966  F1=0.982  AUC=1.000  (n=471)
     WALKING_DOWNSTAIRS  P=0.899  R=0.998  F1=0.946  AUC=0.999  (n=420)
     SITTING  P=0.816  R=0.778  F1=0.797  AUC=0.965  (n=491)
     STANDING  P=0.814  R=0.840  F1=0.827  AUC=0.975  (n=532)
     LAYING  P=0.989  R=1.000  F1=0.994  AUC=1.000  (n=537)
  [IPFS] ✓ round_8_global_model.gz → QmXBBGt5a67ci4mh1iTC… (3,476,897 → 3,187,469 bytes) [account_2/2]
  [IPFS] ✓ round_8_global_metrics.gz → QmViRf4gmCUVi46wvJrd… (201 → 182 bytes) [account_2/2]

  [EVM] Firing GLOBAL block (Round 8)...
  [EVM] Transaction sent: f663beaf8d076eff1245a35dade5d00c474ea727ba96b0ea59c9ad5e672a91ad
  [EVM] Waiting for all Round 8 transactions to confirm...
  [EVM] Waiting for 3 pending transaction(s)...
  [EVM] ✓ Confirmed in block 47858288
  [EVM] ✓ Confirmed in block 47858289
  [EVM] ✓ Confirmed in block 47858321

[96m  [BLOCKCHAIN] Round 8 complete — 3 blocks written (LOCAL + VOTE + GLOBAL) | Chain length: 4826[0m
  [TIMING] Round wall time: 69.5s | Model payload: 3340 KB
  [FedAvg] Round 9: lr=0.000168  (base=0.001000, decay=0.8)

[96m  ROUND 9 TRAINING: 10 devices[0m
+--------+--------+---------+---------+-----+
| Device |  Loss  | Samples | Time(s) | Cls |
+--------+--------+---------+---------+-----+
|   0    | 0.0315 |   1254  |  176.2  |  6  |
|   1    | 0.0236 |   684   |   35.5  |  6  |
|   2    | 0.0236 |   666   |   35.4  |  6  |
|   3    | 0.0350 |   738   |   40.3  |  6  |
|   4    | 0.0372 |   936   |   50.3  |  6  |
|   5    | 0.0290 |   1038  |   57.8  |  6  |
|   6    | 0.0385 |   864   |   47.8  |  6  |
|   7    | 0.0390 |   894   |   48.0  |  6  |
|   8    | 0.0439 |   954   |   51.6  |  6  |
|   9    | 0.0465 |   834   |   46.0  |  6  |
+--------+--------+---------+---------+-----+
  Loss  mean=0.0348  std=0.0075  threshold=0.0422

[96m  [BLOCKCHAIN] Firing LOCAL + VOTE blocks for Round 9 (async)...[0m
  [IPFS] ✓ round_9_local.gz → QmSbkwWpTxmvG46dBXhW… (1,312 → 384 bytes) [account_2/2]

  [EVM] Firing LOCAL block (Round 9, 10 clients)...
  [EVM] Transaction sent: 7ccd285fed0372948a237f6023f9d192769585d2a39d058d323d16c980fb7a99
  [IPFS] ✓ round_9_votes.gz → QmckKyGV3emGjDYqdTPL… (1,041 → 313 bytes) [account_2/2]
  [EVM] Firing VOTE block (Round 9: 8 accepted / 2 rejected)...
  [EVM] Transaction sent: f407b1994c67e5943e74a71682b868a97943ef7901662e781a73ec55a3c48b74
+--------+--------+----------+
| Device |  Loss  | Verdict  |
+--------+--------+----------+
|   0    | 0.0315 | ACCEPTED |
|   1    | 0.0236 | ACCEPTED |
|   2    | 0.0236 | ACCEPTED |
|   3    | 0.0350 | ACCEPTED |
|   4    | 0.0372 | ACCEPTED |
|   5    | 0.0290 | ACCEPTED |
|   6    | 0.0385 | ACCEPTED |
|   7    | 0.0390 | ACCEPTED |
|   8    | 0.0439 | REJECTED |
|   9    | 0.0465 | REJECTED |
+--------+--------+----------+

[92m  ROUND 9 EVALUATION: 10 devices[0m
+--------+--------+--------+--------+--------+------+
| Device |  Loss  |  Acc   |   F1   |  AUC   |  N   |
+--------+--------+--------+--------+--------+------+
|   0    | 0.2465 | 0.9182 | 0.9194 | 0.9911 | 2947 |
|   1    | 0.2465 | 0.9182 | 0.9194 | 0.9911 | 2947 |
|   2    | 0.2465 | 0.9182 | 0.9194 | 0.9911 | 2947 |
|   3    | 0.2465 | 0.9182 | 0.9194 | 0.9911 | 2947 |
|   4    | 0.2465 | 0.9182 | 0.9194 | 0.9911 | 2947 |
|   5    | 0.2465 | 0.9182 | 0.9194 | 0.9911 | 2947 |
|   6    | 0.2465 | 0.9182 | 0.9194 | 0.9911 | 2947 |
|   7    | 0.2465 | 0.9182 | 0.9194 | 0.9911 | 2947 |
|   8    | 0.2465 | 0.9182 | 0.9194 | 0.9911 | 2947 |
|   9    | 0.2465 | 0.9182 | 0.9194 | 0.9911 | 2947 |
+--------+--------+--------+--------+--------+------+

[93m════════════════════════════════════════════════════════════[0m
[93m  [ROUND 9] GLOBAL — 6 Activities (UCI HAR)[0m
[93m════════════════════════════════════════════════════════════[0m
   loss                : 0.2465
   accuracy            : 0.9182
   f1_macro            : 0.9194
   f1_weighted         : 0.9181
   precision_macro     : 0.9194
   recall_macro        : 0.9203
   specificity_macro   : 0.9836
   auc_macro           : 0.9911
   ── Per-Activity ──  
     WALKING  P=0.987  R=0.935  F1=0.961  AUC=1.000  (n=496)
     WALKING_UPSTAIRS  P=0.998  R=0.970  F1=0.984  AUC=1.000  (n=471)
     WALKING_DOWNSTAIRS  P=0.911  R=0.995  F1=0.951  AUC=1.000  (n=420)
     SITTING  P=0.811  R=0.788  F1=0.800  AUC=0.969  (n=491)
     STANDING  P=0.820  R=0.833  F1=0.826  AUC=0.979  (n=532)
     LAYING  P=0.989  R=1.000  F1=0.994  AUC=1.000  (n=537)
  [IPFS] ✓ round_9_global_model.gz → QmYtV5tXVJKSRAkLp9xp… (3,476,897 → 3,187,583 bytes) [account_2/2]
  [IPFS] ✓ round_9_global_metrics.gz → QmdbcXin85M26VJaA34J… (201 → 188 bytes) [account_2/2]

  [EVM] Firing GLOBAL block (Round 9)...
  [EVM] Transaction sent: eee6b3f37e807138dd364f6d938713874552eed3e68a196727a699d77adb681a
  [EVM] Waiting for all Round 9 transactions to confirm...
  [EVM] Waiting for 3 pending transaction(s)...
  [EVM] ✓ Confirmed in block 47858434
  [EVM] ✓ Confirmed in block 47858435
  [EVM] ✓ Confirmed in block 47858464

[96m  [BLOCKCHAIN] Round 9 complete — 3 blocks written (LOCAL + VOTE + GLOBAL) | Chain length: 4829[0m
  [TIMING] Round wall time: 64.0s | Model payload: 3340 KB
  [FedAvg] Round 10: lr=0.000134  (base=0.001000, decay=0.8)

[96m  ROUND 10 TRAINING: 10 devices[0m
+--------+--------+---------+---------+-----+
| Device |  Loss  | Samples | Time(s) | Cls |
+--------+--------+---------+---------+-----+
|   0    | 0.0326 |   1254  |  175.7  |  6  |
|   1    | 0.0425 |   684   |   35.7  |  6  |
|   2    | 0.0538 |   666   |   35.7  |  6  |
|   3    | 0.0304 |   738   |   40.4  |  6  |
|   4    | 0.0465 |   936   |   49.8  |  6  |
|   5    | 0.0409 |   1038  |   59.2  |  6  |
|   6    | 0.0354 |   864   |   47.8  |  6  |
|   7    | 0.0411 |   894   |   47.6  |  6  |
|   8    | 0.0268 |   954   |   51.5  |  6  |
|   9    | 0.0369 |   834   |   46.3  |  6  |
+--------+--------+---------+---------+-----+
  Loss  mean=0.0387  std=0.0076  threshold=0.0463

[96m  [BLOCKCHAIN] Firing LOCAL + VOTE blocks for Round 10 (async)...[0m
  [IPFS] ✓ round_10_local.gz → QmfSQwBPHAA3mECkDiif… (1,311 → 392 bytes) [account_2/2]

  [EVM] Firing LOCAL block (Round 10, 10 clients)...
  [EVM] Transaction sent: 53ae0fe1290da2672a79c80c90a4688980016dec7d7c8f8f3686380142242640
  [IPFS] ✓ round_10_votes.gz → QmPmw2iTKXa4H4AwmCEc… (1,042 → 318 bytes) [account_2/2]
  [EVM] Firing VOTE block (Round 10: 8 accepted / 2 rejected)...
  [EVM] Transaction sent: 0231b1a489bb9f4ff16bf3d951b7f6d884b764c7590b1dbcc35ff9c0720e6e69
+--------+--------+----------+
| Device |  Loss  | Verdict  |
+--------+--------+----------+
|   0    | 0.0326 | ACCEPTED |
|   1    | 0.0425 | ACCEPTED |
|   2    | 0.0538 | REJECTED |
|   3    | 0.0304 | ACCEPTED |
|   4    | 0.0465 | REJECTED |
|   5    | 0.0409 | ACCEPTED |
|   6    | 0.0354 | ACCEPTED |
|   7    | 0.0411 | ACCEPTED |
|   8    | 0.0268 | ACCEPTED |
|   9    | 0.0369 | ACCEPTED |
+--------+--------+----------+

[92m  ROUND 10 EVALUATION: 10 devices[0m
+--------+--------+--------+--------+--------+------+
| Device |  Loss  |  Acc   |   F1   |  AUC   |  N   |
+--------+--------+--------+--------+--------+------+
|   0    | 0.2508 | 0.9152 | 0.9163 | 0.9902 | 2947 |
|   1    | 0.2508 | 0.9152 | 0.9163 | 0.9902 | 2947 |
|   2    | 0.2508 | 0.9152 | 0.9163 | 0.9902 | 2947 |
|   3    | 0.2508 | 0.9152 | 0.9163 | 0.9902 | 2947 |
|   4    | 0.2508 | 0.9152 | 0.9163 | 0.9902 | 2947 |
|   5    | 0.2508 | 0.9152 | 0.9163 | 0.9902 | 2947 |
|   6    | 0.2508 | 0.9152 | 0.9163 | 0.9902 | 2947 |
|   7    | 0.2508 | 0.9152 | 0.9163 | 0.9902 | 2947 |
|   8    | 0.2508 | 0.9152 | 0.9163 | 0.9902 | 2947 |
|   9    | 0.2508 | 0.9152 | 0.9163 | 0.9902 | 2947 |
+--------+--------+--------+--------+--------+------+

[93m════════════════════════════════════════════════════════════[0m
[93m  [ROUND 10] GLOBAL — 6 Activities (UCI HAR)[0m
[93m════════════════════════════════════════════════════════════[0m
   loss                : 0.2508
   accuracy            : 0.9152
   f1_macro            : 0.9163
   f1_weighted         : 0.9151
   precision_macro     : 0.9164
   recall_macro        : 0.9174
   specificity_macro   : 0.9830
   auc_macro           : 0.9902
   ── Per-Activity ──  
     WALKING  P=0.987  R=0.931  F1=0.959  AUC=1.000  (n=496)
     WALKING_UPSTAIRS  P=0.998  R=0.964  F1=0.981  AUC=1.000  (n=471)
     WALKING_DOWNSTAIRS  P=0.901  R=0.995  F1=0.946  AUC=1.000  (n=420)
     SITTING  P=0.802  R=0.792  F1=0.797  AUC=0.965  (n=491)
     STANDING  P=0.821  R=0.821  F1=0.821  AUC=0.977  (n=532)
     LAYING  P=0.989  R=1.000  F1=0.994  AUC=1.000  (n=537)
  [IPFS] ✓ round_10_global_model.gz → QmcEkZZZt7Zm97MrYtbr… (3,476,897 → 3,187,484 bytes) [account_2/2]
  [IPFS] ✓ round_10_global_metrics.gz → QmfWtkigoEGcV6SxEpUW… (201 → 182 bytes) [account_2/2]

  [EVM] Firing GLOBAL block (Round 10)...
  [EVM] Transaction sent: 8d86d4ebe00f3b382873181a04a0056437826cd764a27606ed70d2d4e963b22b
  [EVM] Waiting for all Round 10 transactions to confirm...
  [EVM] Waiting for 3 pending transaction(s)...
  [EVM] ✓ Confirmed in block 47858579
  [EVM] ✓ Confirmed in block 47858580
  [EVM] ✓ Confirmed in block 47858609

[96m  [BLOCKCHAIN] Round 10 complete — 3 blocks written (LOCAL + VOTE + GLOBAL) | Chain length: 4832[0m
  [TIMING] Round wall time: 64.3s | Model payload: 3340 KB

  ════════════════════════════════════════════════════════════
  EVM BLOCKCHAIN SUMMARY
  ════════════════════════════════════════════════════════════
  Contract:        0xBE3FeAC76293711C5D32426860303AfE24cdf527
  Total blocks:    4832
  Chain integrity: ✓ VALID
  IPFS backend:    pinata
  IPFS pins:       42
  IPFS uploaded:   35,029,500 bytes
  ════════════════════════════════════════════════════════════


[92m   Done. Model  -> final_model.pt
    Metrics -> outputs_ucihar/baseline_20260627_005420/results.json[0m
