00:54:20.%f  === FL-Blockchain Performance Log ===
00:54:20.%f  Mode     : BASELINE
00:54:20.%f  Started  : 2026-06-27T00:54:20.829436
00:54:20.%f  File     : outputs_ucihar/baseline_20260627_005420/perf_baseline_20260627_005420.log
00:54:20.%f  ==================================================
00:54:20.%f  BLOCKCHAIN_OPTIMIZED = False
00:54:30.%f    ipfs_global model_cid=QmURrmomsbe3Nfeh...  upload_ms=6734 [blocking]
00:54:30.%f    gas_limit  type=GLOBAL estimated=226305  estimate_ms=511.9
00:54:31.%f    gas_price  fetched=6000000  fetch_ms=102.8
00:54:31.%f    tx_sent    type=GLOBAL  hash=2434e69cbb5d...  send_ms=405.0
00:54:31.%f    global_tx_fired  ms=1430.1
00:54:31.%f    confirmed  idx=0  block=47857163  submit_to_confirm_ms=206
00:54:31.%f    wait_for_pending  n=1  total_wait_ms=205
00:54:31.%f    round_confirmation_total_ms=206
00:54:32.%f    verify_chain  valid=True  ms=513 [per-round]
00:54:32.%f  --- ROUND 0 end  total_overhead_ms=1636
00:58:21.%f  --- ROUND 1 start  mode=BASE
00:58:23.%f    ipfs_local  cid=QmZCP3jG2jfQLT2W...  upload_ms=1791 [blocking]
00:58:23.%f    gas_limit  type=LOCAL  estimated=276231  estimate_ms=326.4
00:58:23.%f    gas_price  fetched=6000000  fetch_ms=122.6
00:58:24.%f    tx_sent    type=LOCAL   hash=f59277887289...  send_ms=405.9
00:58:24.%f    local_tx_fired  ms=1039.3
00:58:25.%f    ipfs_vote   cid=QmVuJoMgp3UBYqvQ...  upload_ms=820 [blocking]
00:58:25.%f    gas_limit  type=VOTE   estimated=269868  estimate_ms=409.3
00:58:25.%f    gas_price  fetched=6000000  fetch_ms=203.2
00:58:26.%f    tx_sent    type=VOTE    hash=d1680bd1914b...  send_ms=404.8
00:58:26.%f    vote_tx_fired  ms=1227.5
00:59:22.%f    ipfs_global model_cid=Qme5dAapnFEjNjhd...  upload_ms=4083 [blocking]
00:59:23.%f    gas_limit  type=GLOBAL estimated=251346  estimate_ms=304.6
00:59:23.%f    gas_price  fetched=6000000  fetch_ms=107.8
00:59:23.%f    tx_sent    type=GLOBAL  hash=0602f84ae96e...  send_ms=351.0
00:59:23.%f    global_tx_fired  ms=911.3
00:59:23.%f    confirmed  idx=0  block=47857279  submit_to_confirm_ms=59292
00:59:23.%f    confirmed  idx=1  block=47857280  submit_to_confirm_ms=57361
00:59:23.%f    confirmed  idx=2  block=47857309  submit_to_confirm_ms=318
00:59:23.%f    wait_for_pending  n=3  total_wait_ms=318
00:59:23.%f    round_confirmation_total_ms=318
00:59:24.%f    verify_chain  valid=True  ms=503 [per-round]
00:59:24.%f  --- ROUND 1 end  total_overhead_ms=1229
01:03:10.%f  --- ROUND 2 start  mode=BASE
01:03:12.%f    ipfs_local  cid=QmVFMmxiK82khkAp...  upload_ms=2469 [blocking]
01:03:13.%f    gas_limit  type=LOCAL  estimated=276201  estimate_ms=511.1
01:03:13.%f    gas_price  fetched=6000000  fetch_ms=206.3
01:03:13.%f    tx_sent    type=LOCAL   hash=30896f7b80de...  send_ms=404.9
01:03:13.%f    local_tx_fired  ms=1331.2
01:03:14.%f    ipfs_vote   cid=QmYs8gT6NNQQCTc5...  upload_ms=717 [blocking]
01:03:15.%f    gas_limit  type=VOTE   estimated=269732  estimate_ms=411.8
01:03:15.%f    gas_price  fetched=6000000  fetch_ms=95.1
01:03:15.%f    tx_sent    type=VOTE    hash=5dad3d95c2f8...  send_ms=406.9
01:03:15.%f    vote_tx_fired  ms=1126.4
01:04:16.%f    ipfs_global model_cid=QmcBpMNqX7TM8ZFp...  upload_ms=5007 [blocking]
01:04:16.%f    gas_limit  type=GLOBAL estimated=251392  estimate_ms=307.3
01:04:16.%f    gas_price  fetched=6000000  fetch_ms=204.8
01:04:17.%f    tx_sent    type=GLOBAL  hash=f2de9e1accac...  send_ms=391.7
01:04:17.%f    global_tx_fired  ms=1112.4
01:04:17.%f    confirmed  idx=0  block=47857424  submit_to_confirm_ms=63491
01:04:17.%f    confirmed  idx=1  block=47857425  submit_to_confirm_ms=61855
01:04:17.%f    confirmed  idx=2  block=47857456  submit_to_confirm_ms=426
01:04:17.%f    wait_for_pending  n=3  total_wait_ms=426
01:04:17.%f    round_confirmation_total_ms=426
01:04:18.%f    verify_chain  valid=True  ms=600 [per-round]
01:04:18.%f  --- ROUND 2 end  total_overhead_ms=1539
01:08:01.%f  --- ROUND 3 start  mode=BASE
01:08:03.%f    ipfs_local  cid=QmYvddh5LwjD4U7P...  upload_ms=2044 [blocking]
01:08:04.%f    gas_limit  type=LOCAL  estimated=276246  estimate_ms=512.0
01:08:04.%f    gas_price  fetched=6000000  fetch_ms=204.5
01:08:05.%f    tx_sent    type=LOCAL   hash=3c1592ea28cf...  send_ms=390.6
01:08:05.%f    local_tx_fired  ms=1229.6
01:08:05.%f    ipfs_vote   cid=QmQMSbyFtn8sudQA...  upload_ms=715 [blocking]
01:08:06.%f    gas_limit  type=VOTE   estimated=269898  estimate_ms=415.1
01:08:06.%f    gas_price  fetched=6000000  fetch_ms=199.4
01:08:07.%f    tx_sent    type=VOTE    hash=b108c5fec855...  send_ms=356.5
01:08:07.%f    vote_tx_fired  ms=1171.8
01:09:06.%f    ipfs_global model_cid=QmVSt3muikNJi5kk...  upload_ms=5214 [blocking]
01:09:07.%f    gas_limit  type=GLOBAL estimated=251377  estimate_ms=409.4
01:09:07.%f    gas_price  fetched=6000000  fetch_ms=121.7
01:09:07.%f    tx_sent    type=GLOBAL  hash=c9280ebe73cc...  send_ms=365.9
01:09:07.%f    global_tx_fired  ms=1023.2
01:09:07.%f    confirmed  idx=0  block=47857570  submit_to_confirm_ms=62841
01:09:08.%f    confirmed  idx=1  block=47857571  submit_to_confirm_ms=61092
01:09:08.%f    confirmed  idx=2  block=47857601  submit_to_confirm_ms=517
01:09:08.%f    wait_for_pending  n=3  total_wait_ms=517
01:09:08.%f    round_confirmation_total_ms=517
01:09:08.%f    verify_chain  valid=True  ms=405 [per-round]
01:09:08.%f  --- ROUND 3 end  total_overhead_ms=1540
01:12:49.%f  --- ROUND 4 start  mode=BASE
01:12:52.%f    ipfs_local  cid=QmeCDoZDWiGozcpk...  upload_ms=2286 [blocking]
01:12:52.%f    gas_limit  type=LOCAL  estimated=276231  estimate_ms=511.5
01:12:52.%f    gas_price  fetched=6000000  fetch_ms=204.8
01:12:53.%f    tx_sent    type=LOCAL   hash=5183ed046e7a...  send_ms=401.2
01:12:53.%f    local_tx_fired  ms=1234.4
01:12:54.%f    ipfs_vote   cid=QmUzmttmLJi1brHK...  upload_ms=710 [blocking]
01:12:54.%f    gas_limit  type=VOTE   estimated=270211  estimate_ms=512.1
01:12:54.%f    gas_price  fetched=6000000  fetch_ms=204.1
01:12:55.%f    tx_sent    type=VOTE    hash=7008d8aa16d3...  send_ms=405.8
01:12:55.%f    vote_tx_fired  ms=1331.0
01:13:51.%f    ipfs_global model_cid=QmcC2vXzHqoPGcbE...  upload_ms=4588 [blocking]
01:13:51.%f    gas_limit  type=GLOBAL estimated=251392  estimate_ms=406.6
01:13:51.%f    gas_price  fetched=6000000  fetch_ms=206.0
01:13:52.%f    tx_sent    type=GLOBAL  hash=f2159e886cfb...  send_ms=404.5
01:13:52.%f    global_tx_fired  ms=1225.8
01:13:52.%f    confirmed  idx=0  block=47857714  submit_to_confirm_ms=59189
01:13:52.%f    confirmed  idx=1  block=47857715  submit_to_confirm_ms=57254
01:13:52.%f    confirmed  idx=2  block=47857743  submit_to_confirm_ms=514
01:13:52.%f    wait_for_pending  n=3  total_wait_ms=514
01:13:52.%f    round_confirmation_total_ms=514
01:13:53.%f    verify_chain  valid=True  ms=408 [per-round]
01:13:53.%f  --- ROUND 4 end  total_overhead_ms=1740
01:17:36.%f  --- ROUND 5 start  mode=BASE
01:17:38.%f    ipfs_local  cid=QmejfKRLNEKpzZCT...  upload_ms=1700 [blocking]
01:17:38.%f    gas_limit  type=LOCAL  estimated=276216  estimate_ms=550.7
01:17:38.%f    gas_price  fetched=6000000  fetch_ms=205.4
01:17:39.%f    tx_sent    type=LOCAL   hash=3cfe49427779...  send_ms=406.3
01:17:39.%f    local_tx_fired  ms=1372.4
01:17:40.%f    ipfs_vote   cid=QmYXSQCFc7e44ssy...  upload_ms=715 [blocking]
01:17:40.%f    gas_limit  type=VOTE   estimated=269883  estimate_ms=315.6
01:17:40.%f    gas_price  fetched=6000000  fetch_ms=195.3
01:17:41.%f    tx_sent    type=VOTE    hash=0e8157e96fc7...  send_ms=401.0
01:17:41.%f    vote_tx_fired  ms=1024.3
01:18:38.%f    ipfs_global model_cid=QmVcP5wcpjfHTDHB...  upload_ms=5700 [blocking]
01:18:38.%f    gas_limit  type=GLOBAL estimated=251377  estimate_ms=307.4
01:18:39.%f    gas_price  fetched=6000000  fetch_ms=203.9
01:18:39.%f    tx_sent    type=GLOBAL  hash=0b1b569cc9cf...  send_ms=402.6
01:18:39.%f    global_tx_fired  ms=1023.9
01:18:39.%f    confirmed  idx=0  block=47857857  submit_to_confirm_ms=60424
01:18:40.%f    confirmed  idx=1  block=47857858  submit_to_confirm_ms=58881
01:18:40.%f    confirmed  idx=2  block=47857887  submit_to_confirm_ms=513
01:18:40.%f    wait_for_pending  n=3  total_wait_ms=507
01:18:40.%f    round_confirmation_total_ms=507
01:18:40.%f    verify_chain  valid=True  ms=577 [per-round]
01:18:40.%f  --- ROUND 5 end  total_overhead_ms=1537
01:22:23.%f  --- ROUND 6 start  mode=BASE
01:22:25.%f    ipfs_local  cid=QmXSKVq3aUaRbkVK...  upload_ms=2540 [blocking]
01:22:26.%f    gas_limit  type=LOCAL  estimated=276261  estimate_ms=309.2
01:22:26.%f    gas_price  fetched=6000000  fetch_ms=109.0
01:22:26.%f    tx_sent    type=LOCAL   hash=bae1d58d5551...  send_ms=406.8
01:22:26.%f    local_tx_fired  ms=1023.8
01:22:27.%f    ipfs_vote   cid=QmUfRooR4wSSJx1Y...  upload_ms=717 [blocking]
01:22:28.%f    gas_limit  type=VOTE   estimated=269898  estimate_ms=512.2
01:22:28.%f    gas_price  fetched=6000000  fetch_ms=203.5
01:22:28.%f    tx_sent    type=VOTE    hash=b96e4f0604b6...  send_ms=404.7
01:22:28.%f    vote_tx_fired  ms=1228.9
01:23:26.%f    ipfs_global model_cid=QmXdnShQA5QFavgi...  upload_ms=5759 [blocking]
01:23:26.%f    gas_limit  type=GLOBAL estimated=251377  estimate_ms=410.3
01:23:26.%f    gas_price  fetched=6000000  fetch_ms=116.5
01:23:27.%f    tx_sent    type=GLOBAL  hash=e769fe7afe3e...  send_ms=397.9
01:23:27.%f    global_tx_fired  ms=1118.8
01:23:27.%f    confirmed  idx=0  block=47858001  submit_to_confirm_ms=60827
01:23:27.%f    confirmed  idx=1  block=47858002  submit_to_confirm_ms=58991
01:23:27.%f    confirmed  idx=2  block=47858031  submit_to_confirm_ms=519
01:23:27.%f    wait_for_pending  n=3  total_wait_ms=519
01:23:27.%f    round_confirmation_total_ms=519
01:23:28.%f    verify_chain  valid=True  ms=512 [per-round]
01:23:28.%f  --- ROUND 6 end  total_overhead_ms=1638
01:27:10.%f  --- ROUND 7 start  mode=BASE
01:27:12.%f    ipfs_local  cid=QmbEabWBjdQ2KKLn...  upload_ms=2000 [blocking]
01:27:12.%f    gas_limit  type=LOCAL  estimated=276216  estimate_ms=512.7
01:27:12.%f    gas_price  fetched=6000000  fetch_ms=122.9
01:27:13.%f    tx_sent    type=LOCAL   hash=2352bf487a36...  send_ms=383.6
01:27:13.%f    local_tx_fired  ms=1206.2
01:27:14.%f    ipfs_vote   cid=QmcJhqxyQoXszCrg...  upload_ms=636 [blocking]
01:27:14.%f    gas_limit  type=VOTE   estimated=270362  estimate_ms=307.4
01:27:14.%f    gas_price  fetched=6000000  fetch_ms=102.9
01:27:15.%f    tx_sent    type=VOTE    hash=e29f5b42876d...  send_ms=405.1
01:27:15.%f    vote_tx_fired  ms=1024.1
01:28:14.%f    ipfs_global model_cid=QmTs1jfGmSZSjZ7t...  upload_ms=7009 [blocking]
01:28:15.%f    gas_limit  type=GLOBAL estimated=251377  estimate_ms=385.6
01:28:15.%f    gas_price  fetched=6000000  fetch_ms=102.8
01:28:15.%f    tx_sent    type=GLOBAL  hash=bddcdf321ef3...  send_ms=349.6
01:28:15.%f    global_tx_fired  ms=968.8
01:28:16.%f    confirmed  idx=0  block=47858144  submit_to_confirm_ms=62694
01:28:16.%f    confirmed  idx=1  block=47858145  submit_to_confirm_ms=61137
01:28:16.%f    confirmed  idx=2  block=47858175  submit_to_confirm_ms=464
01:28:16.%f    wait_for_pending  n=3  total_wait_ms=464
01:28:16.%f    round_confirmation_total_ms=464
01:28:16.%f    verify_chain  valid=True  ms=512 [per-round]
01:28:16.%f  --- ROUND 7 end  total_overhead_ms=1433
01:31:58.%f  --- ROUND 8 start  mode=BASE
01:32:00.%f    ipfs_local  cid=QmeLZntquG1Ks4L8...  upload_ms=1951 [blocking]
01:32:01.%f    gas_limit  type=LOCAL  estimated=276186  estimate_ms=424.1
01:32:01.%f    gas_price  fetched=6000000  fetch_ms=103.8
01:32:01.%f    tx_sent    type=LOCAL   hash=dc0b28b6d5f1...  send_ms=404.8
01:32:01.%f    local_tx_fired  ms=1127.1
01:32:02.%f    ipfs_vote   cid=QmdCxDXCboN9u48d...  upload_ms=819 [blocking]
01:32:03.%f    gas_limit  type=VOTE   estimated=270302  estimate_ms=711.2
01:32:03.%f    gas_price  fetched=6000000  fetch_ms=164.9
01:32:03.%f    tx_sent    type=VOTE    hash=fa68073701f0...  send_ms=405.4
01:32:03.%f    vote_tx_fired  ms=1427.7
01:33:05.%f    ipfs_global model_cid=QmXBBGt5a67ci4mh...  upload_ms=6626 [blocking]
01:33:06.%f    gas_limit  type=GLOBAL estimated=251377  estimate_ms=410.4
01:33:06.%f    gas_price  fetched=6000000  fetch_ms=104.7
01:33:06.%f    tx_sent    type=GLOBAL  hash=f663beaf8d07...  send_ms=404.0
01:33:06.%f    global_tx_fired  ms=1126.4
01:33:06.%f    confirmed  idx=0  block=47858288  submit_to_confirm_ms=65230
01:33:07.%f    confirmed  idx=1  block=47858289  submit_to_confirm_ms=63180
01:33:07.%f    confirmed  idx=2  block=47858321  submit_to_confirm_ms=514
01:33:07.%f    wait_for_pending  n=3  total_wait_ms=514
01:33:07.%f    round_confirmation_total_ms=514
01:33:07.%f    verify_chain  valid=True  ms=604 [per-round]
01:33:07.%f  --- ROUND 8 end  total_overhead_ms=1640
01:36:51.%f  --- ROUND 9 start  mode=BASE
01:36:53.%f    ipfs_local  cid=QmSbkwWpTxmvG46d...  upload_ms=1823 [blocking]
01:36:53.%f    gas_limit  type=LOCAL  estimated=276246  estimate_ms=506.4
01:36:53.%f    gas_price  fetched=6000000  fetch_ms=205.0
01:36:54.%f    tx_sent    type=LOCAL   hash=7ccd285fed03...  send_ms=406.1
01:36:54.%f    local_tx_fired  ms=1327.2
01:36:55.%f    ipfs_vote   cid=QmckKyGV3emGjDYq...  upload_ms=716 [blocking]
01:36:55.%f    gas_limit  type=VOTE   estimated=270211  estimate_ms=511.3
01:36:55.%f    gas_price  fetched=6000000  fetch_ms=107.8
01:36:56.%f    tx_sent    type=VOTE    hash=f407b1994c67...  send_ms=400.0
01:36:56.%f    vote_tx_fired  ms=1126.5
01:37:52.%f    ipfs_global model_cid=QmYtV5tXVJKSRAkL...  upload_ms=3789 [blocking]
01:37:53.%f    gas_limit  type=GLOBAL estimated=251377  estimate_ms=307.5
01:37:53.%f    gas_price  fetched=6000000  fetch_ms=203.5
01:37:53.%f    tx_sent    type=GLOBAL  hash=eee6b3f37e80...  send_ms=406.0
01:37:53.%f    global_tx_fired  ms=1025.3
01:37:54.%f    confirmed  idx=0  block=47858434  submit_to_confirm_ms=59498
01:37:54.%f    confirmed  idx=1  block=47858435  submit_to_confirm_ms=57857
01:37:54.%f    confirmed  idx=2  block=47858464  submit_to_confirm_ms=511
01:37:54.%f    wait_for_pending  n=3  total_wait_ms=510
01:37:54.%f    round_confirmation_total_ms=511
01:37:54.%f    verify_chain  valid=True  ms=424 [per-round]
01:37:54.%f  --- ROUND 9 end  total_overhead_ms=1536
01:41:39.%f  --- ROUND 10 start  mode=BASE
01:41:41.%f    ipfs_local  cid=QmfSQwBPHAA3mECk...  upload_ms=2021 [blocking]
01:41:42.%f    gas_limit  type=LOCAL  estimated=276231  estimate_ms=409.0
01:41:42.%f    gas_price  fetched=6000000  fetch_ms=205.8
01:41:43.%f    tx_sent    type=LOCAL   hash=53ae0fe1290d...  send_ms=383.6
01:41:43.%f    local_tx_fired  ms=1205.1
01:41:43.%f    ipfs_vote   cid=QmPmw2iTKXa4H4Aw...  upload_ms=647 [blocking]
01:41:44.%f    gas_limit  type=VOTE   estimated=270226  estimate_ms=400.2
01:41:44.%f    gas_price  fetched=6000000  fetch_ms=204.0
01:41:44.%f    tx_sent    type=VOTE    hash=0231b1a489bb...  send_ms=403.7
01:41:44.%f    vote_tx_fired  ms=1219.7
01:42:41.%f    ipfs_global model_cid=QmcEkZZZt7Zm97Mr...  upload_ms=4306 [blocking]
01:42:42.%f    gas_limit  type=GLOBAL estimated=251377  estimate_ms=513.8
01:42:42.%f    gas_price  fetched=6000000  fetch_ms=205.3
01:42:42.%f    tx_sent    type=GLOBAL  hash=8d86d4ebe00f...  send_ms=404.3
01:42:42.%f    global_tx_fired  ms=1230.7
01:42:42.%f    confirmed  idx=0  block=47858579  submit_to_confirm_ms=59730
01:42:42.%f    confirmed  idx=1  block=47858580  submit_to_confirm_ms=57967
01:42:43.%f    confirmed  idx=2  block=47858609  submit_to_confirm_ms=411
01:42:43.%f    wait_for_pending  n=3  total_wait_ms=411
01:42:43.%f    round_confirmation_total_ms=411
01:42:43.%f    verify_chain  valid=True  ms=514 [per-round]
01:42:43.%f  --- ROUND 10 end  total_overhead_ms=1642
01:42:44.%f    verify_chain  valid=True  ms=523  [per-round-final]
