[SETUP] Run output dir : outputs_ucihar/experiment_20260627_014307
[SETUP] Variant        : experiment
[SETUP] Pinata account : 1
  [PERF] Logging to outputs_ucihar/optimized_20260627_014307/perf_optimized_20260627_014307.log
  [EVM] Connected to network (Chain ID: 8453)
  [EVM] Using account: 0x1c7433A4A78e1C5748d01D9429F7b39e9eaDBdd4
  [EVM] Balance: 0.0012 ETH
  [EVM] Contract loaded: 0xBE3FeAC76293711C5D32426860303AfE24cdf527
  [EVM] Current chain length: 4832 blocks
  [IPFS] Pinata primary: account_1 | accounts configured: 2 (+ 1 fallback)
  [IPFS] Backend: pinata | Compress: True
  [EVM] IPFS storage enabled (pinata backend)

[96m════════════════════════════════════════════════════════════
  6 Activities (UCI HAR): WALKING, WALKING_UPSTAIRS, WALKING_DOWNSTAIRS, SITTING, STANDING, LAYING
/home/bibarys/Documents/FL-Blockchain-EVM/venv/lib/python3.12/site-packages/torch/cuda/__init__.py:174: UserWarning: CUDA initialization: Unexpected error from cudaGetDeviceCount(). Did you run some cuda functions before calling NumCudaDevices() that might have already set an error? Error 804: forward compatibility was attempted on non supported HW (Triggered internally at /pytorch/c10/cuda/CUDAFunctions.cpp:109.)
  return torch._C._cuda_getDeviceCount() > 0
Using CPU
  Rounds: 10 | LR: 0.001 | Device: cpu
  Eval partitioning: 10 partitions
  Blockchain: 3 tx per round (LOCAL + VOTE + GLOBAL)
  IPFS:       enabled
  Dashboard:  open dashboard.html in your browser
════════════════════════════════════════════════════════════[0m

  [UCI-HAR] Loading train split from /home/bibarys/Documents/FL-Blockchain-EVM/data/UCI_HAR/UCI_HAR_Dataset ...
  [UCI-HAR] train: 7352 windows  |  subjects: [1, 3, 5, 6, 7, 8, 11, 14, 15, 16, 17, 19, 21, 22, 23, 25, 26, 27, 28, 29, 30]
  [UCI-HAR] Loading test split from /home/bibarys/Documents/FL-Blockchain-EVM/data/UCI_HAR/UCI_HAR_Dataset ...
  [UCI-HAR] test: 2947 windows  |  subjects: [2, 4, 9, 10, 12, 13, 18, 20, 24]
  [UCI-HAR] Normalization: global (pre-saved stats)
  [UCI-HAR] Partition 0: subjects=[1, 3, 5], windows=990

[93m════════════════════════════════════════════════════════════[0m
[93m  [ROUND 0] GLOBAL — 6 Activities (UCI HAR)[0m
[93m════════════════════════════════════════════════════════════[0m
   loss                : 1.7835
   accuracy            : 0.3135
   f1_macro            : 0.1868
   f1_weighted         : 0.1866
   precision_macro     : 0.3189
   recall_macro        : 0.3204
   specificity_macro   : 0.8639
   auc_macro           : 0.6442
   ── Per-Activity ──  
     WALKING  P=0.184  R=0.065  F1=0.096  AUC=0.232  (n=496)
     WALKING_UPSTAIRS  P=0.000  R=0.000  F1=0.000  AUC=0.572  (n=471)
     WALKING_DOWNSTAIRS  P=0.244  R=0.860  F1=0.380  AUC=0.853  (n=420)
     SITTING  P=1.000  R=0.004  F1=0.008  AUC=0.954  (n=491)
     STANDING  P=0.458  R=0.987  F1=0.625  AUC=0.843  (n=532)
     LAYING  P=0.028  R=0.007  F1=0.012  AUC=0.410  (n=537)

  [EVM] Firing GLOBAL block (Round 0)...
  [EVM] Transaction sent: bbc0570a4decb4685869b7cc9f722e6a9544bb9568f2ffdb562c69d1224a0075
  [EVM] Waiting for all Round 0 transactions to confirm...
  [EVM] Waiting for 1 pending transaction(s)...
  [EVM] ✓ Confirmed in block 47858623
  [IPFS] Pinata account_1 exhausted (HTTP 403) → switching to account_2/2
[IPFS] Pinata account_1 exhausted (HTTP 403) → switching to account_2/2
  [IPFS] ✓ round_0_global_model.gz → QmRJDdQHNcnJRS2oxyMf… (3,476,897 → 3,152,228 bytes) [account_2/2]
  [IPFS] ✓ round_0_global_metrics.gz → QmSjE3KF2M6CPPkwqtkG… (134 → 125 bytes) [account_2/2]

[96m  [BLOCKCHAIN] Round 0 complete — 3 blocks written (LOCAL + VOTE + GLOBAL) | Chain length: 4833[0m
  [TIMING] Round wall time: 10.2s | Model payload: 3340 KB
  [FedAvg] Round 1: lr=0.001000  (base=0.001000, decay=0.8)

[96m  ROUND 1 TRAINING: 10 devices[0m
+--------+--------+---------+---------+-----+
| Device |  Loss  | Samples | Time(s) | Cls |
+--------+--------+---------+---------+-----+
|   0    | 0.0479 |   1254  |  175.6  |  6  |
|   1    | 0.0401 |   684   |   35.5  |  6  |
|   2    | 0.0452 |   666   |   35.4  |  6  |
|   3    | 0.0466 |   738   |   40.2  |  6  |
|   4    | 0.0439 |   936   |   50.0  |  6  |
|   5    | 0.0492 |   1038  |   58.4  |  6  |
|   6    | 0.0440 |   864   |   47.5  |  6  |
|   7    | 0.0395 |   894   |   47.9  |  6  |
|   8    | 0.0470 |   954   |   51.8  |  6  |
|   9    | 0.0275 |   834   |   46.7  |  6  |
+--------+--------+---------+---------+-----+
  Loss  mean=0.0431  std=0.0060  threshold=0.0491

[96m  [BLOCKCHAIN] Firing LOCAL + VOTE blocks for Round 1 (async)...[0m

  [EVM] Firing LOCAL block (Round 1, 10 clients)...
  [EVM] Transaction sent: 6ded2248ef4bb041d35148f3688399eac9a2c73915143383d1c9eadd22fe3da6
  [EVM] Firing VOTE block (Round 1: 9 accepted / 1 rejected)...
  [EVM] Transaction sent: d44478e5a06040e344a299d6cef82fd41377d49b5d3fcc13b678d2b4d57b80ec
+--------+--------+----------+
| Device |  Loss  | Verdict  |
+--------+--------+----------+
|   0    | 0.0479 | ACCEPTED |
|   1    | 0.0401 | ACCEPTED |
|   2    | 0.0452 | ACCEPTED |
|   3    | 0.0466 | ACCEPTED |
|   4    | 0.0439 | ACCEPTED |
|   5    | 0.0492 | REJECTED |
|   6    | 0.0440 | ACCEPTED |
|   7    | 0.0395 | ACCEPTED |
|   8    | 0.0470 | ACCEPTED |
|   9    | 0.0275 | ACCEPTED |
+--------+--------+----------+
  [IPFS] ✓ round_1_local.gz → QmQSjkjhx6Z2PMxf3HDN… (1,307 → 389 bytes) [account_2/2]
  [IPFS] ✓ round_1_votes.gz → QmQtqAReVabA7hjeqU9s… (1,029 → 311 bytes) [account_2/2]

[92m  ROUND 1 EVALUATION: 10 devices[0m
+--------+--------+--------+--------+--------+------+
| Device |  Loss  |  Acc   |   F1   |  AUC   |  N   |
+--------+--------+--------+--------+--------+------+
|   0    | 0.8622 | 0.6997 | 0.6778 | 0.9803 | 2947 |
|   1    | 0.8622 | 0.6997 | 0.6778 | 0.9803 | 2947 |
|   2    | 0.8622 | 0.6997 | 0.6778 | 0.9803 | 2947 |
|   3    | 0.8622 | 0.6997 | 0.6778 | 0.9803 | 2947 |
|   4    | 0.8622 | 0.6997 | 0.6778 | 0.9803 | 2947 |
|   5    | 0.8622 | 0.6997 | 0.6778 | 0.9803 | 2947 |
|   6    | 0.8622 | 0.6997 | 0.6778 | 0.9803 | 2947 |
|   7    | 0.8622 | 0.6997 | 0.6778 | 0.9803 | 2947 |
|   8    | 0.8622 | 0.6997 | 0.6778 | 0.9803 | 2947 |
|   9    | 0.8622 | 0.6997 | 0.6778 | 0.9803 | 2947 |
+--------+--------+--------+--------+--------+------+

[93m════════════════════════════════════════════════════════════[0m
[93m  [ROUND 1] GLOBAL — 6 Activities (UCI HAR)[0m
[93m════════════════════════════════════════════════════════════[0m
   loss                : 0.8622
   accuracy            : 0.6997
   f1_macro            : 0.6778
   f1_weighted         : 0.6770
   precision_macro     : 0.7769
   recall_macro        : 0.6941
   specificity_macro   : 0.9392
   auc_macro           : 0.9803
   ── Per-Activity ──  
     WALKING  P=1.000  R=0.450  F1=0.620  AUC=0.979  (n=496)
     WALKING_UPSTAIRS  P=0.884  R=0.839  F1=0.861  AUC=0.983  (n=471)
     WALKING_DOWNSTAIRS  P=0.862  R=0.774  F1=0.816  AUC=0.982  (n=420)
     SITTING  P=0.495  R=0.110  F1=0.180  AUC=0.956  (n=491)
     STANDING  P=0.422  R=0.994  F1=0.592  AUC=0.982  (n=532)
     LAYING  P=0.998  R=0.998  F1=0.998  AUC=1.000  (n=537)

  [EVM] Firing GLOBAL block (Round 1)...
  [EVM] Transaction sent: 0c1d6fc6854f0785e4c302e1d2272ee52b98c121a579285e57349819dfc66249
  [EVM] Waiting for all Round 1 transactions to confirm...
  [EVM] Waiting for 3 pending transaction(s)...
  [EVM] ✓ Confirmed in block 47858737
  [EVM] ✓ Confirmed in block 47858738
  [EVM] ✓ Confirmed in block 47858764
  [IPFS] ✓ round_1_global_model.gz → QmT6ftnBLU7yV3oMQbB9… (3,476,897 → 3,185,220 bytes) [account_2/2]
  [IPFS] ✓ round_1_global_metrics.gz → QmYbr2mk9BtkhochFNEY… (135 → 125 bytes) [account_2/2]

[96m  [BLOCKCHAIN] Round 1 complete — 3 blocks written (LOCAL + VOTE + GLOBAL) | Chain length: 4836[0m
  [TIMING] Round wall time: 59.6s | Model payload: 3340 KB
  [FedAvg] Round 2: lr=0.000800  (base=0.001000, decay=0.8)

[96m  ROUND 2 TRAINING: 10 devices[0m
+--------+--------+---------+---------+-----+
| Device |  Loss  | Samples | Time(s) | Cls |
+--------+--------+---------+---------+-----+
|   0    | 0.0346 |   1254  |  175.1  |  6  |
|   1    | 0.0387 |   684   |   35.5  |  6  |
|   2    | 0.0339 |   666   |   35.5  |  6  |
|   3    | 0.0439 |   738   |   40.6  |  6  |
|   4    | 0.0328 |   936   |   49.8  |  6  |
|   5    | 0.0412 |   1038  |   57.9  |  6  |
|   6    | 0.0363 |   864   |   47.7  |  6  |
|   7    | 0.0349 |   894   |   47.9  |  6  |
|   8    | 0.0477 |   954   |   51.5  |  6  |
|   9    | 0.0324 |   834   |   46.6  |  6  |
+--------+--------+---------+---------+-----+
  Loss  mean=0.0376  std=0.0049  threshold=0.0425

[96m  [BLOCKCHAIN] Firing LOCAL + VOTE blocks for Round 2 (async)...[0m

  [EVM] Firing LOCAL block (Round 2, 10 clients)...
  [EVM] Transaction sent: d6eb7829e7c10c34457e8101e11ee8c620ca7661b0bb22a3192111579b4463e1
  [EVM] Firing VOTE block (Round 2: 8 accepted / 2 rejected)...
  [EVM] Transaction sent: ba18b47762f45ed598a6f80879c8e48bf91fe40fcebb973a99ae6f4faa7bf91e
+--------+--------+----------+
| Device |  Loss  | Verdict  |
+--------+--------+----------+
|   0    | 0.0346 | ACCEPTED |
|   1    | 0.0387 | ACCEPTED |
|   2    | 0.0339 | ACCEPTED |
|   3    | 0.0439 | REJECTED |
|   4    | 0.0328 | ACCEPTED |
|   5    | 0.0412 | ACCEPTED |
|   6    | 0.0363 | ACCEPTED |
|   7    | 0.0349 | ACCEPTED |
|   8    | 0.0477 | REJECTED |
|   9    | 0.0324 | ACCEPTED |
+--------+--------+----------+
  [IPFS] ✓ round_2_local.gz → QmPqPhgBHKmEunSeSiTC… (1,312 → 392 bytes) [account_2/2]
  [IPFS] ✓ round_2_votes.gz → QmRjgr6g2XFSQbumsgbV… (1,042 → 319 bytes) [account_2/2]

[92m  ROUND 2 EVALUATION: 10 devices[0m
+--------+--------+--------+--------+--------+------+
| Device |  Loss  |  Acc   |   F1   |  AUC   |  N   |
+--------+--------+--------+--------+--------+------+
|   0    | 0.3662 | 0.8850 | 0.8873 | 0.9897 | 2947 |
|   1    | 0.3662 | 0.8850 | 0.8873 | 0.9897 | 2947 |
|   2    | 0.3662 | 0.8850 | 0.8873 | 0.9897 | 2947 |
|   3    | 0.3662 | 0.8850 | 0.8873 | 0.9897 | 2947 |
|   4    | 0.3662 | 0.8850 | 0.8873 | 0.9897 | 2947 |
|   5    | 0.3662 | 0.8850 | 0.8873 | 0.9897 | 2947 |
|   6    | 0.3662 | 0.8850 | 0.8873 | 0.9897 | 2947 |
|   7    | 0.3662 | 0.8850 | 0.8873 | 0.9897 | 2947 |
|   8    | 0.3662 | 0.8850 | 0.8873 | 0.9897 | 2947 |
|   9    | 0.3662 | 0.8850 | 0.8873 | 0.9897 | 2947 |
+--------+--------+--------+--------+--------+------+

[93m════════════════════════════════════════════════════════════[0m
[93m  [ROUND 2] GLOBAL — 6 Activities (UCI HAR)[0m
[93m════════════════════════════════════════════════════════════[0m
   loss                : 0.3662
   accuracy            : 0.8850
   f1_macro            : 0.8873
   f1_weighted         : 0.8863
   precision_macro     : 0.8899
   recall_macro        : 0.8877
   specificity_macro   : 0.9770
   auc_macro           : 0.9897
   ── Per-Activity ──  
     WALKING  P=1.000  R=0.881  F1=0.937  AUC=0.999  (n=496)
     WALKING_UPSTAIRS  P=0.956  R=0.921  F1=0.938  AUC=0.997  (n=471)
     WALKING_DOWNSTAIRS  P=0.864  R=0.986  F1=0.921  AUC=0.997  (n=420)
     SITTING  P=0.726  R=0.782  F1=0.753  AUC=0.970  (n=491)
     STANDING  P=0.795  R=0.789  F1=0.792  AUC=0.976  (n=532)
     LAYING  P=0.998  R=0.966  F1=0.982  AUC=1.000  (n=537)

  [EVM] Firing GLOBAL block (Round 2)...
  [EVM] Transaction sent: 40fc13d7534715efb43f18da2cd48c9fbed4e4b08ff98669f44cfa6a7f0379f3
  [EVM] Waiting for all Round 2 transactions to confirm...
  [EVM] Waiting for 3 pending transaction(s)...
  [EVM] ✓ Confirmed in block 47858877
  [EVM] ✓ Confirmed in block 47858877
  [EVM] ✓ Confirmed in block 47858904
  [IPFS] ✓ round_2_global_model.gz → QmW4hRzKxeyydFwwGRuq… (3,476,897 → 3,186,157 bytes) [account_2/2]
  [IPFS] ✓ round_2_global_metrics.gz → QmXRMX3fBBLnFhmPo81G… (134 → 123 bytes) [account_2/2]

[96m  [BLOCKCHAIN] Round 2 complete — 3 blocks written (LOCAL + VOTE + GLOBAL) | Chain length: 4839[0m
  [TIMING] Round wall time: 58.9s | Model payload: 3340 KB
  [FedAvg] Round 3: lr=0.000640  (base=0.001000, decay=0.8)

[96m  ROUND 3 TRAINING: 10 devices[0m
+--------+--------+---------+---------+-----+
| Device |  Loss  | Samples | Time(s) | Cls |
+--------+--------+---------+---------+-----+
|   0    | 0.0442 |   1254  |  176.5  |  6  |
|   1    | 0.0359 |   684   |   35.4  |  6  |
|   2    | 0.0404 |   666   |   35.4  |  6  |
|   3    | 0.0453 |   738   |   40.5  |  6  |
|   4    | 0.0326 |   936   |   50.3  |  6  |
|   5    | 0.0338 |   1038  |   59.0  |  6  |
|   6    | 0.0318 |   864   |   47.9  |  6  |
|   7    | 0.0456 |   894   |   47.8  |  6  |
|   8    | 0.0433 |   954   |   51.5  |  6  |
|   9    | 0.0302 |   834   |   46.5  |  6  |
+--------+--------+---------+---------+-----+
  Loss  mean=0.0383  std=0.0058  threshold=0.0441

[96m  [BLOCKCHAIN] Firing LOCAL + VOTE blocks for Round 3 (async)...[0m

  [EVM] Firing LOCAL block (Round 3, 10 clients)...
  [EVM] Transaction sent: 50bc3e6575aebda0a5785264a9e326b0b414329454c95ae5509d6c4729468f6f
  [EVM] Firing VOTE block (Round 3: 7 accepted / 3 rejected)...
  [EVM] Transaction sent: ec37c6e3bf2f8c5f58e15e9a84e11d00f9eda2dc0f8ceba4122aaa775c647dc9
+--------+--------+----------+
| Device |  Loss  | Verdict  |
+--------+--------+----------+
|   0    | 0.0442 | REJECTED |
|   1    | 0.0359 | ACCEPTED |
|   2    | 0.0404 | ACCEPTED |
|   3    | 0.0453 | REJECTED |
|   4    | 0.0326 | ACCEPTED |
|   5    | 0.0338 | ACCEPTED |
|   6    | 0.0318 | ACCEPTED |
|   7    | 0.0456 | REJECTED |
|   8    | 0.0433 | ACCEPTED |
|   9    | 0.0302 | ACCEPTED |
+--------+--------+----------+
  [IPFS] ✓ round_3_votes.gz → QmbJzgeAsSRTBpDfdBF4… (1,049 → 330 bytes) [account_2/2]
  [IPFS] ✓ round_3_local.gz → QmREoQ3swRJcmipT93en… (1,311 → 389 bytes) [account_2/2]

[92m  ROUND 3 EVALUATION: 10 devices[0m
+--------+--------+--------+--------+--------+------+
| Device |  Loss  |  Acc   |   F1   |  AUC   |  N   |
+--------+--------+--------+--------+--------+------+
|   0    | 0.3070 | 0.9063 | 0.9078 | 0.9910 | 2947 |
|   1    | 0.3070 | 0.9063 | 0.9078 | 0.9910 | 2947 |
|   2    | 0.3070 | 0.9063 | 0.9078 | 0.9910 | 2947 |
|   3    | 0.3070 | 0.9063 | 0.9078 | 0.9910 | 2947 |
|   4    | 0.3070 | 0.9063 | 0.9078 | 0.9910 | 2947 |
|   5    | 0.3070 | 0.9063 | 0.9078 | 0.9910 | 2947 |
|   6    | 0.3070 | 0.9063 | 0.9078 | 0.9910 | 2947 |
|   7    | 0.3070 | 0.9063 | 0.9078 | 0.9910 | 2947 |
|   8    | 0.3070 | 0.9063 | 0.9078 | 0.9910 | 2947 |
|   9    | 0.3070 | 0.9063 | 0.9078 | 0.9910 | 2947 |
+--------+--------+--------+--------+--------+------+

[93m════════════════════════════════════════════════════════════[0m
[93m  [ROUND 3] GLOBAL — 6 Activities (UCI HAR)[0m
[93m════════════════════════════════════════════════════════════[0m
   loss                : 0.3070
   accuracy            : 0.9063
   f1_macro            : 0.9078
   f1_weighted         : 0.9069
   precision_macro     : 0.9095
   recall_macro        : 0.9092
   specificity_macro   : 0.9813
   auc_macro           : 0.9910
   ── Per-Activity ──  
     WALKING  P=0.993  R=0.921  F1=0.956  AUC=0.999  (n=496)
     WALKING_UPSTAIRS  P=0.975  R=0.921  F1=0.948  AUC=0.998  (n=471)
     WALKING_DOWNSTAIRS  P=0.875  R=1.000  F1=0.933  AUC=0.999  (n=420)
     SITTING  P=0.767  R=0.845  F1=0.804  AUC=0.975  (n=491)
     STANDING  P=0.848  R=0.786  F1=0.816  AUC=0.975  (n=532)
     LAYING  P=0.998  R=0.981  F1=0.990  AUC=1.000  (n=537)

  [EVM] Firing GLOBAL block (Round 3)...
  [EVM] Transaction sent: c5a5aa3e77ce683363a0782ea9dee732ea73e83d4b9e671f08f58b7976daf8e1
  [EVM] Waiting for all Round 3 transactions to confirm...
  [EVM] Waiting for 3 pending transaction(s)...
  [EVM] ✓ Confirmed in block 47859020
  [EVM] ✓ Confirmed in block 47859020
  [EVM] ✓ Confirmed in block 47859048
  [IPFS] ✓ round_3_global_model.gz → Qmc3JAVzAqKu13qR4ymv… (3,476,897 → 3,186,686 bytes) [account_2/2]
  [IPFS] ✓ round_3_global_metrics.gz → QmV5XCrXgwiyxWQ45wX2… (134 → 125 bytes) [account_2/2]

[96m  [BLOCKCHAIN] Round 3 complete — 3 blocks written (LOCAL + VOTE + GLOBAL) | Chain length: 4842[0m
  [TIMING] Round wall time: 72.7s | Model payload: 3340 KB
  [FedAvg] Round 4: lr=0.000512  (base=0.001000, decay=0.8)

[96m  ROUND 4 TRAINING: 10 devices[0m
+--------+--------+---------+---------+-----+
| Device |  Loss  | Samples | Time(s) | Cls |
+--------+--------+---------+---------+-----+
|   0    | 0.0312 |   1254  |  174.9  |  6  |
|   1    | 0.0310 |   684   |   35.4  |  6  |
|   2    | 0.0445 |   666   |   35.7  |  6  |
|   3    | 0.0450 |   738   |   40.7  |  6  |
|   4    | 0.0402 |   936   |   49.6  |  6  |
|   5    | 0.0471 |   1038  |   58.0  |  6  |
|   6    | 0.0346 |   864   |   47.8  |  6  |
|   7    | 0.0378 |   894   |   47.9  |  6  |
|   8    | 0.0414 |   954   |   51.4  |  6  |
|   9    | 0.0346 |   834   |   46.2  |  6  |
+--------+--------+---------+---------+-----+
  Loss  mean=0.0387  std=0.0055  threshold=0.0442

[96m  [BLOCKCHAIN] Firing LOCAL + VOTE blocks for Round 4 (async)...[0m

  [EVM] Firing LOCAL block (Round 4, 10 clients)...
  [EVM] Transaction sent: f98733cabdcc877d5debb6fa80aafb4121721a13954221734dd1e89d07e777d0
  [EVM] Firing VOTE block (Round 4: 7 accepted / 3 rejected)...
  [EVM] Transaction sent: 3a5907f474dd000ba98292cd518cec1d842c33f562c8aaa9dde1a84be5522a86
+--------+--------+----------+
| Device |  Loss  | Verdict  |
+--------+--------+----------+
|   0    | 0.0312 | ACCEPTED |
|   1    | 0.0310 | ACCEPTED |
|   2    | 0.0445 | REJECTED |
|   3    | 0.0450 | REJECTED |
|   4    | 0.0402 | ACCEPTED |
|   5    | 0.0471 | REJECTED |
|   6    | 0.0346 | ACCEPTED |
|   7    | 0.0378 | ACCEPTED |
|   8    | 0.0414 | ACCEPTED |
|   9    | 0.0346 | ACCEPTED |
+--------+--------+----------+
  [IPFS] ✓ round_4_local.gz → QmWmiMMpA2hzhFPH9gwr… (1,310 → 393 bytes) [account_2/2]
  [IPFS] ✓ round_4_votes.gz → QmQ2MkrfbBmtSTHh5xSS… (1,049 → 319 bytes) [account_2/2]

[92m  ROUND 4 EVALUATION: 10 devices[0m
+--------+--------+--------+--------+--------+------+
| Device |  Loss  |  Acc   |   F1   |  AUC   |  N   |
+--------+--------+--------+--------+--------+------+
|   0    | 0.2863 | 0.9077 | 0.9088 | 0.9917 | 2947 |
|   1    | 0.2863 | 0.9077 | 0.9088 | 0.9917 | 2947 |
|   2    | 0.2863 | 0.9077 | 0.9088 | 0.9917 | 2947 |
|   3    | 0.2863 | 0.9077 | 0.9088 | 0.9917 | 2947 |
|   4    | 0.2863 | 0.9077 | 0.9088 | 0.9917 | 2947 |
|   5    | 0.2863 | 0.9077 | 0.9088 | 0.9917 | 2947 |
|   6    | 0.2863 | 0.9077 | 0.9088 | 0.9917 | 2947 |
|   7    | 0.2863 | 0.9077 | 0.9088 | 0.9917 | 2947 |
|   8    | 0.2863 | 0.9077 | 0.9088 | 0.9917 | 2947 |
|   9    | 0.2863 | 0.9077 | 0.9088 | 0.9917 | 2947 |
+--------+--------+--------+--------+--------+------+

[93m════════════════════════════════════════════════════════════[0m
[93m  [ROUND 4] GLOBAL — 6 Activities (UCI HAR)[0m
[93m════════════════════════════════════════════════════════════[0m
   loss                : 0.2863
   accuracy            : 0.9077
   f1_macro            : 0.9088
   f1_weighted         : 0.9081
   precision_macro     : 0.9101
   recall_macro        : 0.9098
   specificity_macro   : 0.9815
   auc_macro           : 0.9917
   ── Per-Activity ──  
     WALKING  P=0.994  R=0.938  F1=0.965  AUC=0.999  (n=496)
     WALKING_UPSTAIRS  P=0.995  R=0.917  F1=0.955  AUC=0.999  (n=471)
     WALKING_DOWNSTAIRS  P=0.871  R=1.000  F1=0.931  AUC=0.999  (n=420)
     SITTING  P=0.793  R=0.786  F1=0.789  AUC=0.973  (n=491)
     STANDING  P=0.807  R=0.820  F1=0.813  AUC=0.980  (n=532)
     LAYING  P=1.000  R=0.998  F1=0.999  AUC=1.000  (n=537)

  [EVM] Firing GLOBAL block (Round 4)...
  [EVM] Transaction sent: 1d4fdd41bfd65508f17ea06b95e978ce493507f5c6420ccaea704f941b5a8c19
  [EVM] Waiting for all Round 4 transactions to confirm...
  [EVM] Waiting for 3 pending transaction(s)...
  [EVM] ✓ Confirmed in block 47859167
  [EVM] ✓ Confirmed in block 47859167
  [EVM] ✓ Confirmed in block 47859194
  [IPFS] ✓ round_4_global_model.gz → QmfNL5p89jswnFjPz4sA… (3,476,897 → 3,187,111 bytes) [account_2/2]
  [IPFS] ✓ round_4_global_metrics.gz → QmawaJScprvmDcj6GAyQ… (136 → 125 bytes) [account_2/2]

[96m  [BLOCKCHAIN] Round 4 complete — 3 blocks written (LOCAL + VOTE + GLOBAL) | Chain length: 4845[0m
  [TIMING] Round wall time: 67.9s | Model payload: 3340 KB
  [FedAvg] Round 5: lr=0.000410  (base=0.001000, decay=0.8)

[96m  ROUND 5 TRAINING: 10 devices[0m
+--------+--------+---------+---------+-----+
| Device |  Loss  | Samples | Time(s) | Cls |
+--------+--------+---------+---------+-----+
|   0    | 0.0291 |   1254  |  176.2  |  6  |
|   1    | 0.0382 |   684   |   35.8  |  6  |
|   2    | 0.0248 |   666   |   35.4  |  6  |
|   3    | 0.0352 |   738   |   40.4  |  6  |
|   4    | 0.0371 |   936   |   50.1  |  6  |
|   5    | 0.0295 |   1038  |   58.5  |  6  |
|   6    | 0.0376 |   864   |   47.8  |  6  |
|   7    | 0.0291 |   894   |   47.9  |  6  |
|   8    | 0.0472 |   954   |   51.6  |  6  |
|   9    | 0.0391 |   834   |   46.5  |  6  |
+--------+--------+---------+---------+-----+
  Loss  mean=0.0347  std=0.0062  threshold=0.0409

[96m  [BLOCKCHAIN] Firing LOCAL + VOTE blocks for Round 5 (async)...[0m

  [EVM] Firing LOCAL block (Round 5, 10 clients)...
  [EVM] Transaction sent: ad6133eeac6e68159ba0ade6ea8961716286dcabe6732ec7b429322e0f4b13c4
  [EVM] Firing VOTE block (Round 5: 9 accepted / 1 rejected)...
  [EVM] Transaction sent: 2089ee4255cfda2245e1099228813e7a4cd1e379c2bf797bbc521afd20464b29
+--------+--------+----------+
| Device |  Loss  | Verdict  |
+--------+--------+----------+
|   0    | 0.0291 | ACCEPTED |
|   1    | 0.0382 | ACCEPTED |
|   2    | 0.0248 | ACCEPTED |
|   3    | 0.0352 | ACCEPTED |
|   4    | 0.0371 | ACCEPTED |
|   5    | 0.0295 | ACCEPTED |
|   6    | 0.0376 | ACCEPTED |
|   7    | 0.0291 | ACCEPTED |
|   8    | 0.0472 | REJECTED |
|   9    | 0.0391 | ACCEPTED |
+--------+--------+----------+
  [IPFS] ✓ round_5_local.gz → QmQbrKJ6ALEsMjiRoDme… (1,314 → 390 bytes) [account_2/2]
  [IPFS] ✓ round_5_votes.gz → QmVtyk46W5pK8SyNeMAA… (1,032 → 315 bytes) [account_2/2]

[92m  ROUND 5 EVALUATION: 10 devices[0m
+--------+--------+--------+--------+--------+------+
| Device |  Loss  |  Acc   |   F1   |  AUC   |  N   |
+--------+--------+--------+--------+--------+------+
|   0    | 0.2733 | 0.9097 | 0.9107 | 0.9921 | 2947 |
|   1    | 0.2733 | 0.9097 | 0.9107 | 0.9921 | 2947 |
|   2    | 0.2733 | 0.9097 | 0.9107 | 0.9921 | 2947 |
|   3    | 0.2733 | 0.9097 | 0.9107 | 0.9921 | 2947 |
|   4    | 0.2733 | 0.9097 | 0.9107 | 0.9921 | 2947 |
|   5    | 0.2733 | 0.9097 | 0.9107 | 0.9921 | 2947 |
|   6    | 0.2733 | 0.9097 | 0.9107 | 0.9921 | 2947 |
|   7    | 0.2733 | 0.9097 | 0.9107 | 0.9921 | 2947 |
|   8    | 0.2733 | 0.9097 | 0.9107 | 0.9921 | 2947 |
|   9    | 0.2733 | 0.9097 | 0.9107 | 0.9921 | 2947 |
+--------+--------+--------+--------+--------+------+

[93m════════════════════════════════════════════════════════════[0m
[93m  [ROUND 5] GLOBAL — 6 Activities (UCI HAR)[0m
[93m════════════════════════════════════════════════════════════[0m
   loss                : 0.2733
   accuracy            : 0.9097
   f1_macro            : 0.9107
   f1_weighted         : 0.9100
   precision_macro     : 0.9119
   recall_macro        : 0.9117
   specificity_macro   : 0.9819
   auc_macro           : 0.9921
   ── Per-Activity ──  
     WALKING  P=0.996  R=0.946  F1=0.970  AUC=0.999  (n=496)
     WALKING_UPSTAIRS  P=0.995  R=0.921  F1=0.957  AUC=0.999  (n=471)
     WALKING_DOWNSTAIRS  P=0.873  R=1.000  F1=0.932  AUC=0.999  (n=420)
     SITTING  P=0.804  R=0.778  F1=0.791  AUC=0.974  (n=491)
     STANDING  P=0.803  R=0.827  F1=0.815  AUC=0.982  (n=532)
     LAYING  P=1.000  R=0.998  F1=0.999  AUC=1.000  (n=537)

  [EVM] Firing GLOBAL block (Round 5)...
  [EVM] Transaction sent: f79f66fd3f7d1c4874e9cd3551e07f7a0fa0fd5a6332a7845f9d2468f5ccf7ef
  [EVM] Waiting for all Round 5 transactions to confirm...
  [EVM] Waiting for 3 pending transaction(s)...
  [EVM] ✓ Confirmed in block 47859313
  [EVM] ✓ Confirmed in block 47859314
  [EVM] ✓ Confirmed in block 47859340
  [IPFS] ✓ round_5_global_model.gz → QmbVE2Az5xa5yPUeRi99… (3,476,897 → 3,187,113 bytes) [account_2/2]
  [IPFS] ✓ round_5_global_metrics.gz → QmUam4cxpwdgbjasJvkn… (135 → 124 bytes) [account_2/2]

[96m  [BLOCKCHAIN] Round 5 complete — 3 blocks written (LOCAL + VOTE + GLOBAL) | Chain length: 4848[0m
  [TIMING] Round wall time: 65.4s | Model payload: 3340 KB
  [FedAvg] Round 6: lr=0.000328  (base=0.001000, decay=0.8)

[96m  ROUND 6 TRAINING: 10 devices[0m
+--------+--------+---------+---------+-----+
| Device |  Loss  | Samples | Time(s) | Cls |
+--------+--------+---------+---------+-----+
|   0    | 0.0302 |   1254  |  175.3  |  6  |
|   1    | 0.0376 |   684   |   36.0  |  6  |
|   2    | 0.0332 |   666   |   35.5  |  6  |
|   3    | 0.0550 |   738   |   40.5  |  6  |
|   4    | 0.0366 |   936   |   49.7  |  6  |
|   5    | 0.0397 |   1038  |   58.4  |  6  |
|   6    | 0.0307 |   864   |   47.7  |  6  |
|   7    | 0.0330 |   894   |   48.1  |  6  |
|   8    | 0.0413 |   954   |   51.6  |  6  |
|   9    | 0.0322 |   834   |   45.9  |  6  |
+--------+--------+---------+---------+-----+
  Loss  mean=0.0369  std=0.0070  threshold=0.0439

[96m  [BLOCKCHAIN] Firing LOCAL + VOTE blocks for Round 6 (async)...[0m

  [EVM] Firing LOCAL block (Round 6, 10 clients)...
  [EVM] Transaction sent: efd02c7f994997a12242ace5267ebb0481282ab5ba6ba66437cad137555b321e
  [EVM] Firing VOTE block (Round 6: 9 accepted / 1 rejected)...
  [EVM] Transaction sent: 33ecc98de43bc2fd2608d07cf280db6bc34944401681371dd8e1d9828e3812e0
+--------+--------+----------+
| Device |  Loss  | Verdict  |
+--------+--------+----------+
|   0    | 0.0302 | ACCEPTED |
|   1    | 0.0376 | ACCEPTED |
|   2    | 0.0332 | ACCEPTED |
|   3    | 0.0550 | REJECTED |
|   4    | 0.0366 | ACCEPTED |
|   5    | 0.0397 | ACCEPTED |
|   6    | 0.0307 | ACCEPTED |
|   7    | 0.0330 | ACCEPTED |
|   8    | 0.0413 | ACCEPTED |
|   9    | 0.0322 | ACCEPTED |
+--------+--------+----------+
  [IPFS] ✓ round_6_local.gz → QmVfTbzQPoEntPEt2rej… (1,311 → 391 bytes) [account_2/2]
  [IPFS] ✓ round_6_votes.gz → QmU3x6DK5k9VxMwBoGW4… (1,031 → 313 bytes) [account_2/2]

[92m  ROUND 6 EVALUATION: 10 devices[0m
+--------+--------+--------+--------+--------+------+
| Device |  Loss  |  Acc   |   F1   |  AUC   |  N   |
+--------+--------+--------+--------+--------+------+
|   0    | 0.2668 | 0.9114 | 0.9123 | 0.9918 | 2947 |
|   1    | 0.2668 | 0.9114 | 0.9123 | 0.9918 | 2947 |
|   2    | 0.2668 | 0.9114 | 0.9123 | 0.9918 | 2947 |
|   3    | 0.2668 | 0.9114 | 0.9123 | 0.9918 | 2947 |
|   4    | 0.2668 | 0.9114 | 0.9123 | 0.9918 | 2947 |
|   5    | 0.2668 | 0.9114 | 0.9123 | 0.9918 | 2947 |
|   6    | 0.2668 | 0.9114 | 0.9123 | 0.9918 | 2947 |
|   7    | 0.2668 | 0.9114 | 0.9123 | 0.9918 | 2947 |
|   8    | 0.2668 | 0.9114 | 0.9123 | 0.9918 | 2947 |
|   9    | 0.2668 | 0.9114 | 0.9123 | 0.9918 | 2947 |
+--------+--------+--------+--------+--------+------+

[93m════════════════════════════════════════════════════════════[0m
[93m  [ROUND 6] GLOBAL — 6 Activities (UCI HAR)[0m
[93m════════════════════════════════════════════════════════════[0m
   loss                : 0.2668
   accuracy            : 0.9114
   f1_macro            : 0.9123
   f1_weighted         : 0.9117
   precision_macro     : 0.9133
   recall_macro        : 0.9134
   specificity_macro   : 0.9823
   auc_macro           : 0.9918
   ── Per-Activity ──  
     WALKING  P=0.994  R=0.946  F1=0.969  AUC=0.999  (n=496)
     WALKING_UPSTAIRS  P=0.995  R=0.921  F1=0.957  AUC=0.999  (n=471)
     WALKING_DOWNSTAIRS  P=0.875  R=1.000  F1=0.933  AUC=1.000  (n=420)
     SITTING  P=0.802  R=0.792  F1=0.797  AUC=0.970  (n=491)
     STANDING  P=0.814  R=0.821  F1=0.818  AUC=0.983  (n=532)
     LAYING  P=1.000  R=1.000  F1=1.000  AUC=1.000  (n=537)

  [EVM] Firing GLOBAL block (Round 6)...
  [EVM] Transaction sent: f46e2d359fb05e75d7aca64af261f767a18677f9c6b845733e522d3e651e38ed
  [EVM] Waiting for all Round 6 transactions to confirm...
  [EVM] Waiting for 3 pending transaction(s)...
  [EVM] ✓ Confirmed in block 47859456
  [EVM] ✓ Confirmed in block 47859457
  [EVM] ✓ Confirmed in block 47859483
  [IPFS] ✓ round_6_global_model.gz → QmW4duX8eL6r9sFnW6gi… (3,476,897 → 3,187,485 bytes) [account_2/2]
  [IPFS] ✓ round_6_global_metrics.gz → QmVq5ufFLu3FhdBArNHP… (135 → 123 bytes) [account_2/2]

[96m  [BLOCKCHAIN] Round 6 complete — 3 blocks written (LOCAL + VOTE + GLOBAL) | Chain length: 4851[0m
  [TIMING] Round wall time: 66.9s | Model payload: 3340 KB
  [FedAvg] Round 7: lr=0.000262  (base=0.001000, decay=0.8)

[96m  ROUND 7 TRAINING: 10 devices[0m
+--------+--------+---------+---------+-----+
| Device |  Loss  | Samples | Time(s) | Cls |
+--------+--------+---------+---------+-----+
|   0    | 0.0396 |   1254  |  175.5  |  6  |
|   1    | 0.0334 |   684   |   35.6  |  6  |
|   2    | 0.0341 |   666   |   35.7  |  6  |
|   3    | 0.0238 |   738   |   40.5  |  6  |
|   4    | 0.0328 |   936   |   49.7  |  6  |
|   5    | 0.0348 |   1038  |   58.8  |  6  |
|   6    | 0.0326 |   864   |   47.6  |  6  |
|   7    | 0.0250 |   894   |   47.4  |  6  |
|   8    | 0.0297 |   954   |   51.8  |  6  |
|   9    | 0.0340 |   834   |   46.3  |  6  |
+--------+--------+---------+---------+-----+
  Loss  mean=0.0320  std=0.0045  threshold=0.0364

[96m  [BLOCKCHAIN] Firing LOCAL + VOTE blocks for Round 7 (async)...[0m

  [EVM] Firing LOCAL block (Round 7, 10 clients)...
  [EVM] Transaction sent: 460ab87572f2aa9304c268d94341163963cc1a06d9c9c006e76569e720f7e20e
  [EVM] Firing VOTE block (Round 7: 9 accepted / 1 rejected)...
  [EVM] Transaction sent: 803b7d33b2a84e891902650dc6fe8c075b9b3cdff2004b36e6ca6eda333a3a35
+--------+--------+----------+
| Device |  Loss  | Verdict  |
+--------+--------+----------+
|   0    | 0.0396 | REJECTED |
|   1    | 0.0334 | ACCEPTED |
|   2    | 0.0341 | ACCEPTED |
|   3    | 0.0238 | ACCEPTED |
|   4    | 0.0328 | ACCEPTED |
|   5    | 0.0348 | ACCEPTED |
|   6    | 0.0326 | ACCEPTED |
|   7    | 0.0250 | ACCEPTED |
|   8    | 0.0297 | ACCEPTED |
|   9    | 0.0340 | ACCEPTED |
+--------+--------+----------+
  [IPFS] ✓ round_7_local.gz → QmPVYtGkefv1QztF6jcA… (1,315 → 395 bytes) [account_2/2]
  [IPFS] ✓ round_7_votes.gz → QmfCeosL4d1ijfn5P3Ra… (1,033 → 317 bytes) [account_2/2]

[92m  ROUND 7 EVALUATION: 10 devices[0m
+--------+--------+--------+--------+--------+------+
| Device |  Loss  |  Acc   |   F1   |  AUC   |  N   |
+--------+--------+--------+--------+--------+------+
|   0    | 0.2672 | 0.9135 | 0.9141 | 0.9917 | 2947 |
|   1    | 0.2672 | 0.9135 | 0.9141 | 0.9917 | 2947 |
|   2    | 0.2672 | 0.9135 | 0.9141 | 0.9917 | 2947 |
|   3    | 0.2672 | 0.9135 | 0.9141 | 0.9917 | 2947 |
|   4    | 0.2672 | 0.9135 | 0.9141 | 0.9917 | 2947 |
|   5    | 0.2672 | 0.9135 | 0.9141 | 0.9917 | 2947 |
|   6    | 0.2672 | 0.9135 | 0.9141 | 0.9917 | 2947 |
|   7    | 0.2672 | 0.9135 | 0.9141 | 0.9917 | 2947 |
|   8    | 0.2672 | 0.9135 | 0.9141 | 0.9917 | 2947 |
|   9    | 0.2672 | 0.9135 | 0.9141 | 0.9917 | 2947 |
+--------+--------+--------+--------+--------+------+

[93m════════════════════════════════════════════════════════════[0m
[93m  [ROUND 7] GLOBAL — 6 Activities (UCI HAR)[0m
[93m════════════════════════════════════════════════════════════[0m
   loss                : 0.2672
   accuracy            : 0.9135
   f1_macro            : 0.9141
   f1_weighted         : 0.9137
   precision_macro     : 0.9156
   recall_macro        : 0.9151
   specificity_macro   : 0.9827
   auc_macro           : 0.9917
   ── Per-Activity ──  
     WALKING  P=0.996  R=0.942  F1=0.968  AUC=0.999  (n=496)
     WALKING_UPSTAIRS  P=0.995  R=0.919  F1=0.956  AUC=0.999  (n=471)
     WALKING_DOWNSTAIRS  P=0.871  R=1.000  F1=0.931  AUC=1.000  (n=420)
     SITTING  P=0.819  R=0.784  F1=0.801  AUC=0.971  (n=491)
     STANDING  P=0.814  R=0.846  F1=0.829  AUC=0.981  (n=532)
     LAYING  P=0.998  R=1.000  F1=0.999  AUC=1.000  (n=537)

  [EVM] Firing GLOBAL block (Round 7)...
  [EVM] Transaction sent: d7b0fd28b5a1341e5988520f7eb8b0c53191067091510f2d2a8d96acc3e872cb
  [EVM] Waiting for all Round 7 transactions to confirm...
  [EVM] Waiting for 3 pending transaction(s)...
  [EVM] ✓ Confirmed in block 47859601
  [EVM] ✓ Confirmed in block 47859601
  [EVM] ✓ Confirmed in block 47859628
  [IPFS] ✓ round_7_global_model.gz → QmdN68YC2BJEu2gHzac5… (3,476,897 → 3,187,303 bytes) [account_2/2]
  [IPFS] ✓ round_7_global_metrics.gz → QmSwsfsRS4fbK6aEqo19… (133 → 123 bytes) [account_2/2]

[96m  [BLOCKCHAIN] Round 7 complete — 3 blocks written (LOCAL + VOTE + GLOBAL) | Chain length: 4854[0m
  [TIMING] Round wall time: 58.2s | Model payload: 3340 KB
  [FedAvg] Round 8: lr=0.000210  (base=0.001000, decay=0.8)

[96m  ROUND 8 TRAINING: 10 devices[0m
+--------+--------+---------+---------+-----+
| Device |  Loss  | Samples | Time(s) | Cls |
+--------+--------+---------+---------+-----+
|   0    | 0.0360 |   1254  |  175.4  |  6  |
|   1    | 0.0447 |   684   |   35.5  |  6  |
|   2    | 0.0178 |   666   |   35.7  |  6  |
|   3    | 0.0318 |   738   |   40.5  |  6  |
|   4    | 0.0415 |   936   |   49.8  |  6  |
|   5    | 0.0341 |   1038  |   59.0  |  6  |
|   6    | 0.0339 |   864   |   47.7  |  6  |
|   7    | 0.0316 |   894   |   48.0  |  6  |
|   8    | 0.0396 |   954   |   51.5  |  6  |
|   9    | 0.0307 |   834   |   46.1  |  6  |
+--------+--------+---------+---------+-----+
  Loss  mean=0.0342  std=0.0070  threshold=0.0412

[96m  [BLOCKCHAIN] Firing LOCAL + VOTE blocks for Round 8 (async)...[0m

  [EVM] Firing LOCAL block (Round 8, 10 clients)...
  [EVM] Transaction sent: fd6c2855d9ce34afc90d57f57cb206a0f1303ebf42211b5d888994534eb24f12
  [EVM] Firing VOTE block (Round 8: 8 accepted / 2 rejected)...
  [EVM] Transaction sent: 0ecc45b3963b8743214da1253b038455730f34acbc15a9d31e2929ba94d39d89
+--------+--------+----------+
| Device |  Loss  | Verdict  |
+--------+--------+----------+
|   0    | 0.0360 | ACCEPTED |
|   1    | 0.0447 | REJECTED |
|   2    | 0.0178 | ACCEPTED |
|   3    | 0.0318 | ACCEPTED |
|   4    | 0.0415 | REJECTED |
|   5    | 0.0341 | ACCEPTED |
|   6    | 0.0339 | ACCEPTED |
|   7    | 0.0316 | ACCEPTED |
|   8    | 0.0396 | ACCEPTED |
|   9    | 0.0307 | ACCEPTED |
+--------+--------+----------+
  [IPFS] ✓ round_8_local.gz → QmcVCdRMZ6r36bDGE6Lh… (1,309 → 390 bytes) [account_2/2]
  [IPFS] ✓ round_8_votes.gz → QmTYAZYtisTRNiNkMqS6… (1,039 → 319 bytes) [account_2/2]

[92m  ROUND 8 EVALUATION: 10 devices[0m
+--------+--------+--------+--------+--------+------+
| Device |  Loss  |  Acc   |   F1   |  AUC   |  N   |
+--------+--------+--------+--------+--------+------+
|   0    | 0.2633 | 0.9145 | 0.9152 | 0.9916 | 2947 |
|   1    | 0.2633 | 0.9145 | 0.9152 | 0.9916 | 2947 |
|   2    | 0.2633 | 0.9145 | 0.9152 | 0.9916 | 2947 |
|   3    | 0.2633 | 0.9145 | 0.9152 | 0.9916 | 2947 |
|   4    | 0.2633 | 0.9145 | 0.9152 | 0.9916 | 2947 |
|   5    | 0.2633 | 0.9145 | 0.9152 | 0.9916 | 2947 |
|   6    | 0.2633 | 0.9145 | 0.9152 | 0.9916 | 2947 |
|   7    | 0.2633 | 0.9145 | 0.9152 | 0.9916 | 2947 |
|   8    | 0.2633 | 0.9145 | 0.9152 | 0.9916 | 2947 |
|   9    | 0.2633 | 0.9145 | 0.9152 | 0.9916 | 2947 |
+--------+--------+--------+--------+--------+------+

[93m════════════════════════════════════════════════════════════[0m
[93m  [ROUND 8] GLOBAL — 6 Activities (UCI HAR)[0m
[93m════════════════════════════════════════════════════════════[0m
   loss                : 0.2633
   accuracy            : 0.9145
   f1_macro            : 0.9152
   f1_weighted         : 0.9147
   precision_macro     : 0.9164
   recall_macro        : 0.9162
   specificity_macro   : 0.9829
   auc_macro           : 0.9916
   ── Per-Activity ──  
     WALKING  P=0.994  R=0.944  F1=0.968  AUC=1.000  (n=496)
     WALKING_UPSTAIRS  P=0.995  R=0.921  F1=0.957  AUC=1.000  (n=471)
     WALKING_DOWNSTAIRS  P=0.875  R=1.000  F1=0.933  AUC=1.000  (n=420)
     SITTING  P=0.821  R=0.786  F1=0.803  AUC=0.969  (n=491)
     STANDING  P=0.815  R=0.846  F1=0.830  AUC=0.982  (n=532)
     LAYING  P=0.998  R=1.000  F1=0.999  AUC=1.000  (n=537)

  [EVM] Firing GLOBAL block (Round 8)...
  [EVM] Transaction sent: bedc5e84c082d414bd97b4f38fc907fbea2316c96bacaa2746e0eecf60317e44
  [EVM] Waiting for all Round 8 transactions to confirm...
  [EVM] Waiting for 3 pending transaction(s)...
  [EVM] ✓ Confirmed in block 47859740
  [EVM] ✓ Confirmed in block 47859741
  [EVM] ✓ Confirmed in block 47859767
  [IPFS] ✓ round_8_global_model.gz → QmXqUPYByBydcowraK8L… (3,476,897 → 3,187,486 bytes) [account_2/2]
  [IPFS] ✓ round_8_global_metrics.gz → QmY6j4uTFJdUfhXum5j1… (135 → 125 bytes) [account_2/2]

[96m  [BLOCKCHAIN] Round 8 complete — 3 blocks written (LOCAL + VOTE + GLOBAL) | Chain length: 4857[0m
  [TIMING] Round wall time: 71.4s | Model payload: 3340 KB
  [FedAvg] Round 9: lr=0.000168  (base=0.001000, decay=0.8)

[96m  ROUND 9 TRAINING: 10 devices[0m
+--------+--------+---------+---------+-----+
| Device |  Loss  | Samples | Time(s) | Cls |
+--------+--------+---------+---------+-----+
|   0    | 0.0409 |   1254  |  176.1  |  6  |
|   1    | 0.0150 |   684   |   35.4  |  6  |
|   2    | 0.0409 |   666   |   35.4  |  6  |
|   3    | 0.0410 |   738   |   40.7  |  6  |
|   4    | 0.0399 |   936   |   49.6  |  6  |
|   5    | 0.0251 |   1038  |   58.7  |  6  |
|   6    | 0.0410 |   864   |   47.7  |  6  |
|   7    | 0.0217 |   894   |   47.1  |  6  |
|   8    | 0.0436 |   954   |   52.0  |  6  |
|   9    | 0.0477 |   834   |   46.2  |  6  |
+--------+--------+---------+---------+-----+
  Loss  mean=0.0357  std=0.0103  threshold=0.0460

[96m  [BLOCKCHAIN] Firing LOCAL + VOTE blocks for Round 9 (async)...[0m

  [EVM] Firing LOCAL block (Round 9, 10 clients)...
  [EVM] Transaction sent: aa54bd4b085783e0ab854734cf264728006330823ef0401d7c95dcf478721551
  [EVM] Firing VOTE block (Round 9: 9 accepted / 1 rejected)...
  [EVM] Transaction sent: b047bc0229ffefde29b37e4d7730771e4d56309e055b6b05e2e20e101fbe9d9c
+--------+--------+----------+
| Device |  Loss  | Verdict  |
+--------+--------+----------+
|   0    | 0.0409 | ACCEPTED |
|   1    | 0.0150 | ACCEPTED |
|   2    | 0.0409 | ACCEPTED |
|   3    | 0.0410 | ACCEPTED |
|   4    | 0.0399 | ACCEPTED |
|   5    | 0.0251 | ACCEPTED |
|   6    | 0.0410 | ACCEPTED |
|   7    | 0.0217 | ACCEPTED |
|   8    | 0.0436 | ACCEPTED |
|   9    | 0.0477 | REJECTED |
+--------+--------+----------+
  [IPFS] ✓ round_9_local.gz → QmSJ26jGZyiecvnXwqMB… (1,312 → 393 bytes) [account_2/2]
  [IPFS] ✓ round_9_votes.gz → Qmew5QFfbqqZ42Xhvcvs… (1,033 → 311 bytes) [account_2/2]

[92m  ROUND 9 EVALUATION: 10 devices[0m
+--------+--------+--------+--------+--------+------+
| Device |  Loss  |  Acc   |   F1   |  AUC   |  N   |
+--------+--------+--------+--------+--------+------+
|   0    | 0.2549 | 0.9169 | 0.9175 | 0.9914 | 2947 |
|   1    | 0.2549 | 0.9169 | 0.9175 | 0.9914 | 2947 |
|   2    | 0.2549 | 0.9169 | 0.9175 | 0.9914 | 2947 |
|   3    | 0.2549 | 0.9169 | 0.9175 | 0.9914 | 2947 |
|   4    | 0.2549 | 0.9169 | 0.9175 | 0.9914 | 2947 |
|   5    | 0.2549 | 0.9169 | 0.9175 | 0.9914 | 2947 |
|   6    | 0.2549 | 0.9169 | 0.9175 | 0.9914 | 2947 |
|   7    | 0.2549 | 0.9169 | 0.9175 | 0.9914 | 2947 |
|   8    | 0.2549 | 0.9169 | 0.9175 | 0.9914 | 2947 |
|   9    | 0.2549 | 0.9169 | 0.9175 | 0.9914 | 2947 |
+--------+--------+--------+--------+--------+------+

[93m════════════════════════════════════════════════════════════[0m
[93m  [ROUND 9] GLOBAL — 6 Activities (UCI HAR)[0m
[93m════════════════════════════════════════════════════════════[0m
   loss                : 0.2549
   accuracy            : 0.9169
   f1_macro            : 0.9175
   f1_weighted         : 0.9170
   precision_macro     : 0.9189
   recall_macro        : 0.9184
   specificity_macro   : 0.9834
   auc_macro           : 0.9914
   ── Per-Activity ──  
     WALKING  P=0.994  R=0.948  F1=0.970  AUC=1.000  (n=496)
     WALKING_UPSTAIRS  P=0.995  R=0.926  F1=0.959  AUC=1.000  (n=471)
     WALKING_DOWNSTAIRS  P=0.881  R=1.000  F1=0.936  AUC=1.000  (n=420)
     SITTING  P=0.831  R=0.782  F1=0.806  AUC=0.969  (n=491)
     STANDING  P=0.812  R=0.855  F1=0.833  AUC=0.981  (n=532)
     LAYING  P=1.000  R=1.000  F1=1.000  AUC=1.000  (n=537)

  [EVM] Firing GLOBAL block (Round 9)...
  [EVM] Transaction sent: 25a33d0737319895bf8737a779d806c566e0cf7cff199aaebde7a5c2f494d157
  [EVM] Waiting for all Round 9 transactions to confirm...
  [EVM] Waiting for 3 pending transaction(s)...
  [EVM] ✓ Confirmed in block 47859887
  [EVM] ✓ Confirmed in block 47859887
  [EVM] ✓ Confirmed in block 47859914
  [IPFS] ✓ round_9_global_model.gz → QmQ6zN3h55xoVqPSgQYu… (3,476,897 → 3,187,534 bytes) [account_2/2]
  [IPFS] ✓ round_9_global_metrics.gz → QmZ4f3gJp6WyDUWh8pia… (135 → 124 bytes) [account_2/2]

[96m  [BLOCKCHAIN] Round 9 complete — 3 blocks written (LOCAL + VOTE + GLOBAL) | Chain length: 4860[0m
  [TIMING] Round wall time: 59.5s | Model payload: 3340 KB
  [FedAvg] Round 10: lr=0.000134  (base=0.001000, decay=0.8)

[96m  ROUND 10 TRAINING: 10 devices[0m
+--------+--------+---------+---------+-----+
| Device |  Loss  | Samples | Time(s) | Cls |
+--------+--------+---------+---------+-----+
|   0    | 0.0388 |   1254  |  176.2  |  6  |
|   1    | 0.0374 |   684   |   35.5  |  6  |
|   2    | 0.0397 |   666   |   35.4  |  6  |
|   3    | 0.0325 |   738   |   40.2  |  6  |
|   4    | 0.0458 |   936   |   49.5  |  6  |
|   5    | 0.0383 |   1038  |   59.1  |  6  |
|   6    | 0.0298 |   864   |   47.5  |  6  |
|   7    | 0.0247 |   894   |   47.8  |  6  |
|   8    | 0.0375 |   954   |   51.7  |  6  |
|   9    | 0.0437 |   834   |   45.9  |  6  |
+--------+--------+---------+---------+-----+
  Loss  mean=0.0368  std=0.0060  threshold=0.0428

[96m  [BLOCKCHAIN] Firing LOCAL + VOTE blocks for Round 10 (async)...[0m

  [EVM] Firing LOCAL block (Round 10, 10 clients)...
  [EVM] Transaction sent: da5f19d2adfc314398d432b4565870dab4d2366de9cb62e1a4063a91f145a0b8
  [EVM] Firing VOTE block (Round 10: 8 accepted / 2 rejected)...
  [EVM] Transaction sent: 784cf016dda0306e59d9568703e4629713a8fb18e929bc3f98521fe0ea8672e8
+--------+--------+----------+
| Device |  Loss  | Verdict  |
+--------+--------+----------+
|   0    | 0.0388 | ACCEPTED |
|   1    | 0.0374 | ACCEPTED |
|   2    | 0.0397 | ACCEPTED |
|   3    | 0.0325 | ACCEPTED |
|   4    | 0.0458 | REJECTED |
|   5    | 0.0383 | ACCEPTED |
|   6    | 0.0298 | ACCEPTED |
|   7    | 0.0247 | ACCEPTED |
|   8    | 0.0375 | ACCEPTED |
|   9    | 0.0437 | REJECTED |
+--------+--------+----------+
  [IPFS] ✓ round_10_local.gz → QmeN1SRdUeTzCCW6Lc6a… (1,312 → 389 bytes) [account_2/2]
  [IPFS] ✓ round_10_votes.gz → QmWS7tKQq4zJRumpC5p3… (1,041 → 313 bytes) [account_2/2]

[92m  ROUND 10 EVALUATION: 10 devices[0m
+--------+--------+--------+--------+--------+------+
| Device |  Loss  |  Acc   |   F1   |  AUC   |  N   |
+--------+--------+--------+--------+--------+------+
|   0    | 0.2517 | 0.9192 | 0.9199 | 0.9912 | 2947 |
|   1    | 0.2517 | 0.9192 | 0.9199 | 0.9912 | 2947 |
|   2    | 0.2517 | 0.9192 | 0.9199 | 0.9912 | 2947 |
|   3    | 0.2517 | 0.9192 | 0.9199 | 0.9912 | 2947 |
|   4    | 0.2517 | 0.9192 | 0.9199 | 0.9912 | 2947 |
|   5    | 0.2517 | 0.9192 | 0.9199 | 0.9912 | 2947 |
|   6    | 0.2517 | 0.9192 | 0.9199 | 0.9912 | 2947 |
|   7    | 0.2517 | 0.9192 | 0.9199 | 0.9912 | 2947 |
|   8    | 0.2517 | 0.9192 | 0.9199 | 0.9912 | 2947 |
|   9    | 0.2517 | 0.9192 | 0.9199 | 0.9912 | 2947 |
+--------+--------+--------+--------+--------+------+

[93m════════════════════════════════════════════════════════════[0m
[93m  [ROUND 10] GLOBAL — 6 Activities (UCI HAR)[0m
[93m════════════════════════════════════════════════════════════[0m
   loss                : 0.2517
   accuracy            : 0.9192
   f1_macro            : 0.9199
   f1_weighted         : 0.9195
   precision_macro     : 0.9208
   recall_macro        : 0.9210
   specificity_macro   : 0.9839
   auc_macro           : 0.9912
   ── Per-Activity ──  
     WALKING  P=0.994  R=0.946  F1=0.969  AUC=1.000  (n=496)
     WALKING_UPSTAIRS  P=0.995  R=0.924  F1=0.958  AUC=0.999  (n=471)
     WALKING_DOWNSTAIRS  P=0.877  R=1.000  F1=0.934  AUC=1.000  (n=420)
     SITTING  P=0.826  R=0.813  F1=0.819  AUC=0.968  (n=491)
     STANDING  P=0.833  R=0.844  F1=0.838  AUC=0.981  (n=532)
     LAYING  P=1.000  R=1.000  F1=1.000  AUC=1.000  (n=537)

  [EVM] Firing GLOBAL block (Round 10)...
  [EVM] Transaction sent: 478bd12f45872a4ffd04fd9f5a964d77e2cf442ffe05eb5ecc882660e90eb833
  [EVM] Waiting for all Round 10 transactions to confirm...
  [EVM] Waiting for 3 pending transaction(s)...
  [EVM] ✓ Confirmed in block 47860027
  [EVM] ✓ Confirmed in block 47860027
  [EVM] ✓ Confirmed in block 47860055
  [IPFS] ✓ round_10_global_model.gz → QmQ6XbipEWULsRxZdCZn… (3,476,897 → 3,187,829 bytes) [account_2/2]
  [IPFS] ✓ round_10_global_metrics.gz → QmWa3mdG8ujmPp5gn7TD… (136 → 123 bytes) [account_2/2]

[96m  [BLOCKCHAIN] Round 10 complete — 3 blocks written (LOCAL + VOTE + GLOBAL) | Chain length: 4863[0m
  [TIMING] Round wall time: 66.0s | Model payload: 3340 KB

  ════════════════════════════════════════════════════════════
  EVM BLOCKCHAIN SUMMARY
  ════════════════════════════════════════════════════════════
  Contract:        0xBE3FeAC76293711C5D32426860303AfE24cdf527
  Total blocks:    4863
  Chain integrity: ✓ VALID
  IPFS backend:    pinata
  IPFS pins:       42
  IPFS uploaded:   35,030,595 bytes
  ════════════════════════════════════════════════════════════


[92m   Done. Model  -> final_model.pt
    Metrics -> outputs_ucihar/optimized_20260627_014307/results.json[0m
