[SETUP] Run output dir : outputs_ucihar/experiment_20260626_161150
[SETUP] Variant        : experiment
[SETUP] Pinata account : 1
  [PERF] Logging to outputs_ucihar/baseline_20260626_161150/perf_baseline_20260626_161150.log
  [EVM] Connected to network (Chain ID: 8453)
  [EVM] Using account: 0x1c7433A4A78e1C5748d01D9429F7b39e9eaDBdd4
  [EVM] Balance: 0.0018 ETH
  [EVM] Contract loaded: 0xBE3FeAC76293711C5D32426860303AfE24cdf527
  [EVM] Current chain length: 4501 blocks
  [IPFS] Pinata primary: account_1 | accounts configured: 2 (+ 1 fallback)
  [IPFS] Backend: pinata | Compress: True
  [EVM] IPFS storage enabled (pinata backend)

[96m════════════════════════════════════════════════════════════
  6 Activities (UCI HAR): WALKING, WALKING_UPSTAIRS, WALKING_DOWNSTAIRS, SITTING, STANDING, LAYING
/home/bibarys/Documents/FL-Blockchain-EVM/venv/lib/python3.12/site-packages/torch/cuda/__init__.py:174: UserWarning: CUDA initialization: Unexpected error from cudaGetDeviceCount(). Did you run some cuda functions before calling NumCudaDevices() that might have already set an error? Error 804: forward compatibility was attempted on non supported HW (Triggered internally at /pytorch/c10/cuda/CUDAFunctions.cpp:109.)
  return torch._C._cuda_getDeviceCount() > 0
Using CPU
  Rounds: 10 | LR: 0.001 | Device: cpu
  Eval partitioning: 10 partitions
  Blockchain: 3 tx per round (LOCAL + VOTE + GLOBAL)
  IPFS:       enabled
  Dashboard:  open dashboard.html in your browser
════════════════════════════════════════════════════════════[0m

  [UCI-HAR] Loading train split from /home/bibarys/Documents/FL-Blockchain-EVM/data/UCI_HAR/UCI_HAR_Dataset ...
  [UCI-HAR] train: 7352 windows  |  subjects: [1, 3, 5, 6, 7, 8, 11, 14, 15, 16, 17, 19, 21, 22, 23, 25, 26, 27, 28, 29, 30]
  [UCI-HAR] Loading test split from /home/bibarys/Documents/FL-Blockchain-EVM/data/UCI_HAR/UCI_HAR_Dataset ...
  [UCI-HAR] test: 2947 windows  |  subjects: [2, 4, 9, 10, 12, 13, 18, 20, 24]
  [UCI-HAR] Normalization: global (pre-saved stats)
  [UCI-HAR] Partition 0: subjects=[1, 3, 5], windows=990

[93m════════════════════════════════════════════════════════════[0m
[93m  [ROUND 0] GLOBAL — 6 Activities (UCI HAR)[0m
[93m════════════════════════════════════════════════════════════[0m
   loss                : 1.8025
   accuracy            : 0.0054
   f1_macro            : 0.0022
   f1_weighted         : 0.0022
   precision_macro     : 0.0014
   recall_macro        : 0.0054
   specificity_macro   : 0.8010
   auc_macro           : 0.3457
   ── Per-Activity ──  
     WALKING  P=0.000  R=0.000  F1=0.000  AUC=0.228  (n=496)
     WALKING_UPSTAIRS  P=0.000  R=0.000  F1=0.000  AUC=0.226  (n=471)
     WALKING_DOWNSTAIRS  P=0.000  R=0.000  F1=0.000  AUC=0.168  (n=420)
     SITTING  P=0.008  R=0.033  F1=0.013  AUC=0.125  (n=491)
     STANDING  P=0.000  R=0.000  F1=0.000  AUC=0.890  (n=532)
     LAYING  P=0.000  R=0.000  F1=0.000  AUC=0.438  (n=537)
  [IPFS] ✓ round_0_global_model.gz → Qmd1YpRwSUkHq6yM2U85… (3,476,897 → 3,152,063 bytes) [account_1/2]
  [IPFS] ✓ round_0_global_metrics.gz → QmXMZEe9tLGMew1kVzw4… (203 → 187 bytes) [account_1/2]

  [EVM] Firing GLOBAL block (Round 0)...
  [EVM] Transaction sent: 4c463eb6985174d0dad699367c64e05af4d0a4758e2b98282f0ee6c4f4d9264a
  [EVM] Waiting for all Round 0 transactions to confirm...
  [EVM] Waiting for 1 pending transaction(s)...
  [EVM] ✓ Confirmed in block 47841488

[96m  [BLOCKCHAIN] Round 0 complete — 3 blocks written (LOCAL + VOTE + GLOBAL) | Chain length: 4502[0m
  [TIMING] Round wall time: 12.4s | Model payload: 3340 KB
  [FedAvg] Round 1: lr=0.001000  (base=0.001000, decay=0.8)

[96m  ROUND 1 TRAINING: 10 devices[0m
+--------+--------+---------+---------+-----+
| Device |  Loss  | Samples | Time(s) | Cls |
+--------+--------+---------+---------+-----+
|   0    | 0.0393 |   1254  |  175.6  |  6  |
|   1    | 0.0424 |   684   |   35.9  |  6  |
|   2    | 0.0522 |   666   |   35.9  |  6  |
|   3    | 0.0507 |   738   |   40.4  |  6  |
|   4    | 0.0417 |   936   |   49.7  |  6  |
|   5    | 0.0313 |   1038  |   59.2  |  6  |
|   6    | 0.0431 |   864   |   47.8  |  6  |
|   7    | 0.0436 |   894   |   47.7  |  6  |
|   8    | 0.0485 |   954   |   50.4  |  6  |
|   9    | 0.0448 |   834   |   45.9  |  6  |
+--------+--------+---------+---------+-----+
  Loss  mean=0.0438  std=0.0057  threshold=0.0495

[96m  [BLOCKCHAIN] Firing LOCAL + VOTE blocks for Round 1 (async)...[0m
  [IPFS] ✓ round_1_local.gz → QmbURtzAMVBB3cMuiMEG… (1,309 → 391 bytes) [account_1/2]

  [EVM] Firing LOCAL block (Round 1, 10 clients)...
  [EVM] Transaction sent: 7c8cb3b2d2d0aa0e09ca585bd2ab57c12550a296f81098e18e01866fe91c6f06
  [IPFS] ✓ round_1_votes.gz → QmPrp3Uj3Bs9wFnVnJGJ… (1,039 → 314 bytes) [account_1/2]
  [EVM] Firing VOTE block (Round 1: 8 accepted / 2 rejected)...
  [EVM] Transaction sent: 53b8741b781f8e88c90d07c85218d5192626ff4e82c661f201c687ebb0b98719
+--------+--------+----------+
| Device |  Loss  | Verdict  |
+--------+--------+----------+
|   0    | 0.0393 | ACCEPTED |
|   1    | 0.0424 | ACCEPTED |
|   2    | 0.0522 | REJECTED |
|   3    | 0.0507 | REJECTED |
|   4    | 0.0417 | ACCEPTED |
|   5    | 0.0313 | ACCEPTED |
|   6    | 0.0431 | ACCEPTED |
|   7    | 0.0436 | ACCEPTED |
|   8    | 0.0485 | ACCEPTED |
|   9    | 0.0448 | ACCEPTED |
+--------+--------+----------+

[92m  ROUND 1 EVALUATION: 10 devices[0m
+--------+--------+--------+--------+--------+------+
| Device |  Loss  |  Acc   |   F1   |  AUC   |  N   |
+--------+--------+--------+--------+--------+------+
|   0    | 0.8447 | 0.7536 | 0.7592 | 0.9786 | 2947 |
|   1    | 0.8447 | 0.7536 | 0.7592 | 0.9786 | 2947 |
|   2    | 0.8447 | 0.7536 | 0.7592 | 0.9786 | 2947 |
|   3    | 0.8447 | 0.7536 | 0.7592 | 0.9786 | 2947 |
|   4    | 0.8447 | 0.7536 | 0.7592 | 0.9786 | 2947 |
|   5    | 0.8447 | 0.7536 | 0.7592 | 0.9786 | 2947 |
|   6    | 0.8447 | 0.7536 | 0.7592 | 0.9786 | 2947 |
|   7    | 0.8447 | 0.7536 | 0.7592 | 0.9786 | 2947 |
|   8    | 0.8447 | 0.7536 | 0.7592 | 0.9786 | 2947 |
|   9    | 0.8447 | 0.7536 | 0.7592 | 0.9786 | 2947 |
+--------+--------+--------+--------+--------+------+

[93m════════════════════════════════════════════════════════════[0m
[93m  [ROUND 1] GLOBAL — 6 Activities (UCI HAR)[0m
[93m════════════════════════════════════════════════════════════[0m
   loss                : 0.8447
   accuracy            : 0.7536
   f1_macro            : 0.7592
   f1_weighted         : 0.7597
   precision_macro     : 0.8215
   recall_macro        : 0.7482
   specificity_macro   : 0.9503
   auc_macro           : 0.9786
   ── Per-Activity ──  
     WALKING  P=0.994  R=0.625  F1=0.767  AUC=0.986  (n=496)
     WALKING_UPSTAIRS  P=0.962  R=0.541  F1=0.693  AUC=0.982  (n=471)
     WALKING_DOWNSTAIRS  P=0.871  R=0.790  F1=0.829  AUC=0.989  (n=420)
     SITTING  P=0.614  R=0.684  F1=0.647  AUC=0.946  (n=491)
     STANDING  P=0.524  R=0.898  F1=0.662  AUC=0.972  (n=532)
     LAYING  P=0.964  R=0.950  F1=0.957  AUC=0.996  (n=537)
  [IPFS] ✓ round_1_global_model.gz → QmZZC3qn2atEKzWnqcdB… (3,476,897 → 3,185,381 bytes) [account_1/2]
  [IPFS] ✓ round_1_global_metrics.gz → QmYqFqbBhgfLnKVkNJzb… (201 → 185 bytes) [account_1/2]

  [EVM] Firing GLOBAL block (Round 1)...
  [EVM] Transaction sent: 2033d70bbfd42e4769ff382a48a47a0ec464ac1ee8635632ba8637c5854e68f8
  [EVM] Waiting for all Round 1 transactions to confirm...
  [EVM] Waiting for 3 pending transaction(s)...
  [EVM] ✓ Confirmed in block 47841617
  [EVM] ✓ Confirmed in block 47841618
  [EVM] ✓ Confirmed in block 47841655

[96m  [BLOCKCHAIN] Round 1 complete — 3 blocks written (LOCAL + VOTE + GLOBAL) | Chain length: 4505[0m
  [TIMING] Round wall time: 80.4s | Model payload: 3340 KB
  [FedAvg] Round 2: lr=0.000800  (base=0.001000, decay=0.8)

[96m  ROUND 2 TRAINING: 10 devices[0m
+--------+--------+---------+---------+-----+
| Device |  Loss  | Samples | Time(s) | Cls |
+--------+--------+---------+---------+-----+
|   0    | 0.0399 |   1254  |  175.3  |  6  |
|   1    | 0.0425 |   684   |   35.7  |  6  |
|   2    | 0.0284 |   666   |   35.8  |  6  |
|   3    | 0.0402 |   738   |   40.3  |  6  |
|   4    | 0.0396 |   936   |   49.6  |  6  |
|   5    | 0.0381 |   1038  |   58.7  |  6  |
|   6    | 0.0319 |   864   |   47.9  |  6  |
|   7    | 0.0437 |   894   |   48.4  |  6  |
|   8    | 0.0362 |   954   |   51.0  |  6  |
|   9    | 0.0486 |   834   |   46.1  |  6  |
+--------+--------+---------+---------+-----+
  Loss  mean=0.0389  std=0.0055  threshold=0.0444

[96m  [BLOCKCHAIN] Firing LOCAL + VOTE blocks for Round 2 (async)...[0m
  [IPFS] ✓ round_2_local.gz → QmYiGtp6dNNVPgXLUeZV… (1,312 → 398 bytes) [account_1/2]

  [EVM] Firing LOCAL block (Round 2, 10 clients)...
  [EVM] Transaction sent: 4ba1f35171c0703065346df23da62d6f60aa786f8ef2a3e1a29ba6461b2a5d75
  [IPFS] ✓ round_2_votes.gz → QmXxSrxMdyvtJj4eBYUb… (1,033 → 310 bytes) [account_1/2]
  [EVM] Firing VOTE block (Round 2: 9 accepted / 1 rejected)...
  [EVM] Transaction sent: b385bfa552cdbe36d0a4c091fd26556e192975f1912e28589e9d09742019f45e
+--------+--------+----------+
| Device |  Loss  | Verdict  |
+--------+--------+----------+
|   0    | 0.0399 | ACCEPTED |
|   1    | 0.0425 | ACCEPTED |
|   2    | 0.0284 | ACCEPTED |
|   3    | 0.0402 | ACCEPTED |
|   4    | 0.0396 | ACCEPTED |
|   5    | 0.0381 | ACCEPTED |
|   6    | 0.0319 | ACCEPTED |
|   7    | 0.0437 | ACCEPTED |
|   8    | 0.0362 | ACCEPTED |
|   9    | 0.0486 | REJECTED |
+--------+--------+----------+

[92m  ROUND 2 EVALUATION: 10 devices[0m
+--------+--------+--------+--------+--------+------+
| Device |  Loss  |  Acc   |   F1   |  AUC   |  N   |
+--------+--------+--------+--------+--------+------+
|   0    | 0.3606 | 0.8965 | 0.8983 | 0.9897 | 2947 |
|   1    | 0.3606 | 0.8965 | 0.8983 | 0.9897 | 2947 |
|   2    | 0.3606 | 0.8965 | 0.8983 | 0.9897 | 2947 |
|   3    | 0.3606 | 0.8965 | 0.8983 | 0.9897 | 2947 |
|   4    | 0.3606 | 0.8965 | 0.8983 | 0.9897 | 2947 |
|   5    | 0.3606 | 0.8965 | 0.8983 | 0.9897 | 2947 |
|   6    | 0.3606 | 0.8965 | 0.8983 | 0.9897 | 2947 |
|   7    | 0.3606 | 0.8965 | 0.8983 | 0.9897 | 2947 |
|   8    | 0.3606 | 0.8965 | 0.8983 | 0.9897 | 2947 |
|   9    | 0.3606 | 0.8965 | 0.8983 | 0.9897 | 2947 |
+--------+--------+--------+--------+--------+------+

[93m════════════════════════════════════════════════════════════[0m
[93m  [ROUND 2] GLOBAL — 6 Activities (UCI HAR)[0m
[93m════════════════════════════════════════════════════════════[0m
   loss                : 0.3606
   accuracy            : 0.8965
   f1_macro            : 0.8983
   f1_weighted         : 0.8974
   precision_macro     : 0.8996
   recall_macro        : 0.8986
   specificity_macro   : 0.9793
   auc_macro           : 0.9897
   ── Per-Activity ──  
     WALKING  P=1.000  R=0.909  F1=0.952  AUC=0.996  (n=496)
     WALKING_UPSTAIRS  P=0.953  R=0.943  F1=0.948  AUC=0.999  (n=471)
     WALKING_DOWNSTAIRS  P=0.889  R=0.976  F1=0.931  AUC=0.998  (n=420)
     SITTING  P=0.755  R=0.774  F1=0.765  AUC=0.966  (n=491)
     STANDING  P=0.800  R=0.820  F1=0.810  AUC=0.979  (n=532)
     LAYING  P=1.000  R=0.970  F1=0.985  AUC=1.000  (n=537)
  [IPFS] ✓ round_2_global_model.gz → QmXTPo1hEZu8i3NLdeox… (3,476,897 → 3,186,229 bytes) [account_1/2]
  [IPFS] ✓ round_2_global_metrics.gz → QmRnnNZZ5sWsCvtAuEft… (202 → 187 bytes) [account_1/2]

  [EVM] Firing GLOBAL block (Round 2)...
  [EVM] Transaction sent: 8c39726f6abf30b53230899854549bf29e8212c298f17ac960aad4f1c6739852
  [EVM] Waiting for all Round 2 transactions to confirm...
  [EVM] Waiting for 3 pending transaction(s)...
  [EVM] ✓ Confirmed in block 47841781
  [EVM] ✓ Confirmed in block 47841782
  [EVM] ✓ Confirmed in block 47841840

[96m  [BLOCKCHAIN] Round 2 complete — 3 blocks written (LOCAL + VOTE + GLOBAL) | Chain length: 4508[0m
  [TIMING] Round wall time: 124.0s | Model payload: 3340 KB
  [FedAvg] Round 3: lr=0.000640  (base=0.001000, decay=0.8)

[96m  ROUND 3 TRAINING: 10 devices[0m
+--------+--------+---------+---------+-----+
| Device |  Loss  | Samples | Time(s) | Cls |
+--------+--------+---------+---------+-----+
|   0    | 0.0260 |   1254  |  175.0  |  6  |
|   1    | 0.0297 |   684   |   35.7  |  6  |
|   2    | 0.0532 |   666   |   35.6  |  6  |
|   3    | 0.0419 |   738   |   40.6  |  6  |
|   4    | 0.0438 |   936   |   49.9  |  6  |
|   5    | 0.0407 |   1038  |   58.8  |  6  |
|   6    | 0.0371 |   864   |   47.9  |  6  |
|   7    | 0.0393 |   894   |   47.9  |  6  |
|   8    | 0.0536 |   954   |   51.5  |  6  |
|   9    | 0.0425 |   834   |   45.8  |  6  |
+--------+--------+---------+---------+-----+
  Loss  mean=0.0408  std=0.0083  threshold=0.0491

[96m  [BLOCKCHAIN] Firing LOCAL + VOTE blocks for Round 3 (async)...[0m
  [IPFS] ✓ round_3_local.gz → QmbSHV4KVE3huviFnpzG… (1,311 → 388 bytes) [account_1/2]

  [EVM] Firing LOCAL block (Round 3, 10 clients)...
  [EVM] Transaction sent: b4a7282721e46ad2b82b4b393b577a69f3ca1c58ef9ba3b9ebfe8a084fa49b5f
  [IPFS] ✓ round_3_votes.gz → QmVzB4ipbtV26TsxyvMj… (1,040 → 319 bytes) [account_1/2]
  [EVM] Firing VOTE block (Round 3: 8 accepted / 2 rejected)...
  [EVM] Transaction sent: b376cbe716e58c1f3349bf28685f6ad85c8569dcfab49743e28002d1ea875a13
+--------+--------+----------+
| Device |  Loss  | Verdict  |
+--------+--------+----------+
|   0    | 0.0260 | ACCEPTED |
|   1    | 0.0297 | ACCEPTED |
|   2    | 0.0532 | REJECTED |
|   3    | 0.0419 | ACCEPTED |
|   4    | 0.0438 | ACCEPTED |
|   5    | 0.0407 | ACCEPTED |
|   6    | 0.0371 | ACCEPTED |
|   7    | 0.0393 | ACCEPTED |
|   8    | 0.0536 | REJECTED |
|   9    | 0.0425 | ACCEPTED |
+--------+--------+----------+

[92m  ROUND 3 EVALUATION: 10 devices[0m
+--------+--------+--------+--------+--------+------+
| Device |  Loss  |  Acc   |   F1   |  AUC   |  N   |
+--------+--------+--------+--------+--------+------+
|   0    | 0.2934 | 0.9080 | 0.9096 | 0.9895 | 2947 |
|   1    | 0.2934 | 0.9080 | 0.9096 | 0.9895 | 2947 |
|   2    | 0.2934 | 0.9080 | 0.9096 | 0.9895 | 2947 |
|   3    | 0.2934 | 0.9080 | 0.9096 | 0.9895 | 2947 |
|   4    | 0.2934 | 0.9080 | 0.9096 | 0.9895 | 2947 |
|   5    | 0.2934 | 0.9080 | 0.9096 | 0.9895 | 2947 |
|   6    | 0.2934 | 0.9080 | 0.9096 | 0.9895 | 2947 |
|   7    | 0.2934 | 0.9080 | 0.9096 | 0.9895 | 2947 |
|   8    | 0.2934 | 0.9080 | 0.9096 | 0.9895 | 2947 |
|   9    | 0.2934 | 0.9080 | 0.9096 | 0.9895 | 2947 |
+--------+--------+--------+--------+--------+------+

[93m════════════════════════════════════════════════════════════[0m
[93m  [ROUND 3] GLOBAL — 6 Activities (UCI HAR)[0m
[93m════════════════════════════════════════════════════════════[0m
   loss                : 0.2934
   accuracy            : 0.9080
   f1_macro            : 0.9096
   f1_weighted         : 0.9085
   precision_macro     : 0.9101
   recall_macro        : 0.9095
   specificity_macro   : 0.9816
   auc_macro           : 0.9895
   ── Per-Activity ──  
     WALKING  P=0.992  R=0.942  F1=0.966  AUC=0.999  (n=496)
     WALKING_UPSTAIRS  P=0.975  R=0.981  F1=0.978  AUC=1.000  (n=471)
     WALKING_DOWNSTAIRS  P=0.928  R=0.950  F1=0.939  AUC=0.999  (n=420)
     SITTING  P=0.766  R=0.778  F1=0.772  AUC=0.961  (n=491)
     STANDING  P=0.801  R=0.808  F1=0.804  AUC=0.979  (n=532)
     LAYING  P=1.000  R=0.998  F1=0.999  AUC=1.000  (n=537)
  [IPFS] ✓ round_3_global_model.gz → QmZYJLD3Qtbpq71QEQyV… (3,476,897 → 3,186,728 bytes) [account_1/2]
  [IPFS] ✓ round_3_global_metrics.gz → QmYk9Jw4bHBvNKypTK5b… (202 → 187 bytes) [account_1/2]

  [EVM] Firing GLOBAL block (Round 3)...
  [EVM] Transaction sent: 7fa846d6e23837cc5bc9aaedc13843e3f5ae91387759692c73448b693342036a
  [EVM] Waiting for all Round 3 transactions to confirm...
  [EVM] Waiting for 3 pending transaction(s)...
  [EVM] ✓ Confirmed in block 47841957
  [EVM] ✓ Confirmed in block 47841958
  [EVM] ✓ Confirmed in block 47841991

[96m  [BLOCKCHAIN] Round 3 complete — 3 blocks written (LOCAL + VOTE + GLOBAL) | Chain length: 4511[0m
  [TIMING] Round wall time: 81.4s | Model payload: 3340 KB
  [FedAvg] Round 4: lr=0.000512  (base=0.001000, decay=0.8)

[96m  ROUND 4 TRAINING: 10 devices[0m
+--------+--------+---------+---------+-----+
| Device |  Loss  | Samples | Time(s) | Cls |
+--------+--------+---------+---------+-----+
|   0    | 0.0373 |   1254  |  177.0  |  6  |
|   1    | 0.0449 |   684   |   35.4  |  6  |
|   2    | 0.0315 |   666   |   35.5  |  6  |
|   3    | 0.0484 |   738   |   40.3  |  6  |
|   4    | 0.0369 |   936   |   49.5  |  6  |
|   5    | 0.0438 |   1038  |   58.8  |  6  |
|   6    | 0.0258 |   864   |   47.9  |  6  |
|   7    | 0.0319 |   894   |   47.8  |  6  |
|   8    | 0.0476 |   954   |   52.0  |  6  |
|   9    | 0.0429 |   834   |   46.3  |  6  |
+--------+--------+---------+---------+-----+
  Loss  mean=0.0391  std=0.0072  threshold=0.0463

[96m  [BLOCKCHAIN] Firing LOCAL + VOTE blocks for Round 4 (async)...[0m
  [IPFS] ✓ round_4_local.gz → QmUVUab3KyLDmG95mHHf… (1,311 → 389 bytes) [account_1/2]

  [EVM] Firing LOCAL block (Round 4, 10 clients)...
  [EVM] Transaction sent: fee7cad8beaf6702a258aaded37bbb8df279ec375cdc23ec9ca47572d157e274
  [IPFS] ✓ round_4_votes.gz → QmRFLDj4VVU7kbRNnQhR… (1,039 → 319 bytes) [account_1/2]
  [EVM] Firing VOTE block (Round 4: 8 accepted / 2 rejected)...
  [EVM] Transaction sent: c483e17893827255a268b6e0c7f238f05b250f88e0c32ece3e53bdd224bee146
+--------+--------+----------+
| Device |  Loss  | Verdict  |
+--------+--------+----------+
|   0    | 0.0373 | ACCEPTED |
|   1    | 0.0449 | ACCEPTED |
|   2    | 0.0315 | ACCEPTED |
|   3    | 0.0484 | REJECTED |
|   4    | 0.0369 | ACCEPTED |
|   5    | 0.0438 | ACCEPTED |
|   6    | 0.0258 | ACCEPTED |
|   7    | 0.0319 | ACCEPTED |
|   8    | 0.0476 | REJECTED |
|   9    | 0.0429 | ACCEPTED |
+--------+--------+----------+

[92m  ROUND 4 EVALUATION: 10 devices[0m
+--------+--------+--------+--------+--------+------+
| Device |  Loss  |  Acc   |   F1   |  AUC   |  N   |
+--------+--------+--------+--------+--------+------+
|   0    | 0.2749 | 0.9145 | 0.9157 | 0.9902 | 2947 |
|   1    | 0.2749 | 0.9145 | 0.9157 | 0.9902 | 2947 |
|   2    | 0.2749 | 0.9145 | 0.9157 | 0.9902 | 2947 |
|   3    | 0.2749 | 0.9145 | 0.9157 | 0.9902 | 2947 |
|   4    | 0.2749 | 0.9145 | 0.9157 | 0.9902 | 2947 |
|   5    | 0.2749 | 0.9145 | 0.9157 | 0.9902 | 2947 |
|   6    | 0.2749 | 0.9145 | 0.9157 | 0.9902 | 2947 |
|   7    | 0.2749 | 0.9145 | 0.9157 | 0.9902 | 2947 |
|   8    | 0.2749 | 0.9145 | 0.9157 | 0.9902 | 2947 |
|   9    | 0.2749 | 0.9145 | 0.9157 | 0.9902 | 2947 |
+--------+--------+--------+--------+--------+------+

[93m════════════════════════════════════════════════════════════[0m
[93m  [ROUND 4] GLOBAL — 6 Activities (UCI HAR)[0m
[93m════════════════════════════════════════════════════════════[0m
   loss                : 0.2749
   accuracy            : 0.9145
   f1_macro            : 0.9157
   f1_weighted         : 0.9146
   precision_macro     : 0.9162
   recall_macro        : 0.9157
   specificity_macro   : 0.9828
   auc_macro           : 0.9902
   ── Per-Activity ──  
     WALKING  P=0.983  R=0.948  F1=0.965  AUC=0.999  (n=496)
     WALKING_UPSTAIRS  P=0.987  R=0.970  F1=0.979  AUC=1.000  (n=471)
     WALKING_DOWNSTAIRS  P=0.925  R=0.967  F1=0.945  AUC=0.999  (n=420)
     SITTING  P=0.803  R=0.766  F1=0.784  AUC=0.962  (n=491)
     STANDING  P=0.799  R=0.844  F1=0.821  AUC=0.981  (n=532)
     LAYING  P=1.000  R=1.000  F1=1.000  AUC=1.000  (n=537)
  [IPFS] ✓ round_4_global_model.gz → QmV8Xzx54irbqGTQkx2R… (3,476,897 → 3,187,146 bytes) [account_1/2]
  [IPFS] ✓ round_4_global_metrics.gz → QmUQikqEosmZHHvmUJyL… (201 → 183 bytes) [account_1/2]

  [EVM] Firing GLOBAL block (Round 4)...
  [EVM] Transaction sent: 595069c54ccc5a317c3fe32005e6f0dba47383b4445fee5e67035bbed7480dbf
  [EVM] Waiting for all Round 4 transactions to confirm...
  [EVM] Waiting for 3 pending transaction(s)...
  [EVM] ✓ Confirmed in block 47842123
  [EVM] ✓ Confirmed in block 47842124
  [EVM] ✓ Confirmed in block 47842170

[96m  [BLOCKCHAIN] Round 4 complete — 3 blocks written (LOCAL + VOTE + GLOBAL) | Chain length: 4514[0m
  [TIMING] Round wall time: 98.7s | Model payload: 3340 KB
  [FedAvg] Round 5: lr=0.000410  (base=0.001000, decay=0.8)

[96m  ROUND 5 TRAINING: 10 devices[0m
+--------+--------+---------+---------+-----+
| Device |  Loss  | Samples | Time(s) | Cls |
+--------+--------+---------+---------+-----+
|   0    | 0.0408 |   1254  |  176.5  |  6  |
|   1    | 0.0380 |   684   |   35.5  |  6  |
|   2    | 0.0418 |   666   |   35.5  |  6  |
|   3    | 0.0353 |   738   |   40.6  |  6  |
|   4    | 0.0365 |   936   |   50.1  |  6  |
|   5    | 0.0233 |   1038  |   58.9  |  6  |
|   6    | 0.0333 |   864   |   48.2  |  6  |
|   7    | 0.0353 |   894   |   47.9  |  6  |
|   8    | 0.0358 |   954   |   51.0  |  6  |
|   9    | 0.0416 |   834   |   45.6  |  6  |
+--------+--------+---------+---------+-----+
  Loss  mean=0.0362  std=0.0051  threshold=0.0413

[96m  [BLOCKCHAIN] Firing LOCAL + VOTE blocks for Round 5 (async)...[0m
  [IPFS] ✓ round_5_local.gz → QmXN1fi2YFyNWBuhQYKr… (1,315 → 394 bytes) [account_1/2]

  [EVM] Firing LOCAL block (Round 5, 10 clients)...
  [EVM] Transaction sent: 6f4c1737dd6ff6da9b7b9d41e37b87a1b5c0a907c37aad0367ad7aaa98a1f590
  [IPFS] ✓ round_5_votes.gz → QmVdHsJssS1WGC9yw7HD… (1,043 → 316 bytes) [account_1/2]
  [EVM] Firing VOTE block (Round 5: 8 accepted / 2 rejected)...
  [EVM] Transaction sent: d2c13d5e3d06eb5fd5b7cfc0afc4cd610786224013822f7b589a3d05f0cf5cae
+--------+--------+----------+
| Device |  Loss  | Verdict  |
+--------+--------+----------+
|   0    | 0.0408 | ACCEPTED |
|   1    | 0.0380 | ACCEPTED |
|   2    | 0.0418 | REJECTED |
|   3    | 0.0353 | ACCEPTED |
|   4    | 0.0365 | ACCEPTED |
|   5    | 0.0233 | ACCEPTED |
|   6    | 0.0333 | ACCEPTED |
|   7    | 0.0353 | ACCEPTED |
|   8    | 0.0358 | ACCEPTED |
|   9    | 0.0416 | REJECTED |
+--------+--------+----------+

[92m  ROUND 5 EVALUATION: 10 devices[0m
+--------+--------+--------+--------+--------+------+
| Device |  Loss  |  Acc   |   F1   |  AUC   |  N   |
+--------+--------+--------+--------+--------+------+
|   0    | 0.2551 | 0.9189 | 0.9201 | 0.9907 | 2947 |
|   1    | 0.2551 | 0.9189 | 0.9201 | 0.9907 | 2947 |
|   2    | 0.2551 | 0.9189 | 0.9201 | 0.9907 | 2947 |
|   3    | 0.2551 | 0.9189 | 0.9201 | 0.9907 | 2947 |
|   4    | 0.2551 | 0.9189 | 0.9201 | 0.9907 | 2947 |
|   5    | 0.2551 | 0.9189 | 0.9201 | 0.9907 | 2947 |
|   6    | 0.2551 | 0.9189 | 0.9201 | 0.9907 | 2947 |
|   7    | 0.2551 | 0.9189 | 0.9201 | 0.9907 | 2947 |
|   8    | 0.2551 | 0.9189 | 0.9201 | 0.9907 | 2947 |
|   9    | 0.2551 | 0.9189 | 0.9201 | 0.9907 | 2947 |
+--------+--------+--------+--------+--------+------+

[93m════════════════════════════════════════════════════════════[0m
[93m  [ROUND 5] GLOBAL — 6 Activities (UCI HAR)[0m
[93m════════════════════════════════════════════════════════════[0m
   loss                : 0.2551
   accuracy            : 0.9189
   f1_macro            : 0.9201
   f1_weighted         : 0.9189
   precision_macro     : 0.9206
   recall_macro        : 0.9205
   specificity_macro   : 0.9837
   auc_macro           : 0.9907
   ── Per-Activity ──  
     WALKING  P=0.992  R=0.948  F1=0.969  AUC=1.000  (n=496)
     WALKING_UPSTAIRS  P=0.991  R=0.977  F1=0.984  AUC=1.000  (n=471)
     WALKING_DOWNSTAIRS  P=0.922  R=0.983  F1=0.952  AUC=0.999  (n=420)
     SITTING  P=0.818  R=0.768  F1=0.792  AUC=0.964  (n=491)
     STANDING  P=0.801  R=0.848  F1=0.824  AUC=0.981  (n=532)
     LAYING  P=1.000  R=1.000  F1=1.000  AUC=1.000  (n=537)
  [IPFS] ✓ round_5_global_model.gz → QmUBxR6Pepgw6dhxLJev… (3,476,897 → 3,187,285 bytes) [account_1/2]
  [IPFS] ✓ round_5_global_metrics.gz → QmcHSrgDvyZpHkAW9fdS… (202 → 186 bytes) [account_1/2]

  [EVM] Firing GLOBAL block (Round 5)...
  [EVM] Transaction sent: 52a089789fcfb0d32b79807b26aa48d3f533ad689181e769485d610d656754d2
  [EVM] Waiting for all Round 5 transactions to confirm...
  [EVM] Waiting for 3 pending transaction(s)...
  [EVM] ✓ Confirmed in block 47842307
  [EVM] ✓ Confirmed in block 47842308
  [EVM] ✓ Confirmed in block 47842353

[96m  [BLOCKCHAIN] Round 5 complete — 3 blocks written (LOCAL + VOTE + GLOBAL) | Chain length: 4517[0m
  [TIMING] Round wall time: 96.6s | Model payload: 3340 KB
  [FedAvg] Round 6: lr=0.000328  (base=0.001000, decay=0.8)

[96m  ROUND 6 TRAINING: 10 devices[0m
+--------+--------+---------+---------+-----+
| Device |  Loss  | Samples | Time(s) | Cls |
+--------+--------+---------+---------+-----+
|   0    | 0.0401 |   1254  |  174.5  |  6  |
|   1    | 0.0489 |   684   |   35.6  |  6  |
|   2    | 0.0341 |   666   |   35.3  |  6  |
|   3    | 0.0275 |   738   |   40.3  |  6  |
|   4    | 0.0476 |   936   |   50.1  |  6  |
|   5    | 0.0411 |   1038  |   58.7  |  6  |
|   6    | 0.0211 |   864   |   48.1  |  6  |
|   7    | 0.0313 |   894   |   47.8  |  6  |
|   8    | 0.0499 |   954   |   51.5  |  6  |
|   9    | 0.0293 |   834   |   46.0  |  6  |
+--------+--------+---------+---------+-----+
  Loss  mean=0.0371  std=0.0094  threshold=0.0465

[96m  [BLOCKCHAIN] Firing LOCAL + VOTE blocks for Round 6 (async)...[0m
  [IPFS] ✓ round_6_local.gz → QmQr9chU3KupvDVUfi4L… (1,309 → 393 bytes) [account_1/2]

  [EVM] Firing LOCAL block (Round 6, 10 clients)...
  [EVM] Transaction sent: 9338d6fe78273a4ef5946802e89e9b0cf61f0b15a8b458c38d61a2abfb07bf91
  [IPFS] ✓ round_6_votes.gz → QmU5Lnh4XkJGMbhg35B2… (1,049 → 323 bytes) [account_1/2]
  [EVM] Firing VOTE block (Round 6: 7 accepted / 3 rejected)...
  [EVM] Transaction sent: f35a60ddb08ae5dea961852190d9ec86b5e4436fa04510dc2f34b203e4cc9fce
+--------+--------+----------+
| Device |  Loss  | Verdict  |
+--------+--------+----------+
|   0    | 0.0401 | ACCEPTED |
|   1    | 0.0489 | REJECTED |
|   2    | 0.0341 | ACCEPTED |
|   3    | 0.0275 | ACCEPTED |
|   4    | 0.0476 | REJECTED |
|   5    | 0.0411 | ACCEPTED |
|   6    | 0.0211 | ACCEPTED |
|   7    | 0.0313 | ACCEPTED |
|   8    | 0.0499 | REJECTED |
|   9    | 0.0293 | ACCEPTED |
+--------+--------+----------+

[92m  ROUND 6 EVALUATION: 10 devices[0m
+--------+--------+--------+--------+--------+------+
| Device |  Loss  |  Acc   |   F1   |  AUC   |  N   |
+--------+--------+--------+--------+--------+------+
|   0    | 0.2527 | 0.9196 | 0.9208 | 0.9905 | 2947 |
|   1    | 0.2527 | 0.9196 | 0.9208 | 0.9905 | 2947 |
|   2    | 0.2527 | 0.9196 | 0.9208 | 0.9905 | 2947 |
|   3    | 0.2527 | 0.9196 | 0.9208 | 0.9905 | 2947 |
|   4    | 0.2527 | 0.9196 | 0.9208 | 0.9905 | 2947 |
|   5    | 0.2527 | 0.9196 | 0.9208 | 0.9905 | 2947 |
|   6    | 0.2527 | 0.9196 | 0.9208 | 0.9905 | 2947 |
|   7    | 0.2527 | 0.9196 | 0.9208 | 0.9905 | 2947 |
|   8    | 0.2527 | 0.9196 | 0.9208 | 0.9905 | 2947 |
|   9    | 0.2527 | 0.9196 | 0.9208 | 0.9905 | 2947 |
+--------+--------+--------+--------+--------+------+

[93m════════════════════════════════════════════════════════════[0m
[93m  [ROUND 6] GLOBAL — 6 Activities (UCI HAR)[0m
[93m════════════════════════════════════════════════════════════[0m
   loss                : 0.2527
   accuracy            : 0.9196
   f1_macro            : 0.9208
   f1_weighted         : 0.9195
   precision_macro     : 0.9212
   recall_macro        : 0.9212
   specificity_macro   : 0.9839
   auc_macro           : 0.9905
   ── Per-Activity ──  
     WALKING  P=0.992  R=0.948  F1=0.969  AUC=1.000  (n=496)
     WALKING_UPSTAIRS  P=0.989  R=0.981  F1=0.985  AUC=1.000  (n=471)
     WALKING_DOWNSTAIRS  P=0.926  R=0.983  F1=0.954  AUC=0.999  (n=420)
     SITTING  P=0.820  R=0.768  F1=0.793  AUC=0.963  (n=491)
     STANDING  P=0.801  R=0.848  F1=0.824  AUC=0.982  (n=532)
     LAYING  P=1.000  R=1.000  F1=1.000  AUC=1.000  (n=537)
  [IPFS] ✓ round_6_global_model.gz → QmQytpEGwWTp2spr872Y… (3,476,897 → 3,187,503 bytes) [account_1/2]
  [IPFS] ✓ round_6_global_metrics.gz → Qme87nYFuuSGGRHZptuV… (201 → 185 bytes) [account_1/2]

  [EVM] Firing GLOBAL block (Round 6)...
  [EVM] Transaction sent: 066f03a577ba7e5c943bce222a1f5d55b98b97548ca575cd6407344efc715167
  [EVM] Waiting for all Round 6 transactions to confirm...
  [EVM] Waiting for 3 pending transaction(s)...
  [EVM] ✓ Confirmed in block 47842478
  [EVM] ✓ Confirmed in block 47842479
  [EVM] ✓ Confirmed in block 47842520

[96m  [BLOCKCHAIN] Round 6 complete — 3 blocks written (LOCAL + VOTE + GLOBAL) | Chain length: 4520[0m
  [TIMING] Round wall time: 88.3s | Model payload: 3340 KB
  [FedAvg] Round 7: lr=0.000262  (base=0.001000, decay=0.8)

[96m  ROUND 7 TRAINING: 10 devices[0m
+--------+--------+---------+---------+-----+
| Device |  Loss  | Samples | Time(s) | Cls |
+--------+--------+---------+---------+-----+
|   0    | 0.0402 |   1254  |  174.9  |  6  |
|   1    | 0.0450 |   684   |   35.5  |  6  |
|   2    | 0.0360 |   666   |   35.5  |  6  |
|   3    | 0.0455 |   738   |   40.3  |  6  |
|   4    | 0.0355 |   936   |   49.8  |  6  |
|   5    | 0.0247 |   1038  |   58.8  |  6  |
|   6    | 0.0257 |   864   |   47.3  |  6  |
|   7    | 0.0302 |   894   |   47.7  |  6  |
|   8    | 0.0439 |   954   |   50.7  |  6  |
|   9    | 0.0377 |   834   |   46.0  |  6  |
+--------+--------+---------+---------+-----+
  Loss  mean=0.0364  std=0.0072  threshold=0.0436

[96m  [BLOCKCHAIN] Firing LOCAL + VOTE blocks for Round 7 (async)...[0m
  [IPFS] ✓ round_7_local.gz → QmY4TouA3VxZGWkLo5TC… (1,315 → 391 bytes) [account_1/2]

  [EVM] Firing LOCAL block (Round 7, 10 clients)...
  [EVM] Transaction sent: 16814421a8a1bc506c8ca34f64b64b93fe24be02a780e1678419ade88cb31987
  [IPFS] ✓ round_7_votes.gz → QmRC57h7tLTFUbTagdqh… (1,052 → 322 bytes) [account_1/2]
  [EVM] Firing VOTE block (Round 7: 7 accepted / 3 rejected)...
  [EVM] Transaction sent: 05e2a9ca933e1e5849a1eaf12cb8a664bf15a339228f58b0b98602cc14768ae0
+--------+--------+----------+
| Device |  Loss  | Verdict  |
+--------+--------+----------+
|   0    | 0.0402 | ACCEPTED |
|   1    | 0.0450 | REJECTED |
|   2    | 0.0360 | ACCEPTED |
|   3    | 0.0455 | REJECTED |
|   4    | 0.0355 | ACCEPTED |
|   5    | 0.0247 | ACCEPTED |
|   6    | 0.0257 | ACCEPTED |
|   7    | 0.0302 | ACCEPTED |
|   8    | 0.0439 | REJECTED |
|   9    | 0.0377 | ACCEPTED |
+--------+--------+----------+

[92m  ROUND 7 EVALUATION: 10 devices[0m
+--------+--------+--------+--------+--------+------+
| Device |  Loss  |  Acc   |   F1   |  AUC   |  N   |
+--------+--------+--------+--------+--------+------+
|   0    | 0.2542 | 0.9192 | 0.9209 | 0.9901 | 2947 |
|   1    | 0.2542 | 0.9192 | 0.9209 | 0.9901 | 2947 |
|   2    | 0.2542 | 0.9192 | 0.9209 | 0.9901 | 2947 |
|   3    | 0.2542 | 0.9192 | 0.9209 | 0.9901 | 2947 |
|   4    | 0.2542 | 0.9192 | 0.9209 | 0.9901 | 2947 |
|   5    | 0.2542 | 0.9192 | 0.9209 | 0.9901 | 2947 |
|   6    | 0.2542 | 0.9192 | 0.9209 | 0.9901 | 2947 |
|   7    | 0.2542 | 0.9192 | 0.9209 | 0.9901 | 2947 |
|   8    | 0.2542 | 0.9192 | 0.9209 | 0.9901 | 2947 |
|   9    | 0.2542 | 0.9192 | 0.9209 | 0.9901 | 2947 |
+--------+--------+--------+--------+--------+------+

[93m════════════════════════════════════════════════════════════[0m
[93m  [ROUND 7] GLOBAL — 6 Activities (UCI HAR)[0m
[93m════════════════════════════════════════════════════════════[0m
   loss                : 0.2542
   accuracy            : 0.9192
   f1_macro            : 0.9209
   f1_weighted         : 0.9193
   precision_macro     : 0.9208
   recall_macro        : 0.9216
   specificity_macro   : 0.9838
   auc_macro           : 0.9901
   ── Per-Activity ──  
     WALKING  P=0.994  R=0.946  F1=0.969  AUC=1.000  (n=496)
     WALKING_UPSTAIRS  P=0.992  R=0.992  F1=0.992  AUC=1.000  (n=471)
     WALKING_DOWNSTAIRS  P=0.937  R=0.988  F1=0.962  AUC=0.999  (n=420)
     SITTING  P=0.792  R=0.790  F1=0.791  AUC=0.961  (n=491)
     STANDING  P=0.811  R=0.814  F1=0.812  AUC=0.981  (n=532)
     LAYING  P=1.000  R=1.000  F1=1.000  AUC=1.000  (n=537)
  [IPFS] ✓ round_7_global_model.gz → QmQ5GH7rGhDM2rmbRnTa… (3,476,897 → 3,187,691 bytes) [account_1/2]
  [IPFS] ✓ round_7_global_metrics.gz → QmXZw83BDqHzxfoZgiA5… (202 → 185 bytes) [account_1/2]

  [EVM] Firing GLOBAL block (Round 7)...
  [EVM] Transaction sent: 3556faef463c99c23f00aad2f992f0afde3d0f396b29eb578885dfe836c5f73b
  [EVM] Waiting for all Round 7 transactions to confirm...
  [EVM] Waiting for 3 pending transaction(s)...
  [EVM] ✓ Confirmed in block 47842659
  [EVM] ✓ Confirmed in block 47842660
  [EVM] ✓ Confirmed in block 47842691

[96m  [BLOCKCHAIN] Round 7 complete — 3 blocks written (LOCAL + VOTE + GLOBAL) | Chain length: 4523[0m
  [TIMING] Round wall time: 68.0s | Model payload: 3340 KB
  [FedAvg] Round 8: lr=0.000210  (base=0.001000, decay=0.8)

[96m  ROUND 8 TRAINING: 10 devices[0m
+--------+--------+---------+---------+-----+
| Device |  Loss  | Samples | Time(s) | Cls |
+--------+--------+---------+---------+-----+
|   0    | 0.0357 |   1254  |  176.8  |  6  |
|   1    | 0.0295 |   684   |   35.5  |  6  |
|   2    | 0.0426 |   666   |   35.6  |  6  |
|   3    | 0.0327 |   738   |   40.4  |  6  |
|   4    | 0.0327 |   936   |   49.6  |  6  |
|   5    | 0.0280 |   1038  |   58.8  |  6  |
|   6    | 0.0313 |   864   |   47.8  |  6  |
|   7    | 0.0291 |   894   |   47.9  |  6  |
|   8    | 0.0443 |   954   |   51.5  |  6  |
|   9    | 0.0307 |   834   |   46.1  |  6  |
+--------+--------+---------+---------+-----+
  Loss  mean=0.0337  std=0.0053  threshold=0.0390

[96m  [BLOCKCHAIN] Firing LOCAL + VOTE blocks for Round 8 (async)...[0m
  [IPFS] ✓ round_8_local.gz → QmSPYFDoTapecyCo3qP1… (1,311 → 393 bytes) [account_1/2]

  [EVM] Firing LOCAL block (Round 8, 10 clients)...
  [EVM] Transaction sent: c4017a75552e883234177649a4aa45019fd12f2b9181de85bbe8109812d3834c
  [IPFS] ✓ round_8_votes.gz → QmQHDoqD2Db3azXqzXkr… (1,042 → 319 bytes) [account_1/2]
  [EVM] Firing VOTE block (Round 8: 8 accepted / 2 rejected)...
  [EVM] Transaction sent: 2809982692bed5d9245c22f1e1630e7981854dbffcd33bc8b9a129714220f895
+--------+--------+----------+
| Device |  Loss  | Verdict  |
+--------+--------+----------+
|   0    | 0.0357 | ACCEPTED |
|   1    | 0.0295 | ACCEPTED |
|   2    | 0.0426 | REJECTED |
|   3    | 0.0327 | ACCEPTED |
|   4    | 0.0327 | ACCEPTED |
|   5    | 0.0280 | ACCEPTED |
|   6    | 0.0313 | ACCEPTED |
|   7    | 0.0291 | ACCEPTED |
|   8    | 0.0443 | REJECTED |
|   9    | 0.0307 | ACCEPTED |
+--------+--------+----------+

[92m  ROUND 8 EVALUATION: 10 devices[0m
+--------+--------+--------+--------+--------+------+
| Device |  Loss  |  Acc   |   F1   |  AUC   |  N   |
+--------+--------+--------+--------+--------+------+
|   0    | 0.2447 | 0.9226 | 0.9239 | 0.9914 | 2947 |
|   1    | 0.2447 | 0.9226 | 0.9239 | 0.9914 | 2947 |
|   2    | 0.2447 | 0.9226 | 0.9239 | 0.9914 | 2947 |
|   3    | 0.2447 | 0.9226 | 0.9239 | 0.9914 | 2947 |
|   4    | 0.2447 | 0.9226 | 0.9239 | 0.9914 | 2947 |
|   5    | 0.2447 | 0.9226 | 0.9239 | 0.9914 | 2947 |
|   6    | 0.2447 | 0.9226 | 0.9239 | 0.9914 | 2947 |
|   7    | 0.2447 | 0.9226 | 0.9239 | 0.9914 | 2947 |
|   8    | 0.2447 | 0.9226 | 0.9239 | 0.9914 | 2947 |
|   9    | 0.2447 | 0.9226 | 0.9239 | 0.9914 | 2947 |
+--------+--------+--------+--------+--------+------+

[93m════════════════════════════════════════════════════════════[0m
[93m  [ROUND 8] GLOBAL — 6 Activities (UCI HAR)[0m
[93m════════════════════════════════════════════════════════════[0m
   loss                : 0.2447
   accuracy            : 0.9226
   f1_macro            : 0.9239
   f1_weighted         : 0.9225
   precision_macro     : 0.9243
   recall_macro        : 0.9244
   specificity_macro   : 0.9845
   auc_macro           : 0.9914
   ── Per-Activity ──  
     WALKING  P=0.992  R=0.948  F1=0.969  AUC=0.999  (n=496)
     WALKING_UPSTAIRS  P=0.989  R=0.987  F1=0.988  AUC=1.000  (n=471)
     WALKING_DOWNSTAIRS  P=0.935  R=0.988  F1=0.961  AUC=0.999  (n=420)
     SITTING  P=0.826  R=0.772  F1=0.798  AUC=0.967  (n=491)
     STANDING  P=0.805  R=0.852  F1=0.827  AUC=0.983  (n=532)
     LAYING  P=1.000  R=1.000  F1=1.000  AUC=1.000  (n=537)
  [IPFS] ✓ round_8_global_model.gz → QmcJR3uMr2z2RoPgHTuu… (3,476,897 → 3,187,741 bytes) [account_1/2]
  [IPFS] ✓ round_8_global_metrics.gz → QmPCBMEexLby4XnMGyY8… (202 → 183 bytes) [account_1/2]

  [EVM] Firing GLOBAL block (Round 8)...
  [EVM] Transaction sent: 9af85c7b8604ab7256b591b7a39dec831bc38df5df839a3f1db7e78a191ad8b9
  [EVM] Waiting for all Round 8 transactions to confirm...
  [EVM] Waiting for 3 pending transaction(s)...
  [EVM] ✓ Confirmed in block 47842812
  [EVM] ✓ Confirmed in block 47842812
  [EVM] ✓ Confirmed in block 47842862

[96m  [BLOCKCHAIN] Round 8 complete — 3 blocks written (LOCAL + VOTE + GLOBAL) | Chain length: 4526[0m
  [TIMING] Round wall time: 106.5s | Model payload: 3340 KB
  [FedAvg] Round 9: lr=0.000168  (base=0.001000, decay=0.8)

[96m  ROUND 9 TRAINING: 10 devices[0m
+--------+--------+---------+---------+-----+
| Device |  Loss  | Samples | Time(s) | Cls |
+--------+--------+---------+---------+-----+
|   0    | 0.0437 |   1254  |  175.4  |  6  |
|   1    | 0.0431 |   684   |   35.5  |  6  |
|   2    | 0.0453 |   666   |   35.5  |  6  |
|   3    | 0.0436 |   738   |   40.4  |  6  |
|   4    | 0.0370 |   936   |   49.7  |  6  |
|   5    | 0.0393 |   1038  |   58.9  |  6  |
|   6    | 0.0407 |   864   |   47.7  |  6  |
|   7    | 0.0326 |   894   |   48.0  |  6  |
|   8    | 0.0376 |   954   |   51.8  |  6  |
|   9    | 0.0343 |   834   |   46.1  |  6  |
+--------+--------+---------+---------+-----+
  Loss  mean=0.0397  std=0.0041  threshold=0.0438

[96m  [BLOCKCHAIN] Firing LOCAL + VOTE blocks for Round 9 (async)...[0m
  [IPFS] ✓ round_9_local.gz → QmUDLMoWtExvrUKjbvT1… (1,308 → 390 bytes) [account_1/2]

  [EVM] Firing LOCAL block (Round 9, 10 clients)...
  [EVM] Transaction sent: 267d31449797e327c294c914784d92ff0857de98a0658132b97b98e52502e82a
  [IPFS] ✓ round_9_votes.gz → QmYq5sP3Ee6JrFMFyJN4… (1,026 → 308 bytes) [account_1/2]
  [EVM] Firing VOTE block (Round 9: 9 accepted / 1 rejected)...
  [EVM] Transaction sent: a5fbe0260120ea51dd4c63e8a0d88cec52863a235cd9f3afe0718f16527046be
+--------+--------+----------+
| Device |  Loss  | Verdict  |
+--------+--------+----------+
|   0    | 0.0437 | ACCEPTED |
|   1    | 0.0431 | ACCEPTED |
|   2    | 0.0453 | REJECTED |
|   3    | 0.0436 | ACCEPTED |
|   4    | 0.0370 | ACCEPTED |
|   5    | 0.0393 | ACCEPTED |
|   6    | 0.0407 | ACCEPTED |
|   7    | 0.0326 | ACCEPTED |
|   8    | 0.0376 | ACCEPTED |
|   9    | 0.0343 | ACCEPTED |
+--------+--------+----------+

[92m  ROUND 9 EVALUATION: 10 devices[0m
+--------+--------+--------+--------+--------+------+
| Device |  Loss  |  Acc   |   F1   |  AUC   |  N   |
+--------+--------+--------+--------+--------+------+
|   0    | 0.2331 | 0.9247 | 0.9260 | 0.9919 | 2947 |
|   1    | 0.2331 | 0.9247 | 0.9260 | 0.9919 | 2947 |
|   2    | 0.2331 | 0.9247 | 0.9260 | 0.9919 | 2947 |
|   3    | 0.2331 | 0.9247 | 0.9260 | 0.9919 | 2947 |
|   4    | 0.2331 | 0.9247 | 0.9260 | 0.9919 | 2947 |
|   5    | 0.2331 | 0.9247 | 0.9260 | 0.9919 | 2947 |
|   6    | 0.2331 | 0.9247 | 0.9260 | 0.9919 | 2947 |
|   7    | 0.2331 | 0.9247 | 0.9260 | 0.9919 | 2947 |
|   8    | 0.2331 | 0.9247 | 0.9260 | 0.9919 | 2947 |
|   9    | 0.2331 | 0.9247 | 0.9260 | 0.9919 | 2947 |
+--------+--------+--------+--------+--------+------+

[93m════════════════════════════════════════════════════════════[0m
[93m  [ROUND 9] GLOBAL — 6 Activities (UCI HAR)[0m
[93m════════════════════════════════════════════════════════════[0m
   loss                : 0.2331
   accuracy            : 0.9247
   f1_macro            : 0.9260
   f1_weighted         : 0.9246
   precision_macro     : 0.9261
   recall_macro        : 0.9267
   specificity_macro   : 0.9849
   auc_macro           : 0.9919
   ── Per-Activity ──  
     WALKING  P=0.998  R=0.948  F1=0.972  AUC=1.000  (n=496)
     WALKING_UPSTAIRS  P=0.989  R=0.989  F1=0.989  AUC=1.000  (n=471)
     WALKING_DOWNSTAIRS  P=0.935  R=0.995  F1=0.964  AUC=0.999  (n=420)
     SITTING  P=0.820  R=0.786  F1=0.802  AUC=0.970  (n=491)
     STANDING  P=0.815  R=0.842  F1=0.828  AUC=0.983  (n=532)
     LAYING  P=1.000  R=1.000  F1=1.000  AUC=1.000  (n=537)
  [IPFS] ✓ round_9_global_model.gz → QmPJ41GijEsvYUyTg8os… (3,476,897 → 3,187,704 bytes) [account_1/2]
  [IPFS] ✓ round_9_global_metrics.gz → QmQmGWii8FPh524SQbSj… (202 → 184 bytes) [account_1/2]

  [EVM] Firing GLOBAL block (Round 9)...
  [EVM] Transaction sent: 7a736545501ff2b538f03da3084d99ecf8c6d145254f2ec7b9ad66aa2f8eede0
  [EVM] Waiting for all Round 9 transactions to confirm...
  [EVM] Waiting for 3 pending transaction(s)...
  [EVM] ✓ Confirmed in block 47843009
  [EVM] ✓ Confirmed in block 47843010
  [EVM] ✓ Confirmed in block 47843050

[96m  [BLOCKCHAIN] Round 9 complete — 3 blocks written (LOCAL + VOTE + GLOBAL) | Chain length: 4529[0m
  [TIMING] Round wall time: 87.1s | Model payload: 3340 KB
  [FedAvg] Round 10: lr=0.000134  (base=0.001000, decay=0.8)

[96m  ROUND 10 TRAINING: 10 devices[0m
+--------+--------+---------+---------+-----+
| Device |  Loss  | Samples | Time(s) | Cls |
+--------+--------+---------+---------+-----+
|   0    | 0.0188 |   1254  |  175.4  |  6  |
|   1    | 0.0466 |   684   |   36.0  |  6  |
|   2    | 0.0312 |   666   |   35.4  |  6  |
|   3    | 0.0418 |   738   |   40.3  |  6  |
|   4    | 0.0266 |   936   |   49.9  |  6  |
|   5    | 0.0231 |   1038  |   58.8  |  6  |
|   6    | 0.0250 |   864   |   48.1  |  6  |
|   7    | 0.0396 |   894   |   47.8  |  6  |
|   8    | 0.0342 |   954   |   52.0  |  6  |
|   9    | 0.0311 |   834   |   46.2  |  6  |
+--------+--------+---------+---------+-----+
  Loss  mean=0.0318  std=0.0084  threshold=0.0402

[96m  [BLOCKCHAIN] Firing LOCAL + VOTE blocks for Round 10 (async)...[0m
  [IPFS] ✓ round_10_local.gz → QmR4kEdbVf1C4A19sJsp… (1,315 → 393 bytes) [account_1/2]

  [EVM] Firing LOCAL block (Round 10, 10 clients)...
  [EVM] Transaction sent: 1a6905645a29644cffa8aa4db5bb96dd1806023ee29ca5e924fcc748fa66dc31
  [IPFS] ✓ round_10_votes.gz → QmbPBdSWDL2fbTPM2ndd… (1,043 → 319 bytes) [account_1/2]
  [EVM] Firing VOTE block (Round 10: 8 accepted / 2 rejected)...
  [EVM] Transaction sent: f11e3d5a9cb0c34d2d628323f54eb3ada7fa295470952bc65c2e5d9c7e869775
+--------+--------+----------+
| Device |  Loss  | Verdict  |
+--------+--------+----------+
|   0    | 0.0188 | ACCEPTED |
|   1    | 0.0466 | REJECTED |
|   2    | 0.0312 | ACCEPTED |
|   3    | 0.0418 | REJECTED |
|   4    | 0.0266 | ACCEPTED |
|   5    | 0.0231 | ACCEPTED |
|   6    | 0.0250 | ACCEPTED |
|   7    | 0.0396 | ACCEPTED |
|   8    | 0.0342 | ACCEPTED |
|   9    | 0.0311 | ACCEPTED |
+--------+--------+----------+

[92m  ROUND 10 EVALUATION: 10 devices[0m
+--------+--------+--------+--------+--------+------+
| Device |  Loss  |  Acc   |   F1   |  AUC   |  N   |
+--------+--------+--------+--------+--------+------+
|   0    | 0.2387 | 0.9284 | 0.9298 | 0.9914 | 2947 |
|   1    | 0.2387 | 0.9284 | 0.9298 | 0.9914 | 2947 |
|   2    | 0.2387 | 0.9284 | 0.9298 | 0.9914 | 2947 |
|   3    | 0.2387 | 0.9284 | 0.9298 | 0.9914 | 2947 |
|   4    | 0.2387 | 0.9284 | 0.9298 | 0.9914 | 2947 |
|   5    | 0.2387 | 0.9284 | 0.9298 | 0.9914 | 2947 |
|   6    | 0.2387 | 0.9284 | 0.9298 | 0.9914 | 2947 |
|   7    | 0.2387 | 0.9284 | 0.9298 | 0.9914 | 2947 |
|   8    | 0.2387 | 0.9284 | 0.9298 | 0.9914 | 2947 |
|   9    | 0.2387 | 0.9284 | 0.9298 | 0.9914 | 2947 |
+--------+--------+--------+--------+--------+------+

[93m════════════════════════════════════════════════════════════[0m
[93m  [ROUND 10] GLOBAL — 6 Activities (UCI HAR)[0m
[93m════════════════════════════════════════════════════════════[0m
   loss                : 0.2387
   accuracy            : 0.9284
   f1_macro            : 0.9298
   f1_weighted         : 0.9283
   precision_macro     : 0.9297
   recall_macro        : 0.9305
   specificity_macro   : 0.9856
   auc_macro           : 0.9914
   ── Per-Activity ──  
     WALKING  P=0.998  R=0.948  F1=0.972  AUC=1.000  (n=496)
     WALKING_UPSTAIRS  P=0.989  R=0.994  F1=0.992  AUC=1.000  (n=471)
     WALKING_DOWNSTAIRS  P=0.939  R=0.995  F1=0.966  AUC=1.000  (n=420)
     SITTING  P=0.826  R=0.800  F1=0.813  AUC=0.967  (n=491)
     STANDING  P=0.826  R=0.846  F1=0.836  AUC=0.982  (n=532)
     LAYING  P=1.000  R=1.000  F1=1.000  AUC=1.000  (n=537)
  [IPFS] ✓ round_10_global_model.gz → QmWzjBF8QLcnyqxAyNHs… (3,476,897 → 3,187,523 bytes) [account_1/2]
  [IPFS] ✓ round_10_global_metrics.gz → QmWUNFERhctY2hXk99a5… (202 → 186 bytes) [account_1/2]

  [EVM] Firing GLOBAL block (Round 10)...
  [EVM] Transaction sent: 21e10d4807fc84718f47ba98b253a382ee91fdc3a6fa8a1214703bb20bb1ca48
  [EVM] Waiting for all Round 10 transactions to confirm...
  [EVM] Waiting for 3 pending transaction(s)...
  [EVM] ✓ Confirmed in block 47843166
  [EVM] ✓ Confirmed in block 47843167
  [EVM] ✓ Confirmed in block 47843230

[96m  [BLOCKCHAIN] Round 10 complete — 3 blocks written (LOCAL + VOTE + GLOBAL) | Chain length: 4532[0m
  [TIMING] Round wall time: 133.9s | Model payload: 3340 KB

  ════════════════════════════════════════════════════════════
  EVM BLOCKCHAIN SUMMARY
  ════════════════════════════════════════════════════════════
  Contract:        0xBE3FeAC76293711C5D32426860303AfE24cdf527
  Total blocks:    4532
  Chain integrity: ✓ VALID
  IPFS backend:    pinata
  IPFS pins:       42
  IPFS uploaded:   35,032,121 bytes
  ════════════════════════════════════════════════════════════


[92m   Done. Model  -> final_model.pt
    Metrics -> outputs_ucihar/baseline_20260626_161150/results.json[0m
