16:11:50.%f  === FL-Blockchain Performance Log ===
16:11:50.%f  Mode     : BASELINE
16:11:50.%f  Started  : 2026-06-26T16:11:50.351866
16:11:50.%f  File     : outputs_ucihar/baseline_20260626_161150/perf_baseline_20260626_161150.log
16:11:50.%f  ==================================================
16:11:50.%f  BLOCKCHAIN_OPTIMIZED = False
16:11:59.%f    ipfs_global model_cid=Qmd1YpRwSUkHq6yM...  upload_ms=6615 [blocking]
16:12:00.%f    gas_limit  type=GLOBAL estimated=226320  estimate_ms=610.3
16:12:00.%f    gas_price  fetched=6000000  fetch_ms=195.1
16:12:01.%f    tx_sent    type=GLOBAL  hash=4c463eb69851...  send_ms=304.3
16:12:01.%f    global_tx_fired  ms=1536.9
16:12:01.%f    confirmed  idx=0  block=47841488  submit_to_confirm_ms=211
16:12:01.%f    wait_for_pending  n=1  total_wait_ms=211
16:12:01.%f    round_confirmation_total_ms=211
16:12:02.%f    verify_chain  valid=True  ms=606 [per-round]
16:12:02.%f  --- ROUND 0 end  total_overhead_ms=1748
16:16:15.%f  --- ROUND 1 start  mode=BASE
16:16:17.%f    ipfs_local  cid=QmbURtzAMVBB3cMu...  upload_ms=1935 [blocking]
16:16:18.%f    gas_limit  type=LOCAL  estimated=276201  estimate_ms=421.9
16:16:18.%f    gas_price  fetched=6000000  fetch_ms=132.3
16:16:18.%f    tx_sent    type=LOCAL   hash=7c8cb3b2d2d0...  send_ms=297.8
16:16:18.%f    local_tx_fired  ms=1018.8
16:16:19.%f    ipfs_vote   cid=QmPrp3Uj3Bs9wFnV...  upload_ms=722 [blocking]
16:16:20.%f    gas_limit  type=VOTE   estimated=270181  estimate_ms=511.5
16:16:20.%f    gas_price  fetched=6000000  fetch_ms=204.8
16:16:20.%f    tx_sent    type=VOTE    hash=53b8741b781f...  send_ms=303.0
16:16:20.%f    vote_tx_fired  ms=1228.3
16:17:33.%f    ipfs_global model_cid=QmZZC3qn2atEKzWn...  upload_ms=6825 [blocking]
16:17:34.%f    gas_limit  type=GLOBAL estimated=251377  estimate_ms=409.9
16:17:34.%f    gas_price  fetched=6000000  fetch_ms=204.2
16:17:34.%f    tx_sent    type=GLOBAL  hash=2033d70bbfd4...  send_ms=275.0
16:17:34.%f    global_tx_fired  ms=1024.1
16:17:34.%f    confirmed  idx=0  block=47841617  submit_to_confirm_ms=75988
16:17:35.%f    confirmed  idx=1  block=47841618  submit_to_confirm_ms=74242
16:17:35.%f    confirmed  idx=2  block=47841655  submit_to_confirm_ms=615
16:17:35.%f    wait_for_pending  n=3  total_wait_ms=615
16:17:35.%f    round_confirmation_total_ms=615
16:17:35.%f    verify_chain  valid=True  ms=512 [per-round]
16:17:35.%f  --- ROUND 1 end  total_overhead_ms=1639
16:21:43.%f  --- ROUND 2 start  mode=BASE
16:21:45.%f    ipfs_local  cid=QmYiGtp6dNNVPgXL...  upload_ms=2070 [blocking]
16:21:45.%f    gas_limit  type=LOCAL  estimated=276246  estimate_ms=615.2
16:21:46.%f    gas_price  fetched=6000000  fetch_ms=203.4
16:21:47.%f    tx_sent    type=LOCAL   hash=4ba1f35171c0...  send_ms=612.4
16:21:47.%f    local_tx_fired  ms=1639.6
16:21:47.%f    ipfs_vote   cid=QmXxSrxMdyvtJj4e...  upload_ms=717 [blocking]
16:21:48.%f    gas_limit  type=VOTE   estimated=269913  estimate_ms=613.4
16:21:48.%f    gas_price  fetched=6000000  fetch_ms=204.5
16:21:48.%f    tx_sent    type=VOTE    hash=b385bfa552cd...  send_ms=287.3
16:21:48.%f    vote_tx_fired  ms=1227.8
16:23:43.%f    ipfs_global model_cid=QmXTPo1hEZu8i3NL...  upload_ms=16165 [blocking]
16:23:44.%f    gas_limit  type=GLOBAL estimated=251392  estimate_ms=527.0
16:23:44.%f    gas_price  fetched=6000000  fetch_ms=188.7
16:23:44.%f    tx_sent    type=GLOBAL  hash=8c39726f6abf...  send_ms=285.8
16:23:44.%f    global_tx_fired  ms=1127.1
16:23:44.%f    confirmed  idx=0  block=47841781  submit_to_confirm_ms=117967
16:23:45.%f    confirmed  idx=1  block=47841782  submit_to_confirm_ms=116141
16:23:46.%f    confirmed  idx=2  block=47841840  submit_to_confirm_ms=1631
16:23:46.%f    wait_for_pending  n=3  total_wait_ms=1631
16:23:46.%f    round_confirmation_total_ms=1631
16:23:46.%f    verify_chain  valid=True  ms=433 [per-round]
16:23:46.%f  --- ROUND 2 end  total_overhead_ms=2758
16:27:28.%f  --- ROUND 3 start  mode=BASE
16:27:38.%f    ipfs_local  cid=QmbSHV4KVE3huviF...  upload_ms=10514 [blocking]
16:27:39.%f    gas_limit  type=LOCAL  estimated=276231  estimate_ms=516.9
16:27:39.%f    gas_price  fetched=6000000  fetch_ms=198.2
16:27:39.%f    tx_sent    type=LOCAL   hash=b4a7282721e4...  send_ms=303.2
16:27:39.%f    local_tx_fired  ms=1228.3
16:27:40.%f    ipfs_vote   cid=QmVzB4ipbtV26Tsx...  upload_ms=716 [blocking]
16:27:41.%f    gas_limit  type=VOTE   estimated=270196  estimate_ms=511.6
16:27:41.%f    gas_price  fetched=6000000  fetch_ms=206.2
16:27:41.%f    tx_sent    type=VOTE    hash=b376cbe716e5...  send_ms=304.2
16:27:41.%f    vote_tx_fired  ms=1230.4
16:28:45.%f    ipfs_global model_cid=QmZYJLD3Qtbpq71Q...  upload_ms=9193 [blocking]
16:28:46.%f    gas_limit  type=GLOBAL estimated=251392  estimate_ms=614.3
16:28:46.%f    gas_price  fetched=6000000  fetch_ms=116.8
16:28:46.%f    tx_sent    type=GLOBAL  hash=7fa846d6e238...  send_ms=235.2
16:28:46.%f    global_tx_fired  ms=1125.8
16:28:46.%f    confirmed  idx=0  block=47841957  submit_to_confirm_ms=66971
16:28:47.%f    confirmed  idx=1  block=47841958  submit_to_confirm_ms=65229
16:28:48.%f    confirmed  idx=2  block=47841991  submit_to_confirm_ms=1742
16:28:48.%f    wait_for_pending  n=3  total_wait_ms=1742
16:28:48.%f    round_confirmation_total_ms=1742
16:28:48.%f    verify_chain  valid=True  ms=564 [per-round]
16:28:48.%f  --- ROUND 3 end  total_overhead_ms=2868
16:33:08.%f  --- ROUND 4 start  mode=BASE
16:33:10.%f    ipfs_local  cid=QmUVUab3KyLDmG95...  upload_ms=2120 [blocking]
16:33:11.%f    gas_limit  type=LOCAL  estimated=276231  estimate_ms=615.1
16:33:11.%f    gas_price  fetched=6000000  fetch_ms=117.7
16:33:11.%f    tx_sent    type=LOCAL   hash=fee7cad8beaf...  send_ms=304.0
16:33:11.%f    local_tx_fired  ms=1229.9
16:33:12.%f    ipfs_vote   cid=QmRFLDj4VVU7kbRN...  upload_ms=716 [blocking]
16:33:13.%f    gas_limit  type=VOTE   estimated=270181  estimate_ms=427.9
16:33:13.%f    gas_price  fetched=6000000  fetch_ms=185.5
16:33:13.%f    tx_sent    type=VOTE    hash=c483e1789382...  send_ms=303.4
16:33:13.%f    vote_tx_fired  ms=1127.2
16:34:44.%f    ipfs_global model_cid=QmV8Xzx54irbqGTQ...  upload_ms=8561 [blocking]
16:34:44.%f    gas_limit  type=GLOBAL estimated=251377  estimate_ms=615.2
16:34:45.%f    gas_price  fetched=6000000  fetch_ms=204.4
16:34:45.%f    tx_sent    type=GLOBAL  hash=595069c54ccc...  send_ms=303.7
16:34:45.%f    global_tx_fired  ms=1337.2
16:34:45.%f    confirmed  idx=0  block=47842123  submit_to_confirm_ms=93894
16:34:45.%f    confirmed  idx=1  block=47842124  submit_to_confirm_ms=92173
16:34:46.%f    confirmed  idx=2  block=47842170  submit_to_confirm_ms=511
16:34:46.%f    wait_for_pending  n=3  total_wait_ms=505
16:34:46.%f    round_confirmation_total_ms=505
16:34:46.%f    verify_chain  valid=True  ms=512 [per-round]
16:34:46.%f  --- ROUND 4 end  total_overhead_ms=1843
16:39:15.%f  --- ROUND 5 start  mode=BASE
16:39:17.%f    ipfs_local  cid=QmXN1fi2YFyNWBuh...  upload_ms=2001 [blocking]
16:39:18.%f    gas_limit  type=LOCAL  estimated=276291  estimate_ms=502.3
16:39:18.%f    gas_price  fetched=6000000  fetch_ms=214.8
16:39:19.%f    tx_sent    type=LOCAL   hash=6f4c1737dd6f...  send_ms=287.8
16:39:19.%f    local_tx_fired  ms=1126.1
16:39:19.%f    ipfs_vote   cid=QmVdHsJssS1WGC9y...  upload_ms=820 [blocking]
16:39:20.%f    gas_limit  type=VOTE   estimated=270241  estimate_ms=604.4
16:39:20.%f    gas_price  fetched=6000000  fetch_ms=213.3
16:39:21.%f    tx_sent    type=VOTE    hash=d2c13d5e3d06...  send_ms=258.5
16:39:21.%f    vote_tx_fired  ms=1289.8
16:40:49.%f    ipfs_global model_cid=QmUBxR6Pepgw6dhx...  upload_ms=9857 [blocking]
16:40:49.%f    gas_limit  type=GLOBAL estimated=251392  estimate_ms=509.2
16:40:50.%f    gas_price  fetched=6000000  fetch_ms=202.5
16:40:50.%f    tx_sent    type=GLOBAL  hash=52a089789fcf...  send_ms=219.9
16:40:50.%f    global_tx_fired  ms=1140.4
16:40:50.%f    confirmed  idx=0  block=47842307  submit_to_confirm_ms=91850
16:40:51.%f    confirmed  idx=1  block=47842308  submit_to_confirm_ms=89946
16:40:51.%f    confirmed  idx=2  block=47842353  submit_to_confirm_ms=699
16:40:51.%f    wait_for_pending  n=3  total_wait_ms=699
16:40:51.%f    round_confirmation_total_ms=699
16:40:51.%f    verify_chain  valid=True  ms=614 [per-round]
16:40:51.%f  --- ROUND 5 end  total_overhead_ms=1840
16:44:58.%f  --- ROUND 6 start  mode=BASE
16:45:00.%f    ipfs_local  cid=QmQr9chU3KupvDVU...  upload_ms=2151 [blocking]
16:45:00.%f    gas_limit  type=LOCAL  estimated=276201  estimate_ms=456.1
16:45:01.%f    gas_price  fetched=6000000  fetch_ms=202.9
16:45:01.%f    tx_sent    type=LOCAL   hash=9338d6fe7827...  send_ms=304.3
16:45:01.%f    local_tx_fired  ms=1172.0
16:45:02.%f    ipfs_vote   cid=QmU5Lnh4XkJGMbhg...  upload_ms=614 [blocking]
16:45:02.%f    gas_limit  type=VOTE   estimated=270332  estimate_ms=511.5
16:45:02.%f    gas_price  fetched=6000000  fetch_ms=204.7
16:45:03.%f    tx_sent    type=VOTE    hash=f35a60ddb08a...  send_ms=288.0
16:45:03.%f    vote_tx_fired  ms=1126.8
16:46:23.%f    ipfs_global model_cid=QmQytpEGwWTp2spr...  upload_ms=13131 [blocking]
16:46:24.%f    gas_limit  type=GLOBAL estimated=251377  estimate_ms=614.9
16:46:24.%f    gas_price  fetched=6000000  fetch_ms=201.8
16:46:24.%f    tx_sent    type=GLOBAL  hash=066f03a577ba...  send_ms=284.8
16:46:24.%f    global_tx_fired  ms=1228.1
16:46:25.%f    confirmed  idx=0  block=47842478  submit_to_confirm_ms=83551
16:46:25.%f    confirmed  idx=1  block=47842479  submit_to_confirm_ms=82022
16:46:25.%f    confirmed  idx=2  block=47842520  submit_to_confirm_ms=615
16:46:25.%f    wait_for_pending  n=3  total_wait_ms=615
16:46:25.%f    round_confirmation_total_ms=615
16:46:26.%f    verify_chain  valid=True  ms=469 [per-round]
16:46:26.%f  --- ROUND 6 end  total_overhead_ms=1844
16:51:00.%f  --- ROUND 7 start  mode=BASE
16:51:02.%f    ipfs_local  cid=QmY4TouA3VxZGWkL...  upload_ms=2042 [blocking]
16:51:03.%f    gas_limit  type=LOCAL  estimated=276291  estimate_ms=614.4
16:51:03.%f    gas_price  fetched=6110311  fetch_ms=204.7
16:51:04.%f    tx_sent    type=LOCAL   hash=16814421a8a1...  send_ms=303.2
16:51:04.%f    local_tx_fired  ms=1330.9
16:51:04.%f    ipfs_vote   cid=QmRC57h7tLTFUbTa...  upload_ms=717 [blocking]
16:51:05.%f    gas_limit  type=VOTE   estimated=270377  estimate_ms=502.1
16:51:05.%f    gas_price  fetched=6094012  fetch_ms=121.8
16:51:05.%f    tx_sent    type=VOTE    hash=05e2a9ca933e...  send_ms=302.9
16:51:05.%f    vote_tx_fired  ms=1126.0
16:52:05.%f    ipfs_global model_cid=QmQ5GH7rGhDM2rmb...  upload_ms=7653 [blocking]
16:52:06.%f    gas_limit  type=GLOBAL estimated=251392  estimate_ms=424.7
16:52:06.%f    gas_price  fetched=6000000  fetch_ms=185.8
16:52:06.%f    tx_sent    type=GLOBAL  hash=3556faef463c...  send_ms=284.6
16:52:06.%f    global_tx_fired  ms=1022.4
16:52:07.%f    confirmed  idx=0  block=47842659  submit_to_confirm_ms=63082
16:52:07.%f    confirmed  idx=1  block=47842660  submit_to_confirm_ms=61442
16:52:07.%f    confirmed  idx=2  block=47842691  submit_to_confirm_ms=616
16:52:07.%f    wait_for_pending  n=3  total_wait_ms=616
16:52:07.%f    round_confirmation_total_ms=616
16:52:08.%f    verify_chain  valid=True  ms=613 [per-round]
16:52:08.%f  --- ROUND 7 end  total_overhead_ms=1639
16:56:05.%f  --- ROUND 8 start  mode=BASE
16:56:07.%f    ipfs_local  cid=QmSPYFDoTapecyCo...  upload_ms=2396 [blocking]
16:56:07.%f    gas_limit  type=LOCAL  estimated=276231  estimate_ms=456.8
16:56:08.%f    gas_price  fetched=6000000  fetch_ms=200.6
16:56:08.%f    tx_sent    type=LOCAL   hash=c4017a75552e...  send_ms=302.8
16:56:08.%f    local_tx_fired  ms=1168.8
16:56:09.%f    ipfs_vote   cid=QmQHDoqD2Db3azXq...  upload_ms=716 [blocking]
16:56:09.%f    gas_limit  type=VOTE   estimated=270226  estimate_ms=511.5
16:56:10.%f    gas_price  fetched=6000000  fetch_ms=124.4
16:56:10.%f    tx_sent    type=VOTE    hash=2809982692be...  send_ms=301.4
16:56:10.%f    vote_tx_fired  ms=1125.0
16:57:49.%f    ipfs_global model_cid=QmcJR3uMr2z2RoPg...  upload_ms=33226 [blocking]
16:57:49.%f    gas_limit  type=GLOBAL estimated=251392  estimate_ms=511.7
16:57:49.%f    gas_price  fetched=6000000  fetch_ms=204.6
16:57:50.%f    tx_sent    type=GLOBAL  hash=9af85c7b8604...  send_ms=288.3
16:57:50.%f    global_tx_fired  ms=1126.5
16:57:50.%f    confirmed  idx=0  block=47842812  submit_to_confirm_ms=101683
16:57:50.%f    confirmed  idx=1  block=47842812  submit_to_confirm_ms=99967
16:57:50.%f    confirmed  idx=2  block=47842862  submit_to_confirm_ms=513
16:57:50.%f    wait_for_pending  n=3  total_wait_ms=512
16:57:50.%f    round_confirmation_total_ms=512
16:57:51.%f    verify_chain  valid=True  ms=526 [per-round]
16:57:51.%f  --- ROUND 8 end  total_overhead_ms=1639
17:02:39.%f  --- ROUND 9 start  mode=BASE
17:02:41.%f    ipfs_local  cid=QmUDLMoWtExvrUKj...  upload_ms=2045 [blocking]
17:02:42.%f    gas_limit  type=LOCAL  estimated=276186  estimate_ms=513.7
17:02:42.%f    gas_price  fetched=6000000  fetch_ms=205.2
17:02:42.%f    tx_sent    type=LOCAL   hash=267d31449797...  send_ms=302.3
17:02:42.%f    local_tx_fired  ms=1229.4
17:02:43.%f    ipfs_vote   cid=QmYq5sP3Ee6JrFMF...  upload_ms=640 [blocking]
17:02:44.%f    gas_limit  type=VOTE   estimated=269808  estimate_ms=500.6
17:02:44.%f    gas_price  fetched=6000000  fetch_ms=185.0
17:02:44.%f    tx_sent    type=VOTE    hash=a5fbe0260120...  send_ms=335.8
17:02:44.%f    vote_tx_fired  ms=1198.8
17:04:03.%f    ipfs_global model_cid=QmPJ41GijEsvYUyT...  upload_ms=11424 [blocking]
17:04:04.%f    gas_limit  type=GLOBAL estimated=251392  estimate_ms=614.2
17:04:04.%f    gas_price  fetched=6000000  fetch_ms=204.0
17:04:05.%f    tx_sent    type=GLOBAL  hash=7a736545501f...  send_ms=292.4
17:04:05.%f    global_tx_fired  ms=1228.3
17:04:05.%f    confirmed  idx=0  block=47843009  submit_to_confirm_ms=82432
17:04:05.%f    confirmed  idx=1  block=47843010  submit_to_confirm_ms=80794
17:04:05.%f    confirmed  idx=2  block=47843050  submit_to_confirm_ms=616
17:04:05.%f    wait_for_pending  n=3  total_wait_ms=616
17:04:05.%f    round_confirmation_total_ms=616
17:04:06.%f    verify_chain  valid=True  ms=512 [per-round]
17:04:06.%f  --- ROUND 9 end  total_overhead_ms=1844
17:07:53.%f  --- ROUND 10 start  mode=BASE
17:07:55.%f    ipfs_local  cid=QmR4kEdbVf1C4A19...  upload_ms=2372 [blocking]
17:07:56.%f    gas_limit  type=LOCAL  estimated=276291  estimate_ms=613.8
17:07:56.%f    gas_price  fetched=6000000  fetch_ms=204.2
17:07:56.%f    tx_sent    type=LOCAL   hash=1a6905645a29...  send_ms=325.9
17:07:56.%f    local_tx_fired  ms=1356.2
17:07:57.%f    ipfs_vote   cid=QmbPBdSWDL2fbTPM...  upload_ms=692 [blocking]
17:07:58.%f    gas_limit  type=VOTE   estimated=270241  estimate_ms=642.4
17:07:58.%f    gas_price  fetched=6000000  fetch_ms=156.9
17:07:58.%f    tx_sent    type=VOTE    hash=f11e3d5a9cb0...  send_ms=301.3
17:07:58.%f    vote_tx_fired  ms=1330.2
17:10:04.%f    ipfs_global model_cid=QmWzjBF8QLcnyqxA...  upload_ms=12099 [blocking]
17:10:04.%f    gas_limit  type=GLOBAL estimated=251392  estimate_ms=526.0
17:10:05.%f    gas_price  fetched=6000000  fetch_ms=189.4
17:10:05.%f    tx_sent    type=GLOBAL  hash=21e10d4807fc...  send_ms=302.1
17:10:05.%f    global_tx_fired  ms=1227.1
17:10:05.%f    confirmed  idx=0  block=47843166  submit_to_confirm_ms=128716
17:10:05.%f    confirmed  idx=1  block=47843167  submit_to_confirm_ms=126882
17:10:06.%f    confirmed  idx=2  block=47843230  submit_to_confirm_ms=514
17:10:06.%f    wait_for_pending  n=3  total_wait_ms=514
17:10:06.%f    round_confirmation_total_ms=514
17:10:06.%f    verify_chain  valid=True  ms=510 [per-round]
17:10:06.%f  --- ROUND 10 end  total_overhead_ms=1742
17:10:07.%f    verify_chain  valid=True  ms=505  [per-round-final]
