17:10:29.%f  === FL-Blockchain Performance Log ===
17:10:29.%f  Mode     : OPTIMIZED
17:10:29.%f  Started  : 2026-06-26T17:10:29.939359
17:10:29.%f  File     : outputs_ucihar/optimized_20260626_171029/perf_optimized_20260626_171029.log
17:10:29.%f  ==================================================
17:10:29.%f  BLOCKCHAIN_OPTIMIZED = True
17:10:32.%f    ipfs_global background_thread_started  t=0.2ms
17:10:33.%f    gas_limit  type=GLOBAL estimated=223467  estimate_ms=411.9  (cached for future rounds)
17:10:33.%f    gas_price  fetched=6000000  fetch_ms=200.6
17:10:33.%f    tx_sent    type=GLOBAL  hash=05ca4f6c471d...  send_ms=209.9
17:10:33.%f    global_tx_fired  ms=1205.5
17:10:35.%f    confirmed  idx=0  block=47843244  submit_to_confirm_ms=1422
17:10:35.%f    wait_for_pending  n=1  total_wait_ms=1422
17:10:35.%f    round_confirmation_total_ms=1422
17:11:05.%f  IPFS background thread did not finish within 30s for round 0 — CIDs may be missing
17:11:05.%f  --- ROUND 0 end  total_overhead_ms=2628
17:11:42.%f    ipfs_global model_cid=Qma86yb7Y825aeU2...  [background]
17:15:21.%f  --- ROUND 1 start  mode=OPT
17:15:21.%f    gas_price_cached  price=6000000  fetch_ms=267.2
17:15:21.%f    ipfs_local  background_thread_started  t=0.2ms
17:15:21.%f    gas_limit  type=LOCAL  estimated=274896  estimate_ms=423.0  (cached for future rounds)
17:15:21.%f    gas_price  cached=6000000  saved_rpc_ms=~20
17:15:22.%f    tx_sent    type=LOCAL   hash=94cee679fe77...  send_ms=641.2
17:15:22.%f    local_tx_fired  ms=1342.9
17:15:22.%f    ipfs_vote   background_thread_started  t=0.3ms
17:15:23.%f    gas_limit  type=VOTE   estimated=268875  estimate_ms=794.9  (cached for future rounds)
17:15:23.%f    gas_price  cached=6000000  saved_rpc_ms=~20
17:15:23.%f    ipfs_local  cid=Qmc8AHrW7XRmEv9i... [background]
17:15:23.%f    tx_sent    type=VOTE    hash=b5e68d6c9f60...  send_ms=237.9
17:15:23.%f    vote_tx_fired  ms=1142.0
17:15:24.%f    ipfs_vote   cid=QmbfSJbYxv9zQ6Mf... [background]
17:18:54.%f    ipfs_global background_thread_started  t=3.0ms
17:18:54.%f    gas_limit  type=GLOBAL cached=223467  saved_rpc_ms=~30
17:18:54.%f    gas_price  cached=6000000  saved_rpc_ms=~20
17:18:55.%f    tx_sent    type=GLOBAL  hash=4c4330d8c692...  send_ms=306.4
17:18:55.%f    global_tx_fired  ms=644.8
17:18:55.%f    confirmed  idx=0  block=47843389  submit_to_confirm_ms=212999
17:18:56.%f    confirmed  idx=1  block=47843389  submit_to_confirm_ms=212109
17:18:56.%f    confirmed  idx=2  block=47843495  submit_to_confirm_ms=544
17:18:56.%f    wait_for_pending  n=3  total_wait_ms=544
17:18:56.%f    round_confirmation_total_ms=544
17:19:26.%f  IPFS background thread did not finish within 30s for round 1 — CIDs may be missing
17:19:26.%f  --- ROUND 1 end  total_overhead_ms=1189
17:19:32.%f    ipfs_global model_cid=QmR9GTrizs2umz15...  [background]
17:23:26.%f  --- ROUND 2 start  mode=OPT
17:23:26.%f    gas_price_cached  price=6000000  fetch_ms=154.9
17:23:26.%f    ipfs_local  background_thread_started  t=0.2ms
17:23:26.%f    gas_limit  type=LOCAL  cached=274896  saved_rpc_ms=~30
17:23:26.%f    gas_price  cached=6000000  saved_rpc_ms=~20
17:23:27.%f    tx_sent    type=LOCAL   hash=f101ff53e77e...  send_ms=285.7
17:23:27.%f    local_tx_fired  ms=409.2
17:23:27.%f    ipfs_vote   background_thread_started  t=0.6ms
17:23:27.%f    gas_limit  type=VOTE   cached=268875  saved_rpc_ms=~30
17:23:27.%f    gas_price  cached=6000000  saved_rpc_ms=~20
17:23:27.%f    tx_sent    type=VOTE    hash=58194f329307...  send_ms=303.1
17:23:27.%f    vote_tx_fired  ms=512.3
17:23:28.%f    ipfs_vote   cid=QmRbibhpmtw9sLdE... [background]
17:23:28.%f    ipfs_local  cid=QmPEXXmaVcYUXspU... [background]
17:24:48.%f    ipfs_global background_thread_started  t=2.8ms
17:24:48.%f    gas_limit  type=GLOBAL cached=223467  saved_rpc_ms=~30
17:24:48.%f    gas_price  cached=6000000  saved_rpc_ms=~20
17:24:48.%f    tx_sent    type=GLOBAL  hash=bcf29799d170...  send_ms=303.1
17:24:48.%f    global_tx_fired  ms=523.0
17:24:49.%f    confirmed  idx=0  block=47843631  submit_to_confirm_ms=82087
17:24:49.%f    confirmed  idx=1  block=47843631  submit_to_confirm_ms=81693
17:24:49.%f    confirmed  idx=2  block=47843672  submit_to_confirm_ms=528
17:24:49.%f    wait_for_pending  n=3  total_wait_ms=528
17:24:49.%f    round_confirmation_total_ms=528
17:25:19.%f  IPFS background thread did not finish within 30s for round 2 — CIDs may be missing
17:25:19.%f  --- ROUND 2 end  total_overhead_ms=1051
17:27:44.%f    ipfs_global model_cid=QmVgugBEb4LEA5vp...  [background]
17:29:56.%f  --- ROUND 3 start  mode=OPT
17:29:57.%f    gas_price_cached  price=6000000  fetch_ms=216.2
17:29:57.%f    ipfs_local  background_thread_started  t=0.2ms
17:29:57.%f    gas_limit  type=LOCAL  cached=274896  saved_rpc_ms=~30
17:29:57.%f    gas_price  cached=6000000  saved_rpc_ms=~20
17:29:57.%f    tx_sent    type=LOCAL   hash=e81552ea4685...  send_ms=256.0
17:29:57.%f    local_tx_fired  ms=380.1
17:29:57.%f    ipfs_vote   background_thread_started  t=0.7ms
17:29:57.%f    gas_limit  type=VOTE   cached=268875  saved_rpc_ms=~30
17:29:57.%f    gas_price  cached=6000000  saved_rpc_ms=~20
17:29:57.%f    tx_sent    type=VOTE    hash=1931856d1390...  send_ms=304.8
17:29:57.%f    vote_tx_fired  ms=439.4
17:30:09.%f    ipfs_local  cid=QmcqR43hNukJaBzo... [background]
17:30:09.%f    ipfs_vote   cid=QmUusdBLnTgzyhwx... [background]
17:31:17.%f    ipfs_global background_thread_started  t=3.4ms
17:31:17.%f    gas_limit  type=GLOBAL cached=223467  saved_rpc_ms=~30
17:31:17.%f    gas_price  cached=6000000  saved_rpc_ms=~20
17:31:17.%f    tx_sent    type=GLOBAL  hash=0cdf24f5dbc0...  send_ms=227.7
17:31:17.%f    global_tx_fired  ms=405.1
17:31:17.%f    confirmed  idx=0  block=47843826  submit_to_confirm_ms=80313
17:31:17.%f    confirmed  idx=1  block=47843826  submit_to_confirm_ms=79995
17:31:18.%f    confirmed  idx=2  block=47843866  submit_to_confirm_ms=431
17:31:18.%f    wait_for_pending  n=3  total_wait_ms=431
17:31:18.%f    round_confirmation_total_ms=431
17:31:35.%f    ipfs_global model_cid=QmYzZhn2Z8HPgeTU...  [background]
17:31:35.%f  --- ROUND 3 end  total_overhead_ms=836
17:35:31.%f  --- ROUND 4 start  mode=OPT
17:35:31.%f    gas_price_cached  price=6000000  fetch_ms=144.1
17:35:31.%f    ipfs_local  background_thread_started  t=0.2ms
17:35:31.%f    gas_limit  type=LOCAL  cached=274896  saved_rpc_ms=~30
17:35:31.%f    gas_price  cached=6000000  saved_rpc_ms=~20
17:35:32.%f    tx_sent    type=LOCAL   hash=514ef81ea112...  send_ms=302.3
17:35:32.%f    local_tx_fired  ms=480.0
17:35:32.%f    ipfs_vote   background_thread_started  t=0.5ms
17:35:32.%f    gas_limit  type=VOTE   cached=268875  saved_rpc_ms=~30
17:35:32.%f    gas_price  cached=6000000  saved_rpc_ms=~20
17:35:32.%f    tx_sent    type=VOTE    hash=9799b8cce027...  send_ms=508.2
17:35:32.%f    vote_tx_fired  ms=717.0
17:35:33.%f    ipfs_local  cid=QmT8rhzuf4TgBpKF... [background]
17:35:33.%f    ipfs_vote   cid=QmP9N64v6y3jo9i2... [background]
17:36:41.%f    ipfs_global background_thread_started  t=3.6ms
17:36:41.%f    gas_limit  type=GLOBAL cached=223467  saved_rpc_ms=~30
17:36:41.%f    gas_price  cached=6000000  saved_rpc_ms=~20
17:36:42.%f    tx_sent    type=GLOBAL  hash=33fcec8e6965...  send_ms=231.6
17:36:42.%f    global_tx_fired  ms=376.1
17:36:42.%f    confirmed  idx=0  block=47843993  submit_to_confirm_ms=70366
17:36:42.%f    confirmed  idx=1  block=47843994  submit_to_confirm_ms=69769
17:36:42.%f    confirmed  idx=2  block=47844028  submit_to_confirm_ms=365
17:36:42.%f    wait_for_pending  n=3  total_wait_ms=365
17:36:42.%f    round_confirmation_total_ms=365
17:37:12.%f  IPFS background thread did not finish within 30s for round 4 — CIDs may be missing
17:37:12.%f  --- ROUND 4 end  total_overhead_ms=741
17:37:12.%f    ipfs_global model_cid=QmQLEwJV9qW7ifzd...  [background]
17:41:08.%f  --- ROUND 5 start  mode=OPT
17:41:08.%f    gas_price_cached  price=10114258  fetch_ms=134.2
17:41:08.%f    ipfs_local  background_thread_started  t=0.2ms
17:41:08.%f    gas_limit  type=LOCAL  cached=274896  saved_rpc_ms=~30
17:41:08.%f    gas_price  cached=10114258  saved_rpc_ms=~20
17:41:09.%f    tx_sent    type=LOCAL   hash=09b03505241f...  send_ms=267.8
17:41:09.%f    local_tx_fired  ms=477.5
17:41:09.%f    ipfs_vote   background_thread_started  t=0.3ms
17:41:09.%f    gas_limit  type=VOTE   cached=268875  saved_rpc_ms=~30
17:41:09.%f    gas_price  cached=10114258  saved_rpc_ms=~20
17:41:09.%f    tx_sent    type=VOTE    hash=26664d8b015d...  send_ms=304.3
17:41:09.%f    vote_tx_fired  ms=443.9
17:41:10.%f    ipfs_local  cid=QmV9q128nZTmBPn1... [background]
17:41:10.%f    ipfs_vote   cid=QmeWg1pSJVHbJEmm... [background]
17:42:18.%f    ipfs_global background_thread_started  t=3.1ms
17:42:18.%f    gas_limit  type=GLOBAL cached=223467  saved_rpc_ms=~30
17:42:18.%f    gas_price  cached=10114258  saved_rpc_ms=~20
17:42:18.%f    tx_sent    type=GLOBAL  hash=b0960a6b807d...  send_ms=221.7
17:42:18.%f    global_tx_fired  ms=397.9
17:42:19.%f    confirmed  idx=0  block=47844162  submit_to_confirm_ms=69908
17:42:19.%f    confirmed  idx=1  block=47844162  submit_to_confirm_ms=69584
17:42:19.%f    confirmed  idx=2  block=47844197  submit_to_confirm_ms=373
17:42:19.%f    wait_for_pending  n=3  total_wait_ms=373
17:42:19.%f    round_confirmation_total_ms=373
17:42:49.%f  IPFS background thread did not finish within 30s for round 5 — CIDs may be missing
17:42:49.%f  --- ROUND 5 end  total_overhead_ms=771
17:42:50.%f    ipfs_global model_cid=QmRmkfzTeGoBqVXx...  [background]
17:46:45.%f  --- ROUND 6 start  mode=OPT
17:46:45.%f    gas_price_cached  price=8955712  fetch_ms=155.8
17:46:45.%f    ipfs_local  background_thread_started  t=0.2ms
17:46:45.%f    gas_limit  type=LOCAL  cached=274896  saved_rpc_ms=~30
17:46:45.%f    gas_price  cached=8955712  saved_rpc_ms=~20
17:46:45.%f    tx_sent    type=LOCAL   hash=d0237ede60b5...  send_ms=307.3
17:46:45.%f    local_tx_fired  ms=514.6
17:46:45.%f    ipfs_vote   background_thread_started  t=0.2ms
17:46:45.%f    gas_limit  type=VOTE   cached=268875  saved_rpc_ms=~30
17:46:45.%f    gas_price  cached=8955712  saved_rpc_ms=~20
17:46:46.%f    tx_sent    type=VOTE    hash=43c9bb77d9ee...  send_ms=283.3
17:46:46.%f    vote_tx_fired  ms=409.1
17:46:47.%f    ipfs_vote   cid=QmeJ8WiqeVbKZ8vr... [background]
17:46:47.%f    ipfs_local  cid=QmfQ67Rt3tRsCBjh... [background]
17:47:46.%f    ipfs_global background_thread_started  t=3.2ms
17:47:46.%f    gas_limit  type=GLOBAL cached=223467  saved_rpc_ms=~30
17:47:46.%f    gas_price  cached=8955712  saved_rpc_ms=~20
17:47:46.%f    tx_sent    type=GLOBAL  hash=154e54af1b5d...  send_ms=213.8
17:47:46.%f    global_tx_fired  ms=403.8
17:47:46.%f    confirmed  idx=0  block=47844330  submit_to_confirm_ms=60866
17:47:46.%f    confirmed  idx=1  block=47844330  submit_to_confirm_ms=60576
17:47:46.%f    confirmed  idx=2  block=47844360  submit_to_confirm_ms=364
17:47:46.%f    wait_for_pending  n=3  total_wait_ms=364
17:47:46.%f    round_confirmation_total_ms=364
17:47:57.%f    ipfs_global model_cid=QmcMZ8YZVuv4cfR4...  [background]
17:47:57.%f  --- ROUND 6 end  total_overhead_ms=768
17:52:16.%f  --- ROUND 7 start  mode=OPT
17:52:16.%f    gas_price_cached  price=6000000  fetch_ms=144.3
17:52:16.%f    ipfs_local  background_thread_started  t=0.3ms
17:52:16.%f    gas_limit  type=LOCAL  cached=274896  saved_rpc_ms=~30
17:52:16.%f    gas_price  cached=6000000  saved_rpc_ms=~20
17:52:17.%f    tx_sent    type=LOCAL   hash=9eb2b28fa22c...  send_ms=244.8
17:52:17.%f    local_tx_fired  ms=407.4
17:52:17.%f    ipfs_vote   background_thread_started  t=0.3ms
17:52:17.%f    gas_limit  type=VOTE   cached=268875  saved_rpc_ms=~30
17:52:17.%f    gas_price  cached=6000000  saved_rpc_ms=~20
17:52:17.%f    tx_sent    type=VOTE    hash=9020720ca239...  send_ms=303.8
17:52:17.%f    vote_tx_fired  ms=511.3
17:52:18.%f    ipfs_local  cid=QmcYH1yJPp1Tfs8W... [background]
17:52:18.%f    ipfs_vote   cid=QmX7PPJq3TAJ5PWk... [background]
17:53:26.%f    ipfs_global background_thread_started  t=2.6ms
17:53:26.%f    gas_limit  type=GLOBAL cached=223467  saved_rpc_ms=~30
17:53:26.%f    gas_price  cached=6000000  saved_rpc_ms=~20
17:53:27.%f    tx_sent    type=GLOBAL  hash=197f31896ff8...  send_ms=220.0
17:53:27.%f    global_tx_fired  ms=347.9
17:53:27.%f    confirmed  idx=0  block=47844496  submit_to_confirm_ms=70354
17:53:27.%f    confirmed  idx=1  block=47844496  submit_to_confirm_ms=69988
17:53:27.%f    confirmed  idx=2  block=47844531  submit_to_confirm_ms=560
17:53:27.%f    wait_for_pending  n=3  total_wait_ms=560
17:53:27.%f    round_confirmation_total_ms=560
17:53:37.%f    ipfs_global model_cid=QmWwwmeYSq4MSneQ...  [background]
17:53:37.%f  --- ROUND 7 end  total_overhead_ms=908
17:57:48.%f  --- ROUND 8 start  mode=OPT
17:57:48.%f    gas_price_cached  price=6000000  fetch_ms=132.1
17:57:48.%f    ipfs_local  background_thread_started  t=0.3ms
17:57:48.%f    gas_limit  type=LOCAL  cached=274896  saved_rpc_ms=~30
17:57:48.%f    gas_price  cached=6000000  saved_rpc_ms=~20
17:57:48.%f    tx_sent    type=LOCAL   hash=0322dc69cdc5...  send_ms=236.7
17:57:48.%f    local_tx_fired  ms=417.3
17:57:48.%f    ipfs_vote   background_thread_started  t=0.4ms
17:57:48.%f    gas_limit  type=VOTE   cached=268875  saved_rpc_ms=~30
17:57:48.%f    gas_price  cached=6000000  saved_rpc_ms=~20
17:57:49.%f    tx_sent    type=VOTE    hash=f1e5be4a8817...  send_ms=307.1
17:57:49.%f    vote_tx_fired  ms=513.1
17:57:50.%f    ipfs_vote   cid=QmU4nMeQf6myFGNx... [background]
17:57:50.%f    ipfs_local  cid=QmcbkbSjFGGCyhgm... [background]
17:58:48.%f    ipfs_global background_thread_started  t=2.9ms
17:58:48.%f    gas_limit  type=GLOBAL cached=223467  saved_rpc_ms=~30
17:58:48.%f    gas_price  cached=6000000  saved_rpc_ms=~20
17:58:49.%f    tx_sent    type=GLOBAL  hash=7a7309042572...  send_ms=225.4
17:58:49.%f    global_tx_fired  ms=352.1
17:58:49.%f    confirmed  idx=0  block=47844662  submit_to_confirm_ms=60414
17:58:49.%f    confirmed  idx=1  block=47844662  submit_to_confirm_ms=60023
17:58:49.%f    confirmed  idx=2  block=47844692  submit_to_confirm_ms=413
17:58:49.%f    wait_for_pending  n=3  total_wait_ms=413
17:58:49.%f    round_confirmation_total_ms=413
17:58:53.%f    ipfs_global model_cid=QmQKSuzJ3XHqy7Fi...  [background]
17:58:53.%f  --- ROUND 8 end  total_overhead_ms=765
18:02:44.%f  --- ROUND 9 start  mode=OPT
18:02:44.%f    gas_price_cached  price=6000000  fetch_ms=161.8
18:02:44.%f    ipfs_local  background_thread_started  t=0.4ms
18:02:44.%f    gas_limit  type=LOCAL  cached=274896  saved_rpc_ms=~30
18:02:44.%f    gas_price  cached=6000000  saved_rpc_ms=~20
18:02:45.%f    tx_sent    type=LOCAL   hash=82efb8bc0932...  send_ms=285.4
18:02:45.%f    local_tx_fired  ms=410.3
18:02:45.%f    ipfs_vote   background_thread_started  t=0.3ms
18:02:45.%f    gas_limit  type=VOTE   cached=268875  saved_rpc_ms=~30
18:02:45.%f    gas_price  cached=6000000  saved_rpc_ms=~20
18:02:45.%f    tx_sent    type=VOTE    hash=92decb08ed09...  send_ms=262.5
18:02:45.%f    vote_tx_fired  ms=470.2
18:02:46.%f    ipfs_local  cid=QmRGMtSb7WMXmrbt... [background]
18:02:47.%f    ipfs_vote   cid=QmParnBgBVVeFtmD... [background]
18:04:14.%f    ipfs_global background_thread_started  t=3.0ms
18:04:14.%f    gas_limit  type=GLOBAL cached=223467  saved_rpc_ms=~30
18:04:14.%f    gas_price  cached=6000000  saved_rpc_ms=~20
18:04:14.%f    tx_sent    type=GLOBAL  hash=5ccb38069033...  send_ms=303.7
18:04:14.%f    global_tx_fired  ms=506.0
18:04:14.%f    confirmed  idx=0  block=47844810  submit_to_confirm_ms=89418
18:04:14.%f    confirmed  idx=1  block=47844810  submit_to_confirm_ms=89131
18:04:15.%f    confirmed  idx=2  block=47844854  submit_to_confirm_ms=460
18:04:15.%f    wait_for_pending  n=3  total_wait_ms=460
18:04:15.%f    round_confirmation_total_ms=460
18:04:45.%f  IPFS background thread did not finish within 30s for round 9 — CIDs may be missing
18:04:45.%f  --- ROUND 9 end  total_overhead_ms=966
18:05:12.%f    ipfs_global model_cid=QmVUwW3BMtvbDse7...  [background]
18:09:00.%f  --- ROUND 10 start  mode=OPT
18:09:01.%f    gas_price_cached  price=6000000  fetch_ms=169.5
18:09:01.%f    ipfs_local  background_thread_started  t=0.3ms
18:09:01.%f    gas_limit  type=LOCAL  cached=274896  saved_rpc_ms=~30
18:09:01.%f    gas_price  cached=6000000  saved_rpc_ms=~20
18:09:01.%f    tx_sent    type=LOCAL   hash=2cae9e8f5e94...  send_ms=317.7
18:09:01.%f    local_tx_fired  ms=553.0
18:09:01.%f    ipfs_vote   background_thread_started  t=0.2ms
18:09:01.%f    gas_limit  type=VOTE   cached=268875  saved_rpc_ms=~30
18:09:01.%f    gas_price  cached=6000000  saved_rpc_ms=~20
18:09:02.%f    tx_sent    type=VOTE    hash=b78ea2fbb5fb...  send_ms=302.2
18:09:02.%f    vote_tx_fired  ms=598.1
18:09:07.%f    ipfs_vote   cid=Qma9dnUESMhb2hy1... [background]
18:09:07.%f    ipfs_local  cid=QmSpvUWR6N1iwAtr... [background]
18:10:13.%f    ipfs_global background_thread_started  t=3.3ms
18:10:13.%f    gas_limit  type=GLOBAL cached=223467  saved_rpc_ms=~30
18:10:13.%f    gas_price  cached=6000000  saved_rpc_ms=~20
18:10:14.%f    tx_sent    type=GLOBAL  hash=ad2466b30e2c...  send_ms=401.2
18:10:14.%f    global_tx_fired  ms=566.7
18:10:14.%f    confirmed  idx=0  block=47844998  submit_to_confirm_ms=73102
18:10:14.%f    confirmed  idx=1  block=47844998  submit_to_confirm_ms=72643
18:10:15.%f    confirmed  idx=2  block=47845034  submit_to_confirm_ms=527
18:10:15.%f    wait_for_pending  n=3  total_wait_ms=527
18:10:15.%f    round_confirmation_total_ms=527
18:10:45.%f  IPFS background thread did not finish within 30s for round 10 — CIDs may be missing
18:10:45.%f  --- ROUND 10 end  total_overhead_ms=1094
18:10:46.%f    verify_chain  valid=True  ms=500  [deferred-end]
