14:20:23.%f  === FL-Blockchain Performance Log ===
14:20:23.%f  Mode     : BASELINE
14:20:23.%f  Started  : 2026-06-26T14:20:23.557516
14:20:23.%f  File     : outputs_ucihar/baseline_20260626_142023/perf_baseline_20260626_142023.log
14:20:23.%f  ==================================================
14:20:23.%f  BLOCKCHAIN_OPTIMIZED = False
14:20:43.%f    ipfs_global model_cid=QmQC7xnt3vkwimky...  upload_ms=17571 [blocking]
14:20:44.%f    gas_limit  type=GLOBAL estimated=226290  estimate_ms=404.3
14:20:44.%f    gas_price  fetched=6000000  fetch_ms=127.8
14:20:44.%f    tx_sent    type=GLOBAL  hash=478cc8a8ab22...  send_ms=305.2
14:20:44.%f    global_tx_fired  ms=1231.0
14:20:45.%f    confirmed  idx=0  block=47838150  submit_to_confirm_ms=224
14:20:45.%f    wait_for_pending  n=1  total_wait_ms=224
14:20:45.%f    round_confirmation_total_ms=224
14:20:45.%f    verify_chain  valid=True  ms=595 [per-round]
14:20:45.%f  --- ROUND 0 end  total_overhead_ms=1455
14:24:38.%f  --- ROUND 1 start  mode=BASE
14:24:54.%f    ipfs_local  cid=QmQcGn6Gv4b8ehBn...  upload_ms=15691 [blocking]
14:24:55.%f    gas_limit  type=LOCAL  estimated=276201  estimate_ms=615.2
14:24:55.%f    gas_price  fetched=6000000  fetch_ms=118.2
14:24:55.%f    tx_sent    type=LOCAL   hash=0ddfac3ddb43...  send_ms=302.8
14:24:55.%f    local_tx_fired  ms=1228.5
14:24:59.%f    ipfs_vote   cid=QmR1MQTWP7SLmZZS...  upload_ms=3380 [blocking]
14:24:59.%f    gas_limit  type=VOTE   estimated=269868  estimate_ms=551.4
14:24:59.%f    gas_price  fetched=6000000  fetch_ms=165.9
14:25:00.%f    tx_sent    type=VOTE    hash=ef40d378e0c4...  send_ms=236.8
14:25:00.%f    vote_tx_fired  ms=1162.0
14:26:52.%f    ipfs_global model_cid=QmZ9AT1MpYW1tXMo...  upload_ms=20648 [blocking]
14:26:52.%f    gas_limit  type=GLOBAL estimated=251346  estimate_ms=613.3
14:26:52.%f    gas_price  fetched=6000000  fetch_ms=213.6
14:26:53.%f    tx_sent    type=GLOBAL  hash=4b4cc882de74...  send_ms=302.6
14:26:53.%f    global_tx_fired  ms=1330.8
14:26:53.%f    confirmed  idx=0  block=47838275  submit_to_confirm_ms=117760
14:26:53.%f    confirmed  idx=1  block=47838277  submit_to_confirm_ms=113428
14:26:54.%f    confirmed  idx=2  block=47838334  submit_to_confirm_ms=623
14:26:54.%f    wait_for_pending  n=3  total_wait_ms=623
14:26:54.%f    round_confirmation_total_ms=623
14:26:54.%f    verify_chain  valid=True  ms=714 [per-round]
14:26:54.%f  --- ROUND 1 end  total_overhead_ms=1954
14:30:52.%f  --- ROUND 2 start  mode=BASE
14:30:56.%f    ipfs_local  cid=QmTiLx57jCtZwGGt...  upload_ms=4101 [blocking]
14:30:57.%f    gas_limit  type=LOCAL  estimated=276307  estimate_ms=617.2
14:30:57.%f    gas_price  fetched=6000000  fetch_ms=203.4
14:30:57.%f    tx_sent    type=LOCAL   hash=3504cc73a9d4...  send_ms=302.9
14:30:57.%f    local_tx_fired  ms=1332.2
14:31:05.%f    ipfs_vote   cid=QmSHfeK4f36XfVQa...  upload_ms=7866 [blocking]
14:31:06.%f    gas_limit  type=VOTE   estimated=270256  estimate_ms=429.2
14:31:06.%f    gas_price  fetched=6000000  fetch_ms=117.7
14:31:06.%f    tx_sent    type=VOTE    hash=dec1aa3e3b82...  send_ms=302.3
14:31:06.%f    vote_tx_fired  ms=1042.4
14:32:29.%f    ipfs_global model_cid=QmevCoMhjmGvw557...  upload_ms=23543 [blocking]
14:32:30.%f    gas_limit  type=GLOBAL estimated=251361  estimate_ms=1332.5
14:32:31.%f    gas_price  fetched=6000000  fetch_ms=209.8
14:32:32.%f    tx_sent    type=GLOBAL  hash=c86b2a9545fe...  send_ms=915.9
14:32:32.%f    global_tx_fired  ms=2662.4
14:32:32.%f    confirmed  idx=0  block=47838456  submit_to_confirm_ms=94694
14:32:32.%f    confirmed  idx=1  block=47838460  submit_to_confirm_ms=86228
14:32:33.%f    confirmed  idx=2  block=47838503  submit_to_confirm_ms=826
14:32:33.%f    wait_for_pending  n=3  total_wait_ms=826
14:32:33.%f    round_confirmation_total_ms=826
14:32:33.%f    verify_chain  valid=True  ms=916 [per-round]
14:32:33.%f  --- ROUND 2 end  total_overhead_ms=3489
14:36:24.%f  --- ROUND 3 start  mode=BASE
14:36:34.%f    ipfs_local  cid=QmeRuMSQpfMakJRh...  upload_ms=9553 [blocking]
14:36:34.%f    gas_limit  type=LOCAL  estimated=276171  estimate_ms=624.1
14:36:34.%f    gas_price  fetched=6000000  fetch_ms=193.1
14:36:35.%f    tx_sent    type=LOCAL   hash=67d02ff4e357...  send_ms=507.1
14:36:35.%f    local_tx_fired  ms=1534.4
14:36:36.%f    ipfs_vote   cid=QmXRN7Ug49pFWLth...  upload_ms=818 [blocking]
14:36:37.%f    gas_limit  type=VOTE   estimated=270166  estimate_ms=722.6
14:36:37.%f    gas_price  fetched=6000000  fetch_ms=169.6
14:36:37.%f    tx_sent    type=VOTE    hash=d51583ef8b31...  send_ms=405.2
14:36:37.%f    vote_tx_fired  ms=1433.9
14:38:10.%f    ipfs_global model_cid=QmQHRo5tb8jc7hwg...  upload_ms=15854 [blocking]
14:38:10.%f    gas_limit  type=GLOBAL estimated=251392  estimate_ms=430.2
14:38:10.%f    gas_price  fetched=6000000  fetch_ms=184.4
14:38:11.%f    tx_sent    type=GLOBAL  hash=4df432dfc628...  send_ms=282.2
14:38:11.%f    global_tx_fired  ms=1024.1
14:38:11.%f    confirmed  idx=0  block=47838625  submit_to_confirm_ms=95870
14:38:11.%f    confirmed  idx=1  block=47838626  submit_to_confirm_ms=93799
14:38:11.%f    confirmed  idx=2  block=47838673  submit_to_confirm_ms=514
14:38:11.%f    wait_for_pending  n=3  total_wait_ms=514
14:38:11.%f    round_confirmation_total_ms=514
14:38:12.%f    verify_chain  valid=True  ms=530 [per-round]
14:38:12.%f  --- ROUND 3 end  total_overhead_ms=1538
14:41:58.%f  --- ROUND 4 start  mode=BASE
14:42:02.%f    ipfs_local  cid=QmTw8RBHwqoVFmKk...  upload_ms=3812 [blocking]
14:42:02.%f    gas_limit  type=LOCAL  estimated=276231  estimate_ms=529.6
14:42:03.%f    gas_price  fetched=6000000  fetch_ms=207.0
14:42:03.%f    tx_sent    type=LOCAL   hash=25e94180378e...  send_ms=302.8
14:42:03.%f    local_tx_fired  ms=1246.7
14:42:08.%f    ipfs_vote   cid=QmboFVh7yPnkn5HE...  upload_ms=5325 [blocking]
14:42:09.%f    gas_limit  type=VOTE   estimated=270181  estimate_ms=512.0
14:42:09.%f    gas_price  fetched=6000000  fetch_ms=204.3
14:42:10.%f    tx_sent    type=VOTE    hash=bf1b38cc851b...  send_ms=302.6
14:42:10.%f    vote_tx_fired  ms=1228.6
14:43:25.%f    ipfs_global model_cid=QmaFKv3szTRo32fT...  upload_ms=17335 [blocking]
14:43:26.%f    gas_limit  type=GLOBAL estimated=251377  estimate_ms=511.6
14:43:26.%f    gas_price  fetched=6000000  fetch_ms=204.5
14:43:26.%f    tx_sent    type=GLOBAL  hash=a334f6661de5...  send_ms=269.8
14:43:26.%f    global_tx_fired  ms=1120.5
14:43:26.%f    confirmed  idx=0  block=47838789  submit_to_confirm_ms=83251
14:43:27.%f    confirmed  idx=1  block=47838792  submit_to_confirm_ms=76903
14:43:27.%f    confirmed  idx=2  block=47838831  submit_to_confirm_ms=528
14:43:27.%f    wait_for_pending  n=3  total_wait_ms=528
14:43:27.%f    round_confirmation_total_ms=528
14:43:27.%f    verify_chain  valid=True  ms=502 [per-round]
14:43:27.%f  --- ROUND 4 end  total_overhead_ms=1649
14:47:08.%f  --- ROUND 5 start  mode=BASE
14:47:12.%f    ipfs_local  cid=QmUdpAjY56j2LYcD...  upload_ms=3803 [blocking]
14:47:12.%f    gas_limit  type=LOCAL  estimated=276261  estimate_ms=513.5
14:47:12.%f    gas_price  fetched=6000000  fetch_ms=204.5
14:47:13.%f    tx_sent    type=LOCAL   hash=e8b75ff2f5cd...  send_ms=288.4
14:47:13.%f    local_tx_fired  ms=1127.4
14:47:14.%f    ipfs_vote   cid=QmbLucMeeUzWaCoP...  upload_ms=750 [blocking]
14:47:14.%f    gas_limit  type=VOTE   estimated=269898  estimate_ms=581.3
14:47:14.%f    gas_price  fetched=6000000  fetch_ms=117.8
14:47:15.%f    tx_sent    type=VOTE    hash=8269dd833505...  send_ms=246.8
14:47:15.%f    vote_tx_fired  ms=1138.1
14:48:40.%f    ipfs_global model_cid=Qmf4pFdhVbAVEhz2...  upload_ms=16391 [blocking]
14:48:40.%f    gas_limit  type=GLOBAL estimated=251392  estimate_ms=440.4
14:48:40.%f    gas_price  fetched=6000000  fetch_ms=173.4
14:48:41.%f    tx_sent    type=GLOBAL  hash=6552cb8383ee...  send_ms=288.2
14:48:41.%f    global_tx_fired  ms=1023.7
14:48:41.%f    confirmed  idx=0  block=47838944  submit_to_confirm_ms=87964
14:48:41.%f    confirmed  idx=1  block=47838945  submit_to_confirm_ms=86281
14:48:41.%f    confirmed  idx=2  block=47838988  submit_to_confirm_ms=616
14:48:41.%f    wait_for_pending  n=3  total_wait_ms=616
14:48:41.%f    round_confirmation_total_ms=616
14:48:42.%f    verify_chain  valid=True  ms=525 [per-round]
14:48:42.%f  --- ROUND 5 end  total_overhead_ms=1640
14:52:26.%f  --- ROUND 6 start  mode=BASE
14:52:28.%f    ipfs_local  cid=QmPZvk2Tit1cy3QQ...  upload_ms=1798 [blocking]
14:52:28.%f    gas_limit  type=LOCAL  estimated=276276  estimate_ms=527.7
14:52:28.%f    gas_price  fetched=6000000  fetch_ms=139.9
14:52:29.%f    tx_sent    type=LOCAL   hash=65243bd0935a...  send_ms=303.6
14:52:29.%f    local_tx_fired  ms=1126.7
14:52:31.%f    ipfs_vote   cid=QmfKCpEYSJm4oHWj...  upload_ms=2255 [blocking]
14:52:32.%f    gas_limit  type=VOTE   estimated=270211  estimate_ms=509.6
14:52:32.%f    gas_price  fetched=6000000  fetch_ms=204.0
14:52:32.%f    tx_sent    type=VOTE    hash=53fcfee3b13b...  send_ms=302.8
14:52:32.%f    vote_tx_fired  ms=1226.0
14:53:39.%f    ipfs_global model_cid=QmTzwMbkWSu4cFYt...  upload_ms=7505 [blocking]
14:53:40.%f    gas_limit  type=GLOBAL estimated=251346  estimate_ms=474.2
14:53:40.%f    gas_price  fetched=6000000  fetch_ms=133.9
14:53:40.%f    tx_sent    type=GLOBAL  hash=ef2e0a059084...  send_ms=289.0
14:53:40.%f    global_tx_fired  ms=1017.5
14:53:40.%f    confirmed  idx=0  block=47839102  submit_to_confirm_ms=71579
14:53:41.%f    confirmed  idx=1  block=47839104  submit_to_confirm_ms=68304
14:53:41.%f    confirmed  idx=2  block=47839138  submit_to_confirm_ms=530
14:53:41.%f    wait_for_pending  n=3  total_wait_ms=530
14:53:41.%f    round_confirmation_total_ms=530
14:53:41.%f    verify_chain  valid=True  ms=599 [per-round]
14:53:41.%f  --- ROUND 6 end  total_overhead_ms=1547
14:57:31.%f  --- ROUND 7 start  mode=BASE
14:57:35.%f    ipfs_local  cid=QmZLwNbcppbGGAV7...  upload_ms=3726 [blocking]
14:57:35.%f    gas_limit  type=LOCAL  estimated=276186  estimate_ms=525.5
14:57:35.%f    gas_price  fetched=6000000  fetch_ms=190.6
14:57:36.%f    tx_sent    type=LOCAL   hash=118dff63f5ad...  send_ms=303.1
14:57:36.%f    local_tx_fired  ms=1228.6
14:57:38.%f    ipfs_vote   cid=QmPaz8ip5iaAdt6G...  upload_ms=2563 [blocking]
14:57:39.%f    gas_limit  type=VOTE   estimated=270302  estimate_ms=422.9
14:57:39.%f    gas_price  fetched=6000000  fetch_ms=117.4
14:57:39.%f    tx_sent    type=VOTE    hash=d2ff28780f06...  send_ms=303.8
14:57:39.%f    vote_tx_fired  ms=1023.6
14:59:10.%f    ipfs_global model_cid=QmRnVtgwsoUspV33...  upload_ms=19935 [blocking]
14:59:10.%f    gas_limit  type=GLOBAL estimated=251392  estimate_ms=405.9
14:59:10.%f    gas_price  fetched=6000000  fetch_ms=117.3
14:59:11.%f    tx_sent    type=GLOBAL  hash=5c6b7674be69...  send_ms=273.7
14:59:11.%f    global_tx_fired  ms=918.3
14:59:11.%f    confirmed  idx=0  block=47839255  submit_to_confirm_ms=95049
14:59:11.%f    confirmed  idx=1  block=47839257  submit_to_confirm_ms=91647
14:59:11.%f    confirmed  idx=2  block=47839303  submit_to_confirm_ms=512
14:59:11.%f    wait_for_pending  n=3  total_wait_ms=512
14:59:11.%f    round_confirmation_total_ms=512
14:59:12.%f    verify_chain  valid=True  ms=614 [per-round]
14:59:12.%f  --- ROUND 7 end  total_overhead_ms=1431
15:02:54.%f  --- ROUND 8 start  mode=BASE
15:02:56.%f    ipfs_local  cid=QmacT2jNby5Zzbqv...  upload_ms=2158 [blocking]
15:02:56.%f    gas_limit  type=LOCAL  estimated=276276  estimate_ms=510.9
15:02:56.%f    gas_price  fetched=6000000  fetch_ms=205.3
15:02:57.%f    tx_sent    type=LOCAL   hash=281b0c37ab87...  send_ms=302.2
15:02:57.%f    local_tx_fired  ms=1227.8
15:02:58.%f    ipfs_vote   cid=QmYcCKYrnTamPivD...  upload_ms=922 [blocking]
15:02:58.%f    gas_limit  type=VOTE   estimated=269913  estimate_ms=616.3
15:02:59.%f    gas_price  fetched=6000000  fetch_ms=120.7
15:02:59.%f    tx_sent    type=VOTE    hash=0fa9a5571079...  send_ms=404.4
15:02:59.%f    vote_tx_fired  ms=1330.9
15:04:04.%f    ipfs_global model_cid=QmZqcWTRzh8hxLg6...  upload_ms=4867 [blocking]
15:04:05.%f    gas_limit  type=GLOBAL estimated=251361  estimate_ms=446.2
15:04:05.%f    gas_price  fetched=6000000  fetch_ms=167.9
15:04:06.%f    tx_sent    type=GLOBAL  hash=f96ca95cf915...  send_ms=303.1
15:04:06.%f    global_tx_fired  ms=1126.4
15:04:06.%f    confirmed  idx=0  block=47839416  submit_to_confirm_ms=68814
15:04:06.%f    confirmed  idx=1  block=47839417  submit_to_confirm_ms=66725
15:04:06.%f    confirmed  idx=2  block=47839450  submit_to_confirm_ms=513
15:04:06.%f    wait_for_pending  n=3  total_wait_ms=513
15:04:06.%f    round_confirmation_total_ms=513
15:04:07.%f    verify_chain  valid=True  ms=512 [per-round]
15:04:07.%f  --- ROUND 8 end  total_overhead_ms=1639
15:07:51.%f  --- ROUND 9 start  mode=BASE
15:07:56.%f    ipfs_local  cid=QmXN8ZnPygfNZQ3f...  upload_ms=4760 [blocking]
15:07:57.%f    gas_limit  type=LOCAL  estimated=276231  estimate_ms=614.4
15:07:57.%f    gas_price  fetched=6000000  fetch_ms=118.7
15:07:57.%f    tx_sent    type=LOCAL   hash=b3fe3657a06c...  send_ms=242.4
15:07:57.%f    local_tx_fired  ms=1127.9
15:07:58.%f    ipfs_vote   cid=QmPSug6SdaeZdaM4...  upload_ms=614 [blocking]
15:07:58.%f    gas_limit  type=VOTE   estimated=270211  estimate_ms=510.7
15:07:58.%f    gas_price  fetched=6000000  fetch_ms=206.4
15:07:59.%f    tx_sent    type=VOTE    hash=d0c0c718c44b...  send_ms=270.8
15:07:59.%f    vote_tx_fired  ms=1125.1
15:09:23.%f    ipfs_global model_cid=Qma4YmKJZU5sLNYf...  upload_ms=31782 [blocking]
15:09:23.%f    gas_limit  type=GLOBAL estimated=251392  estimate_ms=592.2
15:09:24.%f    gas_price  fetched=6000000  fetch_ms=116.7
15:09:24.%f    tx_sent    type=GLOBAL  hash=ae54720bb2c9...  send_ms=215.6
15:09:24.%f    global_tx_fired  ms=1134.1
15:09:24.%f    confirmed  idx=0  block=47839566  submit_to_confirm_ms=87055
15:09:24.%f    confirmed  idx=1  block=47839567  submit_to_confirm_ms=85505
15:09:24.%f    confirmed  idx=2  block=47839609  submit_to_confirm_ms=533
15:09:24.%f    wait_for_pending  n=3  total_wait_ms=533
15:09:24.%f    round_confirmation_total_ms=538
15:09:25.%f    verify_chain  valid=True  ms=573 [per-round]
15:09:25.%f  --- ROUND 9 end  total_overhead_ms=1672
15:13:09.%f  --- ROUND 10 start  mode=BASE
15:13:12.%f    ipfs_local  cid=QmPiq18b5YfKDCgM...  upload_ms=2534 [blocking]
15:13:12.%f    gas_limit  type=LOCAL  estimated=276276  estimate_ms=512.0
15:13:12.%f    gas_price  fetched=6000000  fetch_ms=115.3
15:13:13.%f    tx_sent    type=LOCAL   hash=a1bf8d24c9bd...  send_ms=233.1
15:13:13.%f    local_tx_fired  ms=1057.4
15:13:14.%f    ipfs_vote   cid=QmSFgoLA3r2MV4ko...  upload_ms=786 [blocking]
15:13:14.%f    gas_limit  type=VOTE   estimated=270241  estimate_ms=409.7
15:13:14.%f    gas_price  fetched=6000000  fetch_ms=204.3
15:13:15.%f    tx_sent    type=VOTE    hash=d99672aca98d...  send_ms=262.0
15:13:15.%f    vote_tx_fired  ms=1083.5
15:14:13.%f    ipfs_global model_cid=QmWYDuprcMLKxxCA...  upload_ms=5334 [blocking]
15:14:14.%f    gas_limit  type=GLOBAL estimated=251392  estimate_ms=619.8
15:14:14.%f    gas_price  fetched=6000000  fetch_ms=190.4
15:14:14.%f    tx_sent    type=GLOBAL  hash=f68c28d56246...  send_ms=213.0
15:14:14.%f    global_tx_fired  ms=1230.9
15:14:15.%f    confirmed  idx=0  block=47839724  submit_to_confirm_ms=61715
15:14:15.%f    confirmed  idx=1  block=47839725  submit_to_confirm_ms=60050
15:14:15.%f    confirmed  idx=2  block=47839755  submit_to_confirm_ms=534
15:14:15.%f    wait_for_pending  n=3  total_wait_ms=534
15:14:15.%f    round_confirmation_total_ms=534
15:14:15.%f    verify_chain  valid=True  ms=480 [per-round]
15:14:15.%f  --- ROUND 10 end  total_overhead_ms=1765
15:14:16.%f    verify_chain  valid=True  ms=591  [per-round-final]
