[SETUP] Run output dir : outputs_ucihar/experiment_20260626_204931
[SETUP] Variant        : experiment
[SETUP] Pinata account : 1
  [PERF] Logging to outputs_ucihar/optimized_20260626_204931/perf_optimized_20260626_204931.log
  [EVM] Connected to network (Chain ID: 8453)
  [EVM] Using account: 0x1c7433A4A78e1C5748d01D9429F7b39e9eaDBdd4
  [EVM] Balance: 0.0014 ETH
  [EVM] Contract loaded: 0xBE3FeAC76293711C5D32426860303AfE24cdf527
  [EVM] Current chain length: 4646 blocks
  [IPFS] Pinata primary: account_1 | accounts configured: 2 (+ 1 fallback)
  [IPFS] Backend: pinata | Compress: True
  [EVM] IPFS storage enabled (pinata backend)

[96m════════════════════════════════════════════════════════════
  6 Activities (UCI HAR): WALKING, WALKING_UPSTAIRS, WALKING_DOWNSTAIRS, SITTING, STANDING, LAYING
/home/bibarys/Documents/FL-Blockchain-EVM/venv/lib/python3.12/site-packages/torch/cuda/__init__.py:174: UserWarning: CUDA initialization: Unexpected error from cudaGetDeviceCount(). Did you run some cuda functions before calling NumCudaDevices() that might have already set an error? Error 804: forward compatibility was attempted on non supported HW (Triggered internally at /pytorch/c10/cuda/CUDAFunctions.cpp:109.)
  return torch._C._cuda_getDeviceCount() > 0
Using CPU
  Rounds: 10 | LR: 0.001 | Device: cpu
  Eval partitioning: 10 partitions
  Blockchain: 3 tx per round (LOCAL + VOTE + GLOBAL)
  IPFS:       enabled
  Dashboard:  open dashboard.html in your browser
════════════════════════════════════════════════════════════[0m

  [UCI-HAR] Loading train split from /home/bibarys/Documents/FL-Blockchain-EVM/data/UCI_HAR/UCI_HAR_Dataset ...
  [UCI-HAR] train: 7352 windows  |  subjects: [1, 3, 5, 6, 7, 8, 11, 14, 15, 16, 17, 19, 21, 22, 23, 25, 26, 27, 28, 29, 30]
  [UCI-HAR] Loading test split from /home/bibarys/Documents/FL-Blockchain-EVM/data/UCI_HAR/UCI_HAR_Dataset ...
  [UCI-HAR] test: 2947 windows  |  subjects: [2, 4, 9, 10, 12, 13, 18, 20, 24]
  [UCI-HAR] Normalization: global (pre-saved stats)
  [UCI-HAR] Partition 0: subjects=[1, 3, 5], windows=990

[93m════════════════════════════════════════════════════════════[0m
[93m  [ROUND 0] GLOBAL — 6 Activities (UCI HAR)[0m
[93m════════════════════════════════════════════════════════════[0m
   loss                : 1.7907
   accuracy            : 0.2016
   f1_macro            : 0.1255
   f1_weighted         : 0.1150
   precision_macro     : 0.0914
   recall_macro        : 0.2233
   specificity_macro   : 0.8410
   auc_macro           : 0.5490
   ── Per-Activity ──  
     WALKING  P=0.000  R=0.000  F1=0.000  AUC=0.273  (n=496)
     WALKING_UPSTAIRS  P=0.131  R=0.146  F1=0.139  AUC=0.602  (n=471)
     WALKING_DOWNSTAIRS  P=0.319  R=0.990  F1=0.483  AUC=0.886  (n=420)
     SITTING  P=0.000  R=0.000  F1=0.000  AUC=0.108  (n=491)
     STANDING  P=0.000  R=0.000  F1=0.000  AUC=0.869  (n=532)
     LAYING  P=0.097  R=0.203  F1=0.132  AUC=0.556  (n=537)

  [EVM] Firing GLOBAL block (Round 0)...
  [EVM] Transaction sent: 417167805759aec436854bb8a9a2cf5e0f0daf71b82ffe4c4321e6a314480e4d
  [EVM] Waiting for all Round 0 transactions to confirm...
  [EVM] Waiting for 1 pending transaction(s)...
  [EVM] ✓ Confirmed in block 47849815
  [IPFS] ✓ round_0_global_model.gz → QmYVZV3n7TWQQN4HshEJ… (3,476,897 → 3,151,952 bytes) [account_1/2]
  [IPFS] ✓ round_0_global_metrics.gz → QmTvcso7ZPLjT6c4pxSA… (134 → 125 bytes) [account_1/2]

[96m  [BLOCKCHAIN] Round 0 complete — 3 blocks written (LOCAL + VOTE + GLOBAL) | Chain length: 4647[0m
  [TIMING] Round wall time: 7.9s | Model payload: 3340 KB
  [FedAvg] Round 1: lr=0.001000  (base=0.001000, decay=0.8)

[96m  ROUND 1 TRAINING: 10 devices[0m
+--------+--------+---------+---------+-----+
| Device |  Loss  | Samples | Time(s) | Cls |
+--------+--------+---------+---------+-----+
|   0    | 0.0425 |   1254  |  175.5  |  6  |
|   1    | 0.0383 |   684   |   35.8  |  6  |
|   2    | 0.0371 |   666   |   35.4  |  6  |
|   3    | 0.0322 |   738   |   40.5  |  6  |
|   4    | 0.0342 |   936   |   49.6  |  6  |
|   5    | 0.0482 |   1038  |   58.6  |  6  |
|   6    | 0.0335 |   864   |   47.7  |  6  |
|   7    | 0.0478 |   894   |   46.6  |  6  |
|   8    | 0.0414 |   954   |   51.2  |  6  |
|   9    | 0.0296 |   834   |   46.0  |  6  |
+--------+--------+---------+---------+-----+
  Loss  mean=0.0385  std=0.0061  threshold=0.0445

[96m  [BLOCKCHAIN] Firing LOCAL + VOTE blocks for Round 1 (async)...[0m

  [EVM] Firing LOCAL block (Round 1, 10 clients)...
  [EVM] Transaction sent: fd39c4ea76589e46cf714697c7847a6149befc11e9bf57447fe5ad8349fc3ce6
  [EVM] Firing VOTE block (Round 1: 8 accepted / 2 rejected)...
  [IPFS] ✓ round_1_local.gz → QmY8K6cSHktSBNVo7oLc… (1,312 → 391 bytes) [account_1/2]  [EVM] Transaction sent: 7af5c03166431ad6bba9166495eb944b31296560d993945d252cb5caf3decffb
  [IPFS] ✓ round_1_votes.gz → QmXpMA3tmSdcFWHTBVTS… (1,042 → 318 bytes) [account_1/2]

+--------+--------+----------+
| Device |  Loss  | Verdict  |
+--------+--------+----------+
|   0    | 0.0425 | ACCEPTED |
|   1    | 0.0383 | ACCEPTED |
|   2    | 0.0371 | ACCEPTED |
|   3    | 0.0322 | ACCEPTED |
|   4    | 0.0342 | ACCEPTED |
|   5    | 0.0482 | REJECTED |
|   6    | 0.0335 | ACCEPTED |
|   7    | 0.0478 | REJECTED |
|   8    | 0.0414 | ACCEPTED |
|   9    | 0.0296 | ACCEPTED |
+--------+--------+----------+

[92m  ROUND 1 EVALUATION: 10 devices[0m
+--------+--------+--------+--------+--------+------+
| Device |  Loss  |  Acc   |   F1   |  AUC   |  N   |
+--------+--------+--------+--------+--------+------+
|   0    | 0.8453 | 0.8436 | 0.8484 | 0.9859 | 2947 |
|   1    | 0.8453 | 0.8436 | 0.8484 | 0.9859 | 2947 |
|   2    | 0.8453 | 0.8436 | 0.8484 | 0.9859 | 2947 |
|   3    | 0.8453 | 0.8436 | 0.8484 | 0.9859 | 2947 |
|   4    | 0.8453 | 0.8436 | 0.8484 | 0.9859 | 2947 |
|   5    | 0.8453 | 0.8436 | 0.8484 | 0.9859 | 2947 |
|   6    | 0.8453 | 0.8436 | 0.8484 | 0.9859 | 2947 |
|   7    | 0.8453 | 0.8436 | 0.8484 | 0.9859 | 2947 |
|   8    | 0.8453 | 0.8436 | 0.8484 | 0.9859 | 2947 |
|   9    | 0.8453 | 0.8436 | 0.8484 | 0.9859 | 2947 |
+--------+--------+--------+--------+--------+------+

[93m════════════════════════════════════════════════════════════[0m
[93m  [ROUND 1] GLOBAL — 6 Activities (UCI HAR)[0m
[93m════════════════════════════════════════════════════════════[0m
   loss                : 0.8453
   accuracy            : 0.8436
   f1_macro            : 0.8484
   f1_weighted         : 0.8487
   precision_macro     : 0.8733
   recall_macro        : 0.8404
   specificity_macro   : 0.9685
   auc_macro           : 0.9859
   ── Per-Activity ──  
     WALKING  P=0.962  R=0.722  F1=0.825  AUC=0.982  (n=496)
     WALKING_UPSTAIRS  P=0.990  R=0.839  F1=0.908  AUC=0.991  (n=471)
     WALKING_DOWNSTAIRS  P=0.944  R=0.798  F1=0.865  AUC=0.994  (n=420)
     SITTING  P=0.640  R=0.855  F1=0.732  AUC=0.971  (n=491)
     STANDING  P=0.704  R=0.835  F1=0.764  AUC=0.977  (n=532)
     LAYING  P=1.000  R=0.994  F1=0.997  AUC=1.000  (n=537)

  [EVM] Firing GLOBAL block (Round 1)...
  [EVM] Transaction sent: cfb4089056e5117f36505a46f23ad568b2b76cec42428cdad6ef14ab01948348
  [EVM] Waiting for all Round 1 transactions to confirm...
  [EVM] Waiting for 3 pending transaction(s)...
  [EVM] ✓ Confirmed in block 47849933
  [EVM] ✓ Confirmed in block 47849934
  [EVM] ✓ Confirmed in block 47849960
  [IPFS] ✓ round_1_global_model.gz → QmVXzJp9oKbqV2YDcLNd… (3,476,897 → 3,185,465 bytes) [account_1/2]
  [IPFS] ✓ round_1_global_metrics.gz → QmNoHHVxtXNggEYw7CfX… (135 → 125 bytes) [account_1/2]

[96m  [BLOCKCHAIN] Round 1 complete — 3 blocks written (LOCAL + VOTE + GLOBAL) | Chain length: 4650[0m
  [TIMING] Round wall time: 60.0s | Model payload: 3340 KB
  [FedAvg] Round 2: lr=0.000800  (base=0.001000, decay=0.8)

[96m  ROUND 2 TRAINING: 10 devices[0m
+--------+--------+---------+---------+-----+
| Device |  Loss  | Samples | Time(s) | Cls |
+--------+--------+---------+---------+-----+
|   0    | 0.0330 |   1254  |  175.8  |  6  |
|   1    | 0.0394 |   684   |   35.4  |  6  |
|   2    | 0.0372 |   666   |   35.4  |  6  |
|   3    | 0.0229 |   738   |   40.3  |  6  |
|   4    | 0.0479 |   936   |   49.5  |  6  |
|   5    | 0.0419 |   1038  |   58.7  |  6  |
|   6    | 0.0418 |   864   |   47.8  |  6  |
|   7    | 0.0390 |   894   |   48.0  |  6  |
|   8    | 0.0405 |   954   |   51.2  |  6  |
|   9    | 0.0420 |   834   |   46.5  |  6  |
+--------+--------+---------+---------+-----+
  Loss  mean=0.0386  std=0.0064  threshold=0.0449

[96m  [BLOCKCHAIN] Firing LOCAL + VOTE blocks for Round 2 (async)...[0m

  [EVM] Firing LOCAL block (Round 2, 10 clients)...
  [EVM] Transaction sent: 9f5cb7420825e8a243acb750e1527cfc67d4faf547f9c1d3d3b11180a4545b43
  [EVM] Firing VOTE block (Round 2: 9 accepted / 1 rejected)...
  [EVM] Transaction sent: 8dd7025b37ae6575d25a9cbeab56fcc86e6f2a7beb3d115bb5e1d72d77b255a9
+--------+--------+----------+
| Device |  Loss  | Verdict  |
+--------+--------+----------+
|   0    | 0.0330 | ACCEPTED |
|   1    | 0.0394 | ACCEPTED |
|   2    | 0.0372 | ACCEPTED |
|   3    | 0.0229 | ACCEPTED |
|   4    | 0.0479 | REJECTED |
|   5    | 0.0419 | ACCEPTED |
|   6    | 0.0418 | ACCEPTED |
|   7    | 0.0390 | ACCEPTED |
|   8    | 0.0405 | ACCEPTED |
|   9    | 0.0420 | ACCEPTED |
+--------+--------+----------+
  [IPFS] ✓ round_2_local.gz → QmZdv6t1rbvxZS5v4SFz… (1,310 → 389 bytes) [account_1/2]
  [IPFS] ✓ round_2_votes.gz → QmRQ7MjxMH9Nr2yMydbT… (1,030 → 311 bytes) [account_1/2]

[92m  ROUND 2 EVALUATION: 10 devices[0m
+--------+--------+--------+--------+--------+------+
| Device |  Loss  |  Acc   |   F1   |  AUC   |  N   |
+--------+--------+--------+--------+--------+------+
|   0    | 0.3845 | 0.9033 | 0.9053 | 0.9879 | 2947 |
|   1    | 0.3845 | 0.9033 | 0.9053 | 0.9879 | 2947 |
|   2    | 0.3845 | 0.9033 | 0.9053 | 0.9879 | 2947 |
|   3    | 0.3845 | 0.9033 | 0.9053 | 0.9879 | 2947 |
|   4    | 0.3845 | 0.9033 | 0.9053 | 0.9879 | 2947 |
|   5    | 0.3845 | 0.9033 | 0.9053 | 0.9879 | 2947 |
|   6    | 0.3845 | 0.9033 | 0.9053 | 0.9879 | 2947 |
|   7    | 0.3845 | 0.9033 | 0.9053 | 0.9879 | 2947 |
|   8    | 0.3845 | 0.9033 | 0.9053 | 0.9879 | 2947 |
|   9    | 0.3845 | 0.9033 | 0.9053 | 0.9879 | 2947 |
+--------+--------+--------+--------+--------+------+

[93m════════════════════════════════════════════════════════════[0m
[93m  [ROUND 2] GLOBAL — 6 Activities (UCI HAR)[0m
[93m════════════════════════════════════════════════════════════[0m
   loss                : 0.3845
   accuracy            : 0.9033
   f1_macro            : 0.9053
   f1_weighted         : 0.9037
   precision_macro     : 0.9067
   recall_macro        : 0.9059
   specificity_macro   : 0.9806
   auc_macro           : 0.9879
   ── Per-Activity ──  
     WALKING  P=1.000  R=0.895  F1=0.945  AUC=1.000  (n=496)
     WALKING_UPSTAIRS  P=0.941  R=0.983  F1=0.962  AUC=0.999  (n=471)
     WALKING_DOWNSTAIRS  P=0.924  R=0.990  F1=0.956  AUC=0.999  (n=420)
     SITTING  P=0.782  R=0.762  F1=0.772  AUC=0.957  (n=491)
     STANDING  P=0.798  R=0.855  F1=0.826  AUC=0.972  (n=532)
     LAYING  P=0.994  R=0.950  F1=0.971  AUC=1.000  (n=537)

  [EVM] Firing GLOBAL block (Round 2)...
  [EVM] Transaction sent: 7e201ace940fd3c6d91ee7c90983f62488a3cd3a3f528d66011e541cdc3e5c6d
  [EVM] Waiting for all Round 2 transactions to confirm...
  [EVM] Waiting for 3 pending transaction(s)...
  [EVM] ✓ Confirmed in block 47850074
  [EVM] ✓ Confirmed in block 47850074
  [EVM] ✓ Confirmed in block 47850100
  [IPFS] ✓ round_2_global_model.gz → QmegHv4Tww7PYqLCrgrS… (3,476,897 → 3,186,072 bytes) [account_1/2]
  [IPFS] ✓ round_2_global_metrics.gz → QmVBRRRGBgpGmyy4Z6xM… (135 → 123 bytes) [account_1/2]

[96m  [BLOCKCHAIN] Round 2 complete — 3 blocks written (LOCAL + VOTE + GLOBAL) | Chain length: 4653[0m
  [TIMING] Round wall time: 57.5s | Model payload: 3340 KB
  [FedAvg] Round 3: lr=0.000640  (base=0.001000, decay=0.8)

[96m  ROUND 3 TRAINING: 10 devices[0m
+--------+--------+---------+---------+-----+
| Device |  Loss  | Samples | Time(s) | Cls |
+--------+--------+---------+---------+-----+
|   0    | 0.0460 |   1254  |  175.6  |  6  |
|   1    | 0.0290 |   684   |   35.9  |  6  |
|   2    | 0.0364 |   666   |   35.9  |  6  |
|   3    | 0.0356 |   738   |   40.3  |  6  |
|   4    | 0.0350 |   936   |   49.9  |  6  |
|   5    | 0.0448 |   1038  |   58.8  |  6  |
|   6    | 0.0431 |   864   |   47.4  |  6  |
|   7    | 0.0402 |   894   |   47.8  |  6  |
|   8    | 0.0414 |   954   |   51.5  |  6  |
|   9    | 0.0535 |   834   |   46.0  |  6  |
+--------+--------+---------+---------+-----+
  Loss  mean=0.0405  std=0.0065  threshold=0.0470

[96m  [BLOCKCHAIN] Firing LOCAL + VOTE blocks for Round 3 (async)...[0m

  [EVM] Firing LOCAL block (Round 3, 10 clients)...
  [EVM] Transaction sent: 75607d3aca5bb44b8e4df52a35ffbea855ba1c2554553dbf41028fd0cc788bca
  [EVM] Firing VOTE block (Round 3: 9 accepted / 1 rejected)...
  [EVM] Transaction sent: d0fb60ff8a04f6108a5cb771ac8521474302d7176e46d2fbe9b22d876e4a3d55
+--------+--------+----------+
| Device |  Loss  | Verdict  |
+--------+--------+----------+
|   0    | 0.0460 | ACCEPTED |
|   1    | 0.0290 | ACCEPTED |
|   2    | 0.0364 | ACCEPTED |
|   3    | 0.0356 | ACCEPTED |
|   4    | 0.0350 | ACCEPTED |
|   5    | 0.0448 | ACCEPTED |
|   6    | 0.0431 | ACCEPTED |
|   7    | 0.0402 | ACCEPTED |
|   8    | 0.0414 | ACCEPTED |
|   9    | 0.0535 | REJECTED |
+--------+--------+----------+
  [IPFS] ✓ round_3_local.gz → QmdCk8hfYaXbqagjSPLe… (1,313 → 388 bytes) [account_1/2]
  [IPFS] ✓ round_3_votes.gz → QmWHagRP12m1PoJVGGFG… (1,031 → 310 bytes) [account_1/2]

[92m  ROUND 3 EVALUATION: 10 devices[0m
+--------+--------+--------+--------+--------+------+
| Device |  Loss  |  Acc   |   F1   |  AUC   |  N   |
+--------+--------+--------+--------+--------+------+
|   0    | 0.2990 | 0.9223 | 0.9234 | 0.9921 | 2947 |
|   1    | 0.2990 | 0.9223 | 0.9234 | 0.9921 | 2947 |
|   2    | 0.2990 | 0.9223 | 0.9234 | 0.9921 | 2947 |
|   3    | 0.2990 | 0.9223 | 0.9234 | 0.9921 | 2947 |
|   4    | 0.2990 | 0.9223 | 0.9234 | 0.9921 | 2947 |
|   5    | 0.2990 | 0.9223 | 0.9234 | 0.9921 | 2947 |
|   6    | 0.2990 | 0.9223 | 0.9234 | 0.9921 | 2947 |
|   7    | 0.2990 | 0.9223 | 0.9234 | 0.9921 | 2947 |
|   8    | 0.2990 | 0.9223 | 0.9234 | 0.9921 | 2947 |
|   9    | 0.2990 | 0.9223 | 0.9234 | 0.9921 | 2947 |
+--------+--------+--------+--------+--------+------+

[93m════════════════════════════════════════════════════════════[0m
[93m  [ROUND 3] GLOBAL — 6 Activities (UCI HAR)[0m
[93m════════════════════════════════════════════════════════════[0m
   loss                : 0.2990
   accuracy            : 0.9223
   f1_macro            : 0.9234
   f1_weighted         : 0.9221
   precision_macro     : 0.9238
   recall_macro        : 0.9242
   specificity_macro   : 0.9844
   auc_macro           : 0.9921
   ── Per-Activity ──  
     WALKING  P=1.000  R=0.942  F1=0.970  AUC=1.000  (n=496)
     WALKING_UPSTAIRS  P=0.994  R=0.975  F1=0.984  AUC=1.000  (n=471)
     WALKING_DOWNSTAIRS  P=0.919  R=1.000  F1=0.958  AUC=1.000  (n=420)
     SITTING  P=0.824  R=0.774  F1=0.798  AUC=0.973  (n=491)
     STANDING  P=0.815  R=0.855  F1=0.835  AUC=0.980  (n=532)
     LAYING  P=0.991  R=1.000  F1=0.995  AUC=1.000  (n=537)

  [EVM] Firing GLOBAL block (Round 3)...
  [EVM] Transaction sent: d554262ded81f4bdf4606a5a21880cf751a17039c0ba5aa837e727aa535b99f9
  [EVM] Waiting for all Round 3 transactions to confirm...
  [EVM] Waiting for 3 pending transaction(s)...
  [EVM] ✓ Confirmed in block 47850214
  [EVM] ✓ Confirmed in block 47850214
  [EVM] ✓ Confirmed in block 47850241
  [IPFS] ✓ round_3_global_model.gz → QmazADiqZFA49zjzQ9WN… (3,476,897 → 3,186,705 bytes) [account_1/2]
  [IPFS] ✓ round_3_global_metrics.gz → QmZb1mgypuzBQek6NJo6… (136 → 126 bytes) [account_1/2]

[96m  [BLOCKCHAIN] Round 3 complete — 3 blocks written (LOCAL + VOTE + GLOBAL) | Chain length: 4656[0m
  [TIMING] Round wall time: 73.2s | Model payload: 3340 KB
  [FedAvg] Round 4: lr=0.000512  (base=0.001000, decay=0.8)

[96m  ROUND 4 TRAINING: 10 devices[0m
+--------+--------+---------+---------+-----+
| Device |  Loss  | Samples | Time(s) | Cls |
+--------+--------+---------+---------+-----+
|   0    | 0.0452 |   1254  |  175.7  |  6  |
|   1    | 0.0401 |   684   |   35.5  |  6  |
|   2    | 0.0416 |   666   |   35.6  |  6  |
|   3    | 0.0282 |   738   |   40.6  |  6  |
|   4    | 0.0394 |   936   |   49.7  |  6  |
|   5    | 0.0463 |   1038  |   59.3  |  6  |
|   6    | 0.0296 |   864   |   47.8  |  6  |
|   7    | 0.0414 |   894   |   48.1  |  6  |
|   8    | 0.0452 |   954   |   51.5  |  6  |
|   9    | 0.0389 |   834   |   46.3  |  6  |
+--------+--------+---------+---------+-----+
  Loss  mean=0.0396  std=0.0059  threshold=0.0455

[96m  [BLOCKCHAIN] Firing LOCAL + VOTE blocks for Round 4 (async)...[0m

  [EVM] Firing LOCAL block (Round 4, 10 clients)...
  [EVM] Transaction sent: c7837390c1f684a07cac4b063617777f3fc751431497899aaf38472e717b3268
  [EVM] Firing VOTE block (Round 4: 9 accepted / 1 rejected)...
  [EVM] Transaction sent: ee31e3e1dc7c1b589472d6316144f100ceb36c3ce75e434385445d12cc87ec16
+--------+--------+----------+
| Device |  Loss  | Verdict  |
+--------+--------+----------+
|   0    | 0.0452 | ACCEPTED |
|   1    | 0.0401 | ACCEPTED |
|   2    | 0.0416 | ACCEPTED |
|   3    | 0.0282 | ACCEPTED |
|   4    | 0.0394 | ACCEPTED |
|   5    | 0.0463 | REJECTED |
|   6    | 0.0296 | ACCEPTED |
|   7    | 0.0414 | ACCEPTED |
|   8    | 0.0452 | ACCEPTED |
|   9    | 0.0389 | ACCEPTED |
+--------+--------+----------+
  [IPFS] ✓ round_4_votes.gz → QmNvLhRC95Q7EqPzZhTy… (1,032 → 312 bytes) [account_1/2]
  [IPFS] ✓ round_4_local.gz → QmbUf5K66jKVw9JYipG1… (1,311 → 392 bytes) [account_1/2]

[92m  ROUND 4 EVALUATION: 10 devices[0m
+--------+--------+--------+--------+--------+------+
| Device |  Loss  |  Acc   |   F1   |  AUC   |  N   |
+--------+--------+--------+--------+--------+------+
|   0    | 0.2854 | 0.9162 | 0.9180 | 0.9901 | 2947 |
|   1    | 0.2854 | 0.9162 | 0.9180 | 0.9901 | 2947 |
|   2    | 0.2854 | 0.9162 | 0.9180 | 0.9901 | 2947 |
|   3    | 0.2854 | 0.9162 | 0.9180 | 0.9901 | 2947 |
|   4    | 0.2854 | 0.9162 | 0.9180 | 0.9901 | 2947 |
|   5    | 0.2854 | 0.9162 | 0.9180 | 0.9901 | 2947 |
|   6    | 0.2854 | 0.9162 | 0.9180 | 0.9901 | 2947 |
|   7    | 0.2854 | 0.9162 | 0.9180 | 0.9901 | 2947 |
|   8    | 0.2854 | 0.9162 | 0.9180 | 0.9901 | 2947 |
|   9    | 0.2854 | 0.9162 | 0.9180 | 0.9901 | 2947 |
+--------+--------+--------+--------+--------+------+

[93m════════════════════════════════════════════════════════════[0m
[93m  [ROUND 4] GLOBAL — 6 Activities (UCI HAR)[0m
[93m════════════════════════════════════════════════════════════[0m
   loss                : 0.2854
   accuracy            : 0.9162
   f1_macro            : 0.9180
   f1_weighted         : 0.9161
   precision_macro     : 0.9180
   recall_macro        : 0.9187
   specificity_macro   : 0.9832
   auc_macro           : 0.9901
   ── Per-Activity ──  
     WALKING  P=0.996  R=0.952  F1=0.973  AUC=1.000  (n=496)
     WALKING_UPSTAIRS  P=0.959  R=0.983  F1=0.971  AUC=0.999  (n=471)
     WALKING_DOWNSTAIRS  P=0.952  R=0.998  F1=0.974  AUC=1.000  (n=420)
     SITTING  P=0.802  R=0.768  F1=0.785  AUC=0.962  (n=491)
     STANDING  P=0.809  R=0.844  F1=0.826  AUC=0.980  (n=532)
     LAYING  P=0.990  R=0.968  F1=0.979  AUC=1.000  (n=537)

  [EVM] Firing GLOBAL block (Round 4)...
  [EVM] Transaction sent: 17692471eb3900d49050159d75440a7362bb4385c69079ef5a777319e3fb31b8
  [EVM] Waiting for all Round 4 transactions to confirm...
  [EVM] Waiting for 3 pending transaction(s)...
  [EVM] ✓ Confirmed in block 47850361
  [EVM] ✓ Confirmed in block 47850361
  [EVM] ✓ Confirmed in block 47850388
  [IPFS] ✓ round_4_global_model.gz → Qmb2HD9eETgJiFswh5TK… (3,476,897 → 3,187,108 bytes) [account_1/2]
  [IPFS] ✓ round_4_global_metrics.gz → Qmdk1gmB9RGhoAVJcfLp… (135 → 124 bytes) [account_1/2]

[96m  [BLOCKCHAIN] Round 4 complete — 3 blocks written (LOCAL + VOTE + GLOBAL) | Chain length: 4659[0m
  [TIMING] Round wall time: 60.6s | Model payload: 3340 KB
  [FedAvg] Round 5: lr=0.000410  (base=0.001000, decay=0.8)

[96m  ROUND 5 TRAINING: 10 devices[0m
+--------+--------+---------+---------+-----+
| Device |  Loss  | Samples | Time(s) | Cls |
+--------+--------+---------+---------+-----+
|   0    | 0.0409 |   1254  |  175.7  |  6  |
|   1    | 0.0460 |   684   |   35.5  |  6  |
|   2    | 0.0379 |   666   |   35.5  |  6  |
|   3    | 0.0493 |   738   |   40.5  |  6  |
|   4    | 0.0423 |   936   |   49.6  |  6  |
|   5    | 0.0320 |   1038  |   59.0  |  6  |
|   6    | 0.0277 |   864   |   47.6  |  6  |
|   7    | 0.0287 |   894   |   47.5  |  6  |
|   8    | 0.0399 |   954   |   51.5  |  6  |
|   9    | 0.0471 |   834   |   46.3  |  6  |
+--------+--------+---------+---------+-----+
  Loss  mean=0.0392  std=0.0072  threshold=0.0464

[96m  [BLOCKCHAIN] Firing LOCAL + VOTE blocks for Round 5 (async)...[0m

  [EVM] Firing LOCAL block (Round 5, 10 clients)...
  [EVM] Transaction sent: a3cbf3a0d4528fd302ae94de2bd4d8288e41cee2362d51988bc5c14e0622a6f9
  [EVM] Firing VOTE block (Round 5: 8 accepted / 2 rejected)...
  [EVM] Transaction sent: 48f5aaa1bb4901d068b528b443b011d0a813d4d7f7f6ab1ab81eef4478240ad6
+--------+--------+----------+
| Device |  Loss  | Verdict  |
+--------+--------+----------+
|   0    | 0.0409 | ACCEPTED |
|   1    | 0.0460 | ACCEPTED |
|   2    | 0.0379 | ACCEPTED |
|   3    | 0.0493 | REJECTED |
|   4    | 0.0423 | ACCEPTED |
|   5    | 0.0320 | ACCEPTED |
|   6    | 0.0277 | ACCEPTED |
|   7    | 0.0287 | ACCEPTED |
|   8    | 0.0399 | ACCEPTED |
|   9    | 0.0471 | REJECTED |
+--------+--------+----------+
  [IPFS] ✓ round_5_local.gz → QmPkZ39wHhzivPiDLqm8… (1,313 → 397 bytes) [account_1/2]
  [IPFS] ✓ round_5_votes.gz → Qmd729u3LDQhpTNm6jDY… (1,042 → 319 bytes) [account_1/2]

[92m  ROUND 5 EVALUATION: 10 devices[0m
+--------+--------+--------+--------+--------+------+
| Device |  Loss  |  Acc   |   F1   |  AUC   |  N   |
+--------+--------+--------+--------+--------+------+
|   0    | 0.2601 | 0.9230 | 0.9243 | 0.9923 | 2947 |
|   1    | 0.2601 | 0.9230 | 0.9243 | 0.9923 | 2947 |
|   2    | 0.2601 | 0.9230 | 0.9243 | 0.9923 | 2947 |
|   3    | 0.2601 | 0.9230 | 0.9243 | 0.9923 | 2947 |
|   4    | 0.2601 | 0.9230 | 0.9243 | 0.9923 | 2947 |
|   5    | 0.2601 | 0.9230 | 0.9243 | 0.9923 | 2947 |
|   6    | 0.2601 | 0.9230 | 0.9243 | 0.9923 | 2947 |
|   7    | 0.2601 | 0.9230 | 0.9243 | 0.9923 | 2947 |
|   8    | 0.2601 | 0.9230 | 0.9243 | 0.9923 | 2947 |
|   9    | 0.2601 | 0.9230 | 0.9243 | 0.9923 | 2947 |
+--------+--------+--------+--------+--------+------+

[93m════════════════════════════════════════════════════════════[0m
[93m  [ROUND 5] GLOBAL — 6 Activities (UCI HAR)[0m
[93m════════════════════════════════════════════════════════════[0m
   loss                : 0.2601
   accuracy            : 0.9230
   f1_macro            : 0.9243
   f1_weighted         : 0.9227
   precision_macro     : 0.9243
   recall_macro        : 0.9251
   specificity_macro   : 0.9845
   auc_macro           : 0.9923
   ── Per-Activity ──  
     WALKING  P=1.000  R=0.956  F1=0.977  AUC=1.000  (n=496)
     WALKING_UPSTAIRS  P=0.994  R=0.981  F1=0.987  AUC=1.000  (n=471)
     WALKING_DOWNSTAIRS  P=0.933  R=1.000  F1=0.966  AUC=1.000  (n=420)
     SITTING  P=0.817  R=0.772  F1=0.794  AUC=0.975  (n=491)
     STANDING  P=0.812  R=0.842  F1=0.827  AUC=0.980  (n=532)
     LAYING  P=0.991  R=1.000  F1=0.995  AUC=1.000  (n=537)

  [EVM] Firing GLOBAL block (Round 5)...
  [EVM] Transaction sent: 4bc9e1929cd3718d72a3778acc8cb64e714807aeab1d197fc3859241bdd93a59
  [EVM] Waiting for all Round 5 transactions to confirm...
  [EVM] Waiting for 3 pending transaction(s)...
  [EVM] ✓ Confirmed in block 47850503
  [EVM] ✓ Confirmed in block 47850503
  [EVM] ✓ Confirmed in block 47850530
  [IPFS] ✓ round_5_global_model.gz → QmcVui8Y2tL96atfzk1t… (3,476,897 → 3,187,425 bytes) [account_1/2]
  [IPFS] ✓ round_5_global_metrics.gz → QmZ9mMmuxhX67RgbgzJE… (136 → 123 bytes) [account_1/2]

[96m  [BLOCKCHAIN] Round 5 complete — 3 blocks written (LOCAL + VOTE + GLOBAL) | Chain length: 4662[0m
  [TIMING] Round wall time: 58.8s | Model payload: 3340 KB
  [FedAvg] Round 6: lr=0.000328  (base=0.001000, decay=0.8)

[96m  ROUND 6 TRAINING: 10 devices[0m
+--------+--------+---------+---------+-----+
| Device |  Loss  | Samples | Time(s) | Cls |
+--------+--------+---------+---------+-----+
|   0    | 0.0450 |   1254  |  175.4  |  6  |
|   1    | 0.0361 |   684   |   35.4  |  6  |
|   2    | 0.0466 |   666   |   35.6  |  6  |
|   3    | 0.0456 |   738   |   40.1  |  6  |
|   4    | 0.0274 |   936   |   49.8  |  6  |
|   5    | 0.0371 |   1038  |   58.7  |  6  |
|   6    | 0.0424 |   864   |   46.5  |  6  |
|   7    | 0.0370 |   894   |   47.9  |  6  |
|   8    | 0.0367 |   954   |   51.5  |  6  |
|   9    | 0.0342 |   834   |   45.7  |  6  |
+--------+--------+---------+---------+-----+
  Loss  mean=0.0388  std=0.0057  threshold=0.0445

[96m  [BLOCKCHAIN] Firing LOCAL + VOTE blocks for Round 6 (async)...[0m

  [EVM] Firing LOCAL block (Round 6, 10 clients)...
  [EVM] Transaction sent: 7a82297edd46cd792dc83112fa29e2f3e38b640228b7d4558ab478d17f194695
  [EVM] Firing VOTE block (Round 6: 7 accepted / 3 rejected)...
  [EVM] Transaction sent: e6f76afcfdc6feb5f8bf15b6b99420823c67c718920d93611eb363ab784699ad
+--------+--------+----------+
| Device |  Loss  | Verdict  |
+--------+--------+----------+
|   0    | 0.0450 | REJECTED |
|   1    | 0.0361 | ACCEPTED |
|   2    | 0.0466 | REJECTED |
|   3    | 0.0456 | REJECTED |
|   4    | 0.0274 | ACCEPTED |
|   5    | 0.0371 | ACCEPTED |
|   6    | 0.0424 | ACCEPTED |
|   7    | 0.0370 | ACCEPTED |
|   8    | 0.0367 | ACCEPTED |
|   9    | 0.0342 | ACCEPTED |
+--------+--------+----------+
  [IPFS] ✓ round_6_local.gz → QmUXZncCTiUnB7rwtdMU… (1,313 → 396 bytes) [account_1/2]
  [IPFS] ✓ round_6_votes.gz → QmSgFLm91Xu6jNZEpzAn… (1,050 → 325 bytes) [account_1/2]

[92m  ROUND 6 EVALUATION: 10 devices[0m
+--------+--------+--------+--------+--------+------+
| Device |  Loss  |  Acc   |   F1   |  AUC   |  N   |
+--------+--------+--------+--------+--------+------+
|   0    | 0.2512 | 0.9267 | 0.9280 | 0.9917 | 2947 |
|   1    | 0.2512 | 0.9267 | 0.9280 | 0.9917 | 2947 |
|   2    | 0.2512 | 0.9267 | 0.9280 | 0.9917 | 2947 |
|   3    | 0.2512 | 0.9267 | 0.9280 | 0.9917 | 2947 |
|   4    | 0.2512 | 0.9267 | 0.9280 | 0.9917 | 2947 |
|   5    | 0.2512 | 0.9267 | 0.9280 | 0.9917 | 2947 |
|   6    | 0.2512 | 0.9267 | 0.9280 | 0.9917 | 2947 |
|   7    | 0.2512 | 0.9267 | 0.9280 | 0.9917 | 2947 |
|   8    | 0.2512 | 0.9267 | 0.9280 | 0.9917 | 2947 |
|   9    | 0.2512 | 0.9267 | 0.9280 | 0.9917 | 2947 |
+--------+--------+--------+--------+--------+------+

[93m════════════════════════════════════════════════════════════[0m
[93m  [ROUND 6] GLOBAL — 6 Activities (UCI HAR)[0m
[93m════════════════════════════════════════════════════════════[0m
   loss                : 0.2512
   accuracy            : 0.9267
   f1_macro            : 0.9280
   f1_weighted         : 0.9264
   precision_macro     : 0.9282
   recall_macro        : 0.9287
   specificity_macro   : 0.9853
   auc_macro           : 0.9917
   ── Per-Activity ──  
     WALKING  P=1.000  R=0.962  F1=0.980  AUC=1.000  (n=496)
     WALKING_UPSTAIRS  P=0.991  R=0.985  F1=0.988  AUC=1.000  (n=471)
     WALKING_DOWNSTAIRS  P=0.944  R=1.000  F1=0.971  AUC=1.000  (n=420)
     SITTING  P=0.828  R=0.772  F1=0.799  AUC=0.970  (n=491)
     STANDING  P=0.814  R=0.853  F1=0.833  AUC=0.981  (n=532)
     LAYING  P=0.993  R=1.000  F1=0.996  AUC=1.000  (n=537)

  [EVM] Firing GLOBAL block (Round 6)...
  [EVM] Transaction sent: 329f0faeabf646f8e5da4f33d1ffab438fdd33e4da9409b1d8985826772fa4c8
  [EVM] Waiting for all Round 6 transactions to confirm...
  [EVM] Waiting for 3 pending transaction(s)...
  [EVM] ✓ Confirmed in block 47850643
  [EVM] ✓ Confirmed in block 47850643
  [EVM] ✓ Confirmed in block 47850670
  [IPFS] ✓ round_6_global_model.gz → QmUNjydDdpG7efqTNpPq… (3,476,897 → 3,187,450 bytes) [account_1/2]
  [IPFS] ✓ round_6_global_metrics.gz → QmY31WhwCP27A9J3Fn68… (135 → 121 bytes) [account_1/2]

[96m  [BLOCKCHAIN] Round 6 complete — 3 blocks written (LOCAL + VOTE + GLOBAL) | Chain length: 4665[0m
  [TIMING] Round wall time: 70.8s | Model payload: 3340 KB
  [FedAvg] Round 7: lr=0.000262  (base=0.001000, decay=0.8)

[96m  ROUND 7 TRAINING: 10 devices[0m
+--------+--------+---------+---------+-----+
| Device |  Loss  | Samples | Time(s) | Cls |
+--------+--------+---------+---------+-----+
|   0    | 0.0422 |   1254  |  175.2  |  6  |
|   1    | 0.0315 |   684   |   35.5  |  6  |
|   2    | 0.0239 |   666   |   35.7  |  6  |
|   3    | 0.0370 |   738   |   40.1  |  6  |
|   4    | 0.0342 |   936   |   49.9  |  6  |
|   5    | 0.0230 |   1038  |   58.5  |  6  |
|   6    | 0.0255 |   864   |   47.9  |  6  |
|   7    | 0.0360 |   894   |   48.1  |  6  |
|   8    | 0.0437 |   954   |   51.7  |  6  |
|   9    | 0.0353 |   834   |   46.4  |  6  |
+--------+--------+---------+---------+-----+
  Loss  mean=0.0332  std=0.0069  threshold=0.0401

[96m  [BLOCKCHAIN] Firing LOCAL + VOTE blocks for Round 7 (async)...[0m

  [EVM] Firing LOCAL block (Round 7, 10 clients)...
  [EVM] Transaction sent: 8c743d0bdd5f19f9ddb50c68437df4dd753a128761abb4ea5fa251b50c285e08
  [EVM] Firing VOTE block (Round 7: 8 accepted / 2 rejected)...
  [EVM] Transaction sent: 3c830b29664731075b9e4f8fb986b0bdd75947e1bc876c0a5bac4d08ea36fe21
+--------+--------+----------+
| Device |  Loss  | Verdict  |
+--------+--------+----------+
|   0    | 0.0422 | REJECTED |
|   1    | 0.0315 | ACCEPTED |
|   2    | 0.0239 | ACCEPTED |
|   3    | 0.0370 | ACCEPTED |
|   4    | 0.0342 | ACCEPTED |
|   5    | 0.0230 | ACCEPTED |
|   6    | 0.0255 | ACCEPTED |
|   7    | 0.0360 | ACCEPTED |
|   8    | 0.0437 | REJECTED |
|   9    | 0.0353 | ACCEPTED |
+--------+--------+----------+
  [IPFS] ✓ round_7_local.gz → QmdCzSqbuLNtS438xem9… (1,316 → 395 bytes) [account_1/2]
  [IPFS] ✓ round_7_votes.gz → QmVkBbrAT7ukbNkAbb2d… (1,044 → 318 bytes) [account_1/2]

[92m  ROUND 7 EVALUATION: 10 devices[0m
+--------+--------+--------+--------+--------+------+
| Device |  Loss  |  Acc   |   F1   |  AUC   |  N   |
+--------+--------+--------+--------+--------+------+
|   0    | 0.2450 | 0.9318 | 0.9331 | 0.9915 | 2947 |
|   1    | 0.2450 | 0.9318 | 0.9331 | 0.9915 | 2947 |
|   2    | 0.2450 | 0.9318 | 0.9331 | 0.9915 | 2947 |
|   3    | 0.2450 | 0.9318 | 0.9331 | 0.9915 | 2947 |
|   4    | 0.2450 | 0.9318 | 0.9331 | 0.9915 | 2947 |
|   5    | 0.2450 | 0.9318 | 0.9331 | 0.9915 | 2947 |
|   6    | 0.2450 | 0.9318 | 0.9331 | 0.9915 | 2947 |
|   7    | 0.2450 | 0.9318 | 0.9331 | 0.9915 | 2947 |
|   8    | 0.2450 | 0.9318 | 0.9331 | 0.9915 | 2947 |
|   9    | 0.2450 | 0.9318 | 0.9331 | 0.9915 | 2947 |
+--------+--------+--------+--------+--------+------+

[93m════════════════════════════════════════════════════════════[0m
[93m  [ROUND 7] GLOBAL — 6 Activities (UCI HAR)[0m
[93m════════════════════════════════════════════════════════════[0m
   loss                : 0.2450
   accuracy            : 0.9318
   f1_macro            : 0.9331
   f1_weighted         : 0.9314
   precision_macro     : 0.9333
   recall_macro        : 0.9336
   specificity_macro   : 0.9863
   auc_macro           : 0.9915
   ── Per-Activity ──  
     WALKING  P=1.000  R=0.974  F1=0.987  AUC=1.000  (n=496)
     WALKING_UPSTAIRS  P=0.994  R=0.985  F1=0.989  AUC=1.000  (n=471)
     WALKING_DOWNSTAIRS  P=0.955  R=1.000  F1=0.977  AUC=1.000  (n=420)
     SITTING  P=0.840  R=0.780  F1=0.809  AUC=0.967  (n=491)
     STANDING  P=0.821  R=0.863  F1=0.841  AUC=0.982  (n=532)
     LAYING  P=0.991  R=1.000  F1=0.995  AUC=1.000  (n=537)

  [EVM] Firing GLOBAL block (Round 7)...
  [EVM] Transaction sent: eb57493d05f99ee114e786f29df314a3ed83fe70c1569f30f852cee9d74f1d6f
  [EVM] Waiting for all Round 7 transactions to confirm...
  [EVM] Waiting for 3 pending transaction(s)...
  [EVM] ✓ Confirmed in block 47850789
  [EVM] ✓ Confirmed in block 47850789
  [EVM] ✓ Confirmed in block 47850817
  [IPFS] ✓ round_7_global_model.gz → QmYLCS2TBsoVo6eMLf7b… (3,476,897 → 3,187,634 bytes) [account_1/2]
  [IPFS] ✓ round_7_global_metrics.gz → QmR4AgQkj8Gmpwr7w9D7… (136 → 125 bytes) [account_1/2]

[96m  [BLOCKCHAIN] Round 7 complete — 3 blocks written (LOCAL + VOTE + GLOBAL) | Chain length: 4668[0m
  [TIMING] Round wall time: 62.6s | Model payload: 3340 KB
  [FedAvg] Round 8: lr=0.000210  (base=0.001000, decay=0.8)

[96m  ROUND 8 TRAINING: 10 devices[0m
+--------+--------+---------+---------+-----+
| Device |  Loss  | Samples | Time(s) | Cls |
+--------+--------+---------+---------+-----+
|   0    | 0.0362 |   1254  |  176.9  |  6  |
|   1    | 0.0343 |   684   |   35.5  |  6  |
|   2    | 0.0404 |   666   |   35.7  |  6  |
|   3    | 0.0382 |   738   |   40.4  |  6  |
|   4    | 0.0298 |   936   |   50.4  |  6  |
|   5    | 0.0359 |   1038  |   58.5  |  6  |
|   6    | 0.0462 |   864   |   47.8  |  6  |
|   7    | 0.0423 |   894   |   47.8  |  6  |
|   8    | 0.0377 |   954   |   52.0  |  6  |
|   9    | 0.0328 |   834   |   46.6  |  6  |
+--------+--------+---------+---------+-----+
  Loss  mean=0.0374  std=0.0045  threshold=0.0419

[96m  [BLOCKCHAIN] Firing LOCAL + VOTE blocks for Round 8 (async)...[0m

  [EVM] Firing LOCAL block (Round 8, 10 clients)...
  [EVM] Transaction sent: ffd8d25f85af37f919b0cbfb30c83de9dd1b4ab3a7edd80351533ee03f5be5e7
  [EVM] Firing VOTE block (Round 8: 8 accepted / 2 rejected)...
  [EVM] Transaction sent: 3b369ab648c807682fa32e94effb14eb10581ef353993fc03e352c9f48627b55
+--------+--------+----------+
| Device |  Loss  | Verdict  |
+--------+--------+----------+
|   0    | 0.0362 | ACCEPTED |
|   1    | 0.0343 | ACCEPTED |
|   2    | 0.0404 | ACCEPTED |
|   3    | 0.0382 | ACCEPTED |
|   4    | 0.0298 | ACCEPTED |
|   5    | 0.0359 | ACCEPTED |
|   6    | 0.0462 | REJECTED |
|   7    | 0.0423 | REJECTED |
|   8    | 0.0377 | ACCEPTED |
|   9    | 0.0328 | ACCEPTED |
+--------+--------+----------+
  [IPFS] ✓ round_8_local.gz → QmUTuQnxmvKsqS3zUpHW… (1,311 → 392 bytes) [account_1/2]
  [IPFS] ✓ round_8_votes.gz → QmYeafskTQY7ZC3tm62B… (1,041 → 318 bytes) [account_1/2]

[92m  ROUND 8 EVALUATION: 10 devices[0m
+--------+--------+--------+--------+--------+------+
| Device |  Loss  |  Acc   |   F1   |  AUC   |  N   |
+--------+--------+--------+--------+--------+------+
|   0    | 0.2504 | 0.9230 | 0.9244 | 0.9906 | 2947 |
|   1    | 0.2504 | 0.9230 | 0.9244 | 0.9906 | 2947 |
|   2    | 0.2504 | 0.9230 | 0.9244 | 0.9906 | 2947 |
|   3    | 0.2504 | 0.9230 | 0.9244 | 0.9906 | 2947 |
|   4    | 0.2504 | 0.9230 | 0.9244 | 0.9906 | 2947 |
|   5    | 0.2504 | 0.9230 | 0.9244 | 0.9906 | 2947 |
|   6    | 0.2504 | 0.9230 | 0.9244 | 0.9906 | 2947 |
|   7    | 0.2504 | 0.9230 | 0.9244 | 0.9906 | 2947 |
|   8    | 0.2504 | 0.9230 | 0.9244 | 0.9906 | 2947 |
|   9    | 0.2504 | 0.9230 | 0.9244 | 0.9906 | 2947 |
+--------+--------+--------+--------+--------+------+

[93m════════════════════════════════════════════════════════════[0m
[93m  [ROUND 8] GLOBAL — 6 Activities (UCI HAR)[0m
[93m════════════════════════════════════════════════════════════[0m
   loss                : 0.2504
   accuracy            : 0.9230
   f1_macro            : 0.9244
   f1_weighted         : 0.9228
   precision_macro     : 0.9242
   recall_macro        : 0.9252
   specificity_macro   : 0.9845
   auc_macro           : 0.9906
   ── Per-Activity ──  
     WALKING  P=1.000  R=0.966  F1=0.983  AUC=1.000  (n=496)
     WALKING_UPSTAIRS  P=0.989  R=0.970  F1=0.980  AUC=1.000  (n=471)
     WALKING_DOWNSTAIRS  P=0.933  R=1.000  F1=0.966  AUC=1.000  (n=420)
     SITTING  P=0.811  R=0.784  F1=0.797  AUC=0.965  (n=491)
     STANDING  P=0.816  R=0.833  F1=0.824  AUC=0.979  (n=532)
     LAYING  P=0.996  R=0.998  F1=0.997  AUC=1.000  (n=537)

  [EVM] Firing GLOBAL block (Round 8)...
  [EVM] Transaction sent: 57de4d62a956bac753c8d8413c88cb7b230fa74db9526f9b35c0fc287b3512da
  [EVM] Waiting for all Round 8 transactions to confirm...
  [EVM] Waiting for 3 pending transaction(s)...
  [EVM] ✓ Confirmed in block 47850934
  [EVM] ✓ Confirmed in block 47850934
  [EVM] ✓ Confirmed in block 47850961
  [IPFS] ✓ round_8_global_model.gz → QmZ1arB8eLxz15RdjuiY… (3,476,897 → 3,187,544 bytes) [account_1/2]
  [IPFS] ✓ round_8_global_metrics.gz → QmPPT9hN45xpZFo25TRc… (136 → 124 bytes) [account_1/2]

[96m  [BLOCKCHAIN] Round 8 complete — 3 blocks written (LOCAL + VOTE + GLOBAL) | Chain length: 4671[0m
  [TIMING] Round wall time: 58.0s | Model payload: 3340 KB
  [FedAvg] Round 9: lr=0.000168  (base=0.001000, decay=0.8)

[96m  ROUND 9 TRAINING: 10 devices[0m
+--------+--------+---------+---------+-----+
| Device |  Loss  | Samples | Time(s) | Cls |
+--------+--------+---------+---------+-----+
|   0    | 0.0386 |   1254  |  175.2  |  6  |
|   1    | 0.0254 |   684   |   35.5  |  6  |
|   2    | 0.0363 |   666   |   35.5  |  6  |
|   3    | 0.0384 |   738   |   40.3  |  6  |
|   4    | 0.0463 |   936   |   49.8  |  6  |
|   5    | 0.0296 |   1038  |   58.8  |  6  |
|   6    | 0.0329 |   864   |   47.7  |  6  |
|   7    | 0.0408 |   894   |   47.8  |  6  |
|   8    | 0.0322 |   954   |   51.4  |  6  |
|   9    | 0.0266 |   834   |   46.1  |  6  |
+--------+--------+---------+---------+-----+
  Loss  mean=0.0347  std=0.0062  threshold=0.0410

[96m  [BLOCKCHAIN] Firing LOCAL + VOTE blocks for Round 9 (async)...[0m

  [EVM] Firing LOCAL block (Round 9, 10 clients)...
  [EVM] Transaction sent: 0183b2428688bf1c7dab10d3534899f5e52ed6adfd5ba98d399189642bcf5380
  [EVM] Firing VOTE block (Round 9: 9 accepted / 1 rejected)...
  [EVM] Transaction sent: 8175b51902c11cecd5659fd13731bd1ca8d6b9f4085183a665b0ce6fbc62ce70
+--------+--------+----------+
| Device |  Loss  | Verdict  |
+--------+--------+----------+
|   0    | 0.0386 | ACCEPTED |
|   1    | 0.0254 | ACCEPTED |
|   2    | 0.0363 | ACCEPTED |
|   3    | 0.0384 | ACCEPTED |
|   4    | 0.0463 | REJECTED |
|   5    | 0.0296 | ACCEPTED |
|   6    | 0.0329 | ACCEPTED |
|   7    | 0.0408 | ACCEPTED |
|   8    | 0.0322 | ACCEPTED |
|   9    | 0.0266 | ACCEPTED |
+--------+--------+----------+
  [IPFS] ✓ round_9_local.gz → Qmeezte8cFn9azU3SBzC… (1,315 → 393 bytes) [account_1/2]
  [IPFS] ✓ round_9_votes.gz → QmP9jyxVzxgJGffcjsd5… (1,037 → 313 bytes) [account_1/2]

[92m  ROUND 9 EVALUATION: 10 devices[0m
+--------+--------+--------+--------+--------+------+
| Device |  Loss  |  Acc   |   F1   |  AUC   |  N   |
+--------+--------+--------+--------+--------+------+
|   0    | 0.2460 | 0.9325 | 0.9335 | 0.9904 | 2947 |
|   1    | 0.2460 | 0.9325 | 0.9335 | 0.9904 | 2947 |
|   2    | 0.2460 | 0.9325 | 0.9335 | 0.9904 | 2947 |
|   3    | 0.2460 | 0.9325 | 0.9335 | 0.9904 | 2947 |
|   4    | 0.2460 | 0.9325 | 0.9335 | 0.9904 | 2947 |
|   5    | 0.2460 | 0.9325 | 0.9335 | 0.9904 | 2947 |
|   6    | 0.2460 | 0.9325 | 0.9335 | 0.9904 | 2947 |
|   7    | 0.2460 | 0.9325 | 0.9335 | 0.9904 | 2947 |
|   8    | 0.2460 | 0.9325 | 0.9335 | 0.9904 | 2947 |
|   9    | 0.2460 | 0.9325 | 0.9335 | 0.9904 | 2947 |
+--------+--------+--------+--------+--------+------+

[93m════════════════════════════════════════════════════════════[0m
[93m  [ROUND 9] GLOBAL — 6 Activities (UCI HAR)[0m
[93m════════════════════════════════════════════════════════════[0m
   loss                : 0.2460
   accuracy            : 0.9325
   f1_macro            : 0.9335
   f1_weighted         : 0.9322
   precision_macro     : 0.9339
   recall_macro        : 0.9341
   specificity_macro   : 0.9864
   auc_macro           : 0.9904
   ── Per-Activity ──  
     WALKING  P=1.000  R=0.964  F1=0.982  AUC=1.000  (n=496)
     WALKING_UPSTAIRS  P=0.991  R=0.979  F1=0.985  AUC=1.000  (n=471)
     WALKING_DOWNSTAIRS  P=0.940  R=1.000  F1=0.969  AUC=1.000  (n=420)
     SITTING  P=0.849  R=0.790  F1=0.819  AUC=0.962  (n=491)
     STANDING  P=0.827  R=0.872  F1=0.849  AUC=0.981  (n=532)
     LAYING  P=0.996  R=1.000  F1=0.998  AUC=1.000  (n=537)

  [EVM] Firing GLOBAL block (Round 9)...
  [EVM] Transaction sent: 09d68e8e2bfbd05eef64729643ec17b7c2dc9f957810492aaf412f5cd56e15ff
  [EVM] Waiting for all Round 9 transactions to confirm...
  [EVM] Waiting for 3 pending transaction(s)...
  [EVM] ✓ Confirmed in block 47851074
  [EVM] ✓ Confirmed in block 47851074
  [EVM] ✓ Confirmed in block 47851100
  [IPFS] ✓ round_9_global_model.gz → QmNtFDjZFw1G7P2iR2Lw… (3,476,897 → 3,187,585 bytes) [account_1/2]
  [IPFS] ✓ round_9_global_metrics.gz → QmSLo3KgpK8V82zvepsA… (136 → 124 bytes) [account_1/2]

[96m  [BLOCKCHAIN] Round 9 complete — 3 blocks written (LOCAL + VOTE + GLOBAL) | Chain length: 4674[0m
  [TIMING] Round wall time: 70.8s | Model payload: 3340 KB
  [FedAvg] Round 10: lr=0.000134  (base=0.001000, decay=0.8)

[96m  ROUND 10 TRAINING: 10 devices[0m
+--------+--------+---------+---------+-----+
| Device |  Loss  | Samples | Time(s) | Cls |
+--------+--------+---------+---------+-----+
|   0    | 0.0360 |   1254  |  175.2  |  6  |
|   1    | 0.0301 |   684   |   35.6  |  6  |
|   2    | 0.0365 |   666   |   35.4  |  6  |
|   3    | 0.0427 |   738   |   40.4  |  6  |
|   4    | 0.0541 |   936   |   49.7  |  6  |
|   5    | 0.0357 |   1038  |   58.8  |  6  |
|   6    | 0.0303 |   864   |   47.7  |  6  |
|   7    | 0.0246 |   894   |   47.8  |  6  |
|   8    | 0.0393 |   954   |   51.6  |  6  |
|   9    | 0.0384 |   834   |   46.3  |  6  |
+--------+--------+---------+---------+-----+
  Loss  mean=0.0368  std=0.0076  threshold=0.0444

[96m  [BLOCKCHAIN] Firing LOCAL + VOTE blocks for Round 10 (async)...[0m

  [EVM] Firing LOCAL block (Round 10, 10 clients)...
  [EVM] Transaction sent: ccb54d680e86b14ecc6b8416658aefdbdfdba626bdd5a7847750068e775718af
  [EVM] Firing VOTE block (Round 10: 9 accepted / 1 rejected)...
  [EVM] Transaction sent: 30fb9202a5ca713c11db637171a421d435ccfbe0723225211db132f6649f9a53
+--------+--------+----------+
| Device |  Loss  | Verdict  |
+--------+--------+----------+
|   0    | 0.0360 | ACCEPTED |
|   1    | 0.0301 | ACCEPTED |
|   2    | 0.0365 | ACCEPTED |
|   3    | 0.0427 | ACCEPTED |
|   4    | 0.0541 | REJECTED |
|   5    | 0.0357 | ACCEPTED |
|   6    | 0.0303 | ACCEPTED |
|   7    | 0.0246 | ACCEPTED |
|   8    | 0.0393 | ACCEPTED |
|   9    | 0.0384 | ACCEPTED |
+--------+--------+----------+
  [IPFS] ✓ round_10_local.gz → QmUViicazEiPo3GKXfox… (1,315 → 389 bytes) [account_1/2]
  [IPFS] ✓ round_10_votes.gz → QmPa3SiHagnUiXD71o2S… (1,033 → 314 bytes) [account_1/2]

[92m  ROUND 10 EVALUATION: 10 devices[0m
+--------+--------+--------+--------+--------+------+
| Device |  Loss  |  Acc   |   F1   |  AUC   |  N   |
+--------+--------+--------+--------+--------+------+
|   0    | 0.2382 | 0.9270 | 0.9283 | 0.9910 | 2947 |
|   1    | 0.2382 | 0.9270 | 0.9283 | 0.9910 | 2947 |
|   2    | 0.2382 | 0.9270 | 0.9283 | 0.9910 | 2947 |
|   3    | 0.2382 | 0.9270 | 0.9283 | 0.9910 | 2947 |
|   4    | 0.2382 | 0.9270 | 0.9283 | 0.9910 | 2947 |
|   5    | 0.2382 | 0.9270 | 0.9283 | 0.9910 | 2947 |
|   6    | 0.2382 | 0.9270 | 0.9283 | 0.9910 | 2947 |
|   7    | 0.2382 | 0.9270 | 0.9283 | 0.9910 | 2947 |
|   8    | 0.2382 | 0.9270 | 0.9283 | 0.9910 | 2947 |
|   9    | 0.2382 | 0.9270 | 0.9283 | 0.9910 | 2947 |
+--------+--------+--------+--------+--------+------+

[93m════════════════════════════════════════════════════════════[0m
[93m  [ROUND 10] GLOBAL — 6 Activities (UCI HAR)[0m
[93m════════════════════════════════════════════════════════════[0m
   loss                : 0.2382
   accuracy            : 0.9270
   f1_macro            : 0.9283
   f1_weighted         : 0.9267
   precision_macro     : 0.9284
   recall_macro        : 0.9290
   specificity_macro   : 0.9853
   auc_macro           : 0.9910
   ── Per-Activity ──  
     WALKING  P=1.000  R=0.964  F1=0.982  AUC=1.000  (n=496)
     WALKING_UPSTAIRS  P=0.994  R=0.981  F1=0.987  AUC=1.000  (n=471)
     WALKING_DOWNSTAIRS  P=0.940  R=1.000  F1=0.969  AUC=1.000  (n=420)
     SITTING  P=0.829  R=0.778  F1=0.803  AUC=0.965  (n=491)
     STANDING  P=0.818  R=0.852  F1=0.834  AUC=0.981  (n=532)
     LAYING  P=0.991  R=1.000  F1=0.995  AUC=1.000  (n=537)

  [EVM] Firing GLOBAL block (Round 10)...
  [EVM] Transaction sent: 9f0940c7a3e2e8f5b12c6426cc29d993a05b5a07843e38cb69c4ef2ef13a5906
  [EVM] Waiting for all Round 10 transactions to confirm...
  [EVM] Waiting for 3 pending transaction(s)...
  [EVM] ✓ Confirmed in block 47851219
  [EVM] ✓ Confirmed in block 47851220
  [EVM] ✓ Confirmed in block 47851247
  [IPFS] ✓ round_10_global_model.gz → Qmd5tf5ojK2jBSoNZirw… (3,476,897 → 3,187,480 bytes) [account_1/2]
  [IPFS] ✓ round_10_global_metrics.gz → QmRquWfmnU8rs7414DaS… (135 → 124 bytes) [account_1/2]

[96m  [BLOCKCHAIN] Round 10 complete — 3 blocks written (LOCAL + VOTE + GLOBAL) | Chain length: 4677[0m
  [TIMING] Round wall time: 84.7s | Model payload: 3340 KB

  ════════════════════════════════════════════════════════════
  EVM BLOCKCHAIN SUMMARY
  ════════════════════════════════════════════════════════════
  Contract:        0xBE3FeAC76293711C5D32426860303AfE24cdf527
  Total blocks:    4677
  Chain integrity: ✓ VALID
  IPFS backend:    pinata
  IPFS pins:       42
  IPFS uploaded:   35,030,864 bytes
  ════════════════════════════════════════════════════════════


[92m   Done. Model  -> final_model.pt
    Metrics -> outputs_ucihar/optimized_20260626_204931/results.json[0m
