12:45:58.%f  === FL-Blockchain Performance Log ===
12:45:58.%f  Mode     : OPTIMIZED
12:45:58.%f  Started  : 2026-06-27T12:45:58.176348
12:45:58.%f  File     : outputs_ucihar/optimized_20260627_124558/perf_optimized_20260627_124558.log
12:45:58.%f  ==================================================
12:45:58.%f  BLOCKCHAIN_OPTIMIZED = True
12:46:00.%f    ipfs_global background_thread_started  t=0.2ms
12:46:01.%f    gas_limit  type=GLOBAL estimated=223527  estimate_ms=307.3  (cached for future rounds)
12:46:01.%f    gas_price  fetched=6000000  fetch_ms=102.0
12:46:01.%f    tx_sent    type=GLOBAL  hash=755837e1d976...  send_ms=200.2
12:46:01.%f    global_tx_fired  ms=978.4
12:46:02.%f    confirmed  idx=0  block=47878508  submit_to_confirm_ms=1227
12:46:02.%f    wait_for_pending  n=1  total_wait_ms=1227
12:46:02.%f    round_confirmation_total_ms=1227
12:46:20.%f    ipfs_global model_cid=QmQjNkDpMw7dSQVW...  [background]
12:46:20.%f  --- ROUND 0 end  total_overhead_ms=2205
12:50:03.%f  --- ROUND 1 start  mode=OPT
12:50:03.%f    gas_price_cached  price=6000000  fetch_ms=112.2
12:50:03.%f    ipfs_local  background_thread_started  t=0.3ms
12:50:04.%f    gas_limit  type=LOCAL  estimated=274926  estimate_ms=403.8  (cached for future rounds)
12:50:04.%f    gas_price  cached=6000000  saved_rpc_ms=~20
12:50:04.%f    tx_sent    type=LOCAL   hash=dc7428d2e2eb...  send_ms=227.1
12:50:04.%f    local_tx_fired  ms=840.6
12:50:04.%f    ipfs_vote   background_thread_started  t=0.2ms
12:50:05.%f    gas_limit  type=VOTE   estimated=268592  estimate_ms=390.2  (cached for future rounds)
12:50:05.%f    gas_price  cached=6000000  saved_rpc_ms=~20
12:50:05.%f    tx_sent    type=VOTE    hash=01b603851a5a...  send_ms=303.4
12:50:05.%f    vote_tx_fired  ms=894.5
12:50:05.%f    ipfs_local  cid=QmWyAdVawENnFyTb... [background]
12:50:05.%f    ipfs_vote   cid=QmYB1afTVrxqbaX9... [background]
12:50:56.%f    ipfs_global background_thread_started  t=3.2ms
12:50:56.%f    gas_limit  type=GLOBAL cached=223527  saved_rpc_ms=~30
12:50:56.%f    gas_price  cached=6000000  saved_rpc_ms=~20
12:50:57.%f    tx_sent    type=GLOBAL  hash=87b2d13c9cfb...  send_ms=198.5
12:50:57.%f    global_tx_fired  ms=305.8
12:50:57.%f    confirmed  idx=0  block=47878629  submit_to_confirm_ms=52510
12:50:57.%f    confirmed  idx=1  block=47878630  submit_to_confirm_ms=51717
12:50:57.%f    confirmed  idx=2  block=47878656  submit_to_confirm_ms=308
12:50:57.%f    wait_for_pending  n=3  total_wait_ms=308
12:50:57.%f    round_confirmation_total_ms=308
12:51:00.%f    ipfs_global model_cid=QmbaY8Bw8KYdeSbc...  [background]
12:51:00.%f  --- ROUND 1 end  total_overhead_ms=614
12:54:42.%f  --- ROUND 2 start  mode=OPT
12:54:42.%f    gas_price_cached  price=6000000  fetch_ms=113.8
12:54:42.%f    ipfs_local  background_thread_started  t=0.3ms
12:54:42.%f    gas_limit  type=LOCAL  cached=274926  saved_rpc_ms=~30
12:54:42.%f    gas_price  cached=6000000  saved_rpc_ms=~20
12:54:43.%f    tx_sent    type=LOCAL   hash=340e67e5f4c5...  send_ms=226.9
12:54:43.%f    local_tx_fired  ms=392.9
12:54:43.%f    ipfs_vote   background_thread_started  t=0.2ms
12:54:43.%f    gas_limit  type=VOTE   cached=268592  saved_rpc_ms=~30
12:54:43.%f    gas_price  cached=6000000  saved_rpc_ms=~20
12:54:43.%f    tx_sent    type=VOTE    hash=b81913b932b4...  send_ms=303.3
12:54:43.%f    vote_tx_fired  ms=494.9
12:54:44.%f    ipfs_vote   cid=QmQFqTdtRghEtfbS... [background]
12:54:44.%f    ipfs_local  cid=QmNX83EeUKNCzRih... [background]
12:55:37.%f    ipfs_global background_thread_started  t=2.7ms
12:55:37.%f    gas_limit  type=GLOBAL cached=223527  saved_rpc_ms=~30
12:55:37.%f    gas_price  cached=6000000  saved_rpc_ms=~20
12:55:37.%f    tx_sent    type=GLOBAL  hash=1d8bd6594958...  send_ms=199.8
12:55:37.%f    global_tx_fired  ms=362.1
12:55:37.%f    confirmed  idx=0  block=47878769  submit_to_confirm_ms=54348
12:55:37.%f    confirmed  idx=1  block=47878769  submit_to_confirm_ms=53966
12:55:37.%f    confirmed  idx=2  block=47878796  submit_to_confirm_ms=309
12:55:37.%f    wait_for_pending  n=3  total_wait_ms=309
12:55:37.%f    round_confirmation_total_ms=309
12:55:48.%f    ipfs_global model_cid=QmS4kNPvo3YkmSRe...  [background]
12:55:48.%f  --- ROUND 2 end  total_overhead_ms=671
12:59:33.%f  --- ROUND 3 start  mode=OPT
12:59:33.%f    gas_price_cached  price=6000000  fetch_ms=150.2
12:59:33.%f    ipfs_local  background_thread_started  t=0.2ms
12:59:33.%f    gas_limit  type=LOCAL  cached=274926  saved_rpc_ms=~30
12:59:33.%f    gas_price  cached=6000000  saved_rpc_ms=~20
12:59:33.%f    tx_sent    type=LOCAL   hash=79e513dcd237...  send_ms=212.5
12:59:33.%f    local_tx_fired  ms=318.2
12:59:33.%f    ipfs_vote   background_thread_started  t=0.6ms
12:59:33.%f    gas_limit  type=VOTE   cached=268592  saved_rpc_ms=~30
12:59:33.%f    gas_price  cached=6000000  saved_rpc_ms=~20
12:59:34.%f    tx_sent    type=VOTE    hash=0008a1d43935...  send_ms=219.6
12:59:34.%f    vote_tx_fired  ms=325.0
12:59:36.%f    ipfs_vote   cid=QmUc4oE369QvSCCP... [background]
12:59:36.%f    ipfs_local  cid=QmXvaHL8YLacs85r... [background]
13:00:28.%f    ipfs_global background_thread_started  t=3.3ms
13:00:28.%f    gas_limit  type=GLOBAL cached=223527  saved_rpc_ms=~30
13:00:28.%f    gas_price  cached=6000000  saved_rpc_ms=~20
13:00:28.%f    tx_sent    type=GLOBAL  hash=d29a362a796a...  send_ms=237.7
13:00:28.%f    global_tx_fired  ms=351.3
13:00:28.%f    confirmed  idx=0  block=47878914  submit_to_confirm_ms=54878
13:00:28.%f    confirmed  idx=1  block=47878914  submit_to_confirm_ms=54752
13:00:29.%f    confirmed  idx=2  block=47878941  submit_to_confirm_ms=414
13:00:29.%f    wait_for_pending  n=3  total_wait_ms=414
13:00:29.%f    round_confirmation_total_ms=414
13:00:59.%f  IPFS background thread did not finish within 30s for round 3 — CIDs may be missing
13:00:59.%f  --- ROUND 3 end  total_overhead_ms=766
13:01:02.%f    ipfs_global model_cid=Qmbu6kWxPe6JrS2t...  [background]
13:04:41.%f  --- ROUND 4 start  mode=OPT
13:04:41.%f    gas_price_cached  price=6000000  fetch_ms=115.9
13:04:41.%f    ipfs_local  background_thread_started  t=0.3ms
13:04:41.%f    gas_limit  type=LOCAL  cached=274926  saved_rpc_ms=~30
13:04:41.%f    gas_price  cached=6000000  saved_rpc_ms=~20
13:04:42.%f    tx_sent    type=LOCAL   hash=2500c5786406...  send_ms=309.3
13:04:42.%f    local_tx_fired  ms=416.5
13:04:42.%f    ipfs_vote   background_thread_started  t=0.2ms
13:04:42.%f    gas_limit  type=VOTE   cached=268592  saved_rpc_ms=~30
13:04:42.%f    gas_price  cached=6000000  saved_rpc_ms=~20
13:04:42.%f    tx_sent    type=VOTE    hash=a449dd89ffab...  send_ms=291.8
13:04:42.%f    vote_tx_fired  ms=397.8
13:04:44.%f    ipfs_vote   cid=Qma7nBy7B72Akf5T... [background]
13:04:44.%f    ipfs_local  cid=QmWiUP1dA9mXKEJJ... [background]
13:05:36.%f    ipfs_global background_thread_started  t=3.1ms
13:05:36.%f    gas_limit  type=GLOBAL cached=223527  saved_rpc_ms=~30
13:05:36.%f    gas_price  cached=6000000  saved_rpc_ms=~20
13:05:36.%f    tx_sent    type=GLOBAL  hash=8a1b45abc595...  send_ms=247.7
13:05:36.%f    global_tx_fired  ms=355.6
13:05:36.%f    confirmed  idx=0  block=47879068  submit_to_confirm_ms=54262
13:05:36.%f    confirmed  idx=1  block=47879069  submit_to_confirm_ms=53966
13:05:36.%f    confirmed  idx=2  block=47879095  submit_to_confirm_ms=337
13:05:36.%f    wait_for_pending  n=3  total_wait_ms=337
13:05:36.%f    round_confirmation_total_ms=337
13:05:41.%f    ipfs_global model_cid=QmXv55uocFoNEDUk...  [background]
13:05:41.%f  --- ROUND 4 end  total_overhead_ms=693
13:09:30.%f  --- ROUND 5 start  mode=OPT
13:09:31.%f    gas_price_cached  price=6000000  fetch_ms=143.9
13:09:31.%f    ipfs_local  background_thread_started  t=0.3ms
13:09:31.%f    gas_limit  type=LOCAL  cached=274926  saved_rpc_ms=~30
13:09:31.%f    gas_price  cached=6000000  saved_rpc_ms=~20
13:09:31.%f    tx_sent    type=LOCAL   hash=e7f31b5532e3...  send_ms=223.7
13:09:31.%f    local_tx_fired  ms=431.9
13:09:31.%f    ipfs_vote   background_thread_started  t=0.2ms
13:09:31.%f    gas_limit  type=VOTE   cached=268592  saved_rpc_ms=~30
13:09:31.%f    gas_price  cached=6000000  saved_rpc_ms=~20
13:09:31.%f    tx_sent    type=VOTE    hash=59a3064fae20...  send_ms=282.7
13:09:31.%f    vote_tx_fired  ms=386.4
13:09:37.%f    ipfs_vote   cid=QmW8NY2uZUWyHpm1... [background]
13:09:37.%f    ipfs_local  cid=QmPo88y8EQH7NJ6K... [background]
13:10:25.%f    ipfs_global background_thread_started  t=3.4ms
13:10:25.%f    gas_limit  type=GLOBAL cached=223527  saved_rpc_ms=~30
13:10:25.%f    gas_price  cached=6000000  saved_rpc_ms=~20
13:10:26.%f    tx_sent    type=GLOBAL  hash=eda644494831...  send_ms=218.3
13:10:26.%f    global_tx_fired  ms=332.6
13:10:26.%f    confirmed  idx=0  block=47879213  submit_to_confirm_ms=54872
13:10:26.%f    confirmed  idx=1  block=47879213  submit_to_confirm_ms=54680
13:10:26.%f    confirmed  idx=2  block=47879240  submit_to_confirm_ms=402
13:10:26.%f    wait_for_pending  n=3  total_wait_ms=402
13:10:26.%f    round_confirmation_total_ms=402
13:10:42.%f    ipfs_global model_cid=QmSXv8QXMe35ziBB...  [background]
13:10:42.%f  --- ROUND 5 end  total_overhead_ms=735
13:14:45.%f  --- ROUND 6 start  mode=OPT
13:14:45.%f    gas_price_cached  price=6000000  fetch_ms=187.4
13:14:45.%f    ipfs_local  background_thread_started  t=0.2ms
13:14:45.%f    gas_limit  type=LOCAL  cached=274926  saved_rpc_ms=~30
13:14:45.%f    gas_price  cached=6000000  saved_rpc_ms=~20
13:14:45.%f    tx_sent    type=LOCAL   hash=6401406567ae...  send_ms=256.9
13:14:45.%f    local_tx_fired  ms=408.6
13:14:45.%f    ipfs_vote   background_thread_started  t=0.7ms
13:14:45.%f    gas_limit  type=VOTE   cached=268592  saved_rpc_ms=~30
13:14:45.%f    gas_price  cached=6000000  saved_rpc_ms=~20
13:14:46.%f    tx_sent    type=VOTE    hash=676a9a10b30d...  send_ms=295.9
13:14:46.%f    vote_tx_fired  ms=409.5
13:14:47.%f    ipfs_local  cid=QmRhbQMLxTQmHQuz... [background]
13:14:47.%f    ipfs_vote   cid=QmW7fvZtKyhJssKg... [background]
13:15:56.%f    ipfs_global background_thread_started  t=2.5ms
13:15:56.%f    gas_limit  type=GLOBAL cached=223527  saved_rpc_ms=~30
13:15:56.%f    gas_price  cached=6000000  saved_rpc_ms=~20
13:15:56.%f    tx_sent    type=GLOBAL  hash=03c639c90a24...  send_ms=236.8
13:15:56.%f    global_tx_fired  ms=346.6
13:15:56.%f    confirmed  idx=0  block=47879370  submit_to_confirm_ms=70966
13:15:56.%f    confirmed  idx=1  block=47879370  submit_to_confirm_ms=70655
13:15:56.%f    confirmed  idx=2  block=47879405  submit_to_confirm_ms=313
13:15:56.%f    wait_for_pending  n=3  total_wait_ms=313
13:15:56.%f    round_confirmation_total_ms=313
13:16:11.%f    ipfs_global model_cid=QmXHo5XokCfqUUGx...  [background]
13:16:11.%f  --- ROUND 6 end  total_overhead_ms=659
13:20:09.%f  --- ROUND 7 start  mode=OPT
13:20:09.%f    gas_price_cached  price=6000000  fetch_ms=119.9
13:20:09.%f    ipfs_local  background_thread_started  t=0.3ms
13:20:09.%f    gas_limit  type=LOCAL  cached=274926  saved_rpc_ms=~30
13:20:09.%f    gas_price  cached=6000000  saved_rpc_ms=~20
13:20:10.%f    tx_sent    type=LOCAL   hash=da15203e6ee5...  send_ms=301.5
13:20:10.%f    local_tx_fired  ms=407.1
13:20:10.%f    ipfs_vote   background_thread_started  t=0.3ms
13:20:10.%f    gas_limit  type=VOTE   cached=268592  saved_rpc_ms=~30
13:20:10.%f    gas_price  cached=6000000  saved_rpc_ms=~20
13:20:10.%f    tx_sent    type=VOTE    hash=4684307d6a96...  send_ms=225.2
13:20:10.%f    vote_tx_fired  ms=330.5
13:20:11.%f    ipfs_vote   cid=QmYLEgJ6XXW8S9ER... [background]
13:20:11.%f    ipfs_local  cid=QmacUyS9KEST5mij... [background]
13:21:18.%f    ipfs_global background_thread_started  t=2.6ms
13:21:18.%f    gas_limit  type=GLOBAL cached=223527  saved_rpc_ms=~30
13:21:18.%f    gas_price  cached=6000000  saved_rpc_ms=~20
13:21:18.%f    tx_sent    type=GLOBAL  hash=7a19acc759c6...  send_ms=207.8
13:21:18.%f    global_tx_fired  ms=316.3
13:21:19.%f    confirmed  idx=0  block=47879532  submit_to_confirm_ms=68643
13:21:19.%f    confirmed  idx=1  block=47879533  submit_to_confirm_ms=68413
13:21:19.%f    confirmed  idx=2  block=47879567  submit_to_confirm_ms=367
13:21:19.%f    wait_for_pending  n=3  total_wait_ms=367
13:21:19.%f    round_confirmation_total_ms=367
13:21:32.%f    ipfs_global model_cid=QmPNmrPwqoD4xrDY...  [background]
13:21:32.%f  --- ROUND 7 end  total_overhead_ms=683
13:25:31.%f  --- ROUND 8 start  mode=OPT
13:25:31.%f    gas_price_cached  price=6000000  fetch_ms=191.2
13:25:31.%f    ipfs_local  background_thread_started  t=0.3ms
13:25:31.%f    gas_limit  type=LOCAL  cached=274926  saved_rpc_ms=~30
13:25:31.%f    gas_price  cached=6000000  saved_rpc_ms=~20
13:25:31.%f    tx_sent    type=LOCAL   hash=40a70f2c15a3...  send_ms=303.3
13:25:31.%f    local_tx_fired  ms=512.4
13:25:31.%f    ipfs_vote   background_thread_started  t=0.6ms
13:25:31.%f    gas_limit  type=VOTE   cached=268592  saved_rpc_ms=~30
13:25:31.%f    gas_price  cached=6000000  saved_rpc_ms=~20
13:25:32.%f    tx_sent    type=VOTE    hash=14eed152efab...  send_ms=319.3
13:25:32.%f    vote_tx_fired  ms=527.7
13:25:33.%f    ipfs_local  cid=QmfZFG4Vp7zzq5Aq... [background]
13:25:33.%f    ipfs_vote   cid=QmTA5L1dCsNLk3at... [background]
13:26:26.%f    ipfs_global background_thread_started  t=2.4ms
13:26:26.%f    gas_limit  type=GLOBAL cached=223527  saved_rpc_ms=~30
13:26:26.%f    gas_price  cached=6000000  saved_rpc_ms=~20
13:26:26.%f    tx_sent    type=GLOBAL  hash=b1c03ae4642d...  send_ms=198.9
13:26:26.%f    global_tx_fired  ms=302.2
13:26:27.%f    confirmed  idx=0  block=47879693  submit_to_confirm_ms=55093
13:26:27.%f    confirmed  idx=1  block=47879693  submit_to_confirm_ms=54669
13:26:27.%f    confirmed  idx=2  block=47879721  submit_to_confirm_ms=303
13:26:27.%f    wait_for_pending  n=3  total_wait_ms=303
13:26:27.%f    round_confirmation_total_ms=303
13:26:30.%f    ipfs_global model_cid=QmRxq9qWCDkw4Ekv...  [background]
13:26:30.%f  --- ROUND 8 end  total_overhead_ms=606
13:30:11.%f  --- ROUND 9 start  mode=OPT
13:30:11.%f    gas_price_cached  price=6000000  fetch_ms=134.7
13:30:11.%f    ipfs_local  background_thread_started  t=0.2ms
13:30:11.%f    gas_limit  type=LOCAL  cached=274926  saved_rpc_ms=~30
13:30:11.%f    gas_price  cached=6000000  saved_rpc_ms=~20
13:30:12.%f    tx_sent    type=LOCAL   hash=9cc8238bab77...  send_ms=219.3
13:30:12.%f    local_tx_fired  ms=328.1
13:30:12.%f    ipfs_vote   background_thread_started  t=0.2ms
13:30:12.%f    gas_limit  type=VOTE   cached=268592  saved_rpc_ms=~30
13:30:12.%f    gas_price  cached=6000000  saved_rpc_ms=~20
13:30:12.%f    tx_sent    type=VOTE    hash=4099eefa9c46...  send_ms=276.7
13:30:12.%f    vote_tx_fired  ms=489.5
13:30:13.%f    ipfs_local  cid=QmWjmrX9sth6w9sK... [background]
13:30:13.%f    ipfs_vote   cid=QmSsWGbFWgQYanSf... [background]
13:31:06.%f    ipfs_global background_thread_started  t=3.0ms
13:31:06.%f    gas_limit  type=GLOBAL cached=223527  saved_rpc_ms=~30
13:31:06.%f    gas_price  cached=6000000  saved_rpc_ms=~20
13:31:07.%f    tx_sent    type=GLOBAL  hash=1516d4505d00...  send_ms=209.9
13:31:07.%f    global_tx_fired  ms=313.6
13:31:07.%f    confirmed  idx=0  block=47879833  submit_to_confirm_ms=55284
13:31:07.%f    confirmed  idx=1  block=47879834  submit_to_confirm_ms=54900
13:31:07.%f    confirmed  idx=2  block=47879861  submit_to_confirm_ms=319
13:31:07.%f    wait_for_pending  n=3  total_wait_ms=319
13:31:07.%f    round_confirmation_total_ms=319
13:31:11.%f    ipfs_global model_cid=QmfT5gNbEUK3RXpF...  [background]
13:31:11.%f  --- ROUND 9 end  total_overhead_ms=633
13:34:55.%f  --- ROUND 10 start  mode=OPT
13:34:55.%f    gas_price_cached  price=6000000  fetch_ms=199.9
13:34:55.%f    ipfs_local  background_thread_started  t=0.2ms
13:34:55.%f    gas_limit  type=LOCAL  cached=274926  saved_rpc_ms=~30
13:34:55.%f    gas_price  cached=6000000  saved_rpc_ms=~20
13:34:55.%f    tx_sent    type=LOCAL   hash=c28b3dabb896...  send_ms=219.3
13:34:55.%f    local_tx_fired  ms=426.0
13:34:55.%f    ipfs_vote   background_thread_started  t=0.6ms
13:34:55.%f    gas_limit  type=VOTE   cached=268592  saved_rpc_ms=~30
13:34:55.%f    gas_price  cached=6000000  saved_rpc_ms=~20
13:34:56.%f    tx_sent    type=VOTE    hash=f3aeadd3e430...  send_ms=285.0
13:34:56.%f    vote_tx_fired  ms=390.8
13:34:57.%f    ipfs_local  cid=QmY4B5dzxP1yzVWD... [background]
13:34:57.%f    ipfs_vote   cid=QmZAAnjuhheDCZ67... [background]
13:35:51.%f    ipfs_global background_thread_started  t=2.8ms
13:35:51.%f    gas_limit  type=GLOBAL cached=223527  saved_rpc_ms=~30
13:35:51.%f    gas_price  cached=6000000  saved_rpc_ms=~20
13:35:51.%f    tx_sent    type=GLOBAL  hash=4c0b9e4be2ae...  send_ms=210.7
13:35:51.%f    global_tx_fired  ms=318.1
13:35:52.%f    confirmed  idx=0  block=47879975  submit_to_confirm_ms=56100
13:35:52.%f    confirmed  idx=1  block=47879975  submit_to_confirm_ms=55813
13:35:52.%f    confirmed  idx=2  block=47880003  submit_to_confirm_ms=312
13:35:52.%f    wait_for_pending  n=3  total_wait_ms=312
13:35:52.%f    round_confirmation_total_ms=312
13:35:55.%f    ipfs_global model_cid=QmdpkN3ZYUja1UgH...  [background]
13:35:55.%f  --- ROUND 10 end  total_overhead_ms=630
13:35:56.%f    verify_chain  valid=True  ms=517  [deferred-end]
